,number,value,datetime_start,datetime_complete,duration,params_cross_ind_prob,params_cross_prob,params_cv,params_max_features,params_muta_ind_prob,params_muta_prob,params_n_gens,params_n_population,state
647,647,0.6888888888888889,2023-08-15 20:25:48.117223,2023-08-15 20:26:00.519247,0 days 00:00:12.402024,0.324405497085768,0.48405404684275555,5,19,0.02927713562129379,0.165041004882037,60,141,COMPLETE
648,648,0.7111111111111111,2023-08-15 20:26:00.519899,2023-08-15 20:26:06.176375,0 days 00:00:05.656476,0.4780684136260984,0.7202433251313662,4,11,0.05358571710624598,0.159903375362338,50,159,COMPLETE
649,649,0.8,2023-08-15 20:26:06.176950,2023-08-15 20:26:26.854441,0 days 00:00:20.677491,0.5748897060416498,0.7650579813918985,5,20,0.06126915812825664,0.1562593858606265,50,157,COMPLETE
650,650,0.9333333333333333,2023-08-15 20:26:26.855115,2023-08-15 20:26:40.536932,0 days 00:00:13.681817,0.6828522300692041,0.7442763216321716,5,19,0.041223960458572274,0.21219341564249103,40,134,COMPLETE
651,651,0.9111111111111111,2023-08-15 20:26:40.537702,2023-08-15 20:26:55.604389,0 days 00:00:15.066687,0.6603223192035693,0.7307181989694239,5,19,0.04044824626945686,0.2699314034788267,40,135,COMPLETE
652,652,0.9111111111111111,2023-08-15 20:26:55.605076,2023-08-15 20:27:11.811456,0 days 00:00:16.206380,0.7026607534790569,0.7345459300898467,5,19,0.03915690932085007,0.20676151783988617,40,134,COMPLETE
653,653,0.8666666666666667,2023-08-15 20:27:11.812376,2023-08-15 20:27:25.658392,0 days 00:00:13.846016,0.6660333088810578,0.734571921936572,5,19,0.03997292923739905,0.20505976796365663,40,133,COMPLETE
654,654,0.8888888888888888,2023-08-15 20:27:25.659010,2023-08-15 20:27:38.381841,0 days 00:00:12.722831,0.682542841682844,0.7257542780072981,4,19,0.03873786085605871,0.20165424126342427,40,134,COMPLETE
655,655,0.9111111111111111,2023-08-15 20:27:38.382451,2023-08-15 20:27:51.378450,0 days 00:00:12.995999,0.6871309848981725,0.7147639996513317,5,19,0.03759675533923396,0.268906716839357,40,133,COMPLETE
656,656,0.8666666666666667,2023-08-15 20:27:51.379342,2023-08-15 20:28:07.589444,0 days 00:00:16.210102,0.7038130227728244,0.715250485896616,5,19,0.03807146104970492,0.24575117270714586,40,132,COMPLETE
657,657,0.8666666666666667,2023-08-15 20:28:07.590398,2023-08-15 20:28:20.190399,0 days 00:00:12.600001,0.696604675744862,0.7040758154735806,4,19,0.040412345386386266,0.273604741339333,40,133,COMPLETE
658,658,0.9333333333333333,2023-08-15 20:28:20.191034,2023-08-15 20:28:30.873641,0 days 00:00:10.682607,0.672492410195204,0.7300244078321848,5,19,0.037534193599811076,0.2692201296870214,40,133,COMPLETE
659,659,0.8444444444444444,2023-08-15 20:28:30.874204,2023-08-15 20:28:46.229847,0 days 00:00:15.355643,0.6809514489419215,0.724566585787692,5,19,0.03718076078422794,0.26260910847128893,40,131,COMPLETE
660,660,0.8666666666666667,2023-08-15 20:28:46.230398,2023-08-15 20:29:00.755939,0 days 00:00:14.525541,0.6707755894613855,0.7350123176390742,5,19,0.0375110313824445,0.26528153238433194,40,131,COMPLETE
661,661,0.8666666666666667,2023-08-15 20:29:00.756492,2023-08-15 20:29:18.184280,0 days 00:00:17.427788,0.6879009419139991,0.7398520782168623,5,19,0.039230331158147655,0.27021839411545084,40,133,COMPLETE
662,662,0.8666666666666667,2023-08-15 20:29:18.184928,2023-08-15 20:29:37.007457,0 days 00:00:18.822529,0.6823408114811689,0.7238642624038082,5,19,0.03628471243888446,0.2703482512671223,40,132,COMPLETE
663,663,0.8666666666666667,2023-08-15 20:29:37.008012,2023-08-15 20:29:48.788964,0 days 00:00:11.780952,0.6583190979911291,0.7434177960020043,4,19,0.04063781862003545,0.2753099459730257,40,133,COMPLETE
664,664,0.8666666666666667,2023-08-15 20:29:48.789598,2023-08-15 20:30:05.180423,0 days 00:00:16.390825,0.7012384462100206,0.7270766993460039,5,19,0.03807244922321734,0.27032977775621775,40,134,COMPLETE
665,665,0.8444444444444444,2023-08-15 20:30:05.181086,2023-08-15 20:30:12.095490,0 days 00:00:06.914404,0.6748176008691316,0.27350098921349386,5,19,0.035305815279203345,0.251386690977785,40,134,COMPLETE
666,666,0.8666666666666667,2023-08-15 20:30:12.096120,2023-08-15 20:30:25.077674,0 days 00:00:12.981554,0.720462727244945,0.712356616577433,4,19,0.03991052134875922,0.26627983733145283,40,130,COMPLETE
667,667,0.8666666666666667,2023-08-15 20:30:25.078316,2023-08-15 20:30:43.028603,0 days 00:00:17.950287,0.7138278373311968,0.7375286435639212,5,19,0.03856597623169544,0.27315276551613427,40,135,COMPLETE
668,668,0.8444444444444444,2023-08-15 20:30:43.029584,2023-08-15 20:30:57.336188,0 days 00:00:14.306604,0.6880075253691988,0.7178315316307851,5,19,0.04154625125904175,0.2787855033735256,40,134,COMPLETE
669,669,0.8444444444444444,2023-08-15 20:30:57.336744,2023-08-15 20:31:11.564421,0 days 00:00:14.227677,0.6611770224302461,0.7464022706937178,4,19,0.036289855493327035,0.27182649305081324,40,132,COMPLETE
670,670,0.8888888888888888,2023-08-15 20:31:11.565066,2023-08-15 20:31:25.896486,0 days 00:00:14.331420,0.6410641177114093,0.7300985694958464,5,19,0.03484734747049688,0.2848184278141621,40,135,COMPLETE
671,671,0.8222222222222222,2023-08-15 20:31:25.897456,2023-08-15 20:31:42.274061,0 days 00:00:16.376605,0.6694021181935992,0.7022067853591435,5,19,0.03723662989503937,0.26613278967386755,40,135,COMPLETE
672,672,0.9111111111111111,2023-08-15 20:31:42.275070,2023-08-15 20:31:58.350356,0 days 00:00:16.075286,0.6878912213503424,0.7474879395587788,5,19,0.03943594417685161,0.26969667854032836,40,131,COMPLETE
673,673,0.9111111111111111,2023-08-15 20:31:58.351291,2023-08-15 20:32:14.696694,0 days 00:00:16.345403,0.7030859031838709,0.7466480438245431,5,19,0.03968700291403655,0.28133542316401383,40,130,COMPLETE
674,674,0.8888888888888888,2023-08-15 20:32:14.697694,2023-08-15 20:32:32.830474,0 days 00:00:18.132780,0.7035523710678813,0.7502005227294722,5,19,0.0396032296445766,0.2830381147237553,40,129,COMPLETE
675,675,0.8888888888888888,2023-08-15 20:32:32.831050,2023-08-15 20:32:45.418238,0 days 00:00:12.587188,0.7255243083424405,0.7402518961860635,5,19,0.04103769483002882,0.27668690753008557,40,130,COMPLETE
676,676,0.9111111111111111,2023-08-15 20:32:45.419263,2023-08-15 20:32:59.586222,0 days 00:00:14.166959,0.6934216415015781,0.6109914316932182,5,19,0.039186501177140856,0.2681600544244311,40,131,COMPLETE
677,677,0.8666666666666667,2023-08-15 20:32:59.586864,2023-08-15 20:33:12.183933,0 days 00:00:12.597069,0.6885362904887604,0.6208767689329773,5,19,0.03939660010766584,0.26854488259211146,40,131,COMPLETE
678,678,0.8666666666666667,2023-08-15 20:33:12.184484,2023-08-15 20:33:26.401667,0 days 00:00:14.217183,0.7005359577064482,0.6063988901370542,5,19,0.038940305863969134,0.25996513941453625,40,130,COMPLETE
679,679,0.8666666666666667,2023-08-15 20:33:26.402302,2023-08-15 20:33:40.944807,0 days 00:00:14.542505,0.7105185763122466,0.6299423475163468,5,19,0.03771527036907301,0.2784170404657602,40,131,COMPLETE
680,680,0.8666666666666667,2023-08-15 20:33:40.945451,2023-08-15 20:33:50.456835,0 days 00:00:09.511384,0.6947728158541073,0.6377659827398996,5,19,0.04092996952492617,0.2733395385085365,40,128,COMPLETE
681,681,0.8666666666666667,2023-08-15 20:33:50.457466,2023-08-15 20:34:06.627193,0 days 00:00:16.169727,0.6725735779331847,0.6122835118110765,5,19,0.03799225404162172,0.26639524509003193,40,132,COMPLETE
682,682,0.8,2023-08-15 20:34:06.627825,2023-08-15 20:34:20.532793,0 days 00:00:13.904968,0.7211631681373608,0.645263853395114,5,19,0.03989423167035765,0.28414400054861777,40,128,COMPLETE
683,683,0.8666666666666667,2023-08-15 20:34:20.533350,2023-08-15 20:34:33.838714,0 days 00:00:13.305364,0.6837480931148586,0.5947238643102278,5,19,0.03647770849460423,0.282076131569911,40,129,COMPLETE
684,684,0.8888888888888888,2023-08-15 20:34:33.839659,2023-08-15 20:34:45.388338,0 days 00:00:11.548679,0.6525220357703679,0.6359513538303929,5,19,0.04148623624185301,0.2665164333544305,40,133,COMPLETE
685,685,0.8888888888888888,2023-08-15 20:34:45.389286,2023-08-15 20:35:01.917064,0 days 00:00:16.527778,0.7031325802698961,0.729097239028943,5,19,0.03857440273505558,0.2715792330620799,40,132,COMPLETE
686,686,0.8666666666666667,2023-08-15 20:35:01.917655,2023-08-15 20:35:14.884431,0 days 00:00:12.966776,0.7311776747827424,0.7449322820327501,5,19,0.03694758963246727,0.25854297523228814,40,130,COMPLETE
687,687,0.7555555555555555,2023-08-15 20:35:14.885001,2023-08-15 20:35:22.846070,0 days 00:00:07.961069,0.6756676435289073,0.3188965830147469,5,18,0.03499369488999756,0.2613515748151244,40,134,COMPLETE
688,688,0.8666666666666667,2023-08-15 20:35:22.846886,2023-08-15 20:35:33.256706,0 days 00:00:10.409820,0.7156929634778034,0.5216488903873308,5,19,0.040065293636474764,0.26773190260135693,40,131,COMPLETE
689,689,0.8888888888888888,2023-08-15 20:35:33.257490,2023-08-15 20:35:48.746413,0 days 00:00:15.488923,0.6826990682669916,0.7168726220824799,5,19,0.042143444619147125,0.27736693709825905,40,133,COMPLETE
690,690,0.8888888888888888,2023-08-15 20:35:48.746998,2023-08-15 20:36:02.883344,0 days 00:00:14.136346,0.6965097939924404,0.7294270114384902,5,19,0.0339898400914741,0.28011298278189245,40,132,COMPLETE
691,691,0.8666666666666667,2023-08-15 20:36:02.883897,2023-08-15 20:36:17.382623,0 days 00:00:14.498726,0.6641536706817651,0.649298907363221,5,18,0.03886283861306588,0.28903100177426794,40,126,COMPLETE
692,692,0.9111111111111111,2023-08-15 20:36:17.383186,2023-08-15 20:36:30.588226,0 days 00:00:13.205040,0.6457511844680035,0.6236900550260909,5,19,0.04103516572384216,0.26392203289721256,40,131,COMPLETE
693,693,0.9111111111111111,2023-08-15 20:36:30.588787,2023-08-15 20:36:40.432185,0 days 00:00:09.843398,0.6464381634497758,0.6175923340299629,5,19,0.04224491151229189,0.2635128724418871,40,130,COMPLETE
694,694,0.8444444444444444,2023-08-15 20:36:40.433178,2023-08-15 20:36:55.455275,0 days 00:00:15.022097,0.6561626504507652,0.605702512982321,5,19,0.04139668815215725,0.26532884074052504,40,129,COMPLETE
695,695,0.7777777777777778,2023-08-15 20:36:55.455857,2023-08-15 20:37:07.752746,0 days 00:00:12.296889,0.6594745478485678,0.6398347300303969,5,19,0.042470166377020745,0.26060523985969564,40,130,COMPLETE
696,696,0.8666666666666667,2023-08-15 20:37:07.753535,2023-08-15 20:37:18.599290,0 days 00:00:10.845755,0.6492310576458906,0.6103157848842451,5,19,0.03986926519569437,0.27297641526630256,40,131,COMPLETE
697,697,0.8666666666666667,2023-08-15 20:37:18.600243,2023-08-15 20:37:30.294743,0 days 00:00:11.694500,0.6322500171606783,0.5982985659135857,5,19,0.03823131379659092,0.2649232550387098,40,128,COMPLETE
698,698,0.8444444444444444,2023-08-15 20:37:30.295304,2023-08-15 20:37:44.447597,0 days 00:00:14.152293,0.638165327371997,0.6240627591401472,5,19,0.03616238312392687,0.2698410494538688,40,132,COMPLETE
699,699,0.8666666666666667,2023-08-15 20:37:44.451278,2023-08-15 20:37:58.654631,0 days 00:00:14.203353,0.6740756122845771,0.6106559634531822,5,19,0.04117572929054989,0.2621442367772075,40,131,COMPLETE
700,700,0.8695652173913043,2023-08-15 20:37:58.655639,2023-08-15 20:38:16.717336,0 days 00:00:18.061697,0.647091370716682,0.7504039567562261,5,19,0.03720924812541868,0.26829772539802943,40,129,COMPLETE
701,701,0.8043478260869565,2023-08-15 20:38:16.718284,2023-08-15 20:38:33.253139,0 days 00:00:16.534855,0.6212521472518778,0.6284151412679514,5,19,0.04295379100646905,0.2747804117652829,40,132,COMPLETE
702,702,0.782608695652174,2023-08-15 20:38:33.253704,2023-08-15 20:38:43.115947,0 days 00:00:09.862243,0.7400617055002652,0.6161688913960147,5,18,0.040481005959871204,0.2568473504910854,40,133,COMPLETE
703,703,0.8043478260869565,2023-08-15 20:38:43.116582,2023-08-15 20:38:54.363802,0 days 00:00:11.247220,0.6846393580632687,0.6224723528376306,5,19,0.03891420909396742,0.2689973077878332,40,131,COMPLETE
704,704,0.8043478260869565,2023-08-15 20:38:54.364582,2023-08-15 20:39:10.793788,0 days 00:00:16.429206,0.665058565973916,0.6165559710083253,5,19,0.03366263235074326,0.259873355699729,40,134,COMPLETE
705,705,0.8043478260869565,2023-08-15 20:39:10.794404,2023-08-15 20:39:24.377548,0 days 00:00:13.583144,0.644229416746499,0.5592877160614166,5,19,0.037579545735499945,0.27350027691425904,40,134,COMPLETE
706,706,0.782608695652174,2023-08-15 20:39:24.378119,2023-08-15 20:39:29.542973,0 days 00:00:05.164854,0.6241739115699875,0.21507776162405828,5,19,0.03992713859967119,0.2549483008644793,40,130,COMPLETE
707,707,0.8260869565217391,2023-08-15 20:39:29.543609,2023-08-15 20:39:42.652797,0 days 00:00:13.109188,0.668920055610387,0.46678897685562415,5,19,0.03560053433718216,0.26207985299862857,40,130,COMPLETE
708,708,0.7608695652173914,2023-08-15 20:39:42.653360,2023-08-15 20:39:54.738913,0 days 00:00:12.085553,0.6990156087254604,0.5922648005653042,5,18,0.027534767461102786,0.26507913777499925,40,132,COMPLETE
709,709,0.7608695652173914,2023-08-15 20:39:54.739710,2023-08-15 20:40:04.087434,0 days 00:00:09.347724,0.6557313282612413,0.49776277358433424,5,19,0.04151110728686313,0.27030747882984224,40,127,COMPLETE
710,710,0.6956521739130435,2023-08-15 20:40:04.088369,2023-08-15 20:40:14.936396,0 days 00:00:10.848027,0.6862520828677003,0.2970330327922335,5,19,0.04310729473006028,0.2685307149093734,40,133,COMPLETE
711,711,0.7608695652173914,2023-08-15 20:40:14.936945,2023-08-15 20:40:32.968620,0 days 00:00:18.031675,0.7087742025775748,0.7108028961900158,5,19,0.03192524261464382,0.26388077808101834,40,135,COMPLETE
712,712,0.8260869565217391,2023-08-15 20:40:32.969179,2023-08-15 20:40:46.589457,0 days 00:00:13.620278,0.6721585234244011,0.6443776086635641,5,18,0.037938192170251475,0.2768297174161116,40,129,COMPLETE
713,713,0.8260869565217391,2023-08-15 20:40:46.590022,2023-08-15 20:40:59.188115,0 days 00:00:12.598093,0.6926362860322507,0.6338982706166458,5,18,0.03955102333803076,0.25227234019234396,40,134,COMPLETE
714,714,0.717391304347826,2023-08-15 20:40:59.188764,2023-08-15 20:41:09.784857,0 days 00:00:10.596093,0.7188383906183536,0.35429727626121515,5,19,0.03580401187654133,0.28633849845733356,40,131,COMPLETE
715,715,0.8043478260869565,2023-08-15 20:41:09.785429,2023-08-15 20:41:19.683701,0 days 00:00:09.898272,0.643033982122315,0.4592316228753988,5,19,0.04078324110507599,0.2826789222087174,40,133,COMPLETE
716,716,0.6956521739130435,2023-08-15 20:41:19.684490,2023-08-15 20:41:29.876311,0 days 00:00:10.191821,0.6833444818266705,0.5798440514509988,5,19,0.033740968671029214,0.2559749540000188,40,130,COMPLETE
717,717,0.717391304347826,2023-08-15 20:41:29.876947,2023-08-15 20:41:41.830227,0 days 00:00:11.953280,0.6231776459311966,0.6554408379048292,5,19,0.0880829541854184,0.2753048791925098,40,135,COMPLETE
718,718,0.782608695652174,2023-08-15 20:41:41.830787,2023-08-15 20:41:56.885463,0 days 00:00:15.054676,0.607054514350734,0.5837468362167981,5,19,0.04257857258111624,0.29212793687737737,40,132,COMPLETE
719,719,0.7391304347826086,2023-08-15 20:41:56.886122,2023-08-15 20:42:12.763089,0 days 00:00:15.876967,0.7467389979752498,0.73599746984971,5,18,0.03655367620620615,0.2593070322529768,40,128,COMPLETE
720,720,0.717391304347826,2023-08-15 20:42:12.763680,2023-08-15 20:42:20.866082,0 days 00:00:08.102402,0.6646000402077503,0.39837253385393856,5,19,0.038839213724869454,0.2723212796912534,40,136,COMPLETE
721,721,0.8260869565217391,2023-08-15 20:42:20.866853,2023-08-15 20:42:37.132876,0 days 00:00:16.266023,0.7291743207028955,0.7203127830075459,5,19,0.03476255553040424,0.2802123327533614,40,133,COMPLETE
722,722,0.717391304347826,2023-08-15 20:42:37.133859,2023-08-15 20:42:49.539587,0 days 00:00:12.405728,0.6994167363710323,0.7554677503837948,5,20,0.08370420719774911,0.2663286474764442,40,131,COMPLETE
723,723,0.782608695652174,2023-08-15 20:42:49.540157,2023-08-15 20:43:01.815757,0 days 00:00:12.275600,0.6454761664671718,0.6968276153461007,5,18,0.04197720690097242,0.2633652659400696,40,134,COMPLETE
724,724,0.6739130434782609,2023-08-15 20:43:01.816349,2023-08-15 20:43:21.635398,0 days 00:00:19.819049,0.6778341911443384,0.7439290095693292,5,19,0.0307588201878423,0.270028198287137,40,132,COMPLETE
725,725,0.717391304347826,2023-08-15 20:43:21.636344,2023-08-15 20:43:32.752261,0 days 00:00:11.115917,0.7152924051653895,0.5698633736772944,5,20,0.037510037581535,0.257992140970483,40,129,COMPLETE
726,726,0.6956521739130435,2023-08-15 20:43:32.752830,2023-08-15 20:43:44.765716,0 days 00:00:12.012886,0.6919581174831936,0.4484094934017988,5,19,0.039328954798733134,0.2744590324793606,40,136,COMPLETE
727,727,0.6956521739130435,2023-08-15 20:43:44.766305,2023-08-15 20:43:56.694649,0 days 00:00:11.928344,0.6306028657998508,0.34008739485946804,5,20,0.028634716136455792,0.26795850208887534,40,133,COMPLETE
728,728,0.8260869565217391,2023-08-15 20:43:56.695669,2023-08-15 20:44:12.555965,0 days 00:00:15.860296,0.6663079232963623,0.7262832958332883,5,19,0.04334957732548164,0.2797130768306141,40,130,COMPLETE
729,729,0.717391304347826,2023-08-15 20:44:12.556607,2023-08-15 20:44:16.408754,0 days 00:00:03.852147,0.6525337647604101,0.23930356126453223,5,20,0.09988563308038928,0.2909447341064368,40,135,COMPLETE
730,730,0.782608695652174,2023-08-15 20:44:16.409393,2023-08-15 20:44:27.405123,0 days 00:00:10.995730,0.7616917908456675,0.6612431209974271,5,19,0.0403896602372543,0.2773696816257574,40,132,COMPLETE
731,731,0.8478260869565217,2023-08-15 20:44:27.405919,2023-08-15 20:44:38.391158,0 days 00:00:10.985239,0.7105260532010939,0.5380758623148513,5,20,0.03700994996208289,0.26353398576502024,40,127,COMPLETE
732,732,0.8043478260869565,2023-08-15 20:44:38.392148,2023-08-15 20:44:54.242556,0 days 00:00:15.850408,0.6133331627598789,0.5980580546134604,5,19,0.03864523767668325,0.2674757610797288,40,131,COMPLETE
733,733,0.8043478260869565,2023-08-15 20:44:54.243159,2023-08-15 20:45:01.386014,0 days 00:00:07.142855,0.6921773475225057,0.7520553596196367,3,18,0.09401059672725377,0.31216301469424307,40,134,COMPLETE
734,734,0.8478260869565217,2023-08-15 20:45:01.386670,2023-08-15 20:45:16.758345,0 days 00:00:15.371675,0.6750794746834692,0.7107379792065169,5,20,0.03512514567206226,0.2609548763027594,40,136,COMPLETE
735,735,0.6956521739130435,2023-08-15 20:45:16.759345,2023-08-15 20:45:33.133305,0 days 00:00:16.373960,0.6526556327305402,0.6278549600642191,5,19,0.03210909640998679,0.2536886359522507,40,129,COMPLETE
736,736,0.8043478260869565,2023-08-15 20:45:33.133964,2023-08-15 20:45:54.973127,0 days 00:00:21.839163,0.637944228856456,0.7358592813344002,5,20,0.026755811014627495,0.2731964485192693,40,133,COMPLETE
737,737,0.782608695652174,2023-08-15 20:45:54.974286,2023-08-15 20:46:01.819948,0 days 00:00:06.845662,0.12169891127283033,0.2611993219309552,5,19,0.04128299913549163,0.2842875072207538,40,130,COMPLETE
738,738,0.717391304347826,2023-08-15 20:46:01.820732,2023-08-15 20:46:19.272069,0 days 00:00:17.451337,0.7249989333211385,0.7563746880990643,5,20,0.04359719573804842,0.3366792365952844,40,131,COMPLETE
739,739,0.6739130434782609,2023-08-15 20:46:19.273126,2023-08-15 20:46:31.227155,0 days 00:00:11.954029,0.706356636964208,0.6154530227815614,5,19,0.03326032365181301,0.2873873533656162,40,134,COMPLETE
740,740,0.782608695652174,2023-08-15 20:46:31.227949,2023-08-15 20:46:44.742522,0 days 00:00:13.514573,0.5986813800002088,0.7173355481189536,5,18,0.04042565279553878,0.26884927923251084,40,135,COMPLETE
741,741,0.8043478260869565,2023-08-15 20:46:44.743172,2023-08-15 20:46:59.771298,0 days 00:00:15.028126,0.7371472850417342,0.5515277630964559,5,20,0.03603377221876568,0.27208013711022516,40,132,COMPLETE
742,742,0.8043478260869565,2023-08-15 20:46:59.771901,2023-08-15 20:47:11.255776,0 days 00:00:11.483875,0.6763092904940144,0.2006760910932731,5,19,0.03851622989342019,0.34327277738061535,40,128,COMPLETE
743,743,0.8043478260869565,2023-08-15 20:47:11.256361,2023-08-15 20:47:17.018359,0 days 00:00:05.761998,0.7782271341511657,0.41573105016885675,5,12,0.04212797769814556,0.28088735795220793,40,135,COMPLETE
744,744,0.7608695652173914,2023-08-15 20:47:17.018923,2023-08-15 20:47:27.375239,0 days 00:00:10.356316,0.6590671967130639,0.26144642093522996,5,20,0.025361028507823,0.251984774641987,40,133,COMPLETE
745,745,0.7608695652173914,2023-08-15 20:47:27.375810,2023-08-15 20:47:38.064979,0 days 00:00:10.689169,0.6876682152658212,0.7413677224303211,5,19,0.08789510886937786,0.2603030854453312,40,131,COMPLETE
746,746,0.7608695652173914,2023-08-15 20:47:38.065636,2023-08-15 20:47:53.121608,0 days 00:00:15.055972,0.7031298303970528,0.6536552463965286,5,19,0.037463373749651536,0.2954717914807031,40,133,COMPLETE
747,747,0.6956521739130435,2023-08-15 20:47:53.122588,2023-08-15 20:47:56.638622,0 days 00:00:03.516034,0.6296159472368312,0.32582891219697463,5,20,0.0971636081823054,0.26402213460606977,40,130,COMPLETE
748,748,0.6739130434782609,2023-08-15 20:47:56.639262,2023-08-15 20:48:09.322432,0 days 00:00:12.683170,0.6628653804729006,0.7043630455553903,5,19,0.030433876291816556,0.27688063981600763,40,126,COMPLETE
749,749,0.782608695652174,2023-08-15 20:48:09.323000,2023-08-15 20:48:21.157470,0 days 00:00:11.834470,0.6176543875231485,0.7288368253121227,5,20,0.09045546627257522,0.2586367863212506,40,136,COMPLETE
750,750,0.6666666666666666,2023-08-15 20:48:21.158337,2023-08-15 20:48:30.729713,0 days 00:00:09.571376,0.13760673910799148,0.6370537482724721,5,19,0.03981145611609614,0.2669471399850413,40,132,COMPLETE
751,751,0.7555555555555555,2023-08-15 20:48:30.730513,2023-08-15 20:48:39.458008,0 days 00:00:08.727495,0.6829582899259,0.4783453152884134,5,20,0.043863301960932397,0.27148084173015996,40,135,COMPLETE
752,752,0.7777777777777778,2023-08-15 20:48:39.458794,2023-08-15 20:48:48.264849,0 days 00:00:08.806055,0.28375479254264013,0.5029165744464905,5,20,0.04168699979144897,0.20678779553040244,40,134,COMPLETE
753,753,0.7777777777777778,2023-08-15 20:48:48.265636,2023-08-15 20:49:02.330083,0 days 00:00:14.064447,0.3033832225829407,0.7609506498604098,5,18,0.03506846277728668,0.29944241381475867,40,129,COMPLETE
