,number,value,datetime_start,datetime_complete,duration,params_cross_ind_prob,params_cross_prob,params_cv,params_max_features,params_muta_ind_prob,params_muta_prob,params_n_gens,params_n_population,state
1183,1183,0.7111111111111111,2023-08-15 22:15:31.820543,2023-08-15 22:15:43.693135,0 days 00:00:11.872592,0.7073470047521303,0.7070987917955168,4,18,0.059743001896039746,0.1500617854363659,40,177,COMPLETE
1184,1184,0.7333333333333333,2023-08-15 22:15:43.693925,2023-08-15 22:15:51.665940,0 days 00:00:07.972015,0.38248518612666094,0.5778517927630952,5,19,0.08413383023554494,0.26825796220215314,50,134,COMPLETE
1185,1185,0.6666666666666666,2023-08-15 22:15:51.666606,2023-08-15 22:16:04.540859,0 days 00:00:12.874253,0.28869142709377354,0.4825730484879588,5,20,0.06453996895606662,0.27349002654093085,60,130,COMPLETE
1186,1186,0.6666666666666666,2023-08-15 22:16:04.541558,2023-08-15 22:16:17.902421,0 days 00:00:13.360863,0.3424197596487217,0.7504293082625488,5,19,0.0425991896646642,0.15625075930455717,40,131,COMPLETE
1187,1187,0.6444444444444445,2023-08-15 22:16:17.903188,2023-08-15 22:16:25.608985,0 days 00:00:07.705797,0.4021715460604975,0.37428912491388533,5,19,0.05699745636308029,0.2613986534987138,40,180,COMPLETE
1188,1188,0.6888888888888889,2023-08-15 22:16:25.609921,2023-08-15 22:16:38.463609,0 days 00:00:12.853688,0.36947084778232203,0.7171310290306308,5,20,0.054431476326864014,0.221980897920095,50,132,COMPLETE
1189,1189,0.6222222222222222,2023-08-15 22:16:38.464749,2023-08-15 22:16:44.706966,0 days 00:00:06.242217,0.14176509161321527,0.20086970269909254,4,20,0.03897366747187159,0.3157627376284372,40,135,COMPLETE
1190,1190,0.7111111111111111,2023-08-15 22:16:44.708037,2023-08-15 22:16:57.192404,0 days 00:00:12.484367,0.5885602802960498,0.5981576758179322,5,18,0.0410892402776549,0.1845742211021528,40,138,COMPLETE
1191,1191,0.5555555555555556,2023-08-15 22:16:57.193184,2023-08-15 22:17:04.547410,0 days 00:00:07.354226,0.2625401676216137,0.6625548112083652,5,12,0.09627932971927886,0.16965299623925678,60,149,COMPLETE
1192,1192,0.6444444444444445,2023-08-15 22:17:04.548092,2023-08-15 22:17:19.615048,0 days 00:00:15.066956,0.49185256325489124,0.737841650199421,5,19,0.03457390804841592,0.1987576125253916,50,140,COMPLETE
1193,1193,0.7555555555555555,2023-08-15 22:17:19.615831,2023-08-15 22:17:27.761767,0 days 00:00:08.145936,0.7588091714839257,0.5555395193170343,5,20,0.0733246756707229,0.2559816268114433,40,142,COMPLETE
1194,1194,0.6,2023-08-15 22:17:27.762565,2023-08-15 22:17:33.719608,0 days 00:00:05.957043,0.6691889445106076,0.23396345807291297,5,19,0.03693126218895501,0.21224895951111006,40,129,COMPLETE
1195,1195,0.7111111111111111,2023-08-15 22:17:33.720533,2023-08-15 22:17:54.116830,0 days 00:00:20.396297,0.46419162181163987,0.7662916842633547,5,19,0.06186364482903047,0.26408144576521103,50,133,COMPLETE
1196,1196,0.7333333333333333,2023-08-15 22:17:54.117636,2023-08-15 22:18:07.841788,0 days 00:00:13.724152,0.42538539068959036,0.522429586807471,5,20,0.03919472201151949,0.2789940345358273,40,136,COMPLETE
1197,1197,0.6888888888888889,2023-08-15 22:18:07.842727,2023-08-15 22:18:21.156185,0 days 00:00:13.313458,0.5035199607873379,0.7862034547032977,4,19,0.08697751133928135,0.17787712055020344,60,148,COMPLETE
1198,1198,0.6888888888888889,2023-08-15 22:18:21.156959,2023-08-15 22:18:28.274780,0 days 00:00:07.117821,0.12162381383592441,0.623002171349995,5,20,0.07606398681196477,0.2706595537876545,40,138,COMPLETE
1199,1199,0.7111111111111111,2023-08-15 22:18:28.275545,2023-08-15 22:18:49.433290,0 days 00:00:21.157745,0.5458418099753208,0.7260773424669827,5,19,0.03139489772307348,0.23819777211390933,50,130,COMPLETE
1200,1200,0.6956521739130435,2023-08-15 22:18:49.434106,2023-08-15 22:19:00.301185,0 days 00:00:10.867079,0.409053968961345,0.3846537648749093,5,20,0.04906043963845252,0.3051025957719202,40,165,COMPLETE
1201,1201,0.5869565217391305,2023-08-15 22:19:00.301974,2023-08-15 22:19:06.180090,0 days 00:00:05.878116,0.6489833439686887,0.5085334341071722,5,18,0.07135685670990241,0.16577771630244262,40,151,COMPLETE
1202,1202,0.6086956521739131,2023-08-15 22:19:06.180770,2023-08-15 22:19:25.909546,0 days 00:00:19.728776,0.6977901748741433,0.6380435003978394,5,20,0.03562104154901147,0.2436682016054014,50,134,COMPLETE
1203,1203,0.6304347826086957,2023-08-15 22:19:25.910413,2023-08-15 22:19:34.893221,0 days 00:00:08.982808,0.44653465663820263,0.6770300619068287,4,19,0.06741270321326889,0.1558663143417842,40,178,COMPLETE
1204,1204,0.6086956521739131,2023-08-15 22:19:34.894365,2023-08-15 22:19:53.824461,0 days 00:00:18.930096,0.7248038981723475,0.698865469960823,5,19,0.04425096102328882,0.32195952834068664,60,132,COMPLETE
1205,1205,0.6739130434782609,2023-08-15 22:19:53.825621,2023-08-15 22:20:04.495811,0 days 00:00:10.670190,0.47600291138731743,0.743945967896777,5,18,0.09826832972780265,0.32434377987332164,40,134,COMPLETE
1206,1206,0.6304347826086957,2023-08-15 22:20:04.496511,2023-08-15 22:20:24.520381,0 days 00:00:20.023870,0.561613365445794,0.7661811431737662,5,20,0.03333405056956028,0.16032517618427827,50,137,COMPLETE
1207,1207,0.6739130434782609,2023-08-15 22:20:24.521614,2023-08-15 22:20:27.531168,0 days 00:00:03.009554,0.6856428291613563,0.42800448481589987,5,7,0.058001961732170024,0.2864271945323423,40,128,COMPLETE
1208,1208,0.6521739130434783,2023-08-15 22:20:27.531961,2023-08-15 22:20:40.858823,0 days 00:00:13.326862,0.3160233646564898,0.6852938725681036,5,19,0.041675098532774645,0.19087178340960126,40,131,COMPLETE
1209,1209,0.6956521739130435,2023-08-15 22:20:40.859500,2023-08-15 22:20:56.411210,0 days 00:00:15.551710,0.36048796575630404,0.7536123388822376,4,20,0.05331334587400679,0.26627649061948594,50,144,COMPLETE
1210,1210,0.7391304347826086,2023-08-15 22:20:56.411993,2023-08-15 22:21:08.876031,0 days 00:00:12.464038,0.6302544316904763,0.7888942449819462,5,11,0.03830447097597455,0.20499767796867574,40,132,COMPLETE
1211,1211,0.7608695652173914,2023-08-15 22:21:08.876720,2023-08-15 22:21:16.305345,0 days 00:00:07.428625,0.6679427249555476,0.6518357346580603,5,19,0.09223708401445047,0.2486264951633828,60,139,COMPLETE
1212,1212,0.717391304347826,2023-08-15 22:21:16.306047,2023-08-15 22:21:26.724259,0 days 00:00:10.418212,0.7441286039607969,0.6137843781413861,5,20,0.05597122718117876,0.253317168754307,40,141,COMPLETE
1213,1213,0.5652173913043478,2023-08-15 22:21:26.725336,2023-08-15 22:21:33.931356,0 days 00:00:07.206020,0.39238726161222104,0.369718085776389,5,19,0.040395192772239824,0.2376047930752618,50,133,COMPLETE
1214,1214,0.5652173913043478,2023-08-15 22:21:33.932154,2023-08-15 22:21:39.886330,0 days 00:00:05.954176,0.21114024842838866,0.5367904441506613,4,20,0.060123230373816824,0.25911302019976845,40,136,COMPLETE
1215,1215,0.6304347826086957,2023-08-15 22:21:39.887127,2023-08-15 22:21:49.983853,0 days 00:00:10.096726,0.5169320183282842,0.7361426925596236,5,18,0.09405560638661578,0.18291088951124407,50,130,COMPLETE
1216,1216,0.6304347826086957,2023-08-15 22:21:49.984544,2023-08-15 22:21:56.958467,0 days 00:00:06.973923,0.7165933844066706,0.3403215068955656,5,19,0.04260139972795757,0.27482112180263346,40,135,COMPLETE
1217,1217,0.782608695652174,2023-08-15 22:21:56.959241,2023-08-15 22:22:11.372455,0 days 00:00:14.413214,0.4955024382123076,0.7775638079826676,5,19,0.09077630250913042,0.15337175789561155,40,128,COMPLETE
1218,1218,0.6086956521739131,2023-08-15 22:22:11.373242,2023-08-15 22:22:20.836404,0 days 00:00:09.463162,0.30423631947336355,0.7255820009747108,5,20,0.06394234444403644,0.21679762683011583,60,150,COMPLETE
1219,1219,0.6086956521739131,2023-08-15 22:22:20.837191,2023-08-15 22:22:41.246881,0 days 00:00:20.409690,0.5308786893417686,0.7117415625729707,5,19,0.08056193463056346,0.33412577243406505,50,180,COMPLETE
1220,1220,0.6956521739130435,2023-08-15 22:22:41.247684,2023-08-15 22:22:57.874021,0 days 00:00:16.626337,0.42829394461893355,0.7619123778241464,5,20,0.037049489719042386,0.18691545168586696,40,147,COMPLETE
1221,1221,0.6956521739130435,2023-08-15 22:22:57.874793,2023-08-15 22:23:09.495914,0 days 00:00:11.621121,0.6780797477788968,0.6331510600537021,5,19,0.04714147018206072,0.1614973675637636,40,133,COMPLETE
1222,1222,0.6956521739130435,2023-08-15 22:23:09.496631,2023-08-15 22:23:22.820483,0 days 00:00:13.323852,0.6013038722808057,0.6020890596542267,4,20,0.05166627871250756,0.28319538865960214,50,131,COMPLETE
1223,1223,0.6304347826086957,2023-08-15 22:23:22.821270,2023-08-15 22:23:30.784492,0 days 00:00:07.963222,0.3466354164813617,0.3490403834328457,5,19,0.039603710620313086,0.1733382560144792,40,137,COMPLETE
1224,1224,0.7391304347826086,2023-08-15 22:23:30.785184,2023-08-15 22:23:40.161343,0 days 00:00:09.376159,0.46879930583519747,0.5634770443175138,5,18,0.06604082324449423,0.23287847315160123,40,176,COMPLETE
1225,1225,0.6521739130434783,2023-08-15 22:23:40.162162,2023-08-15 22:23:45.637627,0 days 00:00:05.475465,0.6548194906632118,0.36396852650421346,5,12,0.04511895259927057,0.20964612943781136,60,130,COMPLETE
1226,1226,0.6304347826086957,2023-08-15 22:23:45.638363,2023-08-15 22:23:54.459064,0 days 00:00:08.820701,0.7015879510695966,0.7474314098438473,4,20,0.0627675623809259,0.19628629779867898,50,170,COMPLETE
1227,1227,0.717391304347826,2023-08-15 22:23:54.459849,2023-08-15 22:24:11.599647,0 days 00:00:17.139798,0.3303103931601461,0.7755857025688441,5,19,0.035280936109377985,0.26734878610545126,40,135,COMPLETE
1228,1228,0.7391304347826086,2023-08-15 22:24:11.600456,2023-08-15 22:24:36.653399,0 days 00:00:25.052943,0.4079503172561171,0.7885889050250525,5,19,0.038432985290396994,0.16749209095273931,40,179,COMPLETE
1229,1229,0.6086956521739131,2023-08-15 22:24:36.654428,2023-08-15 22:24:47.774039,0 days 00:00:11.119611,0.3811008354884158,0.6631067915225987,3,20,0.05873632966524621,0.2709955782557641,50,133,COMPLETE
1230,1230,0.6521739130434783,2023-08-15 22:24:47.774833,2023-08-15 22:24:56.520499,0 days 00:00:08.745666,0.45320359974462454,0.5877113122117539,5,20,0.05034634948463494,0.2015119382294285,40,127,COMPLETE
1231,1231,0.6739130434782609,2023-08-15 22:24:56.521291,2023-08-15 22:25:10.474817,0 days 00:00:13.953526,0.6189458727419613,0.7545224294718907,5,19,0.06894202562242735,0.29307042125280663,60,139,COMPLETE
1232,1232,0.6521739130434783,2023-08-15 22:25:10.475643,2023-08-15 22:25:23.259814,0 days 00:00:12.784171,0.48286387792462154,0.7326031155364848,5,20,0.041368828059452536,0.15032215399652216,40,129,COMPLETE
1233,1233,0.6521739130434783,2023-08-15 22:25:23.260773,2023-08-15 22:25:33.438384,0 days 00:00:10.177611,0.6458152952089697,0.23405878457828666,4,19,0.04320584974172857,0.26395551790891997,50,146,COMPLETE
1234,1234,0.7608695652173914,2023-08-15 22:25:33.439175,2023-08-15 22:25:50.855769,0 days 00:00:17.416594,0.7800089051668061,0.6966000326011293,5,19,0.03313094618963341,0.1790137445559395,40,172,COMPLETE
1235,1235,0.6521739130434783,2023-08-15 22:25:50.856513,2023-08-15 22:26:02.580738,0 days 00:00:11.724225,0.5679325931213404,0.717835851159923,5,18,0.06115924041148853,0.15795257816425923,40,132,COMPLETE
1236,1236,0.6521739130434783,2023-08-15 22:26:02.581545,2023-08-15 22:26:33.028579,0 days 00:00:30.447034,0.5109972758622843,0.7654774052640615,5,20,0.04011616646316297,0.2782413008985789,50,178,COMPLETE
1237,1237,0.6521739130434783,2023-08-15 22:26:33.029720,2023-08-15 22:26:43.750896,0 days 00:00:10.721176,0.6898812688441384,0.2831437861675037,5,19,0.036434083792263545,0.24477389457424412,40,134,COMPLETE
1238,1238,0.6956521739130435,2023-08-15 22:26:43.751602,2023-08-15 22:26:50.857768,0 days 00:00:07.106166,0.6756693059786145,0.45908046424040483,5,20,0.05530826585318302,0.2590617805254475,60,142,COMPLETE
1239,1239,0.6521739130434783,2023-08-15 22:26:50.858570,2023-08-15 22:27:00.236984,0 days 00:00:09.378414,0.4406659887729509,0.7437926669231979,4,19,0.038362376895906936,0.16465430859205313,40,132,COMPLETE
1240,1240,0.717391304347826,2023-08-15 22:27:00.237752,2023-08-15 22:27:17.550876,0 days 00:00:17.313124,0.6375195586307993,0.6494231603727375,5,20,0.04863925077223885,0.1704663845457619,50,140,COMPLETE
1241,1241,0.6956521739130435,2023-08-15 22:27:17.551991,2023-08-15 22:27:23.148816,0 days 00:00:05.596825,0.4134586982971335,0.4487431304579069,5,12,0.07281133304289673,0.27088214890111156,40,135,COMPLETE
1242,1242,0.6521739130434783,2023-08-15 22:27:23.149494,2023-08-15 22:27:28.336285,0 days 00:00:05.186791,0.36470981018095255,0.6178289758997136,5,18,0.08875209847326485,0.19120380942830328,40,130,COMPLETE
1243,1243,0.6956521739130435,2023-08-15 22:27:28.336967,2023-08-15 22:27:45.652475,0 days 00:00:17.315508,0.71247103678592,0.7979685458641983,5,19,0.05730363410525951,0.2628053781301125,50,125,COMPLETE
1244,1244,0.6086956521739131,2023-08-15 22:27:45.653643,2023-08-15 22:27:54.304664,0 days 00:00:08.651021,0.27294559653452916,0.686850340699557,4,20,0.0826138582731983,0.27414014152015964,40,177,COMPLETE
1245,1245,0.6521739130434783,2023-08-15 22:27:54.305364,2023-08-15 22:28:00.725222,0 days 00:00:06.419858,0.39262897368298194,0.29763144427701815,5,19,0.07808719272593106,0.15462889667895102,60,144,COMPLETE
1246,1246,0.6304347826086957,2023-08-15 22:28:00.725979,2023-08-15 22:28:17.740789,0 days 00:00:17.014810,0.7324364865133997,0.771430906936471,5,18,0.030857611935136545,0.2681688953417457,40,131,COMPLETE
1247,1247,0.6521739130434783,2023-08-15 22:28:17.741499,2023-08-15 22:28:36.092892,0 days 00:00:18.351393,0.5818361469617026,0.6311178776480746,5,19,0.04154038153736215,0.20584225739621528,50,138,COMPLETE
1248,1248,0.7391304347826086,2023-08-15 22:28:36.093608,2023-08-15 22:28:46.411625,0 days 00:00:10.318017,0.6678133147743929,0.4939439972391305,5,20,0.03435760868265257,0.19914089842506208,40,133,COMPLETE
1249,1249,0.5869565217391305,2023-08-15 22:28:46.412477,2023-08-15 22:29:03.224481,0 days 00:00:16.812004,0.18008054392877504,0.7076051360431087,5,20,0.037026719392986136,0.25317721544547367,40,136,COMPLETE
1250,1250,0.7391304347826086,2023-08-15 22:29:03.225360,2023-08-15 22:29:10.539577,0 days 00:00:07.314217,0.7527600719063365,0.42507545750279574,4,19,0.053829511720309614,0.17617733937606836,50,134,COMPLETE
1251,1251,0.6086956521739131,2023-08-15 22:29:10.540397,2023-08-15 22:29:14.688884,0 days 00:00:04.148487,0.5509433073057444,0.5485048289064398,5,13,0.07467124504409633,0.15908906824039362,40,180,COMPLETE
1252,1252,0.7608695652173914,2023-08-15 22:29:14.689584,2023-08-15 22:29:33.266395,0 days 00:00:18.576811,0.1461814469314789,0.7289514857740245,5,20,0.044202014899462586,0.30782727378550273,60,141,COMPLETE
1253,1253,0.782608695652174,2023-08-15 22:29:33.267284,2023-08-15 22:29:45.628526,0 days 00:00:12.361242,0.1825114303561189,0.7555000262043955,5,19,0.0660948409602452,0.29736784603537897,40,129,COMPLETE
1254,1254,0.6521739130434783,2023-08-15 22:29:45.629244,2023-08-15 22:29:53.624120,0 days 00:00:07.994876,0.5028933802171982,0.47938050144138245,5,20,0.039910576463426106,0.3331876295953982,50,131,COMPLETE
1255,1255,0.7608695652173914,2023-08-15 22:29:53.624915,2023-08-15 22:30:00.297030,0 days 00:00:06.672115,0.11543752480365943,0.7830781506097576,5,18,0.06996787977092418,0.2829196111466115,40,136,COMPLETE
1256,1256,0.782608695652174,2023-08-15 22:30:00.297732,2023-08-15 22:30:14.630225,0 days 00:00:14.332493,0.6971890517035624,0.6059444659030429,5,19,0.04295752326985444,0.3262478672368996,40,145,COMPLETE
1257,1257,0.7608695652173914,2023-08-15 22:30:14.631368,2023-08-15 22:30:22.916193,0 days 00:00:08.284825,0.5329440665606536,0.46761607372977326,4,20,0.06438901252942884,0.19444640300794336,50,174,COMPLETE
1258,1258,0.7391304347826086,2023-08-15 22:30:22.916984,2023-08-15 22:30:40.631488,0 days 00:00:17.714504,0.3745593509810681,0.738968977154703,5,19,0.061125526896029535,0.18640928634606677,60,134,COMPLETE
1259,1259,0.7608695652173914,2023-08-15 22:30:40.632295,2023-08-15 22:30:46.406916,0 days 00:00:05.774621,0.4674755594661498,0.3593985507346835,3,19,0.05217755526695669,0.18201210851627192,40,178,COMPLETE
1260,1260,0.8260869565217391,2023-08-15 22:30:46.407699,2023-08-15 22:31:02.090606,0 days 00:00:15.682907,0.660838691723791,0.673310891387131,5,20,0.045720571142959424,0.1629800347068978,40,132,COMPLETE
1261,1261,0.7391304347826086,2023-08-15 22:31:02.091423,2023-08-15 22:31:16.602456,0 days 00:00:14.511033,0.6072257692545857,0.71686196585782,5,18,0.0590228243085754,0.2296411195849855,50,137,COMPLETE
1262,1262,0.7391304347826086,2023-08-15 22:31:16.603271,2023-08-15 22:31:36.262583,0 days 00:00:19.659312,0.4813369248285725,0.7542486307064981,5,19,0.03811379086221953,0.2891024707915982,40,148,COMPLETE
1263,1263,0.7391304347826086,2023-08-15 22:31:36.263415,2023-08-15 22:31:45.823828,0 days 00:00:09.560413,0.42612668637955065,0.26893309190330883,5,20,0.04064767277187055,0.2578208677545869,40,128,COMPLETE
1264,1264,0.782608695652174,2023-08-15 22:31:45.824646,2023-08-15 22:31:59.274789,0 days 00:00:13.450143,0.6822398932514266,0.7999350925352096,5,19,0.08087115968040692,0.21594955201777855,50,139,COMPLETE
1265,1265,0.782608695652174,2023-08-15 22:31:59.275587,2023-08-15 22:32:15.836296,0 days 00:00:16.560709,0.6296454512772123,0.6410681349522349,4,20,0.036107156872216724,0.1528770784625524,60,150,COMPLETE
1266,1266,0.8478260869565217,2023-08-15 22:32:15.837550,2023-08-15 22:32:34.119767,0 days 00:00:18.282217,0.49273311378514256,0.776110131128172,5,19,0.06845837778397505,0.2785649294409301,40,131,COMPLETE
1267,1267,0.7608695652173914,2023-08-15 22:32:34.120469,2023-08-15 22:32:44.301326,0 days 00:00:10.180857,0.28989985485317893,0.5056797753670027,5,19,0.047448702165220104,0.2649238524389653,40,134,COMPLETE
1268,1268,0.7391304347826086,2023-08-15 22:32:44.302129,2023-08-15 22:32:55.295731,0 days 00:00:10.993602,0.7109717562853568,0.6573463718385485,5,20,0.06210550677433777,0.21274997483719638,50,132,COMPLETE
1269,1269,0.7391304347826086,2023-08-15 22:32:55.296521,2023-08-15 22:33:11.818454,0 days 00:00:16.521933,0.3318203835658214,0.7419612591006643,5,20,0.041862030690492276,0.17352732261423356,40,143,COMPLETE
1270,1270,0.782608695652174,2023-08-15 22:33:11.819282,2023-08-15 22:33:14.414955,0 days 00:00:02.595673,0.45234265787228084,0.24964162227872166,5,19,0.08986219913946145,0.1671898760290392,40,135,COMPLETE
1271,1271,0.782608695652174,2023-08-15 22:33:14.415666,2023-08-15 22:33:32.377761,0 days 00:00:17.962095,0.5183581958768184,0.7260791959299662,4,19,0.07611874818477865,0.22370869849834935,50,179,COMPLETE
1272,1272,0.6956521739130435,2023-08-15 22:33:32.378485,2023-08-15 22:33:42.295524,0 days 00:00:09.917039,0.12823939285774766,0.623724896076387,5,20,0.03934820694723637,0.1500855764698303,60,133,COMPLETE
1273,1273,0.6739130434782609,2023-08-15 22:33:42.296462,2023-08-15 22:33:50.315295,0 days 00:00:08.018833,0.5912050229793864,0.5595293081107318,5,18,0.05599756949599671,0.2617019442877709,40,177,COMPLETE
1274,1274,0.7391304347826086,2023-08-15 22:33:50.316011,2023-08-15 22:33:53.989521,0 days 00:00:03.673510,0.3920513597432618,0.4184946372524988,5,19,0.08640997373449189,0.1577841075394866,40,130,COMPLETE
1275,1275,0.717391304347826,2023-08-15 22:33:53.990217,2023-08-15 22:34:09.464930,0 days 00:00:15.474713,0.4374620363021354,0.7011918158410705,5,20,0.09089267035519465,0.2718970076990668,50,138,COMPLETE
1276,1276,0.7608695652173914,2023-08-15 22:34:09.465734,2023-08-15 22:34:25.401957,0 days 00:00:15.936223,0.6536264422247039,0.763883562368498,5,19,0.050546365428201845,0.26726483772660303,40,141,COMPLETE
1277,1277,0.717391304347826,2023-08-15 22:34:25.402942,2023-08-15 22:34:32.880464,0 days 00:00:07.477522,0.6892771507027184,0.529800349555276,4,20,0.0374627108859774,0.20359056810904544,40,132,COMPLETE
1278,1278,0.7608695652173914,2023-08-15 22:34:32.881274,2023-08-15 22:34:51.527210,0 days 00:00:18.645936,0.4110529288880957,0.7492943372258167,5,19,0.05994269256534412,0.31410678898099814,50,135,COMPLETE
1279,1279,0.7391304347826086,2023-08-15 22:34:51.528024,2023-08-15 22:35:08.118783,0 days 00:00:16.590759,0.34541176955489217,0.4063308269276199,5,20,0.034811681415277754,0.20747620134427316,60,162,COMPLETE
1280,1280,0.7608695652173914,2023-08-15 22:35:08.119492,2023-08-15 22:35:16.938393,0 days 00:00:08.818901,0.7311537184295679,0.7865794262243898,5,19,0.06308295723349412,0.27389852989279745,40,129,COMPLETE
1281,1281,0.717391304347826,2023-08-15 22:35:16.939167,2023-08-15 22:35:28.083114,0 days 00:00:11.143947,0.1744968493695238,0.7320781981761376,5,18,0.03186613826860595,0.19838874732126255,40,131,COMPLETE
1282,1282,0.7608695652173914,2023-08-15 22:35:28.083915,2023-08-15 22:35:42.552840,0 days 00:00:14.468925,0.6713154434974457,0.7671298069413798,5,20,0.05743080777291837,0.17804332182256227,50,146,COMPLETE
1283,1283,0.6956521739130435,2023-08-15 22:35:42.553537,2023-08-15 22:35:46.755897,0 days 00:00:04.202360,0.46877912353519635,0.5827698779011999,4,12,0.05361418596827517,0.1695008731416154,40,138,COMPLETE
1284,1284,0.7391304347826086,2023-08-15 22:35:46.756584,2023-08-15 22:36:02.520311,0 days 00:00:15.763727,0.35905015114831734,0.3375032162685915,5,19,0.04263047155291733,0.3445072799081596,40,175,COMPLETE
1285,1285,0.7608695652173914,2023-08-15 22:36:02.521059,2023-08-15 22:36:11.788194,0 days 00:00:09.267135,0.7010619054579358,0.6826535957049593,5,20,0.07238923564175767,0.24788103604599362,60,126,COMPLETE
1286,1286,0.7608695652173914,2023-08-15 22:36:11.789009,2023-08-15 22:36:17.438101,0 days 00:00:05.649092,0.5056192182570125,0.718546043254408,5,6,0.039764138603202874,0.18858386468413554,50,133,COMPLETE
1287,1287,0.8260869565217391,2023-08-15 22:36:17.438797,2023-08-15 22:36:32.984516,0 days 00:00:15.545719,0.40103795024776123,0.7433510032275649,5,18,0.04446984345916408,0.16123432862060813,40,129,COMPLETE
1288,1288,0.7608695652173914,2023-08-15 22:36:32.985249,2023-08-15 22:36:38.634510,0 days 00:00:05.649261,0.31619735046972,0.6412950935388781,5,11,0.06460787879255361,0.19249261038197957,40,140,COMPLETE
