,number,value,datetime_start,datetime_complete,duration,params_cross_ind_prob,params_cross_prob,params_cv,params_max_features,params_muta_ind_prob,params_muta_prob,params_n_gens,params_n_population,state
216,216,0.8444444444444444,2023-08-15 18:45:25.959528,2023-08-15 18:45:40.402563,0 days 00:00:14.443035,0.44495770235309684,0.7499306052699158,5,19,0.03618358565026733,0.16261042106968604,60,129,COMPLETE
217,217,0.8444444444444444,2023-08-15 18:45:40.403239,2023-08-15 18:45:56.438956,0 days 00:00:16.035717,0.33902167438680525,0.7797776739817142,5,20,0.0415570522316744,0.16961698399405767,40,138,COMPLETE
218,218,0.7555555555555555,2023-08-15 18:45:56.439403,2023-08-15 18:46:06.701401,0 days 00:00:10.261998,0.4112024087669715,0.6141227014565608,4,20,0.06495359390449146,0.23939906188005863,60,145,COMPLETE
219,219,0.8222222222222222,2023-08-15 18:46:06.701921,2023-08-15 18:46:18.428147,0 days 00:00:11.726226,0.4627459580727695,0.60804748816735,5,19,0.05144494475400641,0.20220437422778123,40,139,COMPLETE
220,220,0.8666666666666667,2023-08-15 18:46:18.428659,2023-08-15 18:46:31.333410,0 days 00:00:12.904751,0.6186124385719909,0.6435535350255754,5,20,0.03871941518530779,0.1941609725324311,40,121,COMPLETE
221,221,0.8666666666666667,2023-08-15 18:46:31.334218,2023-08-15 18:46:48.510327,0 days 00:00:17.176109,0.37459123075727596,0.6559586965463929,5,20,0.0372473450818736,0.16252218462536036,60,140,COMPLETE
222,222,0.8666666666666667,2023-08-15 18:46:48.510775,2023-08-15 18:47:05.040840,0 days 00:00:16.530065,0.38763298240646915,0.6612513763224199,5,20,0.03695196661319402,0.16587436398589017,60,141,COMPLETE
223,223,0.8666666666666667,2023-08-15 18:47:05.041373,2023-08-15 18:47:28.329633,0 days 00:00:23.288260,0.36116134662357446,0.6842432437522188,5,20,0.035169268611987076,0.2678235010493405,60,143,COMPLETE
224,224,0.7777777777777778,2023-08-15 18:47:28.330162,2023-08-15 18:47:44.776349,0 days 00:00:16.446187,0.3766576504604273,0.6430333871887158,5,19,0.03226666754812142,0.15020068900435976,60,140,COMPLETE
225,225,0.8444444444444444,2023-08-15 18:47:44.776804,2023-08-15 18:47:49.567553,0 days 00:00:04.790749,0.48139960992981157,0.6373707328251277,5,11,0.055072905204311184,0.18924527884765183,60,132,COMPLETE
226,226,0.8666666666666667,2023-08-15 18:47:49.568012,2023-08-15 18:48:03.243049,0 days 00:00:13.675037,0.6737176789185694,0.6322693106468629,4,20,0.03357123834518649,0.15698693094121877,60,137,COMPLETE
227,227,0.9111111111111111,2023-08-15 18:48:03.243509,2023-08-15 18:48:13.406560,0 days 00:00:10.163051,0.40357748154605044,0.7280089500504114,5,12,0.042560908885726695,0.1823572703626471,50,149,COMPLETE
228,228,0.8666666666666667,2023-08-15 18:48:13.407005,2023-08-15 18:48:23.254247,0 days 00:00:09.847242,0.41732082021439243,0.725272058720677,5,11,0.04360554163549901,0.18463961511709404,50,153,COMPLETE
229,229,0.7777777777777778,2023-08-15 18:48:23.254705,2023-08-15 18:48:34.472863,0 days 00:00:11.218158,0.4341294099196906,0.7427603355736132,5,12,0.040469887356829756,0.18164974071494716,50,151,COMPLETE
230,230,0.8222222222222222,2023-08-15 18:48:34.473313,2023-08-15 18:48:49.149656,0 days 00:00:14.676343,0.4015621470930326,0.7610096507906566,4,19,0.042658019965892004,0.1795638919086081,50,147,COMPLETE
231,231,0.8222222222222222,2023-08-15 18:48:49.150613,2023-08-15 18:48:58.550669,0 days 00:00:09.400056,0.36477068201000823,0.6990522533496543,5,12,0.04568086002350007,0.3319020723578379,50,139,COMPLETE
232,232,0.8666666666666667,2023-08-15 18:48:58.551114,2023-08-15 18:49:18.086175,0 days 00:00:19.535061,0.5387613311401226,0.735651062564182,5,20,0.03834992725599296,0.17489635571516313,50,144,COMPLETE
233,233,0.8222222222222222,2023-08-15 18:49:18.087127,2023-08-15 18:49:28.693128,0 days 00:00:10.606001,0.594832563001714,0.7865950636701781,5,13,0.06923481378041373,0.18812832917248543,50,149,COMPLETE
234,234,0.8666666666666667,2023-08-15 18:49:28.693578,2023-08-15 18:49:45.039484,0 days 00:00:16.345906,0.39095069077538297,0.7998269776762201,5,11,0.027294259453581198,0.3435087292035911,40,149,COMPLETE
235,235,0.8,2023-08-15 18:49:45.039937,2023-08-15 18:50:11.951459,0 days 00:00:26.911522,0.3451083291017044,0.7516344258452905,5,20,0.03622090684541538,0.19780929566262367,50,158,COMPLETE
236,236,0.8222222222222222,2023-08-15 18:50:11.951997,2023-08-15 18:50:17.950114,0 days 00:00:05.998117,0.6907488548663585,0.23241819035270272,5,15,0.04147896673245351,0.16107876528181622,60,142,COMPLETE
237,237,0.9111111111111111,2023-08-15 18:50:17.950800,2023-08-15 18:50:37.730253,0 days 00:00:19.779453,0.5059698611123414,0.773575094317452,5,20,0.06265236230848492,0.15386890098183498,50,179,COMPLETE
238,238,0.9111111111111111,2023-08-15 18:50:37.730777,2023-08-15 18:50:57.432037,0 days 00:00:19.701260,0.5080714717308625,0.7693140140948908,5,19,0.059708513560672395,0.1531896645944879,50,179,COMPLETE
239,239,0.8888888888888888,2023-08-15 18:50:57.432563,2023-08-15 18:51:12.402566,0 days 00:00:14.970003,0.5030560185138089,0.7670094853760009,4,19,0.061917333095955054,0.15393572616350726,50,179,COMPLETE
240,240,0.8888888888888888,2023-08-15 18:51:12.403083,2023-08-15 18:51:34.036935,0 days 00:00:21.633852,0.5064472962073343,0.7697590168645895,5,19,0.060032594870821535,0.15390667392586613,50,178,COMPLETE
241,241,0.8222222222222222,2023-08-15 18:51:34.037472,2023-08-15 18:51:50.725968,0 days 00:00:16.688496,0.4894279252102917,0.7792531140120393,5,20,0.06385616440471134,0.1508458245019261,50,178,COMPLETE
242,242,0.8444444444444444,2023-08-15 18:51:50.726481,2023-08-15 18:52:09.955120,0 days 00:00:19.228639,0.5270434772555213,0.7580941996675149,5,20,0.06292472992934603,0.15816570776467473,50,179,COMPLETE
243,243,0.8888888888888888,2023-08-15 18:52:09.956123,2023-08-15 18:52:31.823116,0 days 00:00:21.866993,0.4722647330119029,0.7896630524103317,5,19,0.05898536502634105,0.2218365846971017,50,180,COMPLETE
244,244,0.8,2023-08-15 18:52:31.823673,2023-08-15 18:52:53.179895,0 days 00:00:21.356222,0.5493444280449429,0.7708775929147208,5,20,0.05674424553993903,0.1553818893259681,50,177,COMPLETE
245,245,0.8222222222222222,2023-08-15 18:52:53.180584,2023-08-15 18:53:03.883513,0 days 00:00:10.702929,0.5210954389471212,0.7296194601217648,5,10,0.06503439924694955,0.15015704013535566,50,146,COMPLETE
246,246,0.8444444444444444,2023-08-15 18:53:03.883972,2023-08-15 18:53:16.585244,0 days 00:00:12.701272,0.49385245922250487,0.7521710835225301,3,19,0.054430176974061245,0.15884587660114877,50,180,COMPLETE
247,247,0.8666666666666667,2023-08-15 18:53:16.585795,2023-08-15 18:53:30.702243,0 days 00:00:14.116448,0.5088351571024652,0.708828643319044,5,12,0.029630254789333708,0.22821780262691918,50,156,COMPLETE
248,248,0.8222222222222222,2023-08-15 18:53:30.702696,2023-08-15 18:53:41.799516,0 days 00:00:11.096820,0.53615550580527,0.5595416480127761,4,20,0.06092172857876182,0.208432769777714,40,178,COMPLETE
249,249,0.8444444444444444,2023-08-15 18:53:41.800033,2023-08-15 18:53:54.310544,0 days 00:00:12.510511,0.45183696901995346,0.7872849685563215,5,18,0.0577310076172067,0.21866895056211738,50,152,COMPLETE
250,250,0.8260869565217391,2023-08-15 18:53:54.310997,2023-08-15 18:54:08.656569,0 days 00:00:14.345572,0.5737506338000787,0.7406989234219503,5,16,0.08165522030711943,0.15391259343160152,50,176,COMPLETE
251,251,0.8695652173913043,2023-08-15 18:54:08.657027,2023-08-15 18:54:20.734379,0 days 00:00:12.077352,0.7566925735953818,0.5948650920950873,5,20,0.09540978655651353,0.18374586220357864,40,179,COMPLETE
252,252,0.782608695652174,2023-08-15 18:54:20.734835,2023-08-15 18:54:33.413881,0 days 00:00:12.679046,0.4777773261521152,0.7784529960347221,4,14,0.04431783363088189,0.19468753138851372,50,160,COMPLETE
253,253,0.8478260869565217,2023-08-15 18:54:33.414334,2023-08-15 18:54:44.394303,0 days 00:00:10.979969,0.5547308929946856,0.76426471487484,5,19,0.05592869975253984,0.17778163067719496,40,135,COMPLETE
254,254,0.7391304347826086,2023-08-15 18:54:44.394827,2023-08-15 18:54:59.810580,0 days 00:00:15.415753,0.46402247118039525,0.724105069763004,5,20,0.05320715449805142,0.1715183174941754,50,157,COMPLETE
255,255,0.7608695652173914,2023-08-15 18:54:59.811102,2023-08-15 18:55:07.613526,0 days 00:00:07.802424,0.13025394407565788,0.6760235678895067,4,19,0.048241280824979874,0.23311562850032633,50,154,COMPLETE
256,256,0.8260869565217391,2023-08-15 18:55:07.613996,2023-08-15 18:55:24.416667,0 days 00:00:16.802671,0.6421684406381517,0.7501739879584698,5,18,0.04256528189739896,0.1561144455193352,40,148,COMPLETE
257,257,0.8260869565217391,2023-08-15 18:55:24.417197,2023-08-15 18:55:34.173573,0 days 00:00:09.756376,0.5118054860367203,0.7987349056823273,5,13,0.062001608409766776,0.1889568418930683,50,137,COMPLETE
258,258,0.7608695652173914,2023-08-15 18:55:34.174033,2023-08-15 18:55:52.702100,0 days 00:00:18.528067,0.4174828624012094,0.7727863701151555,4,20,0.0668953549318989,0.1991957666186902,50,180,COMPLETE
259,259,0.7391304347826086,2023-08-15 18:55:52.702638,2023-08-15 18:56:12.674512,0 days 00:00:19.971874,0.4818073138932945,0.7144495758052676,5,19,0.04646514604257322,0.16721800465593736,40,145,COMPLETE
260,260,0.8043478260869565,2023-08-15 18:56:12.674974,2023-08-15 18:56:30.931212,0 days 00:00:18.256238,0.6129959389718392,0.692343726845132,5,20,0.040197914326702784,0.15003902193442428,50,151,COMPLETE
261,261,0.8478260869565217,2023-08-15 18:56:30.932183,2023-08-15 18:56:57.420217,0 days 00:00:26.488034,0.40352569386579873,0.7607022769740432,5,20,0.05036728982181037,0.16129836411978676,50,159,COMPLETE
262,262,0.7608695652173914,2023-08-15 18:56:57.420780,2023-08-15 18:57:12.927017,0 days 00:00:15.506237,0.43931905198029675,0.7400302168879588,4,17,0.05838210503565034,0.2238771250551267,40,176,COMPLETE
263,263,0.8478260869565217,2023-08-15 18:57:12.927476,2023-08-15 18:57:28.867091,0 days 00:00:15.939615,0.5184726836602265,0.6098219213524774,5,20,0.06474164887340166,0.20459351739625795,50,155,COMPLETE
264,264,0.782608695652174,2023-08-15 18:57:28.867626,2023-08-15 18:57:44.582448,0 days 00:00:15.714822,0.498935262971096,0.7862919286045763,5,19,0.0704540621273077,0.23551093349235944,60,138,COMPLETE
265,265,0.7391304347826086,2023-08-15 18:57:44.582978,2023-08-15 18:57:53.502456,0 days 00:00:08.919478,0.5666769016280427,0.439412985231366,5,19,0.06010754032543041,0.30329913874765513,50,143,COMPLETE
266,266,0.7608695652173914,2023-08-15 18:57:53.502903,2023-08-15 18:58:04.804907,0 days 00:00:11.302004,0.5309911316645258,0.776974009653557,4,10,0.028578454318513653,0.1578104535533701,40,179,COMPLETE
267,267,0.8043478260869565,2023-08-15 18:58:04.805370,2023-08-15 18:58:09.480754,0 days 00:00:04.675384,0.35573348043528374,0.6301253649777798,5,6,0.03145712990461531,0.2122729642798433,50,150,COMPLETE
268,268,0.782608695652174,2023-08-15 18:58:09.481197,2023-08-15 18:58:23.461055,0 days 00:00:13.979858,0.45464299324427604,0.747964938054091,5,20,0.05608140773429864,0.154005472507213,60,136,COMPLETE
269,269,0.7608695652173914,2023-08-15 18:58:23.461574,2023-08-15 18:58:28.926854,0 days 00:00:05.465280,0.3833515902212575,0.7185980282997816,4,9,0.049471013934935366,0.17402178061487633,50,153,COMPLETE
270,270,0.8043478260869565,2023-08-15 18:58:28.927303,2023-08-15 18:58:40.162118,0 days 00:00:11.234815,0.6589674659172347,0.6683194816940607,5,20,0.05206106919141388,0.18055563789515855,40,147,COMPLETE
271,271,0.782608695652174,2023-08-15 18:58:40.162789,2023-08-15 18:58:52.971528,0 days 00:00:12.808739,0.5903219623230755,0.7030220945237637,5,18,0.044509065745323144,0.2156330578084829,50,141,COMPLETE
272,272,0.8260869565217391,2023-08-15 18:58:52.972070,2023-08-15 18:59:08.249276,0 days 00:00:15.277206,0.4236103941970708,0.7894482229555206,5,11,0.03327244915237233,0.19195350148083487,60,157,COMPLETE
273,273,0.8260869565217391,2023-08-15 18:59:08.249734,2023-08-15 18:59:24.317716,0 days 00:00:16.067982,0.33261604066070694,0.7310088755315391,4,19,0.039144234352529596,0.16443308725731942,50,139,COMPLETE
274,274,0.8043478260869565,2023-08-15 18:59:24.318247,2023-08-15 18:59:45.021868,0 days 00:00:20.703621,0.6279875960131539,0.7999903259171876,5,20,0.07304661498898744,0.1851046322570527,40,178,COMPLETE
275,275,0.8260869565217391,2023-08-15 18:59:45.022419,2023-08-15 19:00:07.161781,0 days 00:00:22.139362,0.48809471764076046,0.7607121797002078,5,20,0.030713191021876033,0.1597374031423708,60,144,COMPLETE
276,276,0.8043478260869565,2023-08-15 19:00:07.162290,2023-08-15 19:00:24.477798,0 days 00:00:17.315508,0.46772710567584835,0.7781416058960086,4,18,0.06587585322091791,0.16993274195611244,50,174,COMPLETE
277,277,0.8260869565217391,2023-08-15 19:00:24.478344,2023-08-15 19:00:31.333690,0 days 00:00:06.855346,0.5424699228198658,0.5174200952021497,5,16,0.06272370632583527,0.2068656620740545,50,155,COMPLETE
278,278,0.782608695652174,2023-08-15 19:00:31.334163,2023-08-15 19:00:46.902356,0 days 00:00:15.568193,0.39735294990075254,0.7641965141515108,3,19,0.05461522515758591,0.15336892445534223,40,158,COMPLETE
279,279,0.8260869565217391,2023-08-15 19:00:46.902819,2023-08-15 19:01:03.609857,0 days 00:00:16.707038,0.5043704065501995,0.620146245941474,5,20,0.04148446993039748,0.17739801171684208,60,142,COMPLETE
280,280,0.782608695652174,2023-08-15 19:01:03.610414,2023-08-15 19:01:21.844237,0 days 00:00:18.233823,0.31853216796306544,0.6823060558754035,5,20,0.04279922389021601,0.22732903824064643,50,165,COMPLETE
281,281,0.8043478260869565,2023-08-15 19:01:21.845190,2023-08-15 19:01:30.768643,0 days 00:00:08.923453,0.5212708104598666,0.7394539067434133,4,19,0.075040403956395,0.16336785528049613,50,138,COMPLETE
282,282,0.782608695652174,2023-08-15 19:01:30.769099,2023-08-15 19:01:43.039444,0 days 00:00:12.270345,0.4343243046761331,0.5765779935195745,5,17,0.0588271696095638,0.15002518093080153,40,177,COMPLETE
283,283,0.782608695652174,2023-08-15 19:01:43.039902,2023-08-15 19:01:59.199058,0 days 00:00:16.159156,0.4754692326540004,0.752191102799216,4,20,0.0349267515987174,0.1965657245567274,60,140,COMPLETE
284,284,0.7608695652173914,2023-08-15 19:01:59.200023,2023-08-15 19:02:12.616803,0 days 00:00:13.416780,0.3703827332280401,0.4901762122162556,5,20,0.026172777858007184,0.2008022636860162,50,152,COMPLETE
285,285,0.8695652173913043,2023-08-15 19:02:12.617462,2023-08-15 19:02:32.633041,0 days 00:00:20.015579,0.40715390948678903,0.7733016382303516,5,19,0.04565232810934224,0.15745808715607576,40,171,COMPLETE
286,286,0.8260869565217391,2023-08-15 19:02:32.633600,2023-08-15 19:02:50.677619,0 days 00:00:18.044019,0.48900597536382556,0.6530738024775941,5,20,0.047327064315990916,0.25315870331943424,50,161,COMPLETE
287,287,0.8478260869565217,2023-08-15 19:02:50.678523,2023-08-15 19:03:06.926651,0 days 00:00:16.248128,0.5614235507238772,0.7845762420411597,4,19,0.057335189478708644,0.1888682126178843,60,146,COMPLETE
288,288,0.8043478260869565,2023-08-15 19:03:06.927120,2023-08-15 19:03:20.053152,0 days 00:00:13.126032,0.5800993930230935,0.6990849253446403,5,12,0.05307909887334368,0.17182054624273616,50,149,COMPLETE
289,289,0.7391304347826086,2023-08-15 19:03:20.053624,2023-08-15 19:03:31.693236,0 days 00:00:11.639612,0.44992726596281923,0.7250329372486509,5,20,0.06145897797275087,0.21857800894818624,40,156,COMPLETE
290,290,0.782608695652174,2023-08-15 19:03:31.693767,2023-08-15 19:03:41.579979,0 days 00:00:09.886212,0.5033455452972513,0.5309195626640246,5,13,0.06767346461758299,0.154649594779588,50,179,COMPLETE
291,291,0.8478260869565217,2023-08-15 19:03:41.580433,2023-08-15 19:03:50.649619,0 days 00:00:09.069186,0.38392567275789136,0.2927411206256093,5,20,0.040365106970923284,0.183182253588065,60,126,COMPLETE
292,292,0.782608695652174,2023-08-15 19:03:50.650086,2023-08-15 19:04:04.755202,0 days 00:00:14.105116,0.35382455484844305,0.7676245006929586,4,18,0.037697244975207295,0.16780784220222944,50,134,COMPLETE
293,293,0.8043478260869565,2023-08-15 19:04:04.755662,2023-08-15 19:04:13.078428,0 days 00:00:08.322766,0.5396363471289536,0.5438022575063374,5,17,0.06418109233501355,0.16112212057390476,40,180,COMPLETE
294,294,0.7608695652173914,2023-08-15 19:04:13.078954,2023-08-15 19:04:27.398690,0 days 00:00:14.319736,0.5177271731617373,0.6002807580685128,5,19,0.05097734118324194,0.21234409766946255,50,139,COMPLETE
295,295,0.7608695652173914,2023-08-15 19:04:27.399512,2023-08-15 19:04:34.141401,0 days 00:00:06.741889,0.3017985617156672,0.7900459983974473,4,11,0.0604666947674005,0.1931047365828295,60,142,COMPLETE
296,296,0.8043478260869565,2023-08-15 19:04:34.141858,2023-08-15 19:04:47.842912,0 days 00:00:13.701054,0.46465802405052187,0.7534694466241828,5,18,0.0702955186865776,0.17576239146754472,50,153,COMPLETE
297,297,0.8043478260869565,2023-08-15 19:04:47.843442,2023-08-15 19:05:05.980582,0 days 00:00:18.137140,0.33890228161939817,0.7358409029576154,5,20,0.028024950871049576,0.15760505817367193,40,159,COMPLETE
298,298,0.8043478260869565,2023-08-15 19:05:05.981046,2023-08-15 19:05:26.206986,0 days 00:00:20.225940,0.6380709552685923,0.7115365096112531,4,19,0.04475696316164677,0.22128058046418808,50,176,COMPLETE
299,299,0.8260869565217391,2023-08-15 19:05:26.207493,2023-08-15 19:05:45.301052,0 days 00:00:19.093559,0.419376258068991,0.6677472149814211,5,20,0.055949810175544235,0.20292247137354416,60,155,COMPLETE
300,300,0.8444444444444444,2023-08-15 19:05:45.302029,2023-08-15 19:06:00.124571,0 days 00:00:14.822542,0.55253650913881,0.642995694913629,5,20,0.04325284994086204,0.16571194612472928,50,144,COMPLETE
301,301,0.8,2023-08-15 19:06:00.125107,2023-08-15 19:06:14.280890,0 days 00:00:14.155783,0.4911012960978808,0.777855156340546,5,19,0.048538173149346796,0.15014245349981406,40,137,COMPLETE
302,302,0.8222222222222222,2023-08-15 19:06:14.281424,2023-08-15 19:06:27.535511,0 days 00:00:13.254087,0.5314957253384877,0.6913088190535521,4,20,0.03902825034324079,0.18053346060050965,50,151,COMPLETE
303,303,0.7555555555555555,2023-08-15 19:06:27.536334,2023-08-15 19:06:47.780053,0 days 00:00:20.243719,0.6035608553981824,0.7454162586264537,5,19,0.06634104758167511,0.2939880210351358,60,163,COMPLETE
304,304,0.8666666666666667,2023-08-15 19:06:47.780617,2023-08-15 19:07:02.313776,0 days 00:00:14.533159,0.39908738809857597,0.7604818594669006,5,16,0.03264199966817338,0.15384112991978516,50,148,COMPLETE
305,305,0.6666666666666666,2023-08-15 19:07:02.314257,2023-08-15 19:07:23.167140,0 days 00:00:20.852883,0.36513806131731785,0.7995206283157447,4,20,0.05389805328318144,0.18648500494779602,40,177,COMPLETE
306,306,0.7555555555555555,2023-08-15 19:07:23.167704,2023-08-15 19:07:29.931435,0 days 00:00:06.763731,0.4740187804078601,0.7852473652586993,5,8,0.05907371851003043,0.22680013106619495,50,136,COMPLETE
307,307,0.8444444444444444,2023-08-15 19:07:29.931907,2023-08-15 19:07:51.205083,0 days 00:00:21.273176,0.66177445322063,0.7708013915769503,5,18,0.03497986910799616,0.20894684893921822,60,157,COMPLETE
308,308,0.7777777777777778,2023-08-15 19:07:51.205550,2023-08-15 19:08:09.197491,0 days 00:00:17.991941,0.5084973724472319,0.6277148463276407,5,20,0.04163054141407549,0.23647959210055608,50,150,COMPLETE
309,309,0.8222222222222222,2023-08-15 19:08:09.198046,2023-08-15 19:08:14.907738,0 days 00:00:05.709692,0.44478595498384493,0.7227389651969527,4,10,0.06281406700339424,0.1602108319182788,40,140,COMPLETE
310,310,0.8222222222222222,2023-08-15 19:08:14.908195,2023-08-15 19:08:22.837075,0 days 00:00:07.928880,0.37701677258361127,0.6788359581855923,5,14,0.056796202839047724,0.1966178769355272,50,132,COMPLETE
311,311,0.8888888888888888,2023-08-15 19:08:22.837537,2023-08-15 19:08:48.622612,0 days 00:00:25.785075,0.4307812180749615,0.7347463865390519,5,17,0.030161468159874243,0.1711392731663131,60,154,COMPLETE
312,312,0.8,2023-08-15 19:08:48.623083,2023-08-15 19:09:08.316418,0 days 00:00:19.693335,0.6173516976731164,0.7610073423704686,5,19,0.03698774788303591,0.1540222618298421,50,180,COMPLETE
313,313,0.8,2023-08-15 19:09:08.316959,2023-08-15 19:09:21.044903,0 days 00:00:12.727944,0.41241394594475855,0.6588457220625531,4,20,0.0464699113912102,0.1634442841063164,40,141,COMPLETE
314,314,0.7777777777777778,2023-08-15 19:09:21.045438,2023-08-15 19:09:36.803088,0 days 00:00:15.757650,0.34665525649506973,0.708770814082962,5,20,0.052526597001195253,0.17792418138292182,50,146,COMPLETE
315,315,0.8222222222222222,2023-08-15 19:09:36.803558,2023-08-15 19:09:45.859109,0 days 00:00:09.055551,0.6801603585862119,0.7870924596913392,4,19,0.054547108305817146,0.22943290826626542,60,129,COMPLETE
316,316,0.8444444444444444,2023-08-15 19:09:45.859645,2023-08-15 19:09:53.185011,0 days 00:00:07.325366,0.4954198476154974,0.5555525168240502,5,12,0.04929922976249989,0.2458918366269995,50,178,COMPLETE
317,317,0.7555555555555555,2023-08-15 19:09:53.185474,2023-08-15 19:10:21.263044,0 days 00:00:28.077570,0.47969227993373803,0.750560985227542,5,20,0.04342074359852042,0.2816265269267755,40,168,COMPLETE
318,318,0.7555555555555555,2023-08-15 19:10:21.263592,2023-08-15 19:10:37.584016,0 days 00:00:16.320424,0.32533818296439493,0.7739991219242046,5,19,0.07632586195213976,0.18995057996332168,50,175,COMPLETE
319,319,0.6222222222222222,2023-08-15 19:10:37.584554,2023-08-15 19:10:46.111543,0 days 00:00:08.526989,0.3898710059554621,0.7997091036901919,3,18,0.0681851496705721,0.15693066143639614,60,138,COMPLETE
320,320,0.8444444444444444,2023-08-15 19:10:46.112083,2023-08-15 19:11:00.333280,0 days 00:00:14.221197,0.5185263549406076,0.6374270637190703,5,20,0.06053056393489158,0.2013387338874511,50,143,COMPLETE
321,321,0.8222222222222222,2023-08-15 19:11:00.333830,2023-08-15 19:11:12.955622,0 days 00:00:12.621792,0.26603256153075017,0.7449509991849835,4,20,0.04057627446257364,0.2151679759878001,40,145,COMPLETE
322,322,0.8444444444444444,2023-08-15 19:11:12.956490,2023-08-15 19:11:26.213675,0 days 00:00:13.257185,0.5453496139789895,0.7212983094075923,5,19,0.07114814012113478,0.16843556582376396,50,178,COMPLETE
