,number,value,datetime_start,datetime_complete,duration,params_cross_ind_prob,params_cross_prob,params_cv,params_max_features,params_muta_ind_prob,params_muta_prob,params_n_gens,params_n_population,state
1289,1289,0.782608695652174,2023-08-15 22:36:38.635225,2023-08-15 22:36:42.706762,0 days 00:00:04.071537,0.612095913369057,0.3908862144653963,3,19,0.07019830020294185,0.2280534816888062,50,137,COMPLETE
1290,1290,0.8043478260869565,2023-08-15 22:36:42.707578,2023-08-15 22:37:01.255850,0 days 00:00:18.548272,0.6496181168461022,0.7773016361870941,5,20,0.06702452683297382,0.30016034200042,40,134,COMPLETE
1291,1291,0.8043478260869565,2023-08-15 22:37:01.257103,2023-08-15 22:37:20.492019,0 days 00:00:19.234916,0.5476349949293382,0.6146242803821111,4,19,0.038330879738790534,0.15557404983780745,60,180,COMPLETE
1292,1292,0.6956521739130435,2023-08-15 22:37:20.493597,2023-08-15 22:37:30.881443,0 days 00:00:10.387846,0.6349971195122275,0.3204156163288753,5,19,0.03369568082266849,0.2552964237653607,40,136,COMPLETE
1293,1293,0.8260869565217391,2023-08-15 22:37:30.882231,2023-08-15 22:37:43.714066,0 days 00:00:12.831835,0.7215643013552394,0.5979635695063333,5,20,0.040790893588368696,0.2686997429496746,50,147,COMPLETE
1294,1294,0.7391304347826086,2023-08-15 22:37:43.714870,2023-08-15 22:38:02.239743,0 days 00:00:18.524873,0.49155330742141135,0.6632345485303653,5,20,0.035827846094634304,0.33767696820250853,40,130,COMPLETE
1295,1295,0.717391304347826,2023-08-15 22:38:02.240460,2023-08-15 22:38:07.282002,0 days 00:00:05.041542,0.25612535634674244,0.5687865920528522,5,18,0.07429290091757958,0.26170517133073684,40,123,COMPLETE
1296,1296,0.7391304347826086,2023-08-15 22:38:07.282699,2023-08-15 22:38:11.713179,0 days 00:00:04.430480,0.37350380486196477,0.5235770860753575,4,19,0.078532066091152,0.16408313541934133,50,132,COMPLETE
1297,1297,0.7608695652173914,2023-08-15 22:38:11.713912,2023-08-15 22:38:18.707737,0 days 00:00:06.993825,0.1914334352249109,0.7563754739719977,5,14,0.054799355965385634,0.3405009202396017,40,127,COMPLETE
1298,1298,0.8260869565217391,2023-08-15 22:38:18.708430,2023-08-15 22:38:39.183850,0 days 00:00:20.475420,0.5297696053980753,0.7076835143100515,5,20,0.049760482675323396,0.27655435233604314,60,133,COMPLETE
1299,1299,0.8695652173913043,2023-08-15 22:38:39.184689,2023-08-15 22:38:56.535443,0 days 00:00:17.350754,0.7851784553421154,0.7346996730183932,5,19,0.03742487377673406,0.18263786548928201,40,179,COMPLETE
1300,1300,0.6,2023-08-15 22:38:56.536710,2023-08-15 22:39:08.594470,0 days 00:00:12.057760,0.42016099167670673,0.6307289890981039,5,19,0.041624247637175385,0.33153379298458396,50,131,COMPLETE
1301,1301,0.6666666666666666,2023-08-15 22:39:08.595560,2023-08-15 22:39:16.455805,0 days 00:00:07.860245,0.6807637742068613,0.31492801164656903,5,20,0.07120590170277485,0.34831769202754076,40,176,COMPLETE
1302,1302,0.6444444444444445,2023-08-15 22:39:16.456610,2023-08-15 22:39:35.436508,0 days 00:00:18.979898,0.5694611171615003,0.7896860438523382,4,19,0.058661363771032204,0.2911210320652224,50,135,COMPLETE
1303,1303,0.7555555555555555,2023-08-15 22:39:35.437343,2023-08-15 22:39:39.679551,0 days 00:00:04.242208,0.45844012971039166,0.2552091349220686,5,20,0.04651145577564878,0.2641530654744077,40,139,COMPLETE
1304,1304,0.7333333333333333,2023-08-15 22:39:39.680347,2023-08-15 22:39:59.997493,0 days 00:00:20.317146,0.66171433100781,0.7671756398612976,5,19,0.039384257605565576,0.282026342243819,40,151,COMPLETE
1305,1305,0.8444444444444444,2023-08-15 22:39:59.998634,2023-08-15 22:40:09.585501,0 days 00:00:09.586867,0.16053358613982416,0.6945719025509528,5,20,0.05262666795317057,0.3221857587958141,60,142,COMPLETE
1306,1306,0.6888888888888889,2023-08-15 22:40:09.586312,2023-08-15 22:40:25.515139,0 days 00:00:15.928827,0.6949236929303032,0.6490023502131869,5,19,0.029820490720056086,0.25124354503116403,50,128,COMPLETE
1307,1307,0.7333333333333333,2023-08-15 22:40:25.515969,2023-08-15 22:40:34.837716,0 days 00:00:09.321747,0.3880395174688797,0.7202909019632964,5,20,0.08511042774001226,0.15697583740100327,40,137,COMPLETE
1308,1308,0.6888888888888889,2023-08-15 22:40:34.838438,2023-08-15 22:40:54.911269,0 days 00:00:20.072831,0.4794378718738031,0.7499102765980474,5,18,0.043361466256312,0.19512339924364525,40,133,COMPLETE
1309,1309,0.6888888888888889,2023-08-15 22:40:54.912006,2023-08-15 22:41:03.055460,0 days 00:00:08.143454,0.4416023095801363,0.777700256410042,4,19,0.09525993033361149,0.2099040364205813,50,130,COMPLETE
1310,1310,0.7777777777777778,2023-08-15 22:41:03.056264,2023-08-15 22:41:14.023942,0 days 00:00:10.967678,0.7625797668531643,0.7327170356549384,5,20,0.06063632818765695,0.172446431097284,40,148,COMPLETE
1311,1311,0.7555555555555555,2023-08-15 22:41:14.024760,2023-08-15 22:41:22.775929,0 days 00:00:08.751169,0.5136111589580507,0.5443256318343794,5,19,0.06268332617078466,0.2700606267986265,40,145,COMPLETE
1312,1312,0.7555555555555555,2023-08-15 22:41:22.776739,2023-08-15 22:41:39.324643,0 days 00:00:16.547904,0.6764614576160964,0.5738439087171484,5,20,0.0327604279531577,0.2348413304646257,60,134,COMPLETE
1313,1313,0.6,2023-08-15 22:41:39.325359,2023-08-15 22:41:50.998845,0 days 00:00:11.673486,0.70943252278874,0.4949562778012287,5,19,0.06530727176983861,0.2574538105902235,50,143,COMPLETE
1314,1314,0.6666666666666666,2023-08-15 22:41:50.999554,2023-08-15 22:42:00.096395,0 days 00:00:09.096841,0.6220592973137817,0.6690289347857055,5,18,0.05674446935238072,0.15344710779393075,40,136,COMPLETE
1315,1315,0.6888888888888889,2023-08-15 22:42:00.097190,2023-08-15 22:42:08.089078,0 days 00:00:07.991888,0.645283309177922,0.4473958393619944,4,20,0.0482641871840947,0.31059015734604745,40,132,COMPLETE
1316,1316,0.7333333333333333,2023-08-15 22:42:08.090038,2023-08-15 22:42:16.823276,0 days 00:00:08.733238,0.49450305548425993,0.6105037933636808,5,19,0.036115638838921514,0.16610356655128877,50,131,COMPLETE
1317,1317,0.7111111111111111,2023-08-15 22:42:16.824081,2023-08-15 22:42:24.013240,0 days 00:00:07.189159,0.2949415657111636,0.23192513622400973,5,20,0.03830257855560084,0.20054837637139075,40,177,COMPLETE
1318,1318,0.6444444444444445,2023-08-15 22:42:24.014197,2023-08-15 22:42:28.177115,0 days 00:00:04.162918,0.3609046078589236,0.43366313574319093,5,19,0.09865277579146232,0.22411499236668084,60,135,COMPLETE
1319,1319,0.7777777777777778,2023-08-15 22:42:28.177809,2023-08-15 22:42:46.017786,0 days 00:00:17.839977,0.4267745699660585,0.7597176201036776,5,19,0.04096080052443208,0.22030059210420078,40,130,COMPLETE
1320,1320,0.7777777777777778,2023-08-15 22:42:46.018638,2023-08-15 22:43:09.253242,0 days 00:00:23.234604,0.5930151499452049,0.7450755825087667,5,18,0.03950821040082115,0.2875369908917454,50,178,COMPLETE
1321,1321,0.7111111111111111,2023-08-15 22:43:09.254058,2023-08-15 22:43:22.707899,0 days 00:00:13.453841,0.40109211972736647,0.5925561033482782,5,20,0.03505650546417723,0.2658327248309847,40,133,COMPLETE
1322,1322,0.6888888888888889,2023-08-15 22:43:22.708862,2023-08-15 22:43:37.447446,0 days 00:00:14.738584,0.6642217864488928,0.7888003217367402,5,19,0.044898532047313235,0.24186260363968812,40,140,COMPLETE
1323,1323,0.5555555555555556,2023-08-15 22:43:37.448277,2023-08-15 22:43:43.270092,0 days 00:00:05.821815,0.3798584662065906,0.3338406777825232,4,20,0.03711411982853165,0.17570396140429242,50,180,COMPLETE
1324,1324,0.7111111111111111,2023-08-15 22:43:43.270897,2023-08-15 22:43:58.406222,0 days 00:00:15.135325,0.3474310094039859,0.7044529082032606,5,19,0.02630222683732243,0.27253101145871106,40,138,COMPLETE
1325,1325,0.7333333333333333,2023-08-15 22:43:58.407346,2023-08-15 22:44:12.863789,0 days 00:00:14.456443,0.2468046093236136,0.7223893162259688,5,20,0.042663676880412525,0.1874115476488696,60,129,COMPLETE
1326,1326,0.7333333333333333,2023-08-15 22:44:12.864769,2023-08-15 22:44:15.365132,0 days 00:00:02.500363,0.6893097704972809,0.3275222103022076,5,12,0.07692757372891725,0.15020373394665684,40,134,COMPLETE
1327,1327,0.7333333333333333,2023-08-15 22:44:15.365916,2023-08-15 22:44:25.305630,0 days 00:00:09.939714,0.5609610848043576,0.4093767214433546,5,19,0.06730411163515107,0.27713450168266185,50,173,COMPLETE
1328,1328,0.6666666666666666,2023-08-15 22:44:25.306598,2023-08-15 22:44:35.392771,0 days 00:00:10.086173,0.47429715049988613,0.6804960981564743,4,20,0.06139143026822263,0.179839754721878,40,131,COMPLETE
1329,1329,0.7333333333333333,2023-08-15 22:44:35.393580,2023-08-15 22:44:51.677013,0 days 00:00:16.283433,0.5365417926636754,0.7996534970533266,5,18,0.04045937451313695,0.16019852207828753,40,137,COMPLETE
1330,1330,0.7777777777777778,2023-08-15 22:44:51.677733,2023-08-15 22:45:06.055810,0 days 00:00:14.378077,0.7052559753867181,0.630022001658101,5,19,0.05791254313931454,0.32867901044659353,50,169,COMPLETE
1331,1331,0.6888888888888889,2023-08-15 22:45:06.056652,2023-08-15 22:45:14.244726,0 days 00:00:08.188074,0.7492587431411555,0.7691331230828814,3,20,0.08345837969238035,0.169728551575042,40,132,COMPLETE
1332,1332,0.7111111111111111,2023-08-15 22:45:14.245556,2023-08-15 22:45:27.524401,0 days 00:00:13.278845,0.1233452064747993,0.7551507596182425,5,19,0.03892888153770676,0.26005595018814315,60,149,COMPLETE
1333,1333,0.7333333333333333,2023-08-15 22:45:27.525502,2023-08-15 22:45:40.500017,0 days 00:00:12.974515,0.5189228003752392,0.739228040692331,5,20,0.034243352390780836,0.23636698918834317,40,135,COMPLETE
1334,1334,0.7555555555555555,2023-08-15 22:45:40.500978,2023-08-15 22:45:51.226077,0 days 00:00:10.725099,0.45499791732791317,0.6545197982156861,4,19,0.08911496616503507,0.2539621475422499,50,141,COMPLETE
1335,1335,0.6888888888888889,2023-08-15 22:45:51.226796,2023-08-15 22:46:05.246907,0 days 00:00:14.020111,0.3325137702616313,0.7828334858255027,5,20,0.09429280599643222,0.20521837837430928,40,136,COMPLETE
1336,1336,0.8,2023-08-15 22:46:05.247634,2023-08-15 22:46:14.511606,0 days 00:00:09.263972,0.7362821189485219,0.6246667051375601,5,18,0.0633953433674319,0.23898356433207307,40,128,COMPLETE
1337,1337,0.7111111111111111,2023-08-15 22:46:14.512412,2023-08-15 22:46:30.937329,0 days 00:00:16.424917,0.7207307470899327,0.7123150525956105,5,19,0.04208537286092193,0.2946725235495133,50,179,COMPLETE
1338,1338,0.7555555555555555,2023-08-15 22:46:30.938251,2023-08-15 22:46:36.641916,0 days 00:00:05.703665,0.6381870606177981,0.200054782896181,5,19,0.05556643090855069,0.2677522302153239,40,139,COMPLETE
1339,1339,0.7777777777777778,2023-08-15 22:46:36.642729,2023-08-15 22:46:41.549749,0 days 00:00:04.907020,0.10388885507593504,0.4688562542018654,5,20,0.060055756667906364,0.15587626332641752,60,134,COMPLETE
1340,1340,0.6222222222222222,2023-08-15 22:46:41.550484,2023-08-15 22:46:52.581932,0 days 00:00:11.031448,0.6758451173226299,0.760381576582847,4,19,0.05153760538508888,0.2153789819758813,40,132,COMPLETE
1341,1341,0.7777777777777778,2023-08-15 22:46:52.582754,2023-08-15 22:47:13.931910,0 days 00:00:21.349156,0.4106655563834431,0.7266226502126738,5,20,0.043973119934381466,0.27999310585976617,50,130,COMPLETE
1342,1342,0.7333333333333333,2023-08-15 22:47:13.933132,2023-08-15 22:47:27.968509,0 days 00:00:14.035377,0.7743277528322672,0.6446444279194854,5,18,0.031823941659255194,0.1918765181725161,40,133,COMPLETE
1343,1343,0.7333333333333333,2023-08-15 22:47:27.969347,2023-08-15 22:47:49.250977,0 days 00:00:21.281630,0.4372713512489221,0.7435994520805185,5,19,0.0375357158121441,0.3441265267019186,40,147,COMPLETE
1344,1344,0.6444444444444445,2023-08-15 22:47:49.251826,2023-08-15 22:47:52.772259,0 days 00:00:03.520433,0.3087023680208585,0.22120046317562447,5,20,0.054290553623321,0.16241755771926025,50,131,COMPLETE
1345,1345,0.7333333333333333,2023-08-15 22:47:52.773060,2023-08-15 22:48:01.459817,0 days 00:00:08.686757,0.6526464550171629,0.6917913165115844,4,19,0.04597044959772321,0.1963182539541056,40,127,COMPLETE
1346,1346,0.6666666666666666,2023-08-15 22:48:01.460544,2023-08-15 22:48:09.955051,0 days 00:00:08.494507,0.602676558190402,0.5072711776956037,5,20,0.07319689259111851,0.18516093645115814,60,134,COMPLETE
1347,1347,0.7111111111111111,2023-08-15 22:48:09.955875,2023-08-15 22:48:25.053487,0 days 00:00:15.097612,0.2043194878358619,0.6047663994488377,5,19,0.03592513816893465,0.2631282938645254,40,144,COMPLETE
1348,1348,0.6888888888888889,2023-08-15 22:48:25.054213,2023-08-15 22:48:45.332203,0 days 00:00:20.277990,0.5052315929847444,0.772571110773353,5,20,0.06896332116689861,0.28501727547579836,50,152,COMPLETE
1349,1349,0.6666666666666666,2023-08-15 22:48:45.333044,2023-08-15 22:48:58.954412,0 days 00:00:13.621368,0.27937921281253825,0.734465822609008,5,19,0.04029061127520936,0.2743574819309204,40,129,COMPLETE
