,number,value,datetime_start,datetime_complete,duration,params_cross_ind_prob,params_cross_prob,params_cv,params_max_features,params_muta_ind_prob,params_muta_prob,params_n_gens,params_n_population,state
1076,1076,0.7333333333333333,2023-08-15 21:53:58.973741,2023-08-15 21:54:05.824636,0 days 00:00:06.850895,0.4839419308409911,0.6577798197631182,5,20,0.09944595396823817,0.17975260343586688,50,137,COMPLETE
1077,1077,0.6888888888888889,2023-08-15 21:54:05.825290,2023-08-15 21:54:20.724259,0 days 00:00:14.898969,0.7038228983151935,0.770400638442561,5,19,0.03924891930527929,0.1628664615783443,40,144,COMPLETE
1078,1078,0.8,2023-08-15 21:54:20.725357,2023-08-15 21:54:40.369374,0 days 00:00:19.644017,0.6376063554909583,0.7289045147735553,4,20,0.04696566962486209,0.26906144182655267,60,169,COMPLETE
1079,1079,0.7111111111111111,2023-08-15 21:54:40.370365,2023-08-15 21:54:47.191619,0 days 00:00:06.821254,0.3867434833876455,0.6995957676329904,5,12,0.0443758787179917,0.17447010258168844,40,130,COMPLETE
1080,1080,0.7333333333333333,2023-08-15 21:54:47.192296,2023-08-15 21:54:57.170313,0 days 00:00:09.978017,0.7408483309657591,0.7567866520169865,5,18,0.05727686611595523,0.2899172088372525,50,135,COMPLETE
1081,1081,0.7555555555555555,2023-08-15 21:54:57.170999,2023-08-15 21:55:10.805543,0 days 00:00:13.634544,0.6682951962131154,0.6166409542737763,5,19,0.03477128387348079,0.2644713306093028,40,131,COMPLETE
1082,1082,0.8,2023-08-15 21:55:10.806204,2023-08-15 21:55:23.229086,0 days 00:00:12.422882,0.5055123205367652,0.6324202153506105,5,20,0.0640514504269958,0.2756860984392654,40,134,COMPLETE
1083,1083,0.7555555555555555,2023-08-15 21:55:23.229854,2023-08-15 21:55:35.955474,0 days 00:00:12.725620,0.42329990646547555,0.469865766834253,5,19,0.04071338891067312,0.1838746763185542,50,132,COMPLETE
1084,1084,0.6444444444444445,2023-08-15 21:55:35.956135,2023-08-15 21:55:39.547716,0 days 00:00:03.591581,0.22003114391045114,0.4200338098176052,4,20,0.03628192300793872,0.2597385341147667,60,141,COMPLETE
1085,1085,0.7111111111111111,2023-08-15 21:55:39.548447,2023-08-15 21:55:49.789636,0 days 00:00:10.241189,0.5764033095692329,0.35711586528545264,5,19,0.04318256216389524,0.2122793710950693,40,139,COMPLETE
1086,1086,0.7777777777777778,2023-08-15 21:55:49.790322,2023-08-15 21:55:56.268414,0 days 00:00:06.478092,0.4645863133267706,0.6447752408900169,5,20,0.09600091548526353,0.1675928458170824,40,136,COMPLETE
1087,1087,0.8222222222222222,2023-08-15 21:55:56.269158,2023-08-15 21:56:10.045229,0 days 00:00:13.776071,0.6914590026707065,0.7994816758830585,5,19,0.06596809460523996,0.2484485940798412,50,129,COMPLETE
1088,1088,0.6666666666666666,2023-08-15 21:56:10.045888,2023-08-15 21:56:32.082204,0 days 00:00:22.036316,0.6140748112508767,0.7377348390816925,5,20,0.03929848711866737,0.34641312510351974,40,146,COMPLETE
1089,1089,0.8,2023-08-15 21:56:32.082967,2023-08-15 21:56:40.831908,0 days 00:00:08.748941,0.3647171296719508,0.7761724513902412,5,19,0.07730368003581917,0.19453688372030406,40,124,COMPLETE
1090,1090,0.6888888888888889,2023-08-15 21:56:40.832561,2023-08-15 21:56:44.760442,0 days 00:00:03.927881,0.402036554870149,0.2503965011983699,4,18,0.06890808840987317,0.2788127204321235,50,133,COMPLETE
1091,1091,0.7555555555555555,2023-08-15 21:56:44.761189,2023-08-15 21:57:01.407778,0 days 00:00:16.646589,0.6781809240736691,0.7202094738239637,5,19,0.03822433822595442,0.20462502723264286,60,135,COMPLETE
1092,1092,0.7333333333333333,2023-08-15 21:57:01.408433,2023-08-15 21:57:19.310442,0 days 00:00:17.902009,0.5280668928181982,0.5901736662291769,5,20,0.04203474512796017,0.29316661906534225,40,149,COMPLETE
1093,1093,0.6888888888888889,2023-08-15 21:57:19.311117,2023-08-15 21:57:36.498540,0 days 00:00:17.187423,0.4910149040566154,0.6785420119337292,5,20,0.036006418352395646,0.1543874054779418,40,131,COMPLETE
1094,1094,0.8,2023-08-15 21:57:36.499319,2023-08-15 21:57:45.188033,0 days 00:00:08.688714,0.7247048723031708,0.24051231104434306,5,18,0.06200153443593273,0.2520528048519262,50,132,COMPLETE
1095,1095,0.7555555555555555,2023-08-15 21:57:45.188736,2023-08-15 21:58:01.222449,0 days 00:00:16.033713,0.7048309725711229,0.7598790783433235,5,19,0.07154333228839861,0.31334289978262664,40,143,COMPLETE
1096,1096,0.6222222222222222,2023-08-15 21:58:01.223134,2023-08-15 21:58:04.870526,0 days 00:00:03.647392,0.6471926743444558,0.2086283387587855,4,19,0.05402411300297946,0.21985803632095496,40,140,COMPLETE
1097,1097,0.8444444444444444,2023-08-15 21:58:04.871280,2023-08-15 21:58:17.305008,0 days 00:00:12.433728,0.4541214677342511,0.6055825519811127,5,20,0.06003414351521617,0.19098563494796855,50,136,COMPLETE
1098,1098,0.7555555555555555,2023-08-15 21:58:17.305653,2023-08-15 21:58:32.697604,0 days 00:00:15.391951,0.3814561194232655,0.7897658467215637,5,19,0.040307547947684076,0.15939718671342384,60,130,COMPLETE
1099,1099,0.7333333333333333,2023-08-15 21:58:32.698705,2023-08-15 21:58:36.288940,0 days 00:00:03.590235,0.3306352180409701,0.26822961326626554,5,20,0.09832492472548639,0.26746102556542384,40,134,COMPLETE
1100,1100,0.7608695652173914,2023-08-15 21:58:36.289671,2023-08-15 21:58:42.147408,0 days 00:00:05.857737,0.5649686380307583,0.49649654024684786,5,19,0.08500499038479271,0.2713090623242844,40,128,COMPLETE
1101,1101,0.7391304347826086,2023-08-15 21:58:42.148152,2023-08-15 21:58:54.881193,0 days 00:00:12.733041,0.4796940603024554,0.7081869935756713,4,19,0.051734086666699416,0.29834642350260254,50,138,COMPLETE
1102,1102,0.8260869565217391,2023-08-15 21:58:54.882287,2023-08-15 21:59:12.116167,0 days 00:00:17.233880,0.6652686840556212,0.7488592031300844,5,20,0.03746190726935266,0.200192776210572,40,133,COMPLETE
1103,1103,0.782608695652174,2023-08-15 21:59:12.117345,2023-08-15 21:59:22.612870,0 days 00:00:10.495525,0.6335369947461467,0.734713890552769,5,20,0.039212862893393596,0.16463652753739763,40,131,COMPLETE
1104,1104,0.8913043478260869,2023-08-15 21:59:22.613626,2023-08-15 21:59:45.833146,0 days 00:00:23.219520,0.5189137140737385,0.7781000802812189,5,18,0.03418709288656519,0.3091062904338055,60,147,COMPLETE
1105,1105,0.7391304347826086,2023-08-15 21:59:45.833951,2023-08-15 21:59:56.393268,0 days 00:00:10.559317,0.7781392592026848,0.7635790403396486,5,19,0.05739648291649781,0.2624663912693032,50,137,COMPLETE
1106,1106,0.782608695652174,2023-08-15 21:59:56.393921,2023-08-15 22:00:01.391036,0 days 00:00:04.997115,0.4342513919045567,0.45410921043450436,5,19,0.07536755227587627,0.17368127108010215,40,135,COMPLETE
1107,1107,0.7391304347826086,2023-08-15 22:00:01.391690,2023-08-15 22:00:10.317587,0 days 00:00:08.925897,0.7549290111182079,0.6694011030316125,4,20,0.06327329295192588,0.2820919979843519,40,132,COMPLETE
1108,1108,0.8478260869565217,2023-08-15 22:00:10.318355,2023-08-15 22:00:29.754539,0 days 00:00:19.436184,0.5457621157961816,0.724673507802778,5,20,0.08715086014772246,0.2401424349806979,50,134,COMPLETE
1109,1109,0.7608695652173914,2023-08-15 22:00:29.755310,2023-08-15 22:00:44.779112,0 days 00:00:15.023802,0.5970844268418747,0.6882005253969626,5,19,0.0435908001328101,0.17095063865365936,40,141,COMPLETE
1110,1110,0.8043478260869565,2023-08-15 22:00:44.779876,2023-08-15 22:00:58.424647,0 days 00:00:13.644771,0.6881921068561445,0.5646390312511964,5,20,0.04194900114697972,0.27448149288715756,60,129,COMPLETE
1111,1111,0.782608695652174,2023-08-15 22:00:58.425708,2023-08-15 22:01:16.801817,0 days 00:00:18.376109,0.4124988932912571,0.6238473096259052,5,18,0.04657208775189005,0.15377314701646488,40,176,COMPLETE
1112,1112,0.8260869565217391,2023-08-15 22:01:16.802532,2023-08-15 22:01:24.450188,0 days 00:00:07.647656,0.621623447795712,0.7468135583186424,5,12,0.06507708275990859,0.17845073005428275,50,130,COMPLETE
1113,1113,0.6304347826086957,2023-08-15 22:01:24.450841,2023-08-15 22:01:27.710684,0 days 00:00:03.259843,0.512382624625641,0.3442880019314746,5,13,0.0927820545846601,0.1854734728780844,40,133,COMPLETE
1114,1114,0.6956521739130435,2023-08-15 22:01:27.711359,2023-08-15 22:01:36.847296,0 days 00:00:09.135937,0.7343858767652343,0.6571327743869467,3,19,0.05000428053656658,0.21008125365561275,40,148,COMPLETE
1115,1115,0.8043478260869565,2023-08-15 22:01:36.848047,2023-08-15 22:01:42.837227,0 days 00:00:05.989180,0.7120091194366416,0.4115127847571738,4,19,0.03781854929917184,0.24697365568979573,50,150,COMPLETE
1116,1116,0.782608695652174,2023-08-15 22:01:42.837978,2023-08-15 22:01:57.978957,0 days 00:00:15.140979,0.349975814036444,0.7672050111787201,5,20,0.04080413329465955,0.1612606846176642,40,136,COMPLETE
1117,1117,0.782608695652174,2023-08-15 22:01:57.979650,2023-08-15 22:02:09.587456,0 days 00:00:11.607806,0.4983553344207745,0.6442155319018948,5,19,0.05575498313179033,0.2572317147913841,60,132,COMPLETE
1118,1118,0.7608695652173914,2023-08-15 22:02:09.588215,2023-08-15 22:02:31.046134,0 days 00:00:21.457919,0.6527264650291181,0.7879496179368282,5,20,0.03250965337397132,0.21774054369028803,40,144,COMPLETE
1119,1119,0.6956521739130435,2023-08-15 22:02:31.046815,2023-08-15 22:02:41.954736,0 days 00:00:10.907921,0.10363221523927002,0.7387819943152434,5,20,0.03499781185116396,0.26691426882490027,50,138,COMPLETE
1120,1120,0.7608695652173914,2023-08-15 22:02:41.955637,2023-08-15 22:02:54.985859,0 days 00:00:13.030222,0.3736932577656908,0.7150244806661914,5,19,0.06141080324914784,0.30295914613242464,40,127,COMPLETE
1121,1121,0.8043478260869565,2023-08-15 22:02:54.986603,2023-08-15 22:03:00.948211,0 days 00:00:05.961608,0.6730888413592087,0.3911489626802237,4,19,0.0677818184343599,0.2333317864855635,40,134,COMPLETE
1122,1122,0.782608695652174,2023-08-15 22:03:00.948937,2023-08-15 22:03:10.601473,0 days 00:00:09.652536,0.791994724310141,0.752073705869135,5,18,0.05846448587906611,0.2873351225634714,50,139,COMPLETE
1123,1123,0.8478260869565217,2023-08-15 22:03:10.602242,2023-08-15 22:03:27.593153,0 days 00:00:16.990911,0.24051881771610212,0.6077228187936697,5,20,0.04548294913093453,0.22624653249728116,40,174,COMPLETE
1124,1124,0.6956521739130435,2023-08-15 22:03:27.594355,2023-08-15 22:03:41.069415,0 days 00:00:13.475060,0.4001958459332459,0.7021239444202971,5,19,0.07080427139425327,0.3389307218975034,60,131,COMPLETE
1125,1125,0.8043478260869565,2023-08-15 22:03:41.070175,2023-08-15 22:04:04.083862,0 days 00:00:23.013687,0.47195686985739677,0.7803486176097015,5,19,0.036793688841887384,0.15022192674635626,50,145,COMPLETE
1126,1126,0.8043478260869565,2023-08-15 22:04:04.084673,2023-08-15 22:04:08.560999,0 days 00:00:04.476326,0.2520306203994108,0.6311274060356158,5,8,0.03951099800760533,0.2606407069173161,40,135,COMPLETE
1127,1127,0.7608695652173914,2023-08-15 22:04:08.561671,2023-08-15 22:04:19.079978,0 days 00:00:10.518307,0.699326835691884,0.7310535000069933,4,20,0.0431957600992893,0.19581209288176593,40,142,COMPLETE
1128,1128,0.6956521739130435,2023-08-15 22:04:19.080902,2023-08-15 22:04:30.247590,0 days 00:00:11.166688,0.19835963342968704,0.7625734016105642,5,19,0.050960059985156736,0.1809086670299977,50,140,COMPLETE
1129,1129,0.782608695652174,2023-08-15 22:04:30.248261,2023-08-15 22:04:46.908042,0 days 00:00:16.659781,0.6836910757296659,0.7997100195879914,5,18,0.07288380076283468,0.3499108391661329,40,137,COMPLETE
1130,1130,0.782608695652174,2023-08-15 22:04:46.908817,2023-08-15 22:05:01.374724,0 days 00:00:14.465907,0.3026804270820243,0.7504455965290993,5,20,0.041314575697980575,0.27151715842978735,40,120,COMPLETE
1131,1131,0.8043478260869565,2023-08-15 22:05:01.375820,2023-08-15 22:05:13.772262,0 days 00:00:12.396442,0.27449548501682497,0.5467398984156872,5,20,0.059355755030728055,0.33696913405048523,60,130,COMPLETE
1132,1132,0.8260869565217391,2023-08-15 22:05:13.773024,2023-08-15 22:05:29.578298,0 days 00:00:15.805274,0.4457403647970041,0.7257731518802937,5,19,0.06978908781605765,0.15781415940318644,50,128,COMPLETE
1133,1133,0.7608695652173914,2023-08-15 22:05:29.578982,2023-08-15 22:05:35.410523,0 days 00:00:05.831541,0.5881608866130213,0.43539614346699385,4,18,0.044626881377742865,0.16610832208335052,40,133,COMPLETE
1134,1134,0.782608695652174,2023-08-15 22:05:35.411286,2023-08-15 22:05:51.159112,0 days 00:00:15.747826,0.2325533511402341,0.7708886974902653,5,20,0.03926071097855308,0.20508801059440507,40,132,COMPLETE
1135,1135,0.8260869565217391,2023-08-15 22:05:51.159751,2023-08-15 22:06:05.193926,0 days 00:00:14.034175,0.41831272954456633,0.6176703260836359,5,19,0.05454149327830672,0.31008131625722385,50,129,COMPLETE
1136,1136,0.7391304347826086,2023-08-15 22:06:05.194828,2023-08-15 22:06:09.022420,0 days 00:00:03.827592,0.36212660586814993,0.32606558177166367,3,20,0.04812843699268054,0.27823182608782593,40,135,COMPLETE
1137,1137,0.7608695652173914,2023-08-15 22:06:09.023174,2023-08-15 22:06:14.859318,0 days 00:00:05.836144,0.5337897066684427,0.4039431647763903,5,19,0.037549380453768245,0.17006445367347048,40,131,COMPLETE
1138,1138,0.782608695652174,2023-08-15 22:06:14.860072,2023-08-15 22:06:23.733943,0 days 00:00:08.873871,0.10298891169972874,0.6941831338871837,5,20,0.0831731894253878,0.18738420347804502,60,177,COMPLETE
1139,1139,0.7391304347826086,2023-08-15 22:06:23.734690,2023-08-15 22:06:40.490043,0 days 00:00:16.755353,0.6603213061541019,0.5861903555179241,5,19,0.0334913325131553,0.3473327626567836,50,134,COMPLETE
1140,1140,0.8260869565217391,2023-08-15 22:06:40.490802,2023-08-15 22:06:57.551442,0 days 00:00:17.060640,0.4913718080082816,0.6645569145290863,5,19,0.035858678075903413,0.32070072630780155,40,136,COMPLETE
1141,1141,0.8260869565217391,2023-08-15 22:06:57.552512,2023-08-15 22:07:05.592366,0 days 00:00:08.039854,0.38965738298854563,0.572453597400204,5,18,0.0630851293284273,0.21372503521526917,40,133,COMPLETE
1142,1142,0.8043478260869565,2023-08-15 22:07:05.593064,2023-08-15 22:07:14.044071,0 days 00:00:08.451007,0.3352720074028024,0.5112403303734437,4,20,0.04026734338612551,0.2639790789184144,50,130,COMPLETE
1143,1143,0.6956521739130435,2023-08-15 22:07:14.044823,2023-08-15 22:07:17.329978,0 days 00:00:03.285155,0.13240509136728706,0.29111788252797277,5,19,0.05696105008454134,0.19148544781872215,40,139,COMPLETE
1144,1144,0.8260869565217391,2023-08-15 22:07:17.330741,2023-08-15 22:07:33.214151,0 days 00:00:15.883410,0.7136235865460286,0.7401012863129177,5,20,0.053237951267866915,0.20118995932358644,60,132,COMPLETE
1145,1145,0.7391304347826086,2023-08-15 22:07:33.215064,2023-08-15 22:07:42.682460,0 days 00:00:09.467396,0.15158585459528945,0.6413397182583029,5,19,0.06588307285483189,0.2705080967364999,40,147,COMPLETE
1146,1146,0.717391304347826,2023-08-15 22:07:42.683367,2023-08-15 22:07:49.005080,0 days 00:00:06.321713,0.4550582200320781,0.37765127412964616,4,20,0.0422702034927589,0.15728982562668536,50,138,COMPLETE
1147,1147,0.7608695652173914,2023-08-15 22:07:49.005848,2023-08-15 22:07:57.285170,0 days 00:00:08.279322,0.6422152351749909,0.474023436103192,5,20,0.07999102338219369,0.25559732585881245,40,176,COMPLETE
1148,1148,0.717391304347826,2023-08-15 22:07:57.285945,2023-08-15 22:08:03.087952,0 days 00:00:05.802007,0.6728720836570189,0.22529660220549685,5,19,0.038349293467640745,0.1626646216690984,40,178,COMPLETE
1149,1149,0.782608695652174,2023-08-15 22:08:03.088731,2023-08-15 22:08:06.161615,0 days 00:00:03.072884,0.4314664162487288,0.20727129608898315,5,19,0.07720777116379171,0.2666316587405103,50,131,COMPLETE
1150,1150,0.6888888888888889,2023-08-15 22:08:06.162296,2023-08-15 22:08:18.214520,0 days 00:00:12.052224,0.16269633632418223,0.7874175559884424,5,19,0.06485080465087971,0.15387208980743722,40,134,COMPLETE
1151,1151,0.6222222222222222,2023-08-15 22:08:18.215320,2023-08-15 22:08:22.518941,0 days 00:00:04.303621,0.6980617000509907,0.4513840107655112,4,18,0.07913892369479114,0.2522731297899885,60,129,COMPLETE
1152,1152,0.6888888888888889,2023-08-15 22:08:22.519704,2023-08-15 22:08:32.851055,0 days 00:00:10.331351,0.5558799198944195,0.540226047695855,5,20,0.04059732596696265,0.2749055569101268,40,137,COMPLETE
1153,1153,0.6666666666666666,2023-08-15 22:08:32.851943,2023-08-15 22:08:49.865731,0 days 00:00:17.013788,0.6068036340577306,0.679493011090792,5,20,0.03568648722710548,0.17472704415542747,50,143,COMPLETE
1154,1154,0.7111111111111111,2023-08-15 22:08:49.866911,2023-08-15 22:08:56.484239,0 days 00:00:06.617328,0.47672877932390595,0.7079482460476678,5,19,0.08582910712620875,0.26156694083222587,40,127,COMPLETE
1155,1155,0.6,2023-08-15 22:08:56.485001,2023-08-15 22:09:04.596700,0 days 00:00:08.111699,0.5115132304209752,0.49041947464741387,5,19,0.06716945236701458,0.2807763923465645,40,141,COMPLETE
1156,1156,0.6666666666666666,2023-08-15 22:09:04.597439,2023-08-15 22:09:11.996594,0 days 00:00:07.399155,0.722846745372951,0.7578070584974795,5,18,0.08828833992322957,0.19702737229529732,50,135,COMPLETE
1157,1157,0.7555555555555555,2023-08-15 22:09:11.997264,2023-08-15 22:09:29.911120,0 days 00:00:17.913856,0.3959013830341994,0.7749520935678458,5,20,0.05555602797710603,0.2697388083727901,40,133,COMPLETE
1158,1158,0.6888888888888889,2023-08-15 22:09:29.912065,2023-08-15 22:09:41.368944,0 days 00:00:11.456879,0.6286428229018204,0.7211041598467983,5,19,0.06033186726865759,0.2297905140293546,60,131,COMPLETE
1159,1159,0.7111111111111111,2023-08-15 22:09:41.369709,2023-08-15 22:09:51.611221,0 days 00:00:10.241512,0.6596244252155509,0.73997252096909,4,20,0.09124532256582725,0.3321650204254629,40,136,COMPLETE
1160,1160,0.5777777777777777,2023-08-15 22:09:51.611990,2023-08-15 22:10:01.188897,0 days 00:00:09.576907,0.5011361173086957,0.5953382306346438,5,19,0.0614276776332997,0.20872737586358295,50,132,COMPLETE
1161,1161,0.6888888888888889,2023-08-15 22:10:01.189602,2023-08-15 22:10:18.158441,0 days 00:00:16.968839,0.37699638280433445,0.75019610575261,5,20,0.044393718878917424,0.15979151700782565,40,139,COMPLETE
1162,1162,0.6888888888888889,2023-08-15 22:10:18.159218,2023-08-15 22:10:25.954556,0 days 00:00:07.795338,0.32001961420035363,0.6336768423109999,5,12,0.09495572803799945,0.18160270609998774,40,130,COMPLETE
1163,1163,0.6666666666666666,2023-08-15 22:10:25.955235,2023-08-15 22:10:46.901287,0 days 00:00:20.946052,0.799539266820729,0.732319001095768,5,19,0.058430473016946025,0.3332327352006502,50,149,COMPLETE
1164,1164,0.7555555555555555,2023-08-15 22:10:46.902090,2023-08-15 22:11:02.386151,0 days 00:00:15.484061,0.6772979640370509,0.7680656635951929,5,19,0.038185259346544285,0.224761517291931,40,134,COMPLETE
1165,1165,0.7111111111111111,2023-08-15 22:11:02.387084,2023-08-15 22:11:12.861030,0 days 00:00:10.473946,0.41816651548393285,0.6530766476785435,4,20,0.04679886961322473,0.16669645174174727,60,128,COMPLETE
1166,1166,0.6666666666666666,2023-08-15 22:11:12.861796,2023-08-15 22:11:30.833619,0 days 00:00:17.971823,0.7798584452949621,0.7117006073556857,5,20,0.03420450433319226,0.2586920782298128,40,145,COMPLETE
1167,1167,0.7333333333333333,2023-08-15 22:11:30.834482,2023-08-15 22:11:51.582055,0 days 00:00:20.747573,0.46079056878040525,0.7904034847302511,5,19,0.041950549504553236,0.2494265205575376,50,133,COMPLETE
1168,1168,0.7555555555555555,2023-08-15 22:11:51.582840,2023-08-15 22:12:00.790865,0 days 00:00:09.208025,0.3535428633367306,0.6114573047806278,5,20,0.049196123351719155,0.15359989291531537,40,126,COMPLETE
1169,1169,0.7333333333333333,2023-08-15 22:12:00.791792,2023-08-15 22:12:30.285113,0 days 00:00:29.493321,0.5378810728077192,0.7591341449125518,5,19,0.03648025419267906,0.29171166592648495,40,178,COMPLETE
1170,1170,0.6888888888888889,2023-08-15 22:12:30.285904,2023-08-15 22:12:43.029952,0 days 00:00:12.744048,0.21102534019623592,0.6926976718112862,5,18,0.03939857323984249,0.1763654668607079,50,136,COMPLETE
1171,1171,0.7333333333333333,2023-08-15 22:12:43.030624,2023-08-15 22:13:02.902656,0 days 00:00:19.872032,0.7369383158065728,0.7768505670966883,4,20,0.03211160680823079,0.26534071651423674,60,132,COMPLETE
1172,1172,0.6666666666666666,2023-08-15 22:13:02.903687,2023-08-15 22:13:06.981828,0 days 00:00:04.078141,0.7669552453229682,0.26117676747109697,5,19,0.06920408009357372,0.28479555140255053,40,131,COMPLETE
1173,1173,0.6,2023-08-15 22:13:06.982591,2023-08-15 22:13:16.897594,0 days 00:00:09.915003,0.6852806699421033,0.6719790077048081,5,20,0.07502259028513154,0.24204099366831677,40,140,COMPLETE
1174,1174,0.6888888888888889,2023-08-15 22:13:16.898285,2023-08-15 22:13:26.357488,0 days 00:00:09.459203,0.4401939530732236,0.723893905165091,5,18,0.09997832224008563,0.18916083955315394,50,129,COMPLETE
1175,1175,0.7777777777777778,2023-08-15 22:13:26.358277,2023-08-15 22:13:35.408317,0 days 00:00:09.050040,0.5751849525442199,0.517898647563885,5,19,0.04069224061031086,0.1714165121638304,40,137,COMPLETE
1176,1176,0.6444444444444445,2023-08-15 22:13:35.409434,2023-08-15 22:13:45.479790,0 days 00:00:10.070356,0.6932254400262109,0.6245640838587334,4,13,0.07842878725890534,0.2012961988722929,40,175,COMPLETE
1177,1177,0.6666666666666666,2023-08-15 22:13:45.480478,2023-08-15 22:14:05.123473,0 days 00:00:19.642995,0.4821756275142934,0.7451993242224283,5,19,0.051723215530418525,0.2758792488816588,50,135,COMPLETE
1178,1178,0.7111111111111111,2023-08-15 22:14:05.124199,2023-08-15 22:14:13.456423,0 days 00:00:08.332224,0.18758752141331791,0.6449566799566981,3,20,0.0630692082409439,0.20572243602771323,60,143,COMPLETE
1179,1179,0.6444444444444445,2023-08-15 22:14:13.457187,2023-08-15 22:14:35.443043,0 days 00:00:21.985856,0.6421623045535391,0.7342767829580918,5,19,0.0434163132078433,0.21856292619129758,40,179,COMPLETE
1180,1180,0.6666666666666666,2023-08-15 22:14:35.443875,2023-08-15 22:14:57.873631,0 days 00:00:22.429756,0.6182799578566358,0.7995251322919326,5,20,0.0375240793669385,0.29671618510654146,40,146,COMPLETE
1181,1181,0.7333333333333333,2023-08-15 22:14:57.874897,2023-08-15 22:15:10.644011,0 days 00:00:12.769114,0.5229041063148003,0.7590487504796131,5,19,0.08181602085134294,0.1937757717976906,50,133,COMPLETE
1182,1182,0.6444444444444445,2023-08-15 22:15:10.644801,2023-08-15 22:15:31.819437,0 days 00:00:21.174636,0.657015066063609,0.7779736334969823,5,20,0.04586753370809624,0.1626944518590336,40,167,COMPLETE
