,number,value,datetime_start,datetime_complete,duration,params_cross_ind_prob,params_cross_prob,params_cv,params_max_features,params_muta_ind_prob,params_muta_prob,params_n_gens,params_n_population,state
540,540,0.6888888888888889,2023-08-15 20:02:12.620214,2023-08-15 20:02:21.852197,0 days 00:00:09.231983,0.15658433360370205,0.7807345236925552,5,19,0.08561929168145947,0.2196532673171802,60,145,COMPLETE
541,541,0.7777777777777778,2023-08-15 20:02:21.852712,2023-08-15 20:02:32.110219,0 days 00:00:10.257507,0.22343091794561323,0.749956338883244,5,17,0.038279446895054754,0.16424721539047338,50,134,COMPLETE
542,542,0.6666666666666666,2023-08-15 20:02:32.110823,2023-08-15 20:02:48.911095,0 days 00:00:16.800272,0.25074809178085855,0.7675337455267631,4,20,0.05779817695765475,0.19708106004334494,50,179,COMPLETE
543,543,0.7777777777777778,2023-08-15 20:02:48.912155,2023-08-15 20:03:06.617205,0 days 00:00:17.705050,0.7465151894617891,0.6424792205232543,5,20,0.05386600696273234,0.15395042880682722,40,180,COMPLETE
544,544,0.7111111111111111,2023-08-15 20:03:06.617802,2023-08-15 20:03:24.315678,0 days 00:00:17.697876,0.5307351167487264,0.5996284446988388,5,19,0.032711526894924035,0.17690921047127667,60,153,COMPLETE
545,545,0.6888888888888889,2023-08-15 20:03:24.316324,2023-08-15 20:03:32.178286,0 days 00:00:07.861962,0.11291490756795958,0.7357043079592291,5,18,0.0653988689605435,0.16768702447837283,50,157,COMPLETE
546,546,0.7111111111111111,2023-08-15 20:03:32.178901,2023-08-15 20:03:45.756527,0 days 00:00:13.577626,0.49875732280718577,0.5857770053133728,5,20,0.029506562477985183,0.1588763086696236,50,142,COMPLETE
547,547,0.7555555555555555,2023-08-15 20:03:45.757428,2023-08-15 20:03:58.249714,0 days 00:00:12.492286,0.6317061970800786,0.5682226430413844,4,20,0.04523624545637614,0.24316526575714087,40,139,COMPLETE
548,548,0.6888888888888889,2023-08-15 20:03:58.250325,2023-08-15 20:04:20.636714,0 days 00:00:22.386389,0.4686938799290471,0.7248161791391036,5,18,0.04098550579029887,0.26287764960702514,60,155,COMPLETE
549,549,0.7777777777777778,2023-08-15 20:04:20.637647,2023-08-15 20:04:38.937792,0 days 00:00:18.300145,0.6099400252992598,0.7852697330127948,5,19,0.0683201872102692,0.18441935776018273,50,166,COMPLETE
550,550,0.782608695652174,2023-08-15 20:04:38.938408,2023-08-15 20:04:56.495726,0 days 00:00:17.557318,0.7097504571339726,0.7998437978334344,4,20,0.060318915888101864,0.26360140972757645,50,178,COMPLETE
551,551,0.6956521739130435,2023-08-15 20:04:56.496351,2023-08-15 20:05:09.867454,0 days 00:00:13.371103,0.41687352958412016,0.5199727465886684,5,19,0.0627026453949989,0.24889092071821572,40,176,COMPLETE
552,552,0.782608695652174,2023-08-15 20:05:09.868067,2023-08-15 20:05:23.867607,0 days 00:00:13.999540,0.5115338528743834,0.7578291539976769,5,20,0.05218751077123279,0.20330887263073252,60,138,COMPLETE
553,553,0.782608695652174,2023-08-15 20:05:23.868222,2023-08-15 20:05:30.402117,0 days 00:00:06.533895,0.3660250176646658,0.24684664008666124,4,18,0.04718544829414948,0.17200378034624614,50,160,COMPLETE
554,554,0.782608695652174,2023-08-15 20:05:30.402664,2023-08-15 20:05:41.292219,0 days 00:00:10.889555,0.4016679353282357,0.658950323929564,5,20,0.07694993282488374,0.20004155562828715,50,140,COMPLETE
555,555,0.782608695652174,2023-08-15 20:05:41.292810,2023-08-15 20:05:53.042405,0 days 00:00:11.749595,0.34360194177559905,0.672246050663429,5,17,0.05707047201501222,0.23471756090704612,40,143,COMPLETE
556,556,0.7608695652173914,2023-08-15 20:05:53.042929,2023-08-15 20:06:11.505628,0 days 00:00:18.462699,0.3814387151763486,0.7430077291258428,5,20,0.07095225073735639,0.21469727585393106,60,135,COMPLETE
557,557,0.7608695652173914,2023-08-15 20:06:11.506597,2023-08-15 20:06:30.191677,0 days 00:00:18.685080,0.4811963288791172,0.775187995184234,4,19,0.04314148606547005,0.25462120539115163,50,151,COMPLETE
558,558,0.717391304347826,2023-08-15 20:06:30.192330,2023-08-15 20:06:42.367253,0 days 00:00:12.174923,0.5886640246217071,0.5427907931261924,5,20,0.0372417456924397,0.15334352873007234,50,148,COMPLETE
559,559,0.7391304347826086,2023-08-15 20:06:42.368158,2023-08-15 20:06:52.858942,0 days 00:00:10.490784,0.44628877019534896,0.4893194775264271,5,19,0.039574443379645594,0.2256243067640006,40,137,COMPLETE
560,560,0.717391304347826,2023-08-15 20:06:52.859700,2023-08-15 20:07:10.007229,0 days 00:00:17.147529,0.5393726830147053,0.6928509453841836,4,20,0.0499151893048538,0.31810545825650516,60,145,COMPLETE
561,561,0.7608695652173914,2023-08-15 20:07:10.007755,2023-08-15 20:07:36.065236,0 days 00:00:26.057481,0.5266663693245971,0.7882528339099988,5,16,0.0312857862848216,0.27069630754926227,50,173,COMPLETE
562,562,0.8260869565217391,2023-08-15 20:07:36.065791,2023-08-15 20:07:43.940535,0 days 00:00:07.874744,0.5561468948185382,0.6315276139765557,5,13,0.05930982418277856,0.19349932208957898,40,158,COMPLETE
563,563,0.6521739130434783,2023-08-15 20:07:43.941064,2023-08-15 20:07:50.782385,0 days 00:00:06.841321,0.6712063367645841,0.7159185624781024,4,10,0.053802273947580234,0.3376863784941455,50,141,COMPLETE
564,564,0.7608695652173914,2023-08-15 20:07:50.782905,2023-08-15 20:08:05.212172,0 days 00:00:14.429267,0.6510449619908922,0.6112035954400287,5,18,0.05621271554086543,0.20790892448555653,60,177,COMPLETE
565,565,0.782608695652174,2023-08-15 20:08:05.212709,2023-08-15 20:08:18.122886,0 days 00:00:12.910177,0.5031972072791359,0.7569602863155357,5,12,0.06153494844469445,0.16143342202152197,50,180,COMPLETE
566,566,0.6521739130434783,2023-08-15 20:08:18.123445,2023-08-15 20:08:24.329447,0 days 00:00:06.206002,0.7384371231734125,0.7700581676597767,5,9,0.06426126639343736,0.1569705742589145,40,154,COMPLETE
567,567,0.7391304347826086,2023-08-15 20:08:24.329970,2023-08-15 20:08:31.203351,0 days 00:00:06.873381,0.43295899035037466,0.6491576362088967,4,15,0.04415433833764889,0.1893796955082078,50,150,COMPLETE
568,568,0.7391304347826086,2023-08-15 20:08:31.203865,2023-08-15 20:08:45.945042,0 days 00:00:14.741177,0.35608641154822906,0.7289039650888307,5,19,0.03512117065665845,0.17540224852675027,60,139,COMPLETE
569,569,0.7391304347826086,2023-08-15 20:08:45.945603,2023-08-15 20:08:55.318673,0 days 00:00:09.373070,0.7612570084150978,0.5111038741053975,5,20,0.06664816026132953,0.16572163269861442,50,153,COMPLETE
570,570,0.8260869565217391,2023-08-15 20:08:55.319269,2023-08-15 20:09:11.569731,0 days 00:00:16.250462,0.4571189842848744,0.7027157037177687,5,20,0.04132238059214312,0.2765333886897627,40,136,COMPLETE
571,571,0.782608695652174,2023-08-15 20:09:11.573386,2023-08-15 20:09:21.525117,0 days 00:00:09.951731,0.5709004769804081,0.744478555595365,4,11,0.047914543568382706,0.15299870521827272,50,179,COMPLETE
572,572,0.7608695652173914,2023-08-15 20:09:21.525651,2023-08-15 20:09:32.700985,0 days 00:00:11.175334,0.5164450933235775,0.41709346169824035,5,19,0.05178033490008881,0.16991970455001432,60,147,COMPLETE
573,573,0.782608695652174,2023-08-15 20:09:32.701508,2023-08-15 20:09:52.848545,0 days 00:00:20.147037,0.4786008384254014,0.7814712814780413,5,20,0.04635645904434785,0.18058587074796992,50,156,COMPLETE
574,574,0.7391304347826086,2023-08-15 20:09:52.849490,2023-08-15 20:10:07.230546,0 days 00:00:14.381056,0.3345168285198273,0.7668389276934818,5,19,0.026220988423262797,0.15731384772199772,40,138,COMPLETE
575,575,0.7608695652173914,2023-08-15 20:10:07.231157,2023-08-15 20:10:16.009622,0 days 00:00:08.778465,0.27050584120147836,0.3947271820837703,4,20,0.038818098350564774,0.15012196844009876,50,144,COMPLETE
576,576,0.7608695652173914,2023-08-15 20:10:16.010382,2023-08-15 20:10:27.808620,0 days 00:00:11.798238,0.37674254177267025,0.7902375827618007,3,17,0.0730786770224255,0.21902822835167618,60,140,COMPLETE
577,577,0.7608695652173914,2023-08-15 20:10:27.809282,2023-08-15 20:10:46.717965,0 days 00:00:18.908683,0.49264408334678556,0.6663774420395805,5,20,0.025303079190618662,0.162891657820594,50,174,COMPLETE
578,578,0.8260869565217391,2023-08-15 20:10:46.718577,2023-08-15 20:10:59.616673,0 days 00:00:12.898096,0.39542642423688773,0.7523729739576733,4,19,0.09020447891130358,0.2493035368604716,40,176,COMPLETE
579,579,0.6739130434782609,2023-08-15 20:10:59.617195,2023-08-15 20:11:09.490459,0 days 00:00:09.873264,0.4249687976120036,0.33235212112777596,5,20,0.05492992108978365,0.27989229676140986,50,161,COMPLETE
580,580,0.717391304347826,2023-08-15 20:11:09.491090,2023-08-15 20:11:15.277647,0 days 00:00:05.786557,0.7764678745192941,0.6846732186721322,5,8,0.058060969205966206,0.2308952227360626,60,142,COMPLETE
581,581,0.8260869565217391,2023-08-15 20:11:15.278184,2023-08-15 20:11:40.633952,0 days 00:00:25.355768,0.4682194147928615,0.736752625833786,5,20,0.0424622718590562,0.18765583457573226,50,178,COMPLETE
582,582,0.6739130434782609,2023-08-15 20:11:40.634496,2023-08-15 20:11:47.924351,0 days 00:00:07.289855,0.41135061243289106,0.4660834374302576,4,18,0.06246930787788054,0.20260224046656325,40,170,COMPLETE
583,583,0.7608695652173914,2023-08-15 20:11:47.924957,2023-08-15 20:12:09.725684,0 days 00:00:21.800727,0.5486866620221629,0.7628188822127537,5,19,0.04529765341496021,0.17360398836743882,50,159,COMPLETE
584,584,0.717391304347826,2023-08-15 20:12:09.726310,2023-08-15 20:12:21.152048,0 days 00:00:11.425738,0.5247626981707008,0.7232917709060551,5,18,0.08223560953967307,0.2163527181604319,60,152,COMPLETE
585,585,0.782608695652174,2023-08-15 20:12:21.152583,2023-08-15 20:12:38.065977,0 days 00:00:16.913394,0.5084740628871864,0.7798818003992459,4,20,0.07510517377903657,0.18385636411902623,50,164,COMPLETE
586,586,0.7391304347826086,2023-08-15 20:12:38.066588,2023-08-15 20:12:44.482842,0 days 00:00:06.416254,0.31071225317442475,0.6202675857938124,5,11,0.03591335196777685,0.17832603836310812,40,137,COMPLETE
587,587,0.7608695652173914,2023-08-15 20:12:44.483375,2023-08-15 20:12:58.479862,0 days 00:00:13.996487,0.360953973428352,0.5913761920001499,5,17,0.03232714978175049,0.2610108116475847,50,157,COMPLETE
588,588,0.8043478260869565,2023-08-15 20:12:58.480638,2023-08-15 20:13:10.156399,0 days 00:00:11.675761,0.7315586236387173,0.6380764014520385,5,19,0.060675327539317855,0.15365253102628154,60,149,COMPLETE
589,589,0.7608695652173914,2023-08-15 20:13:10.156931,2023-08-15 20:13:21.393955,0 days 00:00:11.237024,0.48481720619285956,0.7101261258559138,4,20,0.028128594921060308,0.1500338963419855,50,146,COMPLETE
590,590,0.7608695652173914,2023-08-15 20:13:21.394716,2023-08-15 20:13:31.747910,0 days 00:00:10.353194,0.44068979735709324,0.30033781330209475,5,16,0.03782522076640064,0.19532896824202062,40,178,COMPLETE
591,591,0.8043478260869565,2023-08-15 20:13:31.748476,2023-08-15 20:13:45.521935,0 days 00:00:13.773459,0.5386682344612685,0.7995241192341984,5,20,0.09663820441856771,0.15975634440192668,50,155,COMPLETE
592,592,0.7391304347826086,2023-08-15 20:13:45.522578,2023-08-15 20:13:53.165853,0 days 00:00:07.643275,0.388098184522215,0.7763048003793546,5,14,0.056365133796844415,0.1674166192713882,60,131,COMPLETE
593,593,0.7391304347826086,2023-08-15 20:13:53.166384,2023-08-15 20:14:05.665775,0 days 00:00:12.499391,0.28684408993864335,0.7486115958431889,5,19,0.06899048023628707,0.20904363992862948,50,141,COMPLETE
594,594,0.7608695652173914,2023-08-15 20:14:05.666324,2023-08-15 20:14:17.929280,0 days 00:00:12.262956,0.460474807121552,0.7671219934332373,4,20,0.05918265174696775,0.22295249874016151,40,139,COMPLETE
595,595,0.7608695652173914,2023-08-15 20:14:17.929900,2023-08-15 20:14:31.882376,0 days 00:00:13.952476,0.3722414055628975,0.5720821572081576,4,20,0.03421586513247804,0.30504876102116346,50,154,COMPLETE
596,596,0.7391304347826086,2023-08-15 20:14:31.883282,2023-08-15 20:14:59.791618,0 days 00:00:27.908336,0.5042617572047187,0.7011912946256076,5,19,0.053190892749358815,0.3258145232067015,60,180,COMPLETE
597,597,0.6956521739130435,2023-08-15 20:14:59.792271,2023-08-15 20:15:08.866647,0 days 00:00:09.074376,0.6087156504345773,0.7355731760434396,5,10,0.048720176392067514,0.2377230330024671,50,151,COMPLETE
598,598,0.7391304347826086,2023-08-15 20:15:08.867189,2023-08-15 20:15:17.193085,0 days 00:00:08.325896,0.3212031610868816,0.24502289836110352,5,19,0.029874202644627746,0.15576714311924753,40,157,COMPLETE
599,599,0.8260869565217391,2023-08-15 20:15:17.193692,2023-08-15 20:15:44.882895,0 days 00:00:27.689203,0.30076498117109524,0.7886645766458543,5,20,0.06488783121262238,0.3312850864140651,50,179,COMPLETE
600,600,0.6888888888888889,2023-08-15 20:15:44.883720,2023-08-15 20:15:53.404555,0 days 00:00:08.520835,0.40451889355383225,0.758476784424598,3,18,0.08297186727978799,0.3186395293911263,60,143,COMPLETE
601,601,0.7333333333333333,2023-08-15 20:15:53.405179,2023-08-15 20:16:01.904205,0 days 00:00:08.499026,0.5721728131213415,0.654682218167014,4,15,0.05019252989351302,0.16219424542291153,50,133,COMPLETE
602,602,0.8,2023-08-15 20:16:01.904741,2023-08-15 20:16:11.842710,0 days 00:00:09.937969,0.3450254931292073,0.6798637932189653,5,12,0.04002031590166428,0.21124302792419408,40,159,COMPLETE
603,603,0.7555555555555555,2023-08-15 20:16:11.843242,2023-08-15 20:16:30.049617,0 days 00:00:18.206375,0.5208774457918123,0.7755112122613744,5,20,0.043961686652170755,0.17146818406904338,50,140,COMPLETE
604,604,0.7333333333333333,2023-08-15 20:16:30.050178,2023-08-15 20:16:42.975753,0 days 00:00:12.925575,0.49401688893348694,0.45571827705622603,5,20,0.04193510572538075,0.15773937751448194,60,137,COMPLETE
605,605,0.7777777777777778,2023-08-15 20:16:42.976370,2023-08-15 20:16:56.698292,0 days 00:00:13.721922,0.5875150397795941,0.5084201741541938,4,19,0.0549928405545373,0.2894667272953956,50,177,COMPLETE
606,606,0.6222222222222222,2023-08-15 20:16:56.699174,2023-08-15 20:17:11.541734,0 days 00:00:14.842560,0.47243283601173824,0.7204628343071674,5,18,0.0671629920993213,0.1997479960764951,40,148,COMPLETE
607,607,0.6222222222222222,2023-08-15 20:17:11.542278,2023-08-15 20:17:18.540144,0 days 00:00:06.997866,0.6390450747285499,0.5008015525792474,4,17,0.05222714061740968,0.2407743219265589,50,136,COMPLETE
608,608,0.8,2023-08-15 20:17:18.540678,2023-08-15 20:17:33.180145,0 days 00:00:14.639467,0.5537784879775686,0.7421101830970465,5,20,0.05724163495104851,0.17854937782564767,60,138,COMPLETE
609,609,0.6888888888888889,2023-08-15 20:17:33.180674,2023-08-15 20:17:40.617417,0 days 00:00:07.436743,0.4198249707047266,0.4773064160210143,5,20,0.07199555658220498,0.19088943569758063,50,144,COMPLETE
610,610,0.8222222222222222,2023-08-15 20:17:40.618037,2023-08-15 20:18:01.017645,0 days 00:00:20.399608,0.4506147697642614,0.7996137387128123,4,19,0.036374190873905414,0.22742183180006442,40,150,COMPLETE
611,611,0.7555555555555555,2023-08-15 20:18:01.018285,2023-08-15 20:18:18.460459,0 days 00:00:17.442174,0.5388586989796609,0.6695841684173713,5,20,0.08363011988970329,0.2998190352186896,50,158,COMPLETE
612,612,0.7333333333333333,2023-08-15 20:18:18.461003,2023-08-15 20:18:32.662946,0 days 00:00:14.201943,0.483329829621661,0.6950112583615355,5,19,0.07022210542041114,0.16501516754306036,60,156,COMPLETE
613,613,0.7555555555555555,2023-08-15 20:18:32.663549,2023-08-15 20:18:44.765332,0 days 00:00:12.101783,0.38386375624107827,0.5633652187557788,5,20,0.06265424218758903,0.27435586960012576,50,123,COMPLETE
614,614,0.8444444444444444,2023-08-15 20:18:44.766231,2023-08-15 20:18:56.140463,0 days 00:00:11.374232,0.24909653805123463,0.7572209978324195,5,18,0.07824997796925999,0.15326896452670677,40,152,COMPLETE
615,615,0.7777777777777778,2023-08-15 20:18:56.141005,2023-08-15 20:19:08.968254,0 days 00:00:12.827249,0.4310903796401744,0.7832292931214374,4,19,0.07927437114445501,0.25457559044977757,50,145,COMPLETE
616,616,0.8222222222222222,2023-08-15 20:19:08.968798,2023-08-15 20:19:20.450123,0 days 00:00:11.481325,0.3600315264090355,0.3969672548839574,5,20,0.046959144270995026,0.24610156567453984,60,128,COMPLETE
617,617,0.8,2023-08-15 20:19:20.450895,2023-08-15 20:19:25.704109,0 days 00:00:05.253214,0.7135579373698187,0.6025315830097301,5,11,0.06099014967921024,0.1826937444586729,50,141,COMPLETE
618,618,0.8,2023-08-15 20:19:25.704643,2023-08-15 20:19:51.468927,0 days 00:00:25.764284,0.5084249514418893,0.7287876391590434,5,20,0.04522621025510899,0.20599956743174067,40,179,COMPLETE
619,619,0.8,2023-08-15 20:19:51.469561,2023-08-15 20:20:00.936109,0 days 00:00:09.466548,0.6531815085710307,0.5367627210566651,4,17,0.03944804221252132,0.2338033067949219,50,154,COMPLETE
620,620,0.7555555555555555,2023-08-15 20:20:00.936717,2023-08-15 20:20:10.596672,0 days 00:00:09.659955,0.6292198904955046,0.4395035227128137,5,13,0.033860845984898365,0.1975750214137704,60,175,COMPLETE
621,621,0.6444444444444445,2023-08-15 20:20:10.597214,2023-08-15 20:20:18.956384,0 days 00:00:08.359170,0.5240060119107595,0.6232609345675723,5,19,0.059043739830486434,0.16042239679217046,50,147,COMPLETE
622,622,0.7555555555555555,2023-08-15 20:20:18.956948,2023-08-15 20:20:28.147634,0 days 00:00:09.190686,0.4935655890680412,0.37787538692673295,4,20,0.0424695668336326,0.17403888422099495,40,161,COMPLETE
623,623,0.7555555555555555,2023-08-15 20:20:28.148261,2023-08-15 20:20:37.192326,0 days 00:00:09.044065,0.1448612956507203,0.7684070203371058,5,19,0.051297296528471995,0.18761992229975483,50,140,COMPLETE
624,624,0.6888888888888889,2023-08-15 20:20:37.192941,2023-08-15 20:20:47.850789,0 days 00:00:10.657848,0.3925049908260048,0.5496519936932375,5,20,0.06357067264978424,0.15688236205942477,60,142,COMPLETE
625,625,0.6444444444444445,2023-08-15 20:20:47.851408,2023-08-15 20:21:00.046633,0 days 00:00:12.195225,0.3348613708103758,0.787501323394758,4,18,0.053839991997945924,0.2919311170314496,50,139,COMPLETE
626,626,0.6666666666666666,2023-08-15 20:21:00.047190,2023-08-15 20:21:14.361519,0 days 00:00:14.314329,0.46425435223079703,0.6449105118090731,5,20,0.03713664967668711,0.2952925289100401,40,120,COMPLETE
627,627,0.8,2023-08-15 20:21:14.362510,2023-08-15 20:21:38.827975,0 days 00:00:24.465465,0.5970888106058432,0.7129361677848393,5,16,0.030872790579525793,0.16748883676906565,60,171,COMPLETE
628,628,0.7333333333333333,2023-08-15 20:21:38.828648,2023-08-15 20:21:48.647962,0 days 00:00:09.819314,0.7012332684644612,0.751441247047923,5,19,0.07403627015937085,0.2183451565558663,50,153,COMPLETE
629,629,0.6888888888888889,2023-08-15 20:21:48.648515,2023-08-15 20:21:53.200615,0 days 00:00:04.552100,0.4069550904232376,0.3584429355511281,4,20,0.05600643440962225,0.19396036238653244,50,135,COMPLETE
630,630,0.7333333333333333,2023-08-15 20:21:53.201259,2023-08-15 20:22:15.166246,0 days 00:00:21.964987,0.5617447554290943,0.5805477313288854,5,19,0.040948123507267425,0.287717574083355,40,167,COMPLETE
631,631,0.7777777777777778,2023-08-15 20:22:15.166807,2023-08-15 20:22:28.292971,0 days 00:00:13.126164,0.3739197683004817,0.7417450435787024,5,10,0.04928365610579526,0.3065250806816673,60,178,COMPLETE
632,632,0.7555555555555555,2023-08-15 20:22:28.293525,2023-08-15 20:22:45.711072,0 days 00:00:17.417547,0.6928564722674013,0.7745354779141154,4,20,0.06561765297429606,0.15301987526104718,50,180,COMPLETE
633,633,0.7555555555555555,2023-08-15 20:22:45.711604,2023-08-15 20:22:56.391334,0 days 00:00:10.679730,0.25844386736755987,0.7911447511643643,5,12,0.04456780510768137,0.21435242961789594,50,158,COMPLETE
634,634,0.7111111111111111,2023-08-15 20:22:56.391884,2023-08-15 20:23:02.047077,0 days 00:00:05.655193,0.3492676624941443,0.2831602636216355,5,20,0.0681908353879823,0.263623674125973,40,149,COMPLETE
635,635,0.7333333333333333,2023-08-15 20:23:02.047691,2023-08-15 20:23:14.022782,0 days 00:00:11.975091,0.4789021753013708,0.7635582835171494,5,17,0.08685482358584433,0.2026577303158328,60,156,COMPLETE
636,636,0.7777777777777778,2023-08-15 20:23:14.023430,2023-08-15 20:23:32.768584,0 days 00:00:18.745154,0.513789702229118,0.6879952724007907,5,19,0.03265838778243854,0.16287110425223306,50,177,COMPLETE
637,637,0.7333333333333333,2023-08-15 20:23:32.769558,2023-08-15 20:23:40.693144,0 days 00:00:07.923586,0.1887251896071695,0.3630333671105591,4,20,0.060005122923573406,0.17066947112105835,50,151,COMPLETE
638,638,0.7333333333333333,2023-08-15 20:23:40.693694,2023-08-15 20:23:48.629901,0 days 00:00:07.936207,0.27720238825011756,0.42337811347346754,5,20,0.04781866847499136,0.28493595098812363,40,146,COMPLETE
639,639,0.8444444444444444,2023-08-15 20:23:48.630523,2023-08-15 20:24:02.327780,0 days 00:00:13.697257,0.4430337930407574,0.7325286559271917,4,19,0.0917277868166267,0.2573701013340971,60,137,COMPLETE
640,640,0.6666666666666666,2023-08-15 20:24:02.328406,2023-08-15 20:24:18.596574,0 days 00:00:16.268168,0.41882899580665356,0.6305389297099522,5,18,0.038508361179764916,0.18155776322130446,50,155,COMPLETE
641,641,0.8,2023-08-15 20:24:18.597125,2023-08-15 20:24:32.646609,0 days 00:00:14.049484,0.49794336170541986,0.6602186133734342,5,20,0.05809638722652246,0.17568862592991766,50,144,COMPLETE
642,642,0.7111111111111111,2023-08-15 20:24:32.647237,2023-08-15 20:24:37.601084,0 days 00:00:04.953847,0.530003178573873,0.7067826748807904,5,6,0.0430595552222806,0.15644977208928793,40,139,COMPLETE
643,643,0.7111111111111111,2023-08-15 20:24:37.601646,2023-08-15 20:24:47.808978,0 days 00:00:10.207332,0.5399933213133998,0.7520667085330949,4,20,0.08483249259701849,0.2252705073210263,60,138,COMPLETE
644,644,0.7111111111111111,2023-08-15 20:24:47.809529,2023-08-15 20:24:59.770493,0 days 00:00:11.960964,0.45760891955388366,0.6752063517498373,3,19,0.045898496797549884,0.1501698446563196,50,143,COMPLETE
645,645,0.7777777777777778,2023-08-15 20:24:59.771433,2023-08-15 20:25:25.574701,0 days 00:00:25.803268,0.366999876242182,0.7786171423772439,5,20,0.05526149409157301,0.19185442775729653,50,176,COMPLETE
646,646,0.7555555555555555,2023-08-15 20:25:25.575569,2023-08-15 20:25:48.116376,0 days 00:00:22.540807,0.4009367854286892,0.790522732898717,5,18,0.03582466658103587,0.1861862332453849,40,180,COMPLETE
