,number,value,datetime_start,datetime_complete,duration,params_cross_ind_prob,params_cross_prob,params_cv,params_max_features,params_muta_ind_prob,params_muta_prob,params_n_gens,params_n_population,state
0,0,0.9111111111111111,2023-05-30 23:20:47.444243,2023-05-30 23:20:51.045666,0 days 00:00:03.601423,0.12515389486570402,0.6890462795025414,5,7,0.04194652720823169,0.1853941346056427,50,161,COMPLETE
1,1,0.7777777777777778,2023-05-30 23:20:51.046029,2023-05-30 23:20:57.334317,0 days 00:00:06.288288,0.3405602807396168,0.4390495685755833,4,15,0.05654757934552988,0.2992547784990701,60,133,COMPLETE
2,2,0.9555555555555556,2023-05-30 23:20:57.334733,2023-05-30 23:21:00.695955,0 days 00:00:03.361222,0.22881541119542553,0.6935829872218823,5,10,0.04156708223733345,0.21491412834513512,40,152,COMPLETE
3,3,0.8666666666666667,2023-05-30 23:21:00.696333,2023-05-30 23:21:02.492552,0 days 00:00:01.796219,0.647510380788321,0.4301284809645914,3,5,0.05687222430415088,0.3328676428270544,40,153,COMPLETE
4,4,0.8444444444444444,2023-05-30 23:21:02.492919,2023-05-30 23:21:10.407454,0 days 00:00:07.914535,0.49710838046608585,0.3235168546116947,4,10,0.02535789426734536,0.24308070665811723,50,180,COMPLETE
5,5,0.9111111111111111,2023-05-30 23:21:10.407831,2023-05-30 23:21:15.025662,0 days 00:00:04.617831,0.7152504056399426,0.560393637392282,4,9,0.03333928692280114,0.2673738461278245,60,137,COMPLETE
6,6,0.9555555555555556,2023-05-30 23:21:15.026040,2023-05-30 23:21:17.846360,0 days 00:00:02.820320,0.7174632536661093,0.566462106257043,3,6,0.03215193152929812,0.3038619897380408,50,153,COMPLETE
7,7,0.8,2023-05-30 23:21:17.846735,2023-05-30 23:21:19.684450,0 days 00:00:01.837715,0.19513121929194976,0.44370615814979897,4,5,0.07939008002221914,0.32876004513571583,60,136,COMPLETE
8,8,0.8666666666666667,2023-05-30 23:21:19.684830,2023-05-30 23:21:22.561990,0 days 00:00:02.877160,0.5800843007951217,0.6070105352590238,3,9,0.06699314677766194,0.22252189419432888,50,130,COMPLETE
9,9,0.8222222222222222,2023-05-30 23:21:22.562383,2023-05-30 23:21:25.044496,0 days 00:00:02.482113,0.5062611153029801,0.5611632244646335,4,7,0.0780301513021783,0.2867812620051227,50,125,COMPLETE
10,10,0.9333333333333333,2023-05-30 23:21:25.044981,2023-05-30 23:21:33.737277,0 days 00:00:08.692296,0.3258877246004183,0.6947926495735438,5,14,0.09900285382768381,0.18995345468929545,40,175,COMPLETE
11,11,0.8,2023-05-30 23:21:33.737669,2023-05-30 23:21:37.032311,0 days 00:00:03.294642,0.7774901372374926,0.6232034810774154,3,12,0.041919368035496826,0.15128921005225343,40,150,COMPLETE
12,12,0.8888888888888888,2023-05-30 23:21:37.032698,2023-05-30 23:21:47.347244,0 days 00:00:10.314546,0.7892275869443893,0.6382364886253353,5,12,0.025157323602156223,0.2472131308454457,40,162,COMPLETE
13,13,0.9555555555555556,2023-05-30 23:21:47.347819,2023-05-30 23:21:50.526199,0 days 00:00:03.178380,0.3841246131675498,0.5259098835127651,3,8,0.03948362724735485,0.2935011950260649,50,148,COMPLETE
14,14,0.9111111111111111,2023-05-30 23:21:50.526572,2023-05-30 23:21:59.821166,0 days 00:00:09.294594,0.6158664882168584,0.6975863066005251,5,12,0.04986902273177088,0.34427008033303297,40,165,COMPLETE
15,15,0.8,2023-05-30 23:21:59.821553,2023-05-30 23:22:03.337263,0 days 00:00:03.515710,0.2233608198865354,0.648582036182855,5,6,0.03364343459497901,0.22257205931704196,50,144,COMPLETE
16,16,0.9333333333333333,2023-05-30 23:22:03.337655,2023-05-30 23:22:07.951944,0 days 00:00:04.614289,0.4309837549007549,0.5871589010686931,3,11,0.04680158189056685,0.313156554795675,40,156,COMPLETE
17,17,0.9111111111111111,2023-05-30 23:22:07.952328,2023-05-30 23:22:11.063862,0 days 00:00:03.111534,0.5444334317046163,0.5119269871821239,4,7,0.03300550027310749,0.27243127057797234,40,142,COMPLETE
18,18,0.9333333333333333,2023-05-30 23:22:11.064251,2023-05-30 23:22:16.902590,0 days 00:00:05.838339,0.6708519814640962,0.6501225960765465,3,10,0.04956995405035372,0.3153848858232465,50,169,COMPLETE
19,19,0.9111111111111111,2023-05-30 23:22:16.903239,2023-05-30 23:22:26.820334,0 days 00:00:09.917095,0.45378085176482125,0.5806825362834643,5,14,0.036274112670179076,0.3488853622963426,60,120,COMPLETE
