,number,value,datetime_start,datetime_complete,duration,params_cross_ind_prob,params_cross_prob,params_cv,params_max_features,params_muta_ind_prob,params_muta_prob,params_n_gens,params_n_population,state
428,428,0.9111111111111111,2023-08-15 23:45:40.235769,2023-08-15 23:45:53.243216,0 days 00:00:13.007447,0.17149705883028113,0.6527360089225335,5,19,0.03784208305480834,0.2749910814057734,60,122,COMPLETE
429,429,0.9111111111111111,2023-08-15 23:45:53.243704,2023-08-15 23:46:00.741568,0 days 00:00:07.497864,0.5526224567769332,0.48526978147234995,4,17,0.09937560691042474,0.26981953366902267,50,173,COMPLETE
430,430,0.9111111111111111,2023-08-15 23:46:00.742085,2023-08-15 23:46:05.563116,0 days 00:00:04.821031,0.6931101752087941,0.450769884708249,4,18,0.07295555112061039,0.15346012210122909,60,144,COMPLETE
431,431,0.9111111111111111,2023-08-15 23:46:05.563602,2023-08-15 23:46:09.206131,0 days 00:00:03.642529,0.3238018951269069,0.298235156413493,3,17,0.06943342257444858,0.29784340259500575,50,140,COMPLETE
432,432,0.9111111111111111,2023-08-15 23:46:09.206639,2023-08-15 23:46:16.210025,0 days 00:00:07.003386,0.30160382604454045,0.7162586269307484,4,14,0.07535787489047924,0.25701872409772775,60,124,COMPLETE
433,433,0.8444444444444444,2023-08-15 23:46:16.210789,2023-08-15 23:46:34.284221,0 days 00:00:18.073432,0.4341105200446045,0.5015752162873477,5,20,0.027742390024107146,0.2169468611775459,50,147,COMPLETE
434,434,0.8444444444444444,2023-08-15 23:46:34.284714,2023-08-15 23:46:45.826005,0 days 00:00:11.541291,0.5091688264742793,0.7296123702980855,4,13,0.07108481953573702,0.22258208055359585,60,143,COMPLETE
435,435,0.8444444444444444,2023-08-15 23:46:45.826507,2023-08-15 23:46:51.200795,0 days 00:00:05.374288,0.4627205146630835,0.47337432337621177,4,15,0.08629364947745218,0.18706238052567803,50,121,COMPLETE
436,436,0.8888888888888888,2023-08-15 23:46:51.201274,2023-08-15 23:47:01.829860,0 days 00:00:10.628586,0.266347825768887,0.5272309896168653,5,10,0.03444040890307324,0.18323730391762472,60,170,COMPLETE
437,437,0.9333333333333333,2023-08-15 23:47:01.830366,2023-08-15 23:47:10.537087,0 days 00:00:08.706721,0.21558939438546426,0.5503631652742358,4,16,0.045768990654436285,0.3456843347918407,50,123,COMPLETE
438,438,0.9111111111111111,2023-08-15 23:47:10.537577,2023-08-15 23:47:22.745637,0 days 00:00:12.208060,0.360590853679003,0.6077240465212159,4,19,0.06378508394261916,0.3102523935002695,60,141,COMPLETE
439,439,0.9333333333333333,2023-08-15 23:47:22.746146,2023-08-15 23:47:28.728950,0 days 00:00:05.982804,0.7147385829926055,0.6398133042688781,4,12,0.09288169063902386,0.23829184043765816,50,135,COMPLETE
440,440,0.8222222222222222,2023-08-15 23:47:28.729453,2023-08-15 23:47:38.123162,0 days 00:00:09.393709,0.24243573415975142,0.5724092938837511,3,18,0.06164032246277551,0.32570472999977185,60,139,COMPLETE
441,441,0.8666666666666667,2023-08-15 23:47:38.123653,2023-08-15 23:47:43.373755,0 days 00:00:05.250102,0.5350647041305733,0.49130372615729634,4,13,0.06737091467684325,0.27831625664427057,50,125,COMPLETE
442,442,0.9111111111111111,2023-08-15 23:47:43.374281,2023-08-15 23:47:56.357154,0 days 00:00:12.982873,0.6146495869768048,0.38404810172217735,5,14,0.02919653061294387,0.2644107819298557,60,120,COMPLETE
443,443,0.8444444444444444,2023-08-15 23:47:56.357644,2023-08-15 23:48:00.376018,0 days 00:00:04.018374,0.13262562590539423,0.3269258803364946,4,18,0.05952196772923456,0.16273680919594777,50,137,COMPLETE
444,444,0.9111111111111111,2023-08-15 23:48:00.376495,2023-08-15 23:48:08.629659,0 days 00:00:08.253164,0.18680617963738994,0.34843341819349855,4,17,0.03144038303748748,0.2336672642652594,60,126,COMPLETE
445,445,0.8888888888888888,2023-08-15 23:48:08.630173,2023-08-15 23:48:20.783455,0 days 00:00:12.153282,0.39057596688197704,0.4632213645071858,4,20,0.05473906518023993,0.3191790047343984,50,145,COMPLETE
446,446,0.8888888888888888,2023-08-15 23:48:20.783940,2023-08-15 23:48:40.635263,0 days 00:00:19.851323,0.11310187183211928,0.6909841895435201,5,15,0.025084095982128813,0.29207023206948785,60,149,COMPLETE
447,447,0.9111111111111111,2023-08-15 23:48:40.635761,2023-08-15 23:48:45.165595,0 days 00:00:04.529834,0.4537615746838986,0.6642432136245354,3,13,0.06535791948967806,0.1754531699688957,50,124,COMPLETE
448,448,0.9111111111111111,2023-08-15 23:48:45.166111,2023-08-15 23:48:56.497586,0 days 00:00:11.331475,0.48165494380844764,0.5868177297205355,4,17,0.05741041245302769,0.3032104414635434,60,141,COMPLETE
449,449,0.8444444444444444,2023-08-15 23:48:56.498086,2023-08-15 23:48:58.826014,0 days 00:00:02.327928,0.16086298648260636,0.5193048398113996,4,7,0.07612319040788024,0.33812876710702017,50,123,COMPLETE
450,450,0.8666666666666667,2023-08-15 23:48:58.826510,2023-08-15 23:49:08.557267,0 days 00:00:09.730757,0.5700945128658279,0.6788567152036373,4,14,0.06664249218661435,0.24379780663496592,60,143,COMPLETE
451,451,0.9111111111111111,2023-08-15 23:49:08.557833,2023-08-15 23:49:30.406728,0 days 00:00:21.848895,0.5258433192103953,0.6267852444755966,5,19,0.033354918160870946,0.22674224507401614,50,147,COMPLETE
452,452,0.8222222222222222,2023-08-15 23:49:30.407231,2023-08-15 23:49:43.382084,0 days 00:00:12.974853,0.4237124376952005,0.5061596886101193,4,11,0.026485965015619117,0.26867865396906404,60,135,COMPLETE
453,453,0.8666666666666667,2023-08-15 23:49:43.382573,2023-08-15 23:49:50.655262,0 days 00:00:07.272689,0.27657448011524016,0.5671161545983094,4,18,0.040490016408253324,0.286594545141506,50,122,COMPLETE
454,454,0.8666666666666667,2023-08-15 23:49:50.655772,2023-08-15 23:49:54.687767,0 days 00:00:04.031995,0.6648217131855225,0.4724424788611657,4,9,0.05206456262184023,0.3143287850850974,60,162,COMPLETE
455,455,0.9333333333333333,2023-08-15 23:49:54.688272,2023-08-15 23:49:59.762600,0 days 00:00:05.074328,0.4906568329315194,0.3084706892209609,5,16,0.07916647718460912,0.33026305330389416,50,175,COMPLETE
456,456,0.9111111111111111,2023-08-15 23:49:59.763085,2023-08-15 23:50:08.715557,0 days 00:00:08.952472,0.25120902964176195,0.5371046262291311,4,18,0.07213526335827326,0.19100682604573957,60,168,COMPLETE
457,457,0.8222222222222222,2023-08-15 23:50:08.716045,2023-08-15 23:50:11.639490,0 days 00:00:02.923445,0.23192485036716137,0.44941135673592053,3,13,0.08113494598798295,0.20886197393266343,50,138,COMPLETE
458,458,0.8666666666666667,2023-08-15 23:50:11.640000,2023-08-15 23:50:18.761925,0 days 00:00:07.121925,0.47075197139777936,0.49700970900038155,4,17,0.08429744459572193,0.2818842635001262,60,125,COMPLETE
459,459,0.9111111111111111,2023-08-15 23:50:18.762414,2023-08-15 23:50:30.073948,0 days 00:00:11.311534,0.7967203447320084,0.5957123776369001,4,19,0.04393803961190033,0.16686558320237702,50,140,COMPLETE
460,460,0.8888888888888888,2023-08-15 23:50:30.074451,2023-08-15 23:50:42.551711,0 days 00:00:12.477260,0.2009262778803003,0.6151491058793576,4,12,0.03584191139487096,0.30483714398117934,60,142,COMPLETE
461,461,0.8888888888888888,2023-08-15 23:50:42.552215,2023-08-15 23:50:51.543304,0 days 00:00:08.991089,0.6255116355713074,0.48255817598367773,5,14,0.038937766464103116,0.30044803430719735,50,127,COMPLETE
462,462,0.8666666666666667,2023-08-15 23:50:51.543808,2023-08-15 23:50:58.002602,0 days 00:00:06.458794,0.5049719910517446,0.7029905110084996,4,10,0.08686788039232143,0.2200118364776568,60,136,COMPLETE
463,463,0.9333333333333333,2023-08-15 23:50:58.003114,2023-08-15 23:51:03.472881,0 days 00:00:05.469767,0.29654299036043713,0.5513215966826579,4,20,0.06276662555909736,0.27661251984986346,50,121,COMPLETE
464,464,0.8666666666666667,2023-08-15 23:51:03.473384,2023-08-15 23:51:09.825841,0 days 00:00:06.352457,0.7656617897826318,0.7963572138492521,3,15,0.060592516757551215,0.20272373726255485,60,132,COMPLETE
465,465,0.8888888888888888,2023-08-15 23:51:09.826357,2023-08-15 23:51:24.308598,0 days 00:00:14.482241,0.5826802193715986,0.5797963374014715,5,17,0.05373441914391187,0.2529700047216823,50,146,COMPLETE
466,466,0.8888888888888888,2023-08-15 23:51:24.309102,2023-08-15 23:51:29.955774,0 days 00:00:05.646672,0.34362569868844706,0.6592758994893176,4,13,0.06939112308920521,0.23017759703570773,60,144,COMPLETE
467,467,0.8666666666666667,2023-08-15 23:51:29.956276,2023-08-15 23:51:34.156777,0 days 00:00:04.200501,0.404405875338911,0.3558737436438591,4,16,0.049178942799216356,0.1502465297537634,50,122,COMPLETE
468,468,0.8666666666666667,2023-08-15 23:51:34.157268,2023-08-15 23:51:37.555564,0 days 00:00:03.398296,0.14814583631533473,0.37535139852109295,4,14,0.059017348207217615,0.2577637729062946,60,126,COMPLETE
469,469,0.9111111111111111,2023-08-15 23:51:37.556045,2023-08-15 23:51:41.491508,0 days 00:00:03.935463,0.3207857765261735,0.2909702275812905,3,18,0.055664195129410725,0.1968361042622872,50,139,COMPLETE
470,470,0.9333333333333333,2023-08-15 23:51:41.492023,2023-08-15 23:51:55.715295,0 days 00:00:14.223272,0.22207119293968214,0.516089745795485,5,20,0.06399152590686615,0.27185794739674785,60,179,COMPLETE
471,471,0.8888888888888888,2023-08-15 23:51:55.715805,2023-08-15 23:52:06.595743,0 days 00:00:10.879938,0.4408749993588641,0.7187944232997203,4,19,0.07076440630330832,0.18136867238319304,40,120,COMPLETE
472,472,0.9111111111111111,2023-08-15 23:52:06.596254,2023-08-15 23:52:12.526268,0 days 00:00:05.930014,0.6466784868159279,0.40028320016033586,4,13,0.04227980789117361,0.2130980402154262,50,172,COMPLETE
473,473,0.9333333333333333,2023-08-15 23:52:12.526895,2023-08-15 23:52:16.569200,0 days 00:00:04.042305,0.17578048991115608,0.467044166779303,4,17,0.07329725455785449,0.309264156959006,60,124,COMPLETE
474,474,0.7777777777777778,2023-08-15 23:52:16.569702,2023-08-15 23:52:21.896920,0 days 00:00:05.327218,0.2661913808667156,0.4389025556058669,4,10,0.03741378456644691,0.1586354972450929,50,174,COMPLETE
475,475,0.9111111111111111,2023-08-15 23:52:21.897421,2023-08-15 23:52:45.700149,0 days 00:00:23.802728,0.47373152398446405,0.6461721136933607,5,18,0.030926132776581367,0.3416437439517463,60,133,COMPLETE
476,476,0.8888888888888888,2023-08-15 23:52:45.700642,2023-08-15 23:52:53.793638,0 days 00:00:08.092996,0.45544643793578155,0.7504212963805901,3,18,0.08349749829949014,0.3496981527579597,50,127,COMPLETE
477,477,0.9333333333333333,2023-08-15 23:52:53.794166,2023-08-15 23:52:59.739914,0 days 00:00:05.945748,0.368464077191939,0.4854688556645761,4,19,0.06879854610314866,0.19352480989703758,60,123,COMPLETE
478,478,0.7777777777777778,2023-08-15 23:52:59.740431,2023-08-15 23:53:07.176137,0 days 00:00:07.435706,0.4983951505467331,0.3211996081377485,4,15,0.04739622554251874,0.2928510712679099,40,136,COMPLETE
479,479,0.9111111111111111,2023-08-15 23:53:07.176718,2023-08-15 23:53:14.921775,0 days 00:00:07.745057,0.5156714882764214,0.672937492872651,5,12,0.06591195599098906,0.2653989307116876,50,138,COMPLETE
480,480,0.9555555555555556,2023-08-15 23:53:14.922302,2023-08-15 23:53:26.286524,0 days 00:00:11.364222,0.3091069602479207,0.5285526278041589,4,14,0.028237106473331716,0.3216974728227955,60,134,COMPLETE
481,481,0.8222222222222222,2023-08-15 23:53:26.287016,2023-08-15 23:53:33.123608,0 days 00:00:06.836592,0.7107453429228768,0.3335785289350483,4,17,0.057181093564198746,0.1552375232106295,50,176,COMPLETE
482,482,0.8666666666666667,2023-08-15 23:53:33.124094,2023-08-15 23:53:47.426922,0 days 00:00:14.302828,0.6727342962550011,0.5645318127181743,4,16,0.03498580124211939,0.22351339713245036,60,142,COMPLETE
483,483,0.7555555555555555,2023-08-15 23:53:47.427421,2023-08-15 23:53:51.018135,0 days 00:00:03.590714,0.41774370760115304,0.45604677455318243,4,13,0.08817112524184935,0.24628464622252924,50,125,COMPLETE
484,484,0.9555555555555556,2023-08-15 23:53:51.018674,2023-08-15 23:53:56.304839,0 days 00:00:05.286165,0.5567232091772392,0.5077771249485646,5,9,0.06188089437506416,0.17494731718764822,40,122,COMPLETE
485,485,0.8444444444444444,2023-08-15 23:53:56.305340,2023-08-15 23:54:01.449108,0 days 00:00:05.143768,0.6928315835631336,0.494210948538584,4,13,0.0744188005339323,0.26070441972510716,60,130,COMPLETE
486,486,0.8,2023-08-15 23:54:01.449590,2023-08-15 23:54:05.584982,0 days 00:00:04.135392,0.6010239463263717,0.6891718419994698,3,11,0.08527523672617486,0.2834411557722999,50,143,COMPLETE
487,487,0.8888888888888888,2023-08-15 23:54:05.585493,2023-08-15 23:54:16.434284,0 days 00:00:10.848791,0.24735900777700714,0.5460903658982174,4,20,0.05118927813600478,0.2397337146733274,60,166,COMPLETE
488,488,0.9111111111111111,2023-08-15 23:54:16.434778,2023-08-15 23:54:22.810313,0 days 00:00:06.375535,0.3905021473368781,0.47660464990178975,4,17,0.07998409000505219,0.18722633739737332,50,137,COMPLETE
489,489,0.9111111111111111,2023-08-15 23:54:22.810822,2023-08-15 23:54:29.721027,0 days 00:00:06.910205,0.2836419847894234,0.3924335369971757,4,19,0.06746262295214477,0.2969982389521025,60,139,COMPLETE
490,490,0.9111111111111111,2023-08-15 23:54:29.721536,2023-08-15 23:54:50.335489,0 days 00:00:20.613953,0.3535972422616984,0.7318937144225386,5,18,0.08228243115063134,0.2261790711277609,40,164,COMPLETE
491,491,0.8222222222222222,2023-08-15 23:54:50.336068,2023-08-15 23:54:59.036527,0 days 00:00:08.700459,0.19379735410246665,0.6348429242729186,4,14,0.03304373286714023,0.218045400170972,50,141,COMPLETE
492,492,0.8444444444444444,2023-08-15 23:54:59.037044,2023-08-15 23:55:07.163625,0 days 00:00:08.126581,0.21353899475115437,0.6060699601380849,5,10,0.040794741714496645,0.2333255607203963,60,145,COMPLETE
493,493,0.8888888888888888,2023-08-15 23:55:07.164120,2023-08-15 23:55:10.951882,0 days 00:00:03.787762,0.3346873095072165,0.2689491030985072,3,16,0.058186125765118474,0.30636278937810574,50,120,COMPLETE
494,494,0.8666666666666667,2023-08-15 23:55:10.952393,2023-08-15 23:55:16.314881,0 days 00:00:05.362488,0.23125250849339257,0.3614464079527293,4,15,0.09668750352573846,0.3149799184974767,60,160,COMPLETE
495,495,0.9111111111111111,2023-08-15 23:55:16.315388,2023-08-15 23:55:22.991248,0 days 00:00:06.675860,0.12685530401660416,0.5843561420021037,4,17,0.07761141628334167,0.3348888469065624,50,128,COMPLETE
496,496,0.8888888888888888,2023-08-15 23:55:22.991740,2023-08-15 23:55:30.742082,0 days 00:00:07.750342,0.48453360499132164,0.4179030993647978,4,18,0.06405968499814194,0.17133710776572245,60,151,COMPLETE
497,497,0.8666666666666667,2023-08-15 23:55:30.742581,2023-08-15 23:55:33.095125,0 days 00:00:02.352544,0.18323841134687952,0.3447334661302127,4,13,0.06071922180811072,0.27909704929213586,40,124,COMPLETE
498,498,0.9111111111111111,2023-08-15 23:55:33.095681,2023-08-15 23:55:46.793171,0 days 00:00:13.697490,0.529571492188861,0.6174427596798109,5,19,0.05385706292881336,0.2895759776958662,50,122,COMPLETE
499,499,0.9333333333333333,2023-08-15 23:55:46.793667,2023-08-15 23:56:06.199539,0 days 00:00:19.405872,0.25865606385052164,0.5000816069491811,4,20,0.02972025038588573,0.3253189481246075,60,170,COMPLETE
500,500,0.7555555555555555,2023-08-15 23:56:06.200053,2023-08-15 23:56:11.246375,0 days 00:00:05.046322,0.6312218664785599,0.46528245206054686,4,12,0.07059363550103015,0.20526899188166536,50,125,COMPLETE
501,501,0.7555555555555555,2023-08-15 23:56:11.246882,2023-08-15 23:56:20.631245,0 days 00:00:09.384363,0.10234678788389867,0.7106008062486006,3,14,0.0370126521142355,0.2727470499186507,60,146,COMPLETE
502,502,0.8,2023-08-15 23:56:20.631740,2023-08-15 23:56:30.977567,0 days 00:00:10.345827,0.16037511734125948,0.44548349666783266,5,18,0.056046241141541095,0.2491763610641298,50,123,COMPLETE
503,503,0.8222222222222222,2023-08-15 23:56:30.978115,2023-08-15 23:56:40.687364,0 days 00:00:09.709249,0.43988194465206215,0.5559020816548135,4,14,0.04389210193858955,0.1675024704030706,60,140,COMPLETE
504,504,0.8444444444444444,2023-08-15 23:56:40.687890,2023-08-15 23:56:49.447369,0 days 00:00:08.759479,0.37370147276312693,0.5239331300253792,4,17,0.039159463095546736,0.30074004851917646,40,121,COMPLETE
505,505,0.8444444444444444,2023-08-15 23:56:49.447879,2023-08-15 23:56:55.908993,0 days 00:00:06.461114,0.7335352095330868,0.48859466790630096,4,13,0.06862567282457899,0.161091212400225,50,173,COMPLETE
506,506,0.8444444444444444,2023-08-15 23:56:55.909494,2023-08-15 23:57:07.116792,0 days 00:00:11.207298,0.4673640485363241,0.5994656656443894,4,17,0.07615931696942162,0.31136915318759156,60,135,COMPLETE
507,507,0.8888888888888888,2023-08-15 23:57:07.117298,2023-08-15 23:57:32.278864,0 days 00:00:25.161566,0.6603605572600225,0.6539763487115147,5,19,0.06622183166625298,0.33010896334364165,50,178,COMPLETE
508,508,0.7777777777777778,2023-08-15 23:57:32.279379,2023-08-15 23:57:36.071023,0 days 00:00:03.791644,0.5100359775967138,0.5100289846778946,3,9,0.07204075359163126,0.28628363045409455,60,144,COMPLETE
509,509,0.8222222222222222,2023-08-15 23:57:36.071517,2023-08-15 23:57:48.259646,0 days 00:00:12.188129,0.22464301379660673,0.675467335319254,4,18,0.04847939803959175,0.2372131713966652,50,125,COMPLETE
510,510,0.8666666666666667,2023-08-15 23:57:48.260165,2023-08-15 23:57:50.486337,0 days 00:00:02.226172,0.13810116129464045,0.4360959569070839,4,8,0.06235141810274614,0.2677501057418067,60,127,COMPLETE
511,511,0.8888888888888888,2023-08-15 23:57:50.486916,2023-08-15 23:57:58.092097,0 days 00:00:07.605181,0.5446343490662797,0.3134713382654259,4,16,0.05255757387115585,0.29430124897469645,40,143,COMPLETE
512,512,0.8,2023-08-15 23:57:58.092598,2023-08-15 23:58:15.306906,0 days 00:00:17.214308,0.27138637648885744,0.5386165926876642,5,20,0.04605695604265892,0.3182097172621851,50,129,COMPLETE
513,513,0.8666666666666667,2023-08-15 23:58:15.307430,2023-08-15 23:58:22.733642,0 days 00:00:07.426212,0.49357778395140406,0.2398412733558482,4,15,0.059266686049868546,0.21309082652516229,60,137,COMPLETE
514,514,0.8888888888888888,2023-08-15 23:58:22.734171,2023-08-15 23:58:30.143234,0 days 00:00:07.409063,0.754601934487497,0.5723954780185899,3,13,0.027193366806692154,0.33993942765122515,50,124,COMPLETE
515,515,0.8444444444444444,2023-08-15 23:58:30.143769,2023-08-15 23:58:41.202425,0 days 00:00:11.058656,0.45684650557824064,0.6976116315678805,4,12,0.03482086147705612,0.23011562914439884,60,126,COMPLETE
516,516,0.7777777777777778,2023-08-15 23:58:41.202943,2023-08-15 23:58:48.367905,0 days 00:00:07.164962,0.20211201586734992,0.47798913664140885,4,18,0.08968935812241133,0.17890402352543316,50,175,COMPLETE
517,517,0.8666666666666667,2023-08-15 23:58:48.368427,2023-08-15 23:58:56.471929,0 days 00:00:08.103502,0.5688811104882712,0.49267169202116873,4,16,0.07814605946492709,0.22200725823652562,60,147,COMPLETE
518,518,0.7333333333333333,2023-08-15 23:58:56.472418,2023-08-15 23:59:02.633290,0 days 00:00:06.160872,0.5879945086922442,0.3379655364414262,5,17,0.06459387945341402,0.2423715619518271,40,120,COMPLETE
519,519,0.8444444444444444,2023-08-15 23:59:02.633791,2023-08-15 23:59:10.486675,0 days 00:00:07.852884,0.42739387023304737,0.4595133712320155,4,14,0.054739089342646555,0.2558807150012219,50,136,COMPLETE
520,520,0.8444444444444444,2023-08-15 23:59:10.487214,2023-08-15 23:59:24.593598,0 days 00:00:14.106384,0.40075262552670354,0.6654871620314472,4,19,0.0749593515890386,0.2619052221053875,60,138,COMPLETE
521,521,0.8222222222222222,2023-08-15 23:59:24.594149,2023-08-15 23:59:28.815684,0 days 00:00:04.221535,0.31280552422404456,0.6375397933735798,3,13,0.0858640031196488,0.2772286763934577,50,133,COMPLETE
522,522,0.7777777777777778,2023-08-15 23:59:28.816223,2023-08-15 23:59:33.258625,0 days 00:00:04.442402,0.23981885334189315,0.37839333774150413,5,15,0.09161563912304602,0.3033872249491339,60,141,COMPLETE
523,523,0.8,2023-08-15 23:59:33.259138,2023-08-15 23:59:37.735859,0 days 00:00:04.476721,0.6838803893085091,0.40745275149561044,4,10,0.03249563444419394,0.2811583321211102,50,122,COMPLETE
524,524,0.8666666666666667,2023-08-15 23:59:37.736360,2023-08-15 23:59:44.470651,0 days 00:00:06.734291,0.47912566486111346,0.5813347943137939,4,11,0.09495004694697812,0.15437361751522796,40,150,COMPLETE
525,525,0.8666666666666667,2023-08-15 23:59:44.471180,2023-08-15 23:59:53.379999,0 days 00:00:08.908819,0.35283043225660393,0.5633406512918947,4,18,0.06977407959014229,0.34547942065353376,60,123,COMPLETE
526,526,0.8222222222222222,2023-08-15 23:59:53.380528,2023-08-16 00:00:07.459497,0 days 00:00:14.078969,0.3315519683223572,0.47326300843509556,4,20,0.04185031058479695,0.3072588705566312,50,135,COMPLETE
527,527,0.8666666666666667,2023-08-16 00:00:07.460037,2023-08-16 00:00:14.762365,0 days 00:00:07.302328,0.5250039379047869,0.7832682718592837,5,13,0.0672087616003401,0.19859169214197317,60,121,COMPLETE
528,528,0.8888888888888888,2023-08-16 00:00:14.762946,2023-08-16 00:00:20.666699,0 days 00:00:05.903753,0.6157396762813747,0.20101444119275608,4,14,0.03637152700694286,0.1844336485418693,50,131,COMPLETE
529,529,0.8888888888888888,2023-08-16 00:00:20.667228,2023-08-16 00:00:32.403594,0 days 00:00:11.736366,0.11748930981689101,0.5219283183994492,4,17,0.0578850338613561,0.2986577669186365,60,180,COMPLETE
530,530,0.9111111111111111,2023-08-16 00:00:32.404114,2023-08-16 00:00:41.478703,0 days 00:00:09.074589,0.28560780015696025,0.687990704403175,3,19,0.060390795125795475,0.20149399750368677,50,139,COMPLETE
531,531,0.7555555555555555,2023-08-16 00:00:41.479242,2023-08-16 00:00:47.873212,0 days 00:00:06.393970,0.2114977855969124,0.5046762255389318,5,17,0.08190659257219099,0.22722628640219272,40,145,COMPLETE
532,532,0.8666666666666667,2023-08-16 00:00:47.873743,2023-08-16 00:00:58.109238,0 days 00:00:10.235495,0.15186314416080887,0.6257357436782903,4,18,0.02590318351041827,0.27074699214464587,60,126,COMPLETE
533,533,0.9111111111111111,2023-08-16 00:00:58.109776,2023-08-16 00:01:10.940225,0 days 00:00:12.830449,0.49724675946867786,0.5445333367015518,4,14,0.028612515658156607,0.2099198664317526,50,142,COMPLETE
534,534,0.8222222222222222,2023-08-16 00:01:10.940749,2023-08-16 00:01:15.294071,0 days 00:00:04.353322,0.41452820248849426,0.5979261019066101,4,8,0.07266068943318475,0.2905744867354647,60,140,COMPLETE
