,number,value,datetime_start,datetime_complete,duration,params_cross_ind_prob,params_cross_prob,params_cv,params_max_features,params_muta_ind_prob,params_muta_prob,params_n_gens,params_n_population,state
642,642,0.8,2023-08-16 00:16:12.842900,2023-08-16 00:16:19.143628,0 days 00:00:06.300728,0.23705476998131653,0.6144648232282024,4,14,0.08125343535540958,0.20266523030407746,50,138,COMPLETE
643,643,0.8666666666666667,2023-08-16 00:16:19.144166,2023-08-16 00:16:28.202273,0 days 00:00:09.058107,0.7545212733889153,0.6580602318266494,5,12,0.08445820297951169,0.2207989267830751,40,171,COMPLETE
644,644,0.9111111111111111,2023-08-16 00:16:28.202814,2023-08-16 00:16:36.417892,0 days 00:00:08.215078,0.11312073474627735,0.68570434199687,4,15,0.06179710039558968,0.3407909983389289,60,139,COMPLETE
645,645,0.8888888888888888,2023-08-16 00:16:36.418425,2023-08-16 00:16:41.408959,0 days 00:00:04.990534,0.46839563825074215,0.48127399335741095,4,13,0.07815038856895493,0.2964109224542859,50,136,COMPLETE
646,646,0.8,2023-08-16 00:16:41.409495,2023-08-16 00:16:49.740780,0 days 00:00:08.331285,0.44050471588136275,0.5375618261883212,3,19,0.06547347906073162,0.31267043262276245,60,126,COMPLETE
647,647,0.8888888888888888,2023-08-16 00:16:49.741355,2023-08-16 00:16:53.645221,0 days 00:00:03.903866,0.7822130435724806,0.39874747193076737,4,16,0.05416722372779896,0.2676106099228234,50,131,COMPLETE
648,648,0.9111111111111111,2023-08-16 00:16:53.645787,2023-08-16 00:17:15.035000,0 days 00:00:21.389213,0.4885853069975059,0.7008791262110353,4,18,0.04325800222875065,0.307620125114188,60,177,COMPLETE
649,649,0.7111111111111111,2023-08-16 00:17:15.035574,2023-08-16 00:17:23.114441,0 days 00:00:08.078867,0.29522701324595035,0.37812921020811757,5,14,0.05257804984552218,0.19152552541700746,50,124,COMPLETE
650,650,0.9111111111111111,2023-08-16 00:17:23.114990,2023-08-16 00:17:29.590900,0 days 00:00:06.475910,0.5472790013973886,0.46423375725569876,4,17,0.07203904026820106,0.2802082726748462,60,121,COMPLETE
651,651,0.9111111111111111,2023-08-16 00:17:29.591443,2023-08-16 00:17:34.462540,0 days 00:00:04.871097,0.17089516129985033,0.5612900037480281,4,10,0.03205529821610251,0.3298703051195287,50,120,COMPLETE
652,652,0.9333333333333333,2023-08-16 00:17:34.463080,2023-08-16 00:17:38.631735,0 days 00:00:04.168655,0.32026510830383814,0.5107147103812539,4,8,0.040593415208963195,0.24421307113328192,40,147,COMPLETE
653,653,0.9555555555555556,2023-08-16 00:17:38.632459,2023-08-16 00:17:50.396879,0 days 00:00:11.764420,0.7413493365338295,0.5907697891645091,4,20,0.04548366603919519,0.17485400568428017,60,145,COMPLETE
654,654,0.9333333333333333,2023-08-16 00:17:50.397411,2023-08-16 00:17:56.130528,0 days 00:00:05.733117,0.3644467869712507,0.42094466232876415,5,18,0.09926495401679053,0.2728673490912927,50,141,COMPLETE
655,655,0.9111111111111111,2023-08-16 00:17:56.131083,2023-08-16 00:18:02.582398,0 days 00:00:06.451315,0.6208155741642355,0.4948981040946423,3,11,0.02754584391087969,0.263996830416456,60,163,COMPLETE
656,656,0.9333333333333333,2023-08-16 00:18:02.582960,2023-08-16 00:18:05.479632,0 days 00:00:02.896672,0.2468671983376365,0.3231336173272723,4,13,0.07374469083190424,0.30151081652140366,50,143,COMPLETE
657,657,0.9777777777777777,2023-08-16 00:18:05.480195,2023-08-16 00:18:14.397652,0 days 00:00:08.917457,0.521960962126294,0.34909652197887325,4,19,0.02941671381490624,0.321246366680771,60,125,COMPLETE
658,658,0.9555555555555556,2023-08-16 00:18:14.398235,2023-08-16 00:18:26.384063,0 days 00:00:11.985828,0.5265399982747565,0.35123961408669196,4,19,0.02998313102045664,0.31971852041713983,50,127,COMPLETE
659,659,0.9777777777777777,2023-08-16 00:18:26.384621,2023-08-16 00:18:39.503692,0 days 00:00:13.119071,0.5164086002348849,0.36692046736202877,4,19,0.033538021382562136,0.32596501676831163,60,125,COMPLETE
660,660,0.9555555555555556,2023-08-16 00:18:39.504250,2023-08-16 00:18:51.850515,0 days 00:00:12.346265,0.5221642462043133,0.35801501115355605,4,19,0.033051724174230614,0.32734814871685347,60,125,COMPLETE
661,661,0.9555555555555556,2023-08-16 00:18:51.851070,2023-08-16 00:19:04.915459,0 days 00:00:13.064389,0.507596225736588,0.36431385154384777,4,19,0.028824482187404868,0.3221335514540685,50,125,COMPLETE
662,662,0.9777777777777777,2023-08-16 00:19:04.915997,2023-08-16 00:19:15.520428,0 days 00:00:10.604431,0.5416346890049734,0.3713100656698256,4,19,0.03478284910136499,0.32522528589227273,60,126,COMPLETE
663,663,0.9555555555555556,2023-08-16 00:19:15.520975,2023-08-16 00:19:29.067840,0 days 00:00:13.546865,0.5416653001575487,0.37154724547143314,4,19,0.03535290241350509,0.23902111245459856,60,126,COMPLETE
664,664,0.9777777777777777,2023-08-16 00:19:29.068394,2023-08-16 00:19:38.283910,0 days 00:00:09.215516,0.5161796611151125,0.3813314237814617,4,19,0.03371388795006454,0.32507487001362917,40,127,COMPLETE
665,665,0.9555555555555556,2023-08-16 00:19:38.284446,2023-08-16 00:19:49.803500,0 days 00:00:11.519054,0.5266999016043966,0.38524289564485986,4,19,0.03377007168780006,0.3262576194132663,40,127,COMPLETE
666,666,0.9777777777777777,2023-08-16 00:19:49.804035,2023-08-16 00:19:58.777053,0 days 00:00:08.973018,0.5475133326038853,0.35575472550293696,4,19,0.032685717793585076,0.3242202891057392,40,126,COMPLETE
667,667,0.9111111111111111,2023-08-16 00:19:58.777596,2023-08-16 00:20:09.452368,0 days 00:00:10.674772,0.548169705457303,0.36899337504330026,4,19,0.03194777014822681,0.31793828480391534,40,126,COMPLETE
668,668,0.9555555555555556,2023-08-16 00:20:09.452931,2023-08-16 00:20:16.987036,0 days 00:00:07.534105,0.5303486968329102,0.3518018025525811,4,19,0.03417090896915993,0.32369599397214543,40,126,COMPLETE
669,669,0.9777777777777777,2023-08-16 00:20:16.987589,2023-08-16 00:20:27.053668,0 days 00:00:10.066079,0.5576062282625297,0.3722765360089307,4,19,0.032334870375914086,0.3182913680942844,40,129,COMPLETE
670,670,0.9555555555555556,2023-08-16 00:20:27.054247,2023-08-16 00:20:34.934548,0 days 00:00:07.880301,0.5577239944354042,0.3785451721665471,4,19,0.032189954613865285,0.3199188785657987,40,127,COMPLETE
671,671,0.9555555555555556,2023-08-16 00:20:34.935097,2023-08-16 00:20:46.105053,0 days 00:00:11.169956,0.5478805380495836,0.3605864814864839,4,19,0.03317416490080018,0.3236512337955317,40,128,COMPLETE
672,672,0.9777777777777777,2023-08-16 00:20:46.105592,2023-08-16 00:20:52.720895,0 days 00:00:06.615303,0.5610126730182224,0.3496979635122342,4,19,0.034247155094151605,0.3226282518455002,40,128,COMPLETE
673,673,0.9777777777777777,2023-08-16 00:20:52.721455,2023-08-16 00:21:02.041371,0 days 00:00:09.319916,0.5612134289609552,0.34120536882989794,4,19,0.03463721037283053,0.3287629380508514,40,129,COMPLETE
674,674,0.9333333333333333,2023-08-16 00:21:02.041940,2023-08-16 00:21:09.771560,0 days 00:00:07.729620,0.5524235437975389,0.34125050982225896,4,19,0.03482664350096272,0.3256469677237747,40,127,COMPLETE
675,675,0.9555555555555556,2023-08-16 00:21:09.772121,2023-08-16 00:21:18.612243,0 days 00:00:08.840122,0.563911422807112,0.34252826783072793,4,19,0.033001232181682306,0.3315449369510748,40,130,COMPLETE
676,676,0.9555555555555556,2023-08-16 00:21:18.612792,2023-08-16 00:21:28.166593,0 days 00:00:09.553801,0.5372316711833766,0.3511730448902465,4,19,0.031327982849641764,0.3208707255164323,40,129,COMPLETE
677,677,0.9777777777777777,2023-08-16 00:21:28.167140,2023-08-16 00:21:40.200816,0 days 00:00:12.033676,0.5621456470523736,0.37314129750081193,4,19,0.03425452320556177,0.3284049267180304,40,129,COMPLETE
678,678,0.9333333333333333,2023-08-16 00:21:40.201370,2023-08-16 00:21:47.922225,0 days 00:00:07.720855,0.5596199550737296,0.3676284587071696,4,19,0.03556543921889712,0.326305121805218,40,128,COMPLETE
679,679,0.9333333333333333,2023-08-16 00:21:47.922793,2023-08-16 00:21:58.635923,0 days 00:00:10.713130,0.5821150376493291,0.39592333364696064,4,19,0.034896226739876184,0.3280285156589707,40,129,COMPLETE
680,680,0.9555555555555556,2023-08-16 00:21:58.636452,2023-08-16 00:22:09.448086,0 days 00:00:10.811634,0.5728034071411064,0.3806402950385304,4,19,0.0333496860684243,0.3301374421485937,40,129,COMPLETE
681,681,0.9555555555555556,2023-08-16 00:22:09.448632,2023-08-16 00:22:21.159162,0 days 00:00:11.710530,0.569514276622886,0.3591692313629644,4,19,0.031108072583159178,0.3228413533993166,40,128,COMPLETE
682,682,0.9555555555555556,2023-08-16 00:22:21.159703,2023-08-16 00:22:30.994626,0 days 00:00:09.834923,0.5451696946376776,0.37386349986924317,4,19,0.03621271214331116,0.3244693977013397,40,130,COMPLETE
683,683,0.9777777777777777,2023-08-16 00:22:30.995190,2023-08-16 00:22:40.633477,0 days 00:00:09.638287,0.555396843702731,0.3527536252071321,4,19,0.034441061802851815,0.3201603933789562,40,128,COMPLETE
684,684,0.9777777777777777,2023-08-16 00:22:40.634048,2023-08-16 00:22:49.703108,0 days 00:00:09.069060,0.5388159782192286,0.33894767168677925,4,19,0.03268998728516353,0.3313592227836851,40,128,COMPLETE
685,685,0.9777777777777777,2023-08-16 00:22:49.703761,2023-08-16 00:22:58.485819,0 days 00:00:08.782058,0.5627684777288252,0.3870992560628517,4,19,0.03670261202013417,0.3152283745667847,40,129,COMPLETE
686,686,0.9333333333333333,2023-08-16 00:22:58.486401,2023-08-16 00:23:07.609938,0 days 00:00:09.123537,0.5340711189972831,0.33409987660559776,4,19,0.03410330001236457,0.31532822694140167,40,127,COMPLETE
687,687,0.9555555555555556,2023-08-16 00:23:07.610517,2023-08-16 00:23:18.461030,0 days 00:00:10.850513,0.5553406703038396,0.36923621370985604,4,19,0.030504362248485267,0.32599673336705576,40,130,COMPLETE
688,688,0.9777777777777777,2023-08-16 00:23:18.461575,2023-08-16 00:23:28.695364,0 days 00:00:10.233789,0.5781957763295245,0.34759101419354005,4,19,0.03228081099122551,0.3217272730499619,40,128,COMPLETE
689,689,0.9777777777777777,2023-08-16 00:23:28.695925,2023-08-16 00:23:37.936411,0 days 00:00:09.240486,0.5443997959066665,0.37885748514647344,4,19,0.036073516345268224,0.32879337103155276,40,130,COMPLETE
690,690,0.9777777777777777,2023-08-16 00:23:37.936983,2023-08-16 00:23:47.540840,0 days 00:00:09.603857,0.5239343317792275,0.399474418584651,4,19,0.03385590674263245,0.3167621358451004,40,127,COMPLETE
691,691,0.9555555555555556,2023-08-16 00:23:47.541384,2023-08-16 00:23:58.589358,0 days 00:00:11.047974,0.587856813787346,0.3579197416195241,4,19,0.031094871735710367,0.33157057454313077,40,126,COMPLETE
692,692,0.9777777777777777,2023-08-16 00:23:58.589913,2023-08-16 00:24:05.081632,0 days 00:00:06.491719,0.3421678448046522,0.3248329885862857,4,19,0.03747182240563374,0.3236967264956256,40,128,COMPLETE
693,693,0.9555555555555556,2023-08-16 00:24:05.082187,2023-08-16 00:24:14.622521,0 days 00:00:09.540334,0.5734516081692381,0.40725171744288075,4,19,0.03471174068937081,0.31912651454299146,40,131,COMPLETE
694,694,1.0,2023-08-16 00:24:14.623065,2023-08-16 00:24:23.006940,0 days 00:00:08.383875,0.5224321524678717,0.3675762792966807,4,19,0.03240512984298227,0.3259504895615094,40,125,COMPLETE
695,695,0.9555555555555556,2023-08-16 00:24:23.007500,2023-08-16 00:24:33.230976,0 days 00:00:10.223476,0.5189996305012369,0.3434423614171955,4,19,0.029698345747685703,0.3129248303183118,40,125,COMPLETE
696,696,0.9777777777777777,2023-08-16 00:24:33.231548,2023-08-16 00:24:43.115824,0 days 00:00:09.884276,0.5167445210994622,0.3609378630944693,4,19,0.03130715383221359,0.32426455114630076,40,126,COMPLETE
697,697,1.0,2023-08-16 00:24:43.116402,2023-08-16 00:24:59.760636,0 days 00:00:16.644234,0.5309801695666438,0.7820166583514626,4,19,0.03223443245610329,0.32051382308037235,40,125,COMPLETE
698,698,0.9555555555555556,2023-08-16 00:24:59.761198,2023-08-16 00:25:09.249739,0 days 00:00:09.488541,0.531003281120238,0.3903469340078657,4,19,0.03242918668871785,0.31934634885684177,40,125,COMPLETE
699,699,0.9333333333333333,2023-08-16 00:25:09.250307,2023-08-16 00:25:25.801986,0 days 00:00:16.551679,0.5141014937979613,0.7738471348918254,4,19,0.032841599654264975,0.31602194642126397,40,125,COMPLETE
700,700,0.9347826086956522,2023-08-16 00:25:25.802536,2023-08-16 00:25:42.106171,0 days 00:00:16.303635,0.5342028359617017,0.7385303014135312,4,20,0.031546107550016265,0.3207547345407638,40,126,COMPLETE
701,701,0.8260869565217391,2023-08-16 00:25:42.106722,2023-08-16 00:25:54.756097,0 days 00:00:12.649375,0.5131077029860902,0.7513551145590082,4,20,0.06354598211103693,0.31255793665341186,40,125,COMPLETE
702,702,0.782608695652174,2023-08-16 00:25:54.756634,2023-08-16 00:26:03.865126,0 days 00:00:09.108492,0.5313086966590849,0.3687266552361814,4,19,0.06503295066196137,0.3166821916666599,40,127,COMPLETE
703,703,0.8913043478260869,2023-08-16 00:26:03.865698,2023-08-16 00:26:11.072845,0 days 00:00:07.207147,0.1312838994764459,0.7658515900367285,4,19,0.06680640013305046,0.3223810908491898,40,124,COMPLETE
704,704,0.9347826086956522,2023-08-16 00:26:11.073406,2023-08-16 00:26:27.527849,0 days 00:00:16.454443,0.545264264414898,0.7643772933933017,4,19,0.030040685172394645,0.33485081230970537,40,126,COMPLETE
705,705,0.9347826086956522,2023-08-16 00:26:27.528420,2023-08-16 00:26:38.879724,0 days 00:00:11.351304,0.5234373290258735,0.40347788787311817,4,20,0.036777644242599494,0.3255503959728591,40,125,COMPLETE
706,706,0.8478260869565217,2023-08-16 00:26:38.880283,2023-08-16 00:26:55.593880,0 days 00:00:16.713597,0.33533826508398656,0.7894420442717662,4,19,0.029470848774708232,0.31635047985541204,40,124,COMPLETE
707,707,0.9130434782608695,2023-08-16 00:26:55.594442,2023-08-16 00:27:08.967984,0 days 00:00:13.373542,0.49875589040805896,0.754680718320055,4,19,0.06282833955985515,0.30984758135625445,40,126,COMPLETE
708,708,0.9565217391304348,2023-08-16 00:27:08.968538,2023-08-16 00:27:21.959180,0 days 00:00:12.990642,0.12024296975547456,0.7373640691607951,4,20,0.033687771447373616,0.32023495124349416,40,127,COMPLETE
709,709,0.9130434782608695,2023-08-16 00:27:21.959732,2023-08-16 00:27:32.883639,0 days 00:00:10.923907,0.2797542603288943,0.5219317635240345,4,19,0.03208781777902097,0.27785483984139525,40,124,COMPLETE
710,710,0.9130434782608695,2023-08-16 00:27:32.884194,2023-08-16 00:27:41.366786,0 days 00:00:08.482592,0.14797476821647165,0.7564137001997759,4,19,0.06870742038934756,0.31233206471139596,40,127,COMPLETE
711,711,0.9347826086956522,2023-08-16 00:27:41.367342,2023-08-16 00:27:57.483381,0 days 00:00:16.116039,0.5401317607070585,0.792031123062527,4,19,0.036092619582175835,0.31910442265199546,40,125,COMPLETE
712,712,0.8913043478260869,2023-08-16 00:27:57.483942,2023-08-16 00:28:10.343062,0 days 00:00:12.859120,0.505578175146349,0.7905968606246234,4,20,0.06427816487114958,0.3256313013664835,40,124,COMPLETE
713,713,0.9130434782608695,2023-08-16 00:28:10.343605,2023-08-16 00:28:21.801957,0 days 00:00:11.458352,0.31314168534534337,0.7691598575458001,4,19,0.06116520074422051,0.27513006482890023,40,125,COMPLETE
714,714,0.9130434782608695,2023-08-16 00:28:21.802520,2023-08-16 00:28:34.764462,0 days 00:00:12.961942,0.5249312500040589,0.7771613827583828,4,18,0.03120376172821004,0.232133964159871,40,126,COMPLETE
715,715,0.8695652173913043,2023-08-16 00:28:34.765027,2023-08-16 00:28:44.941665,0 days 00:00:10.176638,0.29888673001501737,0.7291432918978634,4,19,0.06682649451790469,0.22780957966706925,40,128,COMPLETE
716,716,0.8913043478260869,2023-08-16 00:28:44.942252,2023-08-16 00:28:55.858494,0 days 00:00:10.916242,0.11197583127511491,0.7965241535923756,4,20,0.033227740721192875,0.25094986227014765,40,127,COMPLETE
717,717,0.9347826086956522,2023-08-16 00:28:55.859069,2023-08-16 00:29:10.488109,0 days 00:00:14.629040,0.3802412554111406,0.7473938085071683,4,19,0.03794893471937722,0.33274788705136116,40,123,COMPLETE
718,718,0.9130434782608695,2023-08-16 00:29:10.488649,2023-08-16 00:29:19.042628,0 days 00:00:08.553979,0.358407283707527,0.3820492288342417,4,19,0.03552112091897089,0.3225397798693562,40,126,COMPLETE
719,719,0.8695652173913043,2023-08-16 00:29:19.043171,2023-08-16 00:29:28.691052,0 days 00:00:09.647881,0.5157359802861659,0.41189599300637225,4,18,0.046555628804328925,0.2719307645726979,40,124,COMPLETE
720,720,0.8695652173913043,2023-08-16 00:29:28.691603,2023-08-16 00:29:35.405723,0 days 00:00:06.714120,0.5031111475423848,0.42926098145946523,4,20,0.060186312515964624,0.3168282941067309,40,124,COMPLETE
721,721,0.9130434782608695,2023-08-16 00:29:35.406302,2023-08-16 00:29:44.259538,0 days 00:00:08.853236,0.5460296643902566,0.3551192140845432,4,18,0.03082821513999406,0.22495212750335133,40,127,COMPLETE
722,722,0.8695652173913043,2023-08-16 00:29:44.260095,2023-08-16 00:29:57.327251,0 days 00:00:13.067156,0.34704017007878163,0.7203336441478693,4,19,0.07027987278496921,0.2821783814811679,40,125,COMPLETE
723,723,0.782608695652174,2023-08-16 00:29:57.327804,2023-08-16 00:30:02.346074,0 days 00:00:05.018270,0.2903125118442995,0.3858023610788772,4,20,0.06754916651330731,0.256957127326432,40,123,COMPLETE
724,724,0.9347826086956522,2023-08-16 00:30:02.346628,2023-08-16 00:30:12.529558,0 days 00:00:10.182930,0.3261119993379476,0.737730229351107,4,19,0.06213278259892347,0.24202852937599564,40,126,COMPLETE
725,725,0.9130434782608695,2023-08-16 00:30:12.530184,2023-08-16 00:30:29.334685,0 days 00:00:16.804501,0.48948452065357606,0.745610263106684,4,19,0.028970373456072097,0.3135801649562121,40,128,COMPLETE
726,726,0.9130434782608695,2023-08-16 00:30:29.335289,2023-08-16 00:30:36.104989,0 days 00:00:06.769700,0.17491411349333671,0.7857788543998371,4,19,0.0650560166868047,0.21479604261194868,40,125,COMPLETE
727,727,0.9347826086956522,2023-08-16 00:30:36.105571,2023-08-16 00:30:50.504735,0 days 00:00:14.399164,0.5314927389919637,0.7189260853031626,4,18,0.03348683658350392,0.30833665001597516,40,123,COMPLETE
728,728,0.9130434782608695,2023-08-16 00:30:50.505305,2023-08-16 00:30:59.318304,0 days 00:00:08.812999,0.1391781083621651,0.7104739699005151,4,19,0.03205929445995377,0.3266901996367184,40,126,COMPLETE
729,729,0.8695652173913043,2023-08-16 00:30:59.318866,2023-08-16 00:31:07.575489,0 days 00:00:08.256623,0.15774004377912348,0.7648306785679044,4,20,0.06946010213984191,0.3229147685889433,40,128,COMPLETE
730,730,0.8913043478260869,2023-08-16 00:31:07.576056,2023-08-16 00:31:22.762056,0 days 00:00:15.186000,0.26825973885394533,0.7578772447788291,4,18,0.035353328897016666,0.2668421972513295,40,124,COMPLETE
731,731,0.8260869565217391,2023-08-16 00:31:22.762628,2023-08-16 00:31:28.960656,0 days 00:00:06.198028,0.5118705314697383,0.3164818255415103,4,19,0.06362463102351151,0.23352118749102746,40,124,COMPLETE
732,732,0.8913043478260869,2023-08-16 00:31:28.961213,2023-08-16 00:31:35.240707,0 days 00:00:06.279494,0.10148100749694038,0.7958055393324189,4,18,0.09565463273814881,0.2186882863325407,40,127,COMPLETE
733,733,0.9347826086956522,2023-08-16 00:31:35.241268,2023-08-16 00:31:46.468517,0 days 00:00:11.227249,0.3876070503060556,0.7300844755152027,4,19,0.04932014010562307,0.2863457582989674,40,125,COMPLETE
734,734,0.8913043478260869,2023-08-16 00:31:46.469087,2023-08-16 00:31:59.247581,0 days 00:00:12.778494,0.3687623420470517,0.7830401821411772,4,20,0.06573676527575847,0.3305573749725305,40,123,COMPLETE
735,735,0.9130434782608695,2023-08-16 00:31:59.248172,2023-08-16 00:32:14.218513,0 days 00:00:14.970341,0.47991814765362956,0.7989561406592001,4,19,0.03882335713192085,0.24811777718318573,40,126,COMPLETE
736,736,0.9130434782608695,2023-08-16 00:32:14.219093,2023-08-16 00:32:24.163759,0 days 00:00:09.944666,0.1235984863185939,0.7413948492059795,4,19,0.03685658047327173,0.27625386694772325,40,128,COMPLETE
737,737,0.9130434782608695,2023-08-16 00:32:24.164332,2023-08-16 00:32:36.247491,0 days 00:00:12.083159,0.5507591351157838,0.7244157283214708,4,18,0.06826762971586736,0.319356100780438,40,126,COMPLETE
738,738,0.9347826086956522,2023-08-16 00:32:36.248057,2023-08-16 00:32:45.739860,0 days 00:00:09.491803,0.19229200403753952,0.36385084992216726,4,20,0.04832664295640159,0.25316998585185535,40,149,COMPLETE
739,739,0.9130434782608695,2023-08-16 00:32:45.740412,2023-08-16 00:33:00.902223,0 days 00:00:15.161811,0.4618783117573277,0.7501405203057743,4,19,0.030091678932095973,0.2709550230895944,40,129,COMPLETE
740,740,0.9130434782608695,2023-08-16 00:33:00.902778,2023-08-16 00:33:09.072423,0 days 00:00:08.169645,0.3147689294465766,0.6290888205644477,4,19,0.06025761716344912,0.2804333082799561,40,125,COMPLETE
741,741,0.8913043478260869,2023-08-16 00:33:09.073003,2023-08-16 00:33:21.409015,0 days 00:00:12.336012,0.5356324941949157,0.7689982901400836,4,18,0.04507609313783535,0.23565454482862697,40,123,COMPLETE
742,742,0.9130434782608695,2023-08-16 00:33:21.409573,2023-08-16 00:33:33.193740,0 days 00:00:11.784167,0.49721168878657757,0.7842839414387335,4,20,0.07118881785746806,0.31078764721745866,40,125,COMPLETE
743,743,0.9347826086956522,2023-08-16 00:33:33.194367,2023-08-16 00:33:46.715427,0 days 00:00:13.521060,0.4091101264100993,0.7586865514600164,4,19,0.06270451761872306,0.31520080638637926,40,127,COMPLETE
744,744,0.9130434782608695,2023-08-16 00:33:46.716024,2023-08-16 00:34:00.994075,0 days 00:00:14.278051,0.5212617936280363,0.7707652070644827,4,18,0.03313767898840514,0.22266260306459015,40,124,COMPLETE
745,745,0.8913043478260869,2023-08-16 00:34:00.994650,2023-08-16 00:34:15.967445,0 days 00:00:14.972795,0.42712021878945394,0.7333508889675553,4,19,0.02869259017804705,0.2412984467013669,40,123,COMPLETE
746,746,0.8913043478260869,2023-08-16 00:34:15.968060,2023-08-16 00:34:23.981253,0 days 00:00:08.013193,0.2849216588621662,0.4884032013032096,4,19,0.043463712546878246,0.24468697008507262,40,128,COMPLETE
747,747,0.9347826086956522,2023-08-16 00:34:23.981840,2023-08-16 00:34:35.872272,0 days 00:00:11.890432,0.33297401424751827,0.5257346813579223,4,18,0.03497436306800649,0.22911430383580392,40,130,COMPLETE
748,748,0.9347826086956522,2023-08-16 00:34:35.872845,2023-08-16 00:34:50.549844,0 days 00:00:14.676999,0.504082156762289,0.7154220725221273,4,20,0.031589584082519453,0.30537267929957596,40,127,COMPLETE
