,number,value,datetime_start,datetime_complete,duration,params_cross_ind_prob,params_cross_prob,params_cv,params_max_features,params_muta_ind_prob,params_muta_prob,params_n_gens,params_n_population,state
856,856,0.8444444444444444,2023-08-16 00:50:27.805742,2023-08-16 00:50:39.925384,0 days 00:00:12.119642,0.577035982244756,0.4255716838485857,4,19,0.03775050759093271,0.27843870898768114,50,129,COMPLETE
857,857,0.9333333333333333,2023-08-16 00:50:39.925999,2023-08-16 00:50:51.648927,0 days 00:00:11.722928,0.3313212967469223,0.7262693722474856,4,18,0.05551693310579332,0.2482706312472082,40,123,COMPLETE
858,858,0.8888888888888888,2023-08-16 00:50:51.649523,2023-08-16 00:51:02.949032,0 days 00:00:11.299509,0.49054554443671383,0.3113134053554778,4,20,0.0286786601809979,0.3131659532504826,50,126,COMPLETE
859,859,0.8,2023-08-16 00:51:02.949621,2023-08-16 00:51:09.087714,0 days 00:00:06.138093,0.23858467221160068,0.5517336445715798,4,13,0.06276431598726026,0.22404504433666797,60,149,COMPLETE
860,860,0.8666666666666667,2023-08-16 00:51:09.088306,2023-08-16 00:51:18.634135,0 days 00:00:09.545829,0.1427280682438597,0.352503452096232,4,19,0.039730993972505284,0.32722330478513983,50,127,COMPLETE
861,861,0.8444444444444444,2023-08-16 00:51:18.634808,2023-08-16 00:51:27.928023,0 days 00:00:09.293215,0.17912614336454397,0.5202662270463311,4,19,0.07071671536724997,0.32205575443908324,40,125,COMPLETE
862,862,0.8666666666666667,2023-08-16 00:51:27.928616,2023-08-16 00:51:45.621904,0 days 00:00:17.693288,0.5269616635056786,0.6645419653341346,4,18,0.03257355618261425,0.25997068072349416,60,123,COMPLETE
863,863,0.8444444444444444,2023-08-16 00:51:45.622537,2023-08-16 00:51:57.190773,0 days 00:00:11.568236,0.4645598751704701,0.6971244214153034,4,20,0.0670727683441192,0.22985526795708347,50,145,COMPLETE
864,864,0.8888888888888888,2023-08-16 00:51:57.191365,2023-08-16 00:52:12.075469,0 days 00:00:14.884104,0.2991700489285641,0.5706705305244898,4,19,0.04241244913528812,0.297780049985065,40,154,COMPLETE
865,865,0.8444444444444444,2023-08-16 00:52:12.076097,2023-08-16 00:52:16.444005,0 days 00:00:04.367908,0.21985685748057548,0.48241981896912756,4,11,0.04892321970005229,0.30565054083059157,60,128,COMPLETE
866,866,0.8444444444444444,2023-08-16 00:52:16.444636,2023-08-16 00:52:22.756535,0 days 00:00:06.311899,0.1634541307503659,0.3415515679833831,4,18,0.06125184345290382,0.31476491264500495,50,131,COMPLETE
867,867,0.8666666666666667,2023-08-16 00:52:22.757133,2023-08-16 00:52:30.106812,0 days 00:00:07.349679,0.26330580933093994,0.4462883757307415,4,19,0.07278458333633671,0.2544066891144986,40,120,COMPLETE
868,868,0.8444444444444444,2023-08-16 00:52:30.107421,2023-08-16 00:52:41.926844,0 days 00:00:11.819423,0.3526095736865073,0.5395947025752099,4,17,0.06491579879514725,0.2928341609442889,60,125,COMPLETE
869,869,0.9111111111111111,2023-08-16 00:52:41.927454,2023-08-16 00:52:56.662956,0 days 00:00:14.735502,0.5119380335411051,0.6887390775967338,4,13,0.03593768677202554,0.32571264582963694,50,146,COMPLETE
870,870,0.8666666666666667,2023-08-16 00:52:56.663562,2023-08-16 00:53:06.213935,0 days 00:00:09.550373,0.1131824243071321,0.4695768143339122,4,20,0.02678412787196515,0.2835485177180763,40,127,COMPLETE
871,871,0.9555555555555556,2023-08-16 00:53:06.214532,2023-08-16 00:53:23.464293,0 days 00:00:17.249761,0.5416443570194703,0.7468867443668561,4,19,0.031149825019267316,0.20900680818529177,60,130,COMPLETE
872,872,0.8888888888888888,2023-08-16 00:53:23.464902,2023-08-16 00:53:30.289241,0 days 00:00:06.824339,0.5523001787690477,0.3954074441393423,4,18,0.05740645658048331,0.3317018587501051,50,122,COMPLETE
873,873,0.7333333333333333,2023-08-16 00:53:30.289858,2023-08-16 00:53:35.047416,0 days 00:00:04.757558,0.44590702868147536,0.3819696863580184,4,13,0.06938025811083376,0.32038519105844115,40,124,COMPLETE
874,874,0.7333333333333333,2023-08-16 00:53:35.048004,2023-08-16 00:53:47.013441,0 days 00:00:11.965437,0.19459084037047306,0.49803384584343324,4,12,0.03408484598079033,0.2744373226125881,60,133,COMPLETE
875,875,0.8888888888888888,2023-08-16 00:53:47.014069,2023-08-16 00:53:51.119772,0 days 00:00:04.105703,0.4035419039500145,0.3659892414124701,4,19,0.09877030975801042,0.24149015604055857,50,126,COMPLETE
876,876,0.9333333333333333,2023-08-16 00:53:51.120366,2023-08-16 00:54:03.263995,0 days 00:00:12.143629,0.4814097684023544,0.5094689143325625,4,19,0.029366770391660944,0.28817668099533245,40,123,COMPLETE
877,877,0.8666666666666667,2023-08-16 00:54:03.264593,2023-08-16 00:54:24.061888,0 days 00:00:20.797295,0.3776043350144149,0.6425956081662414,4,20,0.04574076125470753,0.30860740377045864,60,147,COMPLETE
878,878,0.9333333333333333,2023-08-16 00:54:24.062501,2023-08-16 00:54:41.935632,0 days 00:00:17.873131,0.5285634052028845,0.7603855823178608,4,17,0.03240572697830889,0.31835131680019907,50,143,COMPLETE
879,879,0.8888888888888888,2023-08-16 00:54:41.936253,2023-08-16 00:54:51.876854,0 days 00:00:09.940601,0.22697500158272427,0.5627388069246443,4,19,0.05184089418871222,0.22733470353666194,40,127,COMPLETE
880,880,0.8222222222222222,2023-08-16 00:54:51.877448,2023-08-16 00:55:07.436596,0 days 00:00:15.559148,0.5177672858919616,0.6066470696997637,4,18,0.060159550798873376,0.33810526357310705,60,129,COMPLETE
881,881,0.8444444444444444,2023-08-16 00:55:07.437200,2023-08-16 00:55:15.812810,0 days 00:00:08.375610,0.5941361552969979,0.6196208265456529,4,18,0.08604754741621112,0.2666024069189811,50,125,COMPLETE
882,882,0.8666666666666667,2023-08-16 00:55:15.813401,2023-08-16 00:55:26.724478,0 days 00:00:10.911077,0.4996068017627268,0.7997690016875829,4,19,0.06655347290892741,0.23603374798709528,40,122,COMPLETE
883,883,0.8444444444444444,2023-08-16 00:55:26.725098,2023-08-16 00:55:38.242520,0 days 00:00:11.517422,0.42066436224915515,0.7777559531595704,4,13,0.03786968143485946,0.24544695899497862,60,124,COMPLETE
884,884,0.8444444444444444,2023-08-16 00:55:38.243117,2023-08-16 00:55:49.049947,0 days 00:00:10.806830,0.4575346829416335,0.4560949264079389,4,20,0.06282929668666055,0.3045657288068832,50,126,COMPLETE
885,885,0.8888888888888888,2023-08-16 00:55:49.050573,2023-08-16 00:55:58.568056,0 days 00:00:09.517483,0.3257163431214568,0.35872454585690394,4,19,0.03461307257997018,0.324165445280218,40,121,COMPLETE
886,886,0.7777777777777778,2023-08-16 00:55:58.568646,2023-08-16 00:56:03.060457,0 days 00:00:04.491811,0.31152124957146526,0.2128617541587718,4,12,0.05905845381613912,0.2706058115252485,60,128,COMPLETE
887,887,0.7777777777777778,2023-08-16 00:56:03.061054,2023-08-16 00:56:09.190594,0 days 00:00:06.129540,0.13101934254239972,0.5830939311479658,4,19,0.09658718417066439,0.20333105706634505,50,144,COMPLETE
888,888,0.8222222222222222,2023-08-16 00:56:09.191185,2023-08-16 00:56:17.496691,0 days 00:00:08.305506,0.5584476920937671,0.6572076652877614,4,17,0.06437881425038439,0.27822012818864006,40,124,COMPLETE
889,889,0.8222222222222222,2023-08-16 00:56:17.497289,2023-08-16 00:56:21.764905,0 days 00:00:04.267616,0.48921809607270705,0.4333482203853391,4,18,0.09325960086791982,0.21337327605716683,50,132,COMPLETE
890,890,0.8888888888888888,2023-08-16 00:56:21.765498,2023-08-16 00:56:34.238633,0 days 00:00:12.473135,0.24182311375896148,0.4177534597688227,4,20,0.03308295220164353,0.2223635750002644,60,125,COMPLETE
891,891,0.8222222222222222,2023-08-16 00:56:34.239236,2023-08-16 00:56:38.293029,0 days 00:00:04.053793,0.10303292850828755,0.7160928105723072,4,13,0.07151325831545315,0.3286746355433195,50,127,COMPLETE
892,892,0.7555555555555555,2023-08-16 00:56:38.293625,2023-08-16 00:56:44.522579,0 days 00:00:06.228954,0.15217832401768994,0.49297462676278325,4,19,0.06790657897014145,0.19958191706944028,40,123,COMPLETE
893,893,0.8444444444444444,2023-08-16 00:56:44.523216,2023-08-16 00:56:59.269524,0 days 00:00:14.746308,0.2881508002820879,0.6352994521019399,4,19,0.03685229397294008,0.23249204968999643,60,126,COMPLETE
894,894,0.8444444444444444,2023-08-16 00:56:59.270144,2023-08-16 00:57:05.289732,0 days 00:00:06.019588,0.46959146997509627,0.5284303557421733,4,11,0.0938094945512385,0.31246760627611286,50,148,COMPLETE
895,895,0.9111111111111111,2023-08-16 00:57:05.290697,2023-08-16 00:57:15.717816,0 days 00:00:10.427119,0.5359175482690708,0.2363338910779153,4,18,0.030093316947851004,0.30059532758308016,40,130,COMPLETE
896,896,0.8444444444444444,2023-08-16 00:57:15.718432,2023-08-16 00:57:19.691464,0 days 00:00:03.973032,0.3476533434687392,0.3329829155739327,4,12,0.07393513464116981,0.2841302767302923,60,128,COMPLETE
897,897,0.8222222222222222,2023-08-16 00:57:19.692101,2023-08-16 00:57:26.548669,0 days 00:00:06.856568,0.26736014604785047,0.4794221021834458,4,20,0.08992320260145036,0.25297147842451323,50,122,COMPLETE
898,898,0.8444444444444444,2023-08-16 00:57:26.549267,2023-08-16 00:57:30.858526,0 days 00:00:04.309259,0.5077567373732492,0.3791393778831308,4,14,0.07958013431462753,0.2597262537145223,40,124,COMPLETE
899,899,0.8444444444444444,2023-08-16 00:57:30.859119,2023-08-16 00:57:37.654042,0 days 00:00:06.794923,0.5728095333748722,0.5148288492449875,4,13,0.05081728670814388,0.23988611366078474,60,126,COMPLETE
900,900,0.9111111111111111,2023-08-16 00:57:37.654651,2023-08-16 00:57:45.551755,0 days 00:00:07.897104,0.25326763225331056,0.3455633666004025,4,19,0.05614354739421676,0.31911385903635026,50,145,COMPLETE
901,901,0.9111111111111111,2023-08-16 00:57:45.552390,2023-08-16 00:57:55.254662,0 days 00:00:09.702272,0.5456128735314897,0.5556286674921115,4,18,0.03577706879444245,0.29228213922970137,40,125,COMPLETE
902,902,0.9333333333333333,2023-08-16 00:57:55.255272,2023-08-16 00:58:12.867634,0 days 00:00:17.612362,0.5195909503996342,0.7374128301065956,4,19,0.06111120418926074,0.3151277206832847,60,127,COMPLETE
903,903,0.9111111111111111,2023-08-16 00:58:12.868254,2023-08-16 00:58:18.484011,0 days 00:00:05.615757,0.20376813752615536,0.40394184742885225,4,17,0.054399400616610236,0.27620792485109014,50,129,COMPLETE
904,904,0.8888888888888888,2023-08-16 00:58:18.484613,2023-08-16 00:58:26.976700,0 days 00:00:08.492087,0.1883582156478484,0.6803539435078279,4,19,0.06564529053087882,0.3231091856098354,40,123,COMPLETE
905,905,0.9111111111111111,2023-08-16 00:58:26.977311,2023-08-16 00:58:38.811708,0 days 00:00:11.834397,0.4374318511916373,0.4593896805835003,4,20,0.03912527292059062,0.21728462925929873,60,124,COMPLETE
906,906,0.9111111111111111,2023-08-16 00:58:38.812319,2023-08-16 00:58:42.161183,0 days 00:00:03.348864,0.312408869015471,0.2751625642627401,4,13,0.07013129258729969,0.33333419034670936,50,121,COMPLETE
907,907,0.9111111111111111,2023-08-16 00:58:42.161867,2023-08-16 00:58:49.574091,0 days 00:00:07.412224,0.37519657435627063,0.3131354111861294,4,18,0.03225644267954312,0.281015836640624,40,128,COMPLETE
908,908,0.8666666666666667,2023-08-16 00:58:49.574691,2023-08-16 00:59:00.550534,0 days 00:00:10.975843,0.17387015946617324,0.5442327313390235,4,19,0.02792254182123565,0.2503618983364234,60,143,COMPLETE
909,909,0.9333333333333333,2023-08-16 00:59:00.551148,2023-08-16 00:59:07.580349,0 days 00:00:07.029201,0.4942040102464416,0.5047493344212695,4,17,0.07613105528987922,0.32764318484250315,50,125,COMPLETE
910,910,0.9111111111111111,2023-08-16 00:59:07.581056,2023-08-16 00:59:14.860047,0 days 00:00:07.278991,0.23055270554478738,0.47022552765822934,4,18,0.03136136665109923,0.2272573955217459,40,126,COMPLETE
911,911,0.8666666666666667,2023-08-16 00:59:14.860648,2023-08-16 00:59:21.567276,0 days 00:00:06.706628,0.4722609927696856,0.4852154624059064,4,14,0.04818948999226049,0.3104339886421145,60,123,COMPLETE
912,912,0.8888888888888888,2023-08-16 00:59:21.567880,2023-08-16 00:59:29.859479,0 days 00:00:08.291599,0.5819511167368812,0.3651456844567288,4,19,0.03379599447422413,0.3433917914923969,50,120,COMPLETE
913,913,0.9111111111111111,2023-08-16 00:59:29.860104,2023-08-16 00:59:35.027450,0 days 00:00:05.167346,0.40881900509365426,0.4409130251256044,4,19,0.06859667001913158,0.263504226074526,40,122,COMPLETE
914,914,0.8222222222222222,2023-08-16 00:59:35.028071,2023-08-16 00:59:39.156176,0 days 00:00:04.128105,0.5600187004817754,0.5978021300824073,4,7,0.05263057456645146,0.26957375517327253,60,127,COMPLETE
915,915,0.8888888888888888,2023-08-16 00:59:39.156781,2023-08-16 00:59:44.991230,0 days 00:00:05.834449,0.5303295030080387,0.38894075895014935,4,20,0.09819630888721238,0.2202844955539457,50,146,COMPLETE
916,916,0.9555555555555556,2023-08-16 00:59:44.991881,2023-08-16 00:59:51.117619,0 days 00:00:06.125738,0.2962523636436685,0.6501104309719559,4,13,0.09525363185491893,0.23674679716028021,40,125,COMPLETE
917,917,0.9111111111111111,2023-08-16 00:59:51.118299,2023-08-16 01:00:03.036876,0 days 00:00:11.918577,0.2119101907736779,0.32508247250856753,4,18,0.02580984355448887,0.29622262652900727,50,124,COMPLETE
918,918,0.8888888888888888,2023-08-16 01:00:03.037487,2023-08-16 01:00:07.100276,0 days 00:00:04.062789,0.45122105522951933,0.29787854213506665,4,12,0.06214851543046299,0.20845675398447594,60,127,COMPLETE
919,919,0.8888888888888888,2023-08-16 01:00:07.100886,2023-08-16 01:00:14.141435,0 days 00:00:07.040549,0.28080527653171905,0.5781041355192272,4,19,0.045136821954039716,0.19417508138857428,50,129,COMPLETE
920,920,0.9555555555555556,2023-08-16 01:00:14.142064,2023-08-16 01:00:19.334422,0 days 00:00:05.192358,0.14378681383930503,0.2580374893276802,4,20,0.06423978808697985,0.2566237162330768,40,126,COMPLETE
921,921,0.9333333333333333,2023-08-16 01:00:19.335025,2023-08-16 01:00:30.114606,0 days 00:00:10.779581,0.770945074091216,0.744903712461996,4,17,0.03509596219461877,0.30329548428218667,60,123,COMPLETE
922,922,0.9333333333333333,2023-08-16 01:00:30.115209,2023-08-16 01:00:39.453084,0 days 00:00:09.337875,0.24876324967962876,0.7050404826566522,4,19,0.05956545942556902,0.32268561378858024,50,131,COMPLETE
923,923,0.8888888888888888,2023-08-16 01:00:39.453688,2023-08-16 01:00:42.053451,0 days 00:00:02.599763,0.33214168357378293,0.22062890937415294,4,19,0.07172395585554345,0.2889306258005562,40,125,COMPLETE
924,924,0.9333333333333333,2023-08-16 01:00:42.054107,2023-08-16 01:00:57.915043,0 days 00:00:15.860936,0.5107471356404152,0.7798104620954597,4,13,0.04114132622419282,0.3168678991718644,60,144,COMPLETE
925,925,0.8888888888888888,2023-08-16 01:00:57.915655,2023-08-16 01:01:04.836626,0 days 00:00:06.920971,0.3587635810102898,0.35057967507773746,4,19,0.06687914143427157,0.27334237130091144,50,150,COMPLETE
926,926,0.9111111111111111,2023-08-16 01:01:04.837230,2023-08-16 01:01:14.206825,0 days 00:00:09.369595,0.4824496070373563,0.5238707625909402,4,18,0.029979773098843854,0.3075839632771145,40,122,COMPLETE
927,927,0.9111111111111111,2023-08-16 01:01:14.207501,2023-08-16 01:01:17.451188,0 days 00:00:03.243687,0.15820401708792595,0.4910264905655128,4,13,0.08235303303903363,0.24558224645313895,60,128,COMPLETE
928,928,0.7777777777777778,2023-08-16 01:01:17.451816,2023-08-16 01:01:28.924068,0 days 00:00:11.472252,0.1179082658614104,0.6930669290722863,4,14,0.0499704132313722,0.3317151573878317,50,133,COMPLETE
929,929,0.8222222222222222,2023-08-16 01:01:28.924680,2023-08-16 01:01:34.573733,0 days 00:00:05.649053,0.5441520893003662,0.3753796870122078,4,12,0.03759782904762991,0.23358146762550291,40,124,COMPLETE
930,930,0.9111111111111111,2023-08-16 01:01:34.574361,2023-08-16 01:01:44.638903,0 days 00:00:10.064542,0.7634375615764606,0.7204097703923869,4,19,0.057175557859029495,0.2797102598425325,60,121,COMPLETE
931,931,0.9111111111111111,2023-08-16 01:01:44.639490,2023-08-16 01:01:57.842272,0 days 00:00:13.202782,0.3948510408788971,0.5665404139592048,4,20,0.03343848679248354,0.32633244327762095,50,126,COMPLETE
932,932,0.8888888888888888,2023-08-16 01:01:57.842880,2023-08-16 01:02:06.078463,0 days 00:00:08.235583,0.4276193374419486,0.5377118493604416,4,18,0.057800778596142625,0.22492112918938426,40,124,COMPLETE
933,933,0.9111111111111111,2023-08-16 01:02:06.079076,2023-08-16 01:02:16.338096,0 days 00:00:10.259020,0.6732777015785849,0.5025016401999953,4,19,0.06331078888284095,0.2841601494598,60,148,COMPLETE
934,934,0.9333333333333333,2023-08-16 01:02:16.338723,2023-08-16 01:02:22.854555,0 days 00:00:06.515832,0.5246493222815345,0.608231403311827,4,11,0.09098427654990796,0.31933545369071187,50,128,COMPLETE
935,935,0.8888888888888888,2023-08-16 01:02:22.855196,2023-08-16 01:02:30.829875,0 days 00:00:07.974679,0.4999747079623789,0.4738592166603033,4,17,0.07288245689304627,0.31446857593536426,40,145,COMPLETE
936,936,0.9333333333333333,2023-08-16 01:02:30.830570,2023-08-16 01:02:38.335837,0 days 00:00:07.505267,0.18351617514021024,0.589771038687364,4,19,0.053578264526758304,0.2980556116632298,60,127,COMPLETE
937,937,0.9333333333333333,2023-08-16 01:02:38.336503,2023-08-16 01:02:51.734110,0 days 00:00:13.397607,0.5714063168621741,0.6731326032158574,4,20,0.08490689153318874,0.2871877945287583,50,151,COMPLETE
938,938,0.9333333333333333,2023-08-16 01:02:51.734727,2023-08-16 01:02:58.809920,0 days 00:00:07.075193,0.13382183978875672,0.7643979357523801,4,18,0.03129497649555385,0.2145229948595467,40,125,COMPLETE
939,939,0.8666666666666667,2023-08-16 01:02:58.810544,2023-08-16 01:03:04.972850,0 days 00:00:06.162306,0.2674286343939661,0.33945874414472343,4,14,0.04414305048831417,0.2668266010425066,60,123,COMPLETE
940,940,0.8666666666666667,2023-08-16 01:03:04.973490,2023-08-16 01:03:12.190298,0 days 00:00:07.216808,0.224123266580288,0.6244454719435235,4,19,0.06971691844242056,0.3228337135246103,50,147,COMPLETE
941,941,0.9111111111111111,2023-08-16 01:03:12.190922,2023-08-16 01:03:17.724829,0 days 00:00:05.533907,0.10005262296235815,0.4488359353980638,4,13,0.03602711154897196,0.20435781731041966,40,129,COMPLETE
942,942,0.8666666666666667,2023-08-16 01:03:17.725430,2023-08-16 01:03:25.400331,0 days 00:00:07.674901,0.3415442238531592,0.4118464965495525,4,19,0.05571611773150392,0.22966705783029076,60,120,COMPLETE
943,943,0.8,2023-08-16 01:03:25.400959,2023-08-16 01:03:32.195833,0 days 00:00:06.794874,0.46506224307351013,0.5136685271214402,4,12,0.06175134021423119,0.3297369034401281,50,143,COMPLETE
944,944,0.8888888888888888,2023-08-16 01:03:32.196456,2023-08-16 01:03:37.818576,0 days 00:00:05.622120,0.5514475345783069,0.3693973972590623,4,18,0.06045805313199182,0.18839756975639768,40,130,COMPLETE
945,945,0.9333333333333333,2023-08-16 01:03:37.819187,2023-08-16 01:03:47.959831,0 days 00:00:10.140644,0.5156807481933533,0.6636859269499269,4,20,0.06797873103818064,0.24201618699091204,50,126,COMPLETE
946,946,0.9333333333333333,2023-08-16 01:03:47.960433,2023-08-16 01:04:06.275155,0 days 00:00:18.314722,0.5324648251556252,0.7998952078523451,4,19,0.042519085628712816,0.33657050015021894,60,125,COMPLETE
947,947,0.8888888888888888,2023-08-16 01:04:06.275763,2023-08-16 01:04:10.873700,0 days 00:00:04.597937,0.48918959433865283,0.3561005146024544,4,18,0.06584394204477607,0.3106686689983115,50,122,COMPLETE
948,948,0.8222222222222222,2023-08-16 01:04:10.874347,2023-08-16 01:04:20.164842,0 days 00:00:09.290495,0.7533058274006181,0.45985537668762644,4,17,0.03319618611327494,0.24894104638447526,40,127,COMPLETE
949,949,0.9111111111111111,2023-08-16 01:04:20.165464,2023-08-16 01:04:28.205332,0 days 00:00:08.039868,0.6074405044042976,0.7546834205042812,4,13,0.09165037821677523,0.2931328303864589,60,124,COMPLETE
950,950,0.8913043478260869,2023-08-16 01:04:28.205966,2023-08-16 01:04:38.891001,0 days 00:00:10.685035,0.24139890745834142,0.42568368145201885,4,19,0.03966458577217229,0.2606361818199972,50,126,COMPLETE
951,951,0.8913043478260869,2023-08-16 01:04:38.891633,2023-08-16 01:04:44.906671,0 days 00:00:06.015038,0.3830171541481937,0.39262077927870226,4,20,0.07489672919603632,0.27717860108078723,40,142,COMPLETE
952,952,0.9565217391304348,2023-08-16 01:04:44.907299,2023-08-16 01:04:59.239691,0 days 00:00:14.332392,0.20458724479000404,0.7327233591498851,4,19,0.0351072067243818,0.3037907204365397,60,123,COMPLETE
953,953,0.9130434782608695,2023-08-16 01:04:59.240290,2023-08-16 01:05:06.409363,0 days 00:00:07.169073,0.32128638790587616,0.47988871170910263,4,13,0.04915325938015362,0.2708441578750073,50,134,COMPLETE
954,954,0.9347826086956522,2023-08-16 01:05:06.409995,2023-08-16 01:05:22.402435,0 days 00:00:15.992440,0.2998371688503859,0.7832144976829316,4,17,0.029212701676246695,0.3198373163115994,40,144,COMPLETE
955,955,0.8913043478260869,2023-08-16 01:05:22.403063,2023-08-16 01:05:31.556606,0 days 00:00:09.153543,0.3649965770598058,0.5559417247436551,4,14,0.04757281217801498,0.2558942933525055,60,130,COMPLETE
956,956,0.9130434782608695,2023-08-16 01:05:31.557216,2023-08-16 01:05:47.819496,0 days 00:00:16.262280,0.4489516068718057,0.6349290487165824,4,20,0.031790703644882144,0.3268028161177383,50,128,COMPLETE
957,957,0.9347826086956522,2023-08-16 01:05:47.820111,2023-08-16 01:05:57.445240,0 days 00:00:09.625129,0.5040067474059031,0.4926983178685388,4,19,0.027860562504711882,0.22182003762881464,40,125,COMPLETE
958,958,0.9130434782608695,2023-08-16 01:05:57.445883,2023-08-16 01:06:08.719829,0 days 00:00:11.273946,0.27837653655824107,0.7120529599169986,4,18,0.08930064123019374,0.3157044275069052,60,146,COMPLETE
959,959,0.9130434782608695,2023-08-16 01:06:08.720458,2023-08-16 01:06:15.323055,0 days 00:00:06.602597,0.6499179638140232,0.5165751948491104,4,19,0.0775697322914968,0.23438981798199424,50,122,COMPLETE
960,960,0.8478260869565217,2023-08-16 01:06:15.323661,2023-08-16 01:06:18.128032,0 days 00:00:02.804371,0.5929662869035377,0.25344855278923845,4,19,0.06438517803350684,0.3402049960011035,40,126,COMPLETE
961,961,0.8695652173913043,2023-08-16 01:06:18.128757,2023-08-16 01:06:25.749202,0 days 00:00:07.620445,0.17286783392337166,0.6875619930671646,4,18,0.04678976445263965,0.1986156159878712,60,121,COMPLETE
962,962,0.9130434782608695,2023-08-16 01:06:25.749838,2023-08-16 01:06:30.698031,0 days 00:00:04.948193,0.7871293511564252,0.5308835988790848,4,13,0.03417510530629295,0.21739038937904198,50,124,COMPLETE
