,number,value,datetime_start,datetime_complete,duration,params_cross_ind_prob,params_cross_prob,params_cv,params_max_features,params_muta_ind_prob,params_muta_prob,params_n_gens,params_n_population,state
749,749,0.9130434782608695,2023-08-16 00:34:50.550426,2023-08-16 00:35:00.778047,0 days 00:00:10.227621,0.4459630390910424,0.5469427745484842,4,19,0.05841024747766079,0.3247351260721385,40,126,COMPLETE
750,750,0.8444444444444444,2023-08-16 00:35:00.778604,2023-08-16 00:35:06.317334,0 days 00:00:05.538730,0.17452612168770937,0.32979439820081347,4,19,0.0665324018830644,0.3333637878942696,40,124,COMPLETE
751,751,0.9111111111111111,2023-08-16 00:35:06.317934,2023-08-16 00:35:09.368481,0 days 00:00:03.050547,0.3020188777620633,0.4452452947926926,4,12,0.06120918601588777,0.2636859587821972,40,131,COMPLETE
752,752,0.9111111111111111,2023-08-16 00:35:09.369089,2023-08-16 00:35:24.044803,0 days 00:00:14.675714,0.5452154804659527,0.7054241546992979,4,18,0.033228790458547666,0.28467619484267337,40,122,COMPLETE
753,753,0.8666666666666667,2023-08-16 00:35:24.045372,2023-08-16 00:35:32.930730,0 days 00:00:08.885358,0.4744897231527629,0.47262021413994754,4,19,0.03777798772593795,0.3280386027284252,40,125,COMPLETE
754,754,0.8888888888888888,2023-08-16 00:35:32.931324,2023-08-16 00:35:37.692908,0 days 00:00:04.761584,0.24577054404934873,0.37513283195017455,4,20,0.06404151888418254,0.32121258596550595,40,129,COMPLETE
755,755,0.8888888888888888,2023-08-16 00:35:37.693474,2023-08-16 00:35:43.345627,0 days 00:00:05.652153,0.4888340503558145,0.5071440173065777,4,19,0.06979775353361957,0.2752809642536996,40,123,COMPLETE
756,756,0.8444444444444444,2023-08-16 00:35:43.346194,2023-08-16 00:35:47.054405,0 days 00:00:03.708211,0.15585522108632066,0.5167255605824274,4,18,0.08954552305551056,0.31674097482282104,40,126,COMPLETE
757,757,0.7777777777777778,2023-08-16 00:35:47.054989,2023-08-16 00:35:55.703463,0 days 00:00:08.648474,0.2621392667762089,0.35395526791855336,4,19,0.035847408861053795,0.2691977546128935,40,124,COMPLETE
758,758,0.8888888888888888,2023-08-16 00:35:55.704036,2023-08-16 00:36:04.798571,0 days 00:00:09.094535,0.5220638491574373,0.3940811232212307,4,20,0.030658584019156714,0.28884084800583876,40,127,COMPLETE
759,759,0.8666666666666667,2023-08-16 00:36:04.799157,2023-08-16 00:36:11.850635,0 days 00:00:07.051478,0.3560231775364909,0.6494332894595982,4,19,0.04669772047495971,0.2606443337726169,40,128,COMPLETE
760,760,0.8666666666666667,2023-08-16 00:36:11.851223,2023-08-16 00:36:25.803413,0 days 00:00:13.952190,0.39937339453359094,0.7837003733957487,4,18,0.034490279494627414,0.20852665783530364,40,122,COMPLETE
761,761,0.8888888888888888,2023-08-16 00:36:25.804003,2023-08-16 00:36:33.739033,0 days 00:00:07.935030,0.19789251014232775,0.5363503967431815,4,19,0.041186933625424735,0.2153095629195567,40,125,COMPLETE
762,762,0.8888888888888888,2023-08-16 00:36:33.739721,2023-08-16 00:36:39.956269,0 days 00:00:06.216548,0.5601553122105154,0.48417620573358383,4,19,0.06760068382174653,0.255597181558888,50,146,COMPLETE
763,763,0.8888888888888888,2023-08-16 00:36:39.956843,2023-08-16 00:36:45.278245,0 days 00:00:05.321402,0.5315794798476458,0.36563683453205986,4,20,0.06528569124649879,0.31193775303869514,40,124,COMPLETE
764,764,0.8666666666666667,2023-08-16 00:36:45.278815,2023-08-16 00:36:49.671212,0 days 00:00:04.392397,0.1371868586199681,0.33643030670694285,4,19,0.05920981391568821,0.32432087439639884,50,148,COMPLETE
765,765,0.9111111111111111,2023-08-16 00:36:49.671823,2023-08-16 00:36:59.863486,0 days 00:00:10.191663,0.2136862699423469,0.7147679692615476,4,18,0.05006239771742695,0.23640014779521457,40,127,COMPLETE
766,766,0.8666666666666667,2023-08-16 00:36:59.864096,2023-08-16 00:37:06.094942,0 days 00:00:06.230846,0.2740921794141675,0.4168254895709016,4,12,0.02826361679139957,0.22634785409151834,50,126,COMPLETE
767,767,0.9111111111111111,2023-08-16 00:37:06.095512,2023-08-16 00:37:16.797751,0 days 00:00:10.702239,0.5109383547210327,0.7791255556032285,4,20,0.09327780224996235,0.27771021881792435,40,125,COMPLETE
768,768,0.8666666666666667,2023-08-16 00:37:16.798352,2023-08-16 00:37:20.917159,0 days 00:00:04.118807,0.1000396297566637,0.4359590115235787,4,13,0.06201561783941223,0.21970937827232662,60,123,COMPLETE
769,769,0.8666666666666667,2023-08-16 00:37:20.917868,2023-08-16 00:37:26.294194,0 days 00:00:05.376326,0.3205694457993326,0.30794383315169005,4,19,0.07183425735123669,0.3201784326531129,50,128,COMPLETE
770,770,0.8666666666666667,2023-08-16 00:37:26.294811,2023-08-16 00:37:34.806486,0 days 00:00:08.511675,0.5778719339814965,0.49920504390229026,4,18,0.03207958811206452,0.24885814951418492,40,122,COMPLETE
771,771,0.8888888888888888,2023-08-16 00:37:34.807064,2023-08-16 00:37:41.308805,0 days 00:00:06.501741,0.4509505651669606,0.4540206735390475,4,19,0.06861583069257234,0.3032972301102178,50,127,COMPLETE
772,772,0.8222222222222222,2023-08-16 00:37:41.309387,2023-08-16 00:37:51.765330,0 days 00:00:10.455943,0.18679640572389872,0.6700984768849596,4,19,0.038758097838614024,0.28209438895488564,60,131,COMPLETE
773,773,0.8222222222222222,2023-08-16 00:37:51.765909,2023-08-16 00:38:00.927951,0 days 00:00:09.162042,0.22856577188872795,0.7508749229679176,4,12,0.0336318354642891,0.3347586062881824,40,150,COMPLETE
774,774,0.8666666666666667,2023-08-16 00:38:00.928798,2023-08-16 00:38:06.456558,0 days 00:00:05.527760,0.25582148205001676,0.4766685340432656,4,20,0.0971460428572796,0.3081474442407111,50,129,COMPLETE
775,775,0.8666666666666667,2023-08-16 00:38:06.457115,2023-08-16 00:38:13.506950,0 days 00:00:07.049835,0.4967642173158002,0.693846061146975,4,13,0.057487544096134366,0.32881189236050734,60,125,COMPLETE
776,776,0.8,2023-08-16 00:38:13.507525,2023-08-16 00:38:19.726918,0 days 00:00:06.219393,0.796993155711454,0.3483246770652321,4,18,0.05151253645267645,0.22929020415984241,50,123,COMPLETE
777,777,0.8666666666666667,2023-08-16 00:38:19.727484,2023-08-16 00:38:24.281757,0 days 00:00:04.554273,0.550279013437535,0.2913745861106026,4,19,0.03639799634539713,0.28993811079471465,40,126,COMPLETE
778,778,0.8,2023-08-16 00:38:24.282347,2023-08-16 00:38:39.856578,0 days 00:00:15.574231,0.46672978727267506,0.374932700044492,4,19,0.030051999790992587,0.31593830718454596,60,130,COMPLETE
779,779,0.8222222222222222,2023-08-16 00:38:39.857164,2023-08-16 00:38:51.065319,0 days 00:00:11.208155,0.4293793270861178,0.7295873357519426,4,18,0.06353128072059333,0.2714315613958643,50,124,COMPLETE
780,780,0.8444444444444444,2023-08-16 00:38:51.065912,2023-08-16 00:38:57.817700,0 days 00:00:06.751788,0.3859065181397987,0.4904354637335617,4,13,0.06653768732931473,0.322544740278675,40,147,COMPLETE
781,781,0.9777777777777777,2023-08-16 00:38:57.818292,2023-08-16 00:39:09.242865,0 days 00:00:11.424573,0.537612391122243,0.6136434865007288,4,20,0.03972317018548333,0.2983993550923338,60,122,COMPLETE
782,782,0.8888888888888888,2023-08-16 00:39:09.243438,2023-08-16 00:39:18.477937,0 days 00:00:09.234499,0.5116185855250516,0.5263900069485881,4,19,0.06046828375857661,0.2582021600012701,50,126,COMPLETE
783,783,0.9333333333333333,2023-08-16 00:39:18.478498,2023-08-16 00:39:28.578621,0 days 00:00:10.100123,0.3423658114519366,0.46512569859499586,4,19,0.027527160551690993,0.2399802313580001,40,128,COMPLETE
784,784,0.9111111111111111,2023-08-16 00:39:28.579192,2023-08-16 00:39:43.817829,0 days 00:00:15.238637,0.47895446199398795,0.7699795551777567,4,12,0.03253310831738008,0.3262923367781258,60,124,COMPLETE
785,785,0.8444444444444444,2023-08-16 00:39:43.818390,2023-08-16 00:39:46.201666,0 days 00:00:02.383276,0.29468510568443074,0.24219894830853922,4,18,0.09976064296524825,0.22461523724202626,50,126,COMPLETE
786,786,0.8444444444444444,2023-08-16 00:39:46.202349,2023-08-16 00:39:51.765067,0 days 00:00:05.562718,0.37554279268453006,0.3993864623959911,4,19,0.04223771478324455,0.26746785777547183,40,125,COMPLETE
787,787,0.8888888888888888,2023-08-16 00:39:51.765636,2023-08-16 00:39:55.310004,0 days 00:00:03.544368,0.16651309274070575,0.5979937578999357,4,13,0.09518468627822543,0.21126193168471752,60,123,COMPLETE
788,788,0.8666666666666667,2023-08-16 00:39:55.310595,2023-08-16 00:40:06.552594,0 days 00:00:11.241999,0.5257831575881684,0.6356687592632488,4,20,0.07043087682678728,0.3131980899626947,50,127,COMPLETE
789,789,0.9333333333333333,2023-08-16 00:40:06.553178,2023-08-16 00:40:14.886299,0 days 00:00:08.333121,0.5699366662191416,0.3822912015309525,4,19,0.03483404730938517,0.27914086502065016,40,129,COMPLETE
790,790,0.9555555555555556,2023-08-16 00:40:14.886883,2023-08-16 00:40:20.851340,0 days 00:00:05.964457,0.12864429028679242,0.5093615046361221,4,18,0.05654112922749421,0.2842464365518229,60,125,COMPLETE
791,791,0.8888888888888888,2023-08-16 00:40:20.851921,2023-08-16 00:40:36.341738,0 days 00:00:15.489817,0.2351082683508293,0.7988453212721564,4,19,0.037173227561846996,0.31895474579722993,50,127,COMPLETE
792,792,0.8888888888888888,2023-08-16 00:40:36.342328,2023-08-16 00:40:48.224931,0 days 00:00:11.882603,0.4906607028084448,0.5413483441952923,4,19,0.03150732590566036,0.24696801098608312,40,124,COMPLETE
793,793,0.8666666666666667,2023-08-16 00:40:48.225499,2023-08-16 00:40:53.056442,0 days 00:00:04.830943,0.20557059287710944,0.3241060623189236,4,18,0.06465114135155496,0.25223828447184643,60,132,COMPLETE
794,794,0.9333333333333333,2023-08-16 00:40:53.057048,2023-08-16 00:41:07.252334,0 days 00:00:14.195286,0.3105158969150737,0.6850044281138008,4,20,0.044591203185417094,0.23384789884783902,50,122,COMPLETE
795,795,0.8666666666666667,2023-08-16 00:41:07.252908,2023-08-16 00:41:10.784486,0 days 00:00:03.531578,0.36639510063356995,0.36045145493406566,4,13,0.07274581551397695,0.20541166046531462,40,145,COMPLETE
796,796,0.8888888888888888,2023-08-16 00:41:10.785062,2023-08-16 00:41:23.426833,0 days 00:00:12.641771,0.27436168586412407,0.6622016775163754,4,19,0.0478936262027769,0.3068407499056004,60,125,COMPLETE
797,797,0.8888888888888888,2023-08-16 00:41:23.427412,2023-08-16 00:41:34.473203,0 days 00:00:11.045791,0.5557806174442873,0.7431138816299526,4,12,0.06199333010669404,0.3306526477866971,50,128,COMPLETE
798,798,0.9111111111111111,2023-08-16 00:41:34.473784,2023-08-16 00:41:41.837241,0 days 00:00:07.363457,0.14954826676228616,0.7014619301552213,4,19,0.06782696162629324,0.27383019381380963,40,123,COMPLETE
799,799,0.8888888888888888,2023-08-16 00:41:41.837828,2023-08-16 00:41:51.037676,0 days 00:00:09.199848,0.5192249823754435,0.42250951518568713,4,13,0.029415234493694545,0.2929166246064078,60,130,COMPLETE
800,800,0.8222222222222222,2023-08-16 00:41:51.038259,2023-08-16 00:42:03.312601,0 days 00:00:12.274342,0.4189392134116264,0.48523752941741405,4,20,0.05932324552291101,0.26483385186499175,50,146,COMPLETE
801,801,0.8888888888888888,2023-08-16 00:42:03.313166,2023-08-16 00:42:13.399670,0 days 00:00:10.086504,0.5890358292158758,0.5577184991206783,4,18,0.033946637266539494,0.22243168972279814,40,126,COMPLETE
802,802,0.8666666666666667,2023-08-16 00:42:13.400248,2023-08-16 00:42:18.312672,0 days 00:00:04.912424,0.4572596864179839,0.578055566324149,4,6,0.025002738609615487,0.23090342928411758,50,127,COMPLETE
803,803,0.8666666666666667,2023-08-16 00:42:18.313257,2023-08-16 00:42:23.969362,0 days 00:00:05.656105,0.539790672100401,0.34567685273671916,4,19,0.06937301022070731,0.32304957380673804,60,122,COMPLETE
804,804,0.8666666666666667,2023-08-16 00:42:23.969947,2023-08-16 00:42:30.238565,0 days 00:00:06.268618,0.11265157734685378,0.4542061795475369,4,18,0.03542458208486238,0.2168161853353275,50,124,COMPLETE
805,805,0.8222222222222222,2023-08-16 00:42:30.239168,2023-08-16 00:42:37.180693,0 days 00:00:06.941525,0.24966263892190158,0.47255552455521094,4,19,0.06259157309688751,0.31174353471676486,40,126,COMPLETE
806,806,0.9111111111111111,2023-08-16 00:42:37.181271,2023-08-16 00:42:45.266037,0 days 00:00:08.084766,0.33615961707693914,0.49797997659004944,4,19,0.05508128989903746,0.2866424189721809,60,125,COMPLETE
807,807,0.8444444444444444,2023-08-16 00:42:45.266604,2023-08-16 00:42:49.596481,0 days 00:00:04.329877,0.40344684029435324,0.5171528460724014,4,18,0.07371661818735281,0.2443466532121322,50,124,COMPLETE
808,808,0.8444444444444444,2023-08-16 00:42:49.597062,2023-08-16 00:43:00.824636,0 days 00:00:11.227574,0.5018812293976889,0.6273030305410245,4,20,0.052699407206281586,0.33669432169083097,40,129,COMPLETE
809,809,0.8222222222222222,2023-08-16 00:43:00.825233,2023-08-16 00:43:10.035705,0 days 00:00:09.210472,0.4712345049698427,0.3355866607199508,4,13,0.03319883977565502,0.31704913645859306,60,121,COMPLETE
810,810,0.8666666666666667,2023-08-16 00:43:10.036285,2023-08-16 00:43:25.716613,0 days 00:00:15.680328,0.21625608483439462,0.7231809271579761,4,19,0.04604931024970234,0.301015751564082,50,148,COMPLETE
811,811,0.7555555555555555,2023-08-16 00:43:25.717190,2023-08-16 00:43:28.548118,0 days 00:00:02.830928,0.18744843402011852,0.3898932176929166,4,13,0.06602092724202077,0.3262242374100192,40,123,COMPLETE
812,812,0.8222222222222222,2023-08-16 00:43:28.548760,2023-08-16 00:43:41.323329,0 days 00:00:12.774569,0.5329977433472395,0.3659898111894816,4,20,0.03053481133391925,0.23847335672051898,60,128,COMPLETE
813,813,0.8888888888888888,2023-08-16 00:43:41.323916,2023-08-16 00:43:49.501210,0 days 00:00:08.177294,0.4869472691067381,0.4362502813256766,4,19,0.04847604770429249,0.26119204060248713,50,127,COMPLETE
814,814,0.7333333333333333,2023-08-16 00:43:49.501771,2023-08-16 00:43:52.267407,0 days 00:00:02.765636,0.1775255547725534,0.5326096699659969,4,5,0.03739760706284921,0.319992406013746,40,125,COMPLETE
815,815,0.9111111111111111,2023-08-16 00:43:52.267974,2023-08-16 00:43:58.921313,0 days 00:00:06.653339,0.4334116647264447,0.6544679273006242,4,12,0.06057777915282128,0.275479560748599,60,124,COMPLETE
816,816,0.8,2023-08-16 00:43:58.921967,2023-08-16 00:44:06.769588,0 days 00:00:07.847621,0.2843904517568409,0.5488285100520023,4,19,0.07100451968824585,0.2799172024764405,50,126,COMPLETE
817,817,0.8888888888888888,2023-08-16 00:44:06.770188,2023-08-16 00:44:18.629522,0 days 00:00:11.859334,0.2622927942678004,0.476543527184951,4,19,0.026714676047544603,0.2693832424211815,40,150,COMPLETE
818,818,0.9111111111111111,2023-08-16 00:44:18.630106,2023-08-16 00:44:25.491987,0 days 00:00:06.861881,0.3250338400313502,0.41033346412213195,4,18,0.058080394491713386,0.3099783358979162,60,145,COMPLETE
819,819,0.8666666666666667,2023-08-16 00:44:25.492581,2023-08-16 00:44:39.511867,0 days 00:00:14.019286,0.5069452971938243,0.49981332166464276,4,19,0.040517849542467926,0.32883603196501615,50,132,COMPLETE
820,820,0.8666666666666667,2023-08-16 00:44:39.512438,2023-08-16 00:44:55.639279,0 days 00:00:16.126841,0.5528805888501643,0.7559895496244398,4,20,0.0319121979529839,0.2973672619448176,40,122,COMPLETE
821,821,0.8444444444444444,2023-08-16 00:44:55.639868,2023-08-16 00:45:00.531294,0 days 00:00:04.891426,0.3461048673499809,0.44558978614029476,4,13,0.06517330648602962,0.290328154616703,60,123,COMPLETE
822,822,0.8666666666666667,2023-08-16 00:45:00.531918,2023-08-16 00:45:04.475460,0 days 00:00:03.943542,0.4468242909196754,0.29966795595113616,4,18,0.05001744128979086,0.19975217146742516,50,126,COMPLETE
823,823,0.9111111111111111,2023-08-16 00:45:04.476044,2023-08-16 00:45:18.256164,0 days 00:00:13.780120,0.3582273883349877,0.6127645689976241,4,19,0.03544756450801613,0.3136067547596752,40,130,COMPLETE
824,824,0.7555555555555555,2023-08-16 00:45:18.256760,2023-08-16 00:45:26.651674,0 days 00:00:08.394914,0.5213429570017521,0.4646907173232453,4,19,0.06800724372595465,0.3328848295408637,60,128,COMPLETE
825,825,0.8222222222222222,2023-08-16 00:45:26.652265,2023-08-16 00:45:35.753613,0 days 00:00:09.101348,0.22402472900354153,0.6740722319815687,4,20,0.06387770285783026,0.21104525400042762,50,124,COMPLETE
826,826,0.8222222222222222,2023-08-16 00:45:35.754211,2023-08-16 00:45:45.864112,0 days 00:00:10.109901,0.570609649105158,0.371612018467867,4,18,0.03421487935982068,0.3050273670590377,40,127,COMPLETE
827,827,0.8888888888888888,2023-08-16 00:45:45.864741,2023-08-16 00:45:53.984248,0 days 00:00:08.119507,0.12676834679405016,0.35018050689742064,4,19,0.07208212530433171,0.22658485401952033,60,146,COMPLETE
828,828,0.8888888888888888,2023-08-16 00:45:53.984887,2023-08-16 00:46:03.179637,0 days 00:00:09.194750,0.2000683576910511,0.5680194184606073,4,13,0.028226992157984708,0.256879801937488,50,152,COMPLETE
829,829,0.8666666666666667,2023-08-16 00:46:03.180254,2023-08-16 00:46:07.078925,0 days 00:00:03.898671,0.14561420968902578,0.2669737190424302,4,19,0.06679786344465415,0.3228940789473453,40,121,COMPLETE
830,830,0.8222222222222222,2023-08-16 00:46:07.079503,2023-08-16 00:46:16.129727,0 days 00:00:09.050224,0.5968645605304665,0.644689488581192,4,11,0.0320462614085262,0.22088798597959108,50,125,COMPLETE
831,831,0.7777777777777778,2023-08-16 00:46:16.130338,2023-08-16 00:46:24.518062,0 days 00:00:08.387724,0.48173057057795504,0.5141172011911973,4,12,0.03879512722006062,0.23431869327928473,60,127,COMPLETE
832,832,0.9111111111111111,2023-08-16 00:46:24.518646,2023-08-16 00:46:32.782689,0 days 00:00:08.264043,0.4982350009427207,0.48780031177288385,4,18,0.06965762758984233,0.20474729982190584,50,144,COMPLETE
833,833,0.7555555555555555,2023-08-16 00:46:32.783280,2023-08-16 00:46:36.185855,0 days 00:00:03.402575,0.5398565758612514,0.320655729540972,4,13,0.0598030774539066,0.2519864749973815,40,123,COMPLETE
834,834,0.9333333333333333,2023-08-16 00:46:36.186454,2023-08-16 00:46:54.209126,0 days 00:00:18.022672,0.38785931453772793,0.7844163673521725,4,20,0.05669075487772722,0.28459194686284656,60,122,COMPLETE
835,835,0.8,2023-08-16 00:46:54.209720,2023-08-16 00:47:06.129507,0 days 00:00:11.919787,0.3069563558262017,0.5947554313852278,4,19,0.061908078848726227,0.3172975232871815,50,129,COMPLETE
836,836,0.8444444444444444,2023-08-16 00:47:06.130121,2023-08-16 00:47:11.667725,0 days 00:00:05.537604,0.23851902258759938,0.5835961161137777,4,19,0.08776706879870586,0.27365346641771393,40,126,COMPLETE
837,837,0.7777777777777778,2023-08-16 00:47:11.668327,2023-08-16 00:47:16.964663,0 days 00:00:05.296336,0.1632558719247913,0.3579722625832161,4,18,0.051309592372464914,0.2946007012602018,60,124,COMPLETE
838,838,0.9333333333333333,2023-08-16 00:47:16.965258,2023-08-16 00:47:29.622596,0 days 00:00:12.657338,0.4603966054511456,0.7369194629286108,4,13,0.029960699071824214,0.3250733328630784,50,128,COMPLETE
839,839,0.8888888888888888,2023-08-16 00:47:29.623186,2023-08-16 00:47:42.245292,0 days 00:00:12.622106,0.4163086955990124,0.7049744806015809,4,20,0.05444460315590076,0.26615346526043854,40,125,COMPLETE
840,840,0.8888888888888888,2023-08-16 00:47:42.245902,2023-08-16 00:48:03.978889,0 days 00:00:21.732987,0.5230619311436553,0.7625035690500358,4,18,0.04336960890527651,0.30879997073304094,60,147,COMPLETE
841,841,0.7555555555555555,2023-08-16 00:48:03.979543,2023-08-16 00:48:11.226758,0 days 00:00:07.247215,0.5525160296016612,0.3868324424417302,4,19,0.03654250828165828,0.24311542927850624,50,125,COMPLETE
842,842,0.8666666666666667,2023-08-16 00:48:11.227357,2023-08-16 00:48:15.451729,0 days 00:00:04.224372,0.28878094013793687,0.5304372290450777,4,19,0.07437049468252811,0.2308475797374248,40,127,COMPLETE
843,843,0.8,2023-08-16 00:48:15.452327,2023-08-16 00:48:31.580934,0 days 00:00:16.128607,0.511916842109101,0.6025952631566462,4,19,0.034093515401716096,0.28156532188712596,60,122,COMPLETE
844,844,0.8888888888888888,2023-08-16 00:48:31.581535,2023-08-16 00:48:49.611319,0 days 00:00:18.029784,0.5391573169487768,0.7724574815349567,4,20,0.04129327473866811,0.21376679171857238,50,131,COMPLETE
845,845,0.8222222222222222,2023-08-16 00:48:49.611915,2023-08-16 00:48:55.517030,0 days 00:00:05.905115,0.25514272304954416,0.46071101667227055,4,12,0.04708286923861609,0.3205779294069947,40,129,COMPLETE
846,846,0.8888888888888888,2023-08-16 00:48:55.517617,2023-08-16 00:49:02.104226,0 days 00:00:06.586609,0.47666373997974826,0.3330697359799304,4,19,0.06358287567039596,0.3015779867999078,60,121,COMPLETE
847,847,0.8666666666666667,2023-08-16 00:49:02.104824,2023-08-16 00:49:12.293192,0 days 00:00:10.188368,0.2760283269556736,0.4943197385582691,4,18,0.03312095651969033,0.33014068357261767,50,126,COMPLETE
848,848,0.8666666666666667,2023-08-16 00:49:12.293813,2023-08-16 00:49:24.102469,0 days 00:00:11.808656,0.5629092300192989,0.6786938020964765,4,18,0.030933313912804374,0.19628357639914043,40,124,COMPLETE
849,849,0.9333333333333333,2023-08-16 00:49:24.103057,2023-08-16 00:49:29.409302,0 days 00:00:05.306245,0.43637033142603804,0.4044876765323571,4,13,0.053114495123655694,0.23813571873159448,60,123,COMPLETE
850,850,0.8888888888888888,2023-08-16 00:49:29.409913,2023-08-16 00:49:37.237483,0 days 00:00:07.827570,0.1211863516998139,0.5062160230742688,4,19,0.0753700850271547,0.2882176531653886,50,128,COMPLETE
851,851,0.9111111111111111,2023-08-16 00:49:37.238072,2023-08-16 00:49:51.315756,0 days 00:00:14.077684,0.3675129769494245,0.7113233393304546,4,20,0.06560425344266181,0.27082914027692834,40,144,COMPLETE
852,852,0.8,2023-08-16 00:49:51.316334,2023-08-16 00:50:04.061056,0 days 00:00:12.744722,0.5021503021055539,0.283577384011362,4,19,0.06863704869237054,0.3168736081406348,60,126,COMPLETE
853,853,0.9777777777777777,2023-08-16 00:50:04.061632,2023-08-16 00:50:08.334331,0 days 00:00:04.272699,0.7778486023994344,0.4793898671519199,4,12,0.044301160070895414,0.2635536279460862,50,124,COMPLETE
854,854,0.8444444444444444,2023-08-16 00:50:08.334949,2023-08-16 00:50:14.032270,0 days 00:00:05.697321,0.39272441043958706,0.373463332496363,4,19,0.058672259790474864,0.21819858838054149,40,121,COMPLETE
855,855,0.8444444444444444,2023-08-16 00:50:14.032868,2023-08-16 00:50:27.805134,0 days 00:00:13.772266,0.20755859210727554,0.6286825213100371,4,13,0.03533989159755843,0.33583765649209907,60,125,COMPLETE
