,number,value,datetime_start,datetime_complete,duration,params_cross_ind_prob,params_cross_prob,params_cv,params_max_features,params_muta_ind_prob,params_muta_prob,params_n_gens,params_n_population,state
107,107,0.8260869565217391,2023-08-15 23:01:28.274259,2023-08-15 23:01:41.699289,0 days 00:00:13.425030,0.355061469427717,0.48789282466419404,4,20,0.06479438270678956,0.2276322299891064,60,175,COMPLETE
108,108,0.8913043478260869,2023-08-15 23:01:41.699691,2023-08-15 23:01:57.424581,0 days 00:00:15.724890,0.5255039817974224,0.5802915498959971,5,17,0.06954771118748235,0.22033303274791743,50,171,COMPLETE
109,109,0.782608695652174,2023-08-15 23:01:57.424994,2023-08-15 23:02:03.699948,0 days 00:00:06.274954,0.30480229659686614,0.5314672618086137,4,12,0.06232861821493561,0.24470125127025794,60,130,COMPLETE
110,110,0.782608695652174,2023-08-15 23:02:03.700359,2023-08-15 23:02:08.998801,0 days 00:00:05.298442,0.37747663489787625,0.5131233873892715,3,14,0.055795322905477146,0.23488401640814027,50,125,COMPLETE
111,111,0.7608695652173914,2023-08-15 23:02:08.999209,2023-08-15 23:02:14.041761,0 days 00:00:05.042552,0.4059356383873864,0.6109532820315325,3,9,0.05126493290493605,0.2652778239645312,60,137,COMPLETE
112,112,0.8695652173913043,2023-08-15 23:02:14.042184,2023-08-15 23:02:19.575308,0 days 00:00:05.533124,0.3881281161668371,0.6695603639650042,3,14,0.05840704999747731,0.2530817720041148,60,142,COMPLETE
113,113,0.8043478260869565,2023-08-15 23:02:19.575704,2023-08-15 23:02:27.779436,0 days 00:00:08.203732,0.41959841838067474,0.6402952745993855,3,16,0.0600393531542376,0.3243609445434111,60,139,COMPLETE
114,114,0.8695652173913043,2023-08-15 23:02:27.779840,2023-08-15 23:02:32.284832,0 days 00:00:04.504992,0.44557728110450434,0.4497042631973517,3,13,0.05644582465278073,0.2890490791315819,60,123,COMPLETE
115,115,0.7608695652173914,2023-08-15 23:02:32.285250,2023-08-15 23:02:39.508387,0 days 00:00:07.223137,0.34644048074615613,0.47069521480897814,3,19,0.05281879169048611,0.27407221629742656,40,134,COMPLETE
116,116,0.8260869565217391,2023-08-15 23:02:39.508786,2023-08-15 23:02:45.762551,0 days 00:00:06.253765,0.4281625502526466,0.5598394903173138,4,15,0.06355675245362319,0.3081774954458189,60,120,COMPLETE
117,117,0.7608695652173914,2023-08-15 23:02:45.762952,2023-08-15 23:02:48.447841,0 days 00:00:02.684889,0.2566893808997157,0.49170416359903724,4,5,0.049328180169077945,0.28247837249827373,50,127,COMPLETE
118,118,0.8695652173913043,2023-08-15 23:02:48.448257,2023-08-15 23:02:53.838210,0 days 00:00:05.389953,0.2179713963698867,0.5472975257698377,4,11,0.06819159333530937,0.29690360661708065,60,155,COMPLETE
119,119,0.9347826086956522,2023-08-15 23:02:53.838608,2023-08-15 23:02:59.828330,0 days 00:00:05.989722,0.28843034358301006,0.4265408271569628,4,17,0.059366668962606124,0.21717859930942796,50,132,COMPLETE
120,120,0.8260869565217391,2023-08-15 23:02:59.828747,2023-08-15 23:03:09.248679,0 days 00:00:09.419932,0.46652541725294594,0.35491268892584116,4,18,0.06565356932828191,0.24117474763314395,60,124,COMPLETE
121,121,0.7391304347826086,2023-08-15 23:03:09.249082,2023-08-15 23:03:11.927238,0 days 00:00:02.678156,0.24275951792589756,0.37621977122474254,4,10,0.07564766522869226,0.1695133452160773,50,139,COMPLETE
122,122,0.5869565217391305,2023-08-15 23:03:11.927633,2023-08-15 23:03:14.704185,0 days 00:00:02.776552,0.20369274074637445,0.3362766062135904,4,10,0.07183194403106664,0.1606301248374813,50,136,COMPLETE
123,123,0.8478260869565217,2023-08-15 23:03:14.704590,2023-08-15 23:03:17.624609,0 days 00:00:02.920019,0.17464877278171645,0.39393579391774924,4,11,0.07917780539838358,0.2120932747197279,50,138,COMPLETE
124,124,0.6521739130434783,2023-08-15 23:03:17.625011,2023-08-15 23:03:22.409205,0 days 00:00:04.784194,0.1502095047684022,0.6262162929985418,4,14,0.07685643668444928,0.1512610971302718,50,147,COMPLETE
125,125,0.8478260869565217,2023-08-15 23:03:22.409609,2023-08-15 23:03:25.452538,0 days 00:00:03.042929,0.12103882961992066,0.6072631575803098,4,8,0.07328695050868718,0.22200607931837635,40,141,COMPLETE
126,126,0.8478260869565217,2023-08-15 23:03:25.452985,2023-08-15 23:03:33.213545,0 days 00:00:07.760560,0.23193105435910727,0.3285680676281096,4,16,0.04538877646534524,0.26113333852810516,50,137,COMPLETE
127,127,0.782608695652174,2023-08-15 23:03:33.213965,2023-08-15 23:03:35.270078,0 days 00:00:02.056113,0.3941153979934452,0.2687512699029924,4,6,0.07009345062555637,0.1999922199370002,60,129,COMPLETE
128,128,0.8478260869565217,2023-08-15 23:03:35.270478,2023-08-15 23:03:38.048868,0 days 00:00:02.778390,0.18732633293216172,0.4135075496183158,4,9,0.06755607301878251,0.18377076300082795,50,126,COMPLETE
129,129,0.8913043478260869,2023-08-15 23:03:38.049270,2023-08-15 23:03:44.823122,0 days 00:00:06.773852,0.2780352008739545,0.5867078792391379,4,13,0.06196498251018293,0.2294993873985877,60,121,COMPLETE
130,130,0.8043478260869565,2023-08-15 23:03:44.823530,2023-08-15 23:03:49.415338,0 days 00:00:04.591808,0.3656973020459489,0.5728630535011875,4,12,0.07419563039336424,0.2478321910606264,50,135,COMPLETE
131,131,0.9130434782608695,2023-08-15 23:03:49.415768,2023-08-15 23:04:13.669690,0 days 00:00:24.253922,0.25912539408043833,0.6787862764417762,5,20,0.025123239553454167,0.22463026464530667,60,144,COMPLETE
132,132,0.8260869565217391,2023-08-15 23:04:13.670134,2023-08-15 23:04:32.854705,0 days 00:00:19.184571,0.22045308625537832,0.5941933760478793,5,20,0.03320841957599173,0.27024810641841535,60,141,COMPLETE
133,133,0.8913043478260869,2023-08-15 23:04:32.855123,2023-08-15 23:04:48.317052,0 days 00:00:15.461929,0.24919485462234986,0.6045024204204339,5,19,0.03864884840765213,0.19010321870842833,60,140,COMPLETE
134,134,0.8260869565217391,2023-08-15 23:04:48.317475,2023-08-15 23:05:07.674213,0 days 00:00:19.356738,0.3155902385350324,0.6606337425083354,5,20,0.05414096889441279,0.23649454771664236,60,122,COMPLETE
135,135,0.9130434782608695,2023-08-15 23:05:07.674637,2023-08-15 23:05:24.815495,0 days 00:00:17.140858,0.3263612060850304,0.7071087819408357,5,18,0.05088537865289413,0.21626961734328917,60,133,COMPLETE
136,136,0.8695652173913043,2023-08-15 23:05:24.815903,2023-08-15 23:05:33.841918,0 days 00:00:09.026015,0.2956542285270171,0.6393452399479868,4,19,0.06471205247929251,0.2319359729100314,40,137,COMPLETE
137,137,0.8695652173913043,2023-08-15 23:05:33.842338,2023-08-15 23:05:39.244774,0 days 00:00:05.402436,0.20895033535020205,0.45825381082309324,4,17,0.05789541864564548,0.2549724201150765,60,123,COMPLETE
138,138,0.782608695652174,2023-08-15 23:05:39.245196,2023-08-15 23:05:54.934324,0 days 00:00:15.689128,0.26996954844599835,0.44488591994899057,5,14,0.028960495357398607,0.2784200144211655,50,142,COMPLETE
139,139,0.8043478260869565,2023-08-15 23:05:54.934732,2023-08-15 23:06:01.908005,0 days 00:00:06.973273,0.34085259074282975,0.507248912211644,3,20,0.061575527217731005,0.2116235978992334,60,125,COMPLETE
140,140,0.782608695652174,2023-08-15 23:06:01.908415,2023-08-15 23:06:05.123131,0 days 00:00:03.214716,0.22873897438953714,0.481215648473572,4,9,0.06378597534373567,0.24404658971345744,50,134,COMPLETE
141,141,0.782608695652174,2023-08-15 23:06:05.123540,2023-08-15 23:06:14.632745,0 days 00:00:09.509205,0.16088260258302425,0.6886189540034364,5,15,0.051984455512473215,0.33665119366165197,60,160,COMPLETE
142,142,0.8478260869565217,2023-08-15 23:06:14.633176,2023-08-15 23:06:28.486688,0 days 00:00:13.853512,0.13474847720966662,0.6224607942011399,5,14,0.04652343597106215,0.26630322995572503,60,176,COMPLETE
143,143,0.8260869565217391,2023-08-15 23:06:28.487111,2023-08-15 23:06:40.589038,0 days 00:00:12.101927,0.644557039503165,0.5208915284187299,5,16,0.04383706982627952,0.30498212370630506,60,169,COMPLETE
144,144,0.8913043478260869,2023-08-15 23:06:40.589446,2023-08-15 23:06:52.945336,0 days 00:00:12.355890,0.18966914729287124,0.4923506073072397,5,15,0.05488178393331537,0.3119946016025481,60,173,COMPLETE
145,145,0.9130434782608695,2023-08-15 23:06:52.945755,2023-08-15 23:07:08.565323,0 days 00:00:15.619568,0.24019893926953018,0.7176107602125213,5,13,0.04844141672698726,0.2860597388211033,60,162,COMPLETE
146,146,0.8695652173913043,2023-08-15 23:07:08.565726,2023-08-15 23:07:13.128613,0 days 00:00:04.562887,0.38071617043176564,0.36781041516145874,4,14,0.06670188403193443,0.29205117232108346,40,165,COMPLETE
147,147,0.8043478260869565,2023-08-15 23:07:13.129030,2023-08-15 23:07:21.865103,0 days 00:00:08.736073,0.11417811322813931,0.6631726439662744,4,17,0.0411084804033034,0.20480262737079627,50,127,COMPLETE
148,148,0.8695652173913043,2023-08-15 23:07:21.865528,2023-08-15 23:07:30.417400,0 days 00:00:08.551872,0.41244724201888977,0.46507066726515184,4,18,0.07094650512800216,0.29742481653133346,60,131,COMPLETE
149,149,0.8260869565217391,2023-08-15 23:07:30.417816,2023-08-15 23:07:43.922180,0 days 00:00:13.504364,0.5454953924698864,0.6421010673552469,5,10,0.053138969158845105,0.27318922785575706,50,158,COMPLETE
150,150,0.9111111111111111,2023-08-15 23:07:43.922601,2023-08-15 23:07:56.131237,0 days 00:00:12.208636,0.4380735296236755,0.6275027872914942,4,15,0.05999447490739475,0.23862679260432682,60,179,COMPLETE
151,151,0.8888888888888888,2023-08-15 23:07:56.131658,2023-08-15 23:08:12.274138,0 days 00:00:16.142480,0.4587830225052084,0.6525484518093891,5,16,0.07771651762958076,0.3448925011805051,60,154,COMPLETE
152,152,0.8222222222222222,2023-08-15 23:08:12.274545,2023-08-15 23:08:23.691923,0 days 00:00:11.417378,0.42169509304323916,0.43807899928509353,5,16,0.05635437513927471,0.2812090148624733,60,174,COMPLETE
153,153,0.7555555555555555,2023-08-15 23:08:23.692353,2023-08-15 23:08:34.769755,0 days 00:00:11.077402,0.48898728838983824,0.4756383332084051,5,15,0.06881593823547738,0.22591068966067857,60,169,COMPLETE
154,154,0.8444444444444444,2023-08-15 23:08:34.770199,2023-08-15 23:08:51.664546,0 days 00:00:16.894347,0.47905227237793013,0.597418835620855,5,17,0.06296964907891263,0.263566199723548,60,171,COMPLETE
155,155,0.8444444444444444,2023-08-15 23:08:51.664959,2023-08-15 23:08:59.340809,0 days 00:00:07.675850,0.505861496910362,0.458601406094574,3,16,0.05059268498718877,0.25802252614922855,50,177,COMPLETE
156,156,0.8666666666666667,2023-08-15 23:08:59.341242,2023-08-15 23:09:10.047741,0 days 00:00:10.706499,0.44870507735288767,0.5341668125665142,5,17,0.06569027334185808,0.31840036272011424,60,120,COMPLETE
157,157,0.8888888888888888,2023-08-15 23:09:10.048171,2023-08-15 23:09:12.809460,0 days 00:00:02.761289,0.10341864006894166,0.4981946448429765,3,14,0.0819333846180641,0.25005373231520334,60,125,COMPLETE
158,158,0.8666666666666667,2023-08-15 23:09:12.809935,2023-08-15 23:09:27.203024,0 days 00:00:14.393089,0.40004944797922054,0.4242636824643472,5,19,0.03321345481734318,0.17547609464766228,50,152,COMPLETE
159,159,0.8888888888888888,2023-08-15 23:09:27.203457,2023-08-15 23:09:31.721649,0 days 00:00:04.518192,0.20368674762941297,0.3860401330396425,4,18,0.05940199797749584,0.221455092512023,40,137,COMPLETE
160,160,0.8222222222222222,2023-08-15 23:09:31.722132,2023-08-15 23:09:43.630934,0 days 00:00:11.908802,0.30326536712977636,0.4049047693635101,5,19,0.06119825850449113,0.2770015920145234,60,122,COMPLETE
161,161,0.9111111111111111,2023-08-15 23:09:43.631357,2023-08-15 23:09:51.598568,0 days 00:00:07.967211,0.42873369773800624,0.5619634935029889,4,17,0.0565022094372515,0.3254599616408313,60,121,COMPLETE
162,162,0.9333333333333333,2023-08-15 23:09:51.599001,2023-08-15 23:10:05.340988,0 days 00:00:13.741987,0.25950182633952684,0.5466916630211494,4,17,0.05381994723755213,0.23291585209296492,60,172,COMPLETE
163,163,0.9333333333333333,2023-08-15 23:10:05.341414,2023-08-15 23:10:10.261835,0 days 00:00:04.920421,0.1752489714017684,0.5735343308989752,4,15,0.058437497955492315,0.2077825997875204,60,124,COMPLETE
164,164,0.8666666666666667,2023-08-15 23:10:10.262291,2023-08-15 23:10:16.344138,0 days 00:00:06.081847,0.2781927879386842,0.5782056243446031,3,18,0.05509239227158352,0.20110869678006998,60,139,COMPLETE
165,165,0.8888888888888888,2023-08-15 23:10:16.344569,2023-08-15 23:10:23.634848,0 days 00:00:07.290279,0.1449522164288275,0.594025683198676,4,16,0.07295008848834277,0.228113353756387,50,157,COMPLETE
166,166,0.9555555555555556,2023-08-15 23:10:23.635272,2023-08-15 23:10:30.118763,0 days 00:00:06.483491,0.22060730314160132,0.4841914081709398,4,20,0.04981468530118832,0.2888878689244774,60,120,COMPLETE
167,167,0.8888888888888888,2023-08-15 23:10:30.119181,2023-08-15 23:10:36.943366,0 days 00:00:06.824185,0.4886997539754037,0.6148629012947868,4,13,0.057676138505226834,0.15290541228989923,50,135,COMPLETE
168,168,0.9111111111111111,2023-08-15 23:10:36.943798,2023-08-15 23:10:45.774140,0 days 00:00:08.830342,0.4399647490235838,0.5139990721357236,4,17,0.06453206826230383,0.21636974093278752,60,123,COMPLETE
169,169,0.9333333333333333,2023-08-15 23:10:45.774551,2023-08-15 23:10:50.515929,0 days 00:00:04.741378,0.4573208419965981,0.4712896717468807,4,16,0.06719619565785948,0.3014647668024507,60,122,COMPLETE
170,170,0.8666666666666667,2023-08-15 23:10:50.516393,2023-08-15 23:10:55.521198,0 days 00:00:05.004805,0.3604989089189695,0.5585357734420784,4,14,0.07560192130062737,0.29359640266492787,50,124,COMPLETE
171,171,0.9111111111111111,2023-08-15 23:10:55.521622,2023-08-15 23:11:07.655833,0 days 00:00:12.134211,0.24012329607457897,0.5791960569436034,5,18,0.069935581698631,0.2685579394822493,60,138,COMPLETE
172,172,0.8222222222222222,2023-08-15 23:11:07.656261,2023-08-15 23:11:13.869501,0 days 00:00:06.213240,0.2150802279941917,0.6033447837511269,5,17,0.08279581972654791,0.19604646268690548,60,133,COMPLETE
173,173,0.8,2023-08-15 23:11:13.869946,2023-08-15 23:11:20.560319,0 days 00:00:06.690373,0.2504411165433935,0.4496456367451835,5,18,0.07175039215240583,0.2605260861618045,60,135,COMPLETE
174,174,0.8888888888888888,2023-08-15 23:11:20.560740,2023-08-15 23:11:29.190777,0 days 00:00:08.630037,0.229871127961748,0.5891257041200986,5,18,0.08906804989935913,0.1722776071782434,60,126,COMPLETE
175,175,0.8666666666666667,2023-08-15 23:11:29.191232,2023-08-15 23:11:38.871228,0 days 00:00:09.679996,0.7044073499761425,0.3499847052986757,5,17,0.06256118213549548,0.27170313554996,60,136,COMPLETE
176,176,0.8222222222222222,2023-08-15 23:11:38.871661,2023-08-15 23:11:46.573391,0 days 00:00:07.701730,0.19834356911636683,0.6825861677604468,5,19,0.05224380543617002,0.1823555122615128,40,128,COMPLETE
177,177,0.8888888888888888,2023-08-15 23:11:46.573818,2023-08-15 23:11:51.587594,0 days 00:00:05.013776,0.33111899364049396,0.3742425657581979,4,15,0.06065405225849625,0.15985451399254477,50,166,COMPLETE
178,178,0.8888888888888888,2023-08-15 23:11:51.588027,2023-08-15 23:11:56.170949,0 days 00:00:04.582922,0.37640154676998405,0.5525833349919621,3,14,0.07801046942712878,0.28423162161373294,60,149,COMPLETE
179,179,0.7333333333333333,2023-08-15 23:11:56.171372,2023-08-15 23:11:59.798110,0 days 00:00:03.626738,0.5668951325361458,0.6446195527002403,4,9,0.08041444070033076,0.26565795471317916,50,139,COMPLETE
180,180,0.9111111111111111,2023-08-15 23:11:59.798549,2023-08-15 23:12:10.011773,0 days 00:00:10.213224,0.1660190614772839,0.6255469458308137,4,12,0.025277031590256255,0.2539532686379835,60,132,COMPLETE
181,181,0.9111111111111111,2023-08-15 23:12:10.012192,2023-08-15 23:12:15.645765,0 days 00:00:05.633573,0.35701248899870824,0.48776332131069317,4,18,0.06871815380637572,0.3342632418330091,40,129,COMPLETE
182,182,0.9555555555555556,2023-08-15 23:12:15.646271,2023-08-15 23:12:22.920152,0 days 00:00:07.273881,0.3411350590563012,0.5252525844653173,4,19,0.07443572795488915,0.21967290202097553,40,126,COMPLETE
183,183,0.8,2023-08-15 23:12:22.920569,2023-08-15 23:12:26.288715,0 days 00:00:03.368146,0.3098216344118517,0.5069719121177959,4,17,0.06773755647217998,0.2296272289000405,40,122,COMPLETE
184,184,0.9111111111111111,2023-08-15 23:12:26.289160,2023-08-15 23:12:33.450768,0 days 00:00:07.161608,0.5057627498417648,0.5408011861734732,4,18,0.06627312493896172,0.21036201908557964,40,123,COMPLETE
185,185,0.9333333333333333,2023-08-15 23:12:33.451221,2023-08-15 23:12:39.929466,0 days 00:00:06.478245,0.39071049919169415,0.4636036119775214,4,20,0.07619039566749018,0.23548237839596314,40,125,COMPLETE
186,186,0.9333333333333333,2023-08-15 23:12:39.929925,2023-08-15 23:12:51.947314,0 days 00:00:12.017389,0.47945170366994394,0.6698904875782097,5,17,0.0696426854606645,0.22557314969428793,60,121,COMPLETE
187,187,0.9333333333333333,2023-08-15 23:12:51.947728,2023-08-15 23:12:56.362492,0 days 00:00:04.414764,0.4197084136133275,0.5678003763458934,4,10,0.07118390210079462,0.21683119224194963,50,137,COMPLETE
188,188,0.8,2023-08-15 23:12:56.362924,2023-08-15 23:13:12.191954,0 days 00:00:15.829030,0.28632456076795826,0.4952488509353329,5,16,0.04851472050913975,0.3138413080857089,60,127,COMPLETE
189,189,0.8222222222222222,2023-08-15 23:13:12.192371,2023-08-15 23:13:16.260146,0 days 00:00:04.067775,0.1850541245215686,0.3334421718780179,3,18,0.072888238919696,0.22283182468953955,50,130,COMPLETE
190,190,0.8666666666666667,2023-08-15 23:13:16.260559,2023-08-15 23:13:22.122805,0 days 00:00:05.862246,0.26073275306056565,0.475906599809654,4,19,0.06441332512035802,0.27418766174273856,60,124,COMPLETE
191,191,0.8444444444444444,2023-08-15 23:13:22.123241,2023-08-15 23:13:33.101536,0 days 00:00:10.978295,0.24267458726539481,0.6085706345757316,4,20,0.04185790702119011,0.21364315419781452,40,129,COMPLETE
192,192,0.8888888888888888,2023-08-15 23:13:33.101960,2023-08-15 23:13:42.513137,0 days 00:00:09.411177,0.22019554555921012,0.5883526340500678,4,19,0.04700343392074774,0.20358233209638482,40,128,COMPLETE
193,193,0.9333333333333333,2023-08-15 23:13:42.513560,2023-08-15 23:13:50.633316,0 days 00:00:08.119756,0.20508941171350245,0.6009834461577545,4,18,0.07240128992379898,0.2089385278771022,40,164,COMPLETE
194,194,0.9333333333333333,2023-08-15 23:13:50.633807,2023-08-15 23:14:02.774265,0 days 00:00:12.140458,0.27183789270267344,0.6287771036039106,4,20,0.03799411197998133,0.2801181956457886,40,126,COMPLETE
195,195,0.8,2023-08-15 23:14:02.774690,2023-08-15 23:14:08.884281,0 days 00:00:06.109591,0.3212456672881128,0.6161992919097745,4,11,0.05919517685689876,0.30264906887298815,40,131,COMPLETE
196,196,0.9333333333333333,2023-08-15 23:14:08.884716,2023-08-15 23:14:18.695478,0 days 00:00:09.810762,0.4077540432203089,0.650006095500389,4,13,0.026981020937694236,0.22269902827768834,60,133,COMPLETE
197,197,0.8666666666666667,2023-08-15 23:14:18.695908,2023-08-15 23:14:31.471313,0 days 00:00:12.775405,0.3519569283965496,0.5057631247971182,4,19,0.028578016895500085,0.2690402962195889,50,125,COMPLETE
198,198,0.8222222222222222,2023-08-15 23:14:31.471755,2023-08-15 23:14:34.056436,0 days 00:00:02.584681,0.2326417939799847,0.31663650084990275,4,14,0.06854861921200635,0.21894656987274638,60,120,COMPLETE
199,199,0.8222222222222222,2023-08-15 23:14:34.056864,2023-08-15 23:14:38.981957,0 days 00:00:04.925093,0.12253665957455007,0.5674861707684965,4,17,0.07424042296486082,0.2598811530911631,50,135,COMPLETE
200,200,0.8666666666666667,2023-08-15 23:14:38.982410,2023-08-15 23:14:41.535333,0 days 00:00:02.552923,0.36969459550268213,0.43451121944230237,4,8,0.05712067958708279,0.19156727794316727,60,127,COMPLETE
201,201,0.9111111111111111,2023-08-15 23:14:41.535772,2023-08-15 23:14:46.179287,0 days 00:00:04.643515,0.14253418218332056,0.44726531708600537,5,15,0.055273790659821666,0.20652178524982892,40,147,COMPLETE
202,202,0.8666666666666667,2023-08-15 23:14:46.179709,2023-08-15 23:14:51.946027,0 days 00:00:05.766318,0.18282352646782807,0.45852492749284823,5,15,0.05381246849926561,0.19867348412947552,40,140,COMPLETE
203,203,0.8888888888888888,2023-08-15 23:14:51.946453,2023-08-15 23:14:57.989811,0 days 00:00:06.043358,0.16098464782391872,0.6346486831938382,5,14,0.05295479915500079,0.1807051855034816,40,138,COMPLETE
204,204,0.9333333333333333,2023-08-15 23:14:57.990249,2023-08-15 23:15:03.782235,0 days 00:00:05.791986,0.21458341418349008,0.4207684192121903,5,16,0.05129002725210148,0.18786114679373722,40,123,COMPLETE
205,205,0.8888888888888888,2023-08-15 23:15:03.782687,2023-08-15 23:15:07.838140,0 days 00:00:04.055453,0.19708534805559985,0.3531377035968651,5,13,0.07092582222501785,0.19283898883953904,40,141,COMPLETE
206,206,0.8666666666666667,2023-08-15 23:15:07.838565,2023-08-15 23:15:17.615959,0 days 00:00:09.777394,0.6197728993265743,0.5796837445712928,4,18,0.04473972844421576,0.16481919148500632,60,137,COMPLETE
207,207,0.9555555555555556,2023-08-15 23:15:17.616385,2023-08-15 23:15:28.171324,0 days 00:00:10.554939,0.24950088379919472,0.6927642717811671,4,17,0.055495273681547046,0.21367020571187495,50,144,COMPLETE
208,208,0.8666666666666667,2023-08-15 23:15:28.171748,2023-08-15 23:15:37.009338,0 days 00:00:08.837590,0.44655534592927437,0.4060509553039209,5,16,0.049974615475938636,0.27700597608725036,60,136,COMPLETE
209,209,0.9333333333333333,2023-08-15 23:15:37.009758,2023-08-15 23:15:43.994655,0 days 00:00:06.984897,0.47160266188111694,0.391861618562689,4,20,0.07667803212530516,0.17806302486256204,60,175,COMPLETE
210,210,0.8666666666666667,2023-08-15 23:15:43.995088,2023-08-15 23:15:53.369486,0 days 00:00:09.374398,0.5881063292564408,0.47893119144607743,4,15,0.06567585789986,0.30827292600385864,50,177,COMPLETE
211,211,0.8888888888888888,2023-08-15 23:15:53.369922,2023-08-15 23:15:58.312622,0 days 00:00:04.942700,0.36366673946472755,0.518360319949461,3,17,0.05717079482750277,0.18839596171413286,50,143,COMPLETE
212,212,0.8888888888888888,2023-08-15 23:15:58.313066,2023-08-15 23:16:06.244329,0 days 00:00:07.931263,0.39070949121745485,0.49590001862720595,4,17,0.055744604212793,0.19509989088984794,50,142,COMPLETE
213,213,0.8666666666666667,2023-08-15 23:16:06.244758,2023-08-15 23:16:21.804915,0 days 00:00:15.560157,0.6628492327557621,0.5555093725715256,5,19,0.058566984431578456,0.24809644584338988,50,151,COMPLETE
