,number,value,datetime_start,datetime_complete,duration,params_cross_ind_prob,params_cross_prob,params_cv,params_max_features,params_muta_ind_prob,params_muta_prob,params_n_gens,params_n_population,state
535,535,0.7555555555555555,2023-08-16 00:01:15.294593,2023-08-16 00:01:20.262304,0 days 00:00:04.967711,0.38381263279825306,0.36677511849322963,3,12,0.05129329579402793,0.31644493670211593,50,128,COMPLETE
536,536,0.7777777777777778,2023-08-16 00:01:20.262813,2023-08-16 00:01:22.875412,0 days 00:00:02.612599,0.6978247153200725,0.281805360326982,5,9,0.08736713183997089,0.21717535163708496,60,122,COMPLETE
537,537,0.8666666666666667,2023-08-16 00:01:22.875920,2023-08-16 00:01:35.339936,0 days 00:00:12.464016,0.6459648402365482,0.7198667333496382,4,16,0.031154248265594882,0.2848335857729401,40,124,COMPLETE
538,538,0.8,2023-08-16 00:01:35.340476,2023-08-16 00:01:40.472802,0 days 00:00:05.132326,0.25576364487486275,0.45077088441257096,4,13,0.05626576613058093,0.2514323319198558,50,132,COMPLETE
539,539,0.8,2023-08-16 00:01:40.473327,2023-08-16 00:01:45.947671,0 days 00:00:05.474344,0.171617882810234,0.48148044785152916,4,20,0.07967524278394088,0.23468713858203483,60,123,COMPLETE
540,540,0.8,2023-08-16 00:01:45.948179,2023-08-16 00:01:55.541850,0 days 00:00:09.593671,0.3649166150676669,0.3050855069965555,5,19,0.0451813876784133,0.31097578531956505,50,144,COMPLETE
541,541,0.8444444444444444,2023-08-16 00:01:55.542381,2023-08-16 00:02:08.610233,0 days 00:00:13.067852,0.44406417621518973,0.534222828914705,4,18,0.06549299863297857,0.26600857020176694,60,167,COMPLETE
542,542,0.8666666666666667,2023-08-16 00:02:08.610739,2023-08-16 00:02:12.007553,0 days 00:00:03.396814,0.47504046957340473,0.2601357676716738,4,15,0.06293453666278201,0.1617659533578483,50,138,COMPLETE
543,543,0.8888888888888888,2023-08-16 00:02:12.008082,2023-08-16 00:02:15.479990,0 days 00:00:03.471908,0.2304036873033703,0.21452512638145765,4,17,0.07099356437275832,0.33382139696618573,60,125,COMPLETE
544,544,0.8666666666666667,2023-08-16 00:02:15.480493,2023-08-16 00:02:23.033710,0 days 00:00:07.553217,0.5128976214720697,0.3539769478305675,3,18,0.04938288365267596,0.2745090028609778,40,177,COMPLETE
545,545,0.8888888888888888,2023-08-16 00:02:23.034225,2023-08-16 00:02:32.486662,0 days 00:00:09.452437,0.18774941602198883,0.7628307279315205,4,13,0.06921753403784932,0.32726048861587725,50,174,COMPLETE
546,546,0.7555555555555555,2023-08-16 00:02:32.487171,2023-08-16 00:02:43.433467,0 days 00:00:10.946296,0.466199491414123,0.5133569568695265,4,14,0.034064717397699215,0.25843856555147554,60,136,COMPLETE
547,547,0.7555555555555555,2023-08-16 00:02:43.433999,2023-08-16 00:02:52.288499,0 days 00:00:08.854500,0.2916896400097373,0.4932869292182071,5,11,0.03932380475704169,0.18815128042674562,50,158,COMPLETE
548,548,0.8222222222222222,2023-08-16 00:02:52.289030,2023-08-16 00:02:57.366843,0 days 00:00:05.077813,0.2021359485353443,0.46815728872817586,4,16,0.05275733961121692,0.15715691206028704,60,142,COMPLETE
549,549,0.7777777777777778,2023-08-16 00:02:57.367357,2023-08-16 00:03:08.116954,0 days 00:00:10.749597,0.5387042184013718,0.425450549952044,5,17,0.038336306535290514,0.17319921319383344,50,121,COMPLETE
550,550,0.782608695652174,2023-08-16 00:03:08.117497,2023-08-16 00:03:10.676598,0 days 00:00:02.559101,0.5558147138279699,0.5904713404354445,3,7,0.07377743443597826,0.16994585714402258,60,127,COMPLETE
551,551,0.8260869565217391,2023-08-16 00:03:10.677117,2023-08-16 00:03:14.931109,0 days 00:00:04.253992,0.48582679353802777,0.5565501637961466,4,10,0.06785845653509166,0.32214645266935893,40,120,COMPLETE
552,552,0.8260869565217391,2023-08-16 00:03:14.931616,2023-08-16 00:03:22.091965,0 days 00:00:07.160349,0.2729215844241924,0.3195655981280337,4,20,0.08848626297909977,0.24514096837893992,50,140,COMPLETE
553,553,0.8695652173913043,2023-08-16 00:03:22.092476,2023-08-16 00:03:28.051203,0 days 00:00:05.958727,0.24200686110983607,0.39035778300595597,4,19,0.06082915720228506,0.23021556280744968,60,149,COMPLETE
554,554,0.9130434782608695,2023-08-16 00:03:28.051764,2023-08-16 00:03:34.032960,0 days 00:00:05.981196,0.6040314382435391,0.6098615283461088,4,12,0.06463612775119816,0.194347679385823,50,124,COMPLETE
555,555,0.8260869565217391,2023-08-16 00:03:34.033502,2023-08-16 00:03:38.553413,0 days 00:00:04.519911,0.4533663805804775,0.2910377600516506,5,13,0.08378274079060223,0.22280301703093375,60,134,COMPLETE
556,556,0.8913043478260869,2023-08-16 00:03:38.553932,2023-08-16 00:03:54.882746,0 days 00:00:16.328814,0.30570452487548644,0.6541145184817956,4,18,0.05444469746962736,0.2880158083804946,50,172,COMPLETE
557,557,0.8695652173913043,2023-08-16 00:03:54.883278,2023-08-16 00:04:06.534722,0 days 00:00:11.651444,0.3473581632174174,0.7041809314071531,4,17,0.04698023232237504,0.30482934982728754,60,123,COMPLETE
558,558,0.8478260869565217,2023-08-16 00:04:06.535271,2023-08-16 00:04:10.460847,0 days 00:00:03.925576,0.4342009500105423,0.331343936577437,3,16,0.058662975317093614,0.15004227966636072,40,146,COMPLETE
559,559,0.8478260869565217,2023-08-16 00:04:10.461378,2023-08-16 00:04:23.158776,0 days 00:00:12.697398,0.21954414710526815,0.6801585070821706,4,18,0.036270662184126,0.18102595773289096,50,144,COMPLETE
560,560,0.8695652173913043,2023-08-16 00:04:23.159305,2023-08-16 00:04:31.417584,0 days 00:00:08.258279,0.6840579720647062,0.4574013145864695,5,14,0.050216925368484794,0.16449552307164939,60,126,COMPLETE
561,561,0.9565217391304348,2023-08-16 00:04:31.418129,2023-08-16 00:04:37.610588,0 days 00:00:06.192459,0.5023470398837205,0.5029388531631636,4,15,0.07711982114821561,0.2936907805781236,50,137,COMPLETE
562,562,0.9130434782608695,2023-08-16 00:04:37.611114,2023-08-16 00:04:43.584184,0 days 00:00:05.973070,0.5074240675196858,0.5704341168953484,4,15,0.07894905276714369,0.29387769627214594,50,137,COMPLETE
563,563,0.8043478260869565,2023-08-16 00:04:43.584697,2023-08-16 00:04:49.960587,0 days 00:00:06.375890,0.49334766631900684,0.483471374547237,4,15,0.07709918801884061,0.2065518711078382,50,138,COMPLETE
564,564,0.8695652173913043,2023-08-16 00:04:49.961097,2023-08-16 00:05:04.264496,0 days 00:00:14.303399,0.7130855900346978,0.497770686468876,5,15,0.029860924531466902,0.29830537043797883,50,135,COMPLETE
565,565,0.9130434782608695,2023-08-16 00:05:04.265022,2023-08-16 00:05:09.855324,0 days 00:00:05.590302,0.5229863553570527,0.4374259894229088,4,14,0.06318451486559791,0.29306151766468386,50,136,COMPLETE
566,566,0.8478260869565217,2023-08-16 00:05:09.855852,2023-08-16 00:05:17.174869,0 days 00:00:07.319017,0.5016423674509745,0.6459744339232999,3,15,0.07713291590468598,0.2811857213125669,50,139,COMPLETE
567,567,0.8913043478260869,2023-08-16 00:05:17.175391,2023-08-16 00:05:26.684119,0 days 00:00:09.508728,0.5779310021535576,0.6655403142246625,4,14,0.08065995218168165,0.23530964049409606,50,137,COMPLETE
568,568,0.8695652173913043,2023-08-16 00:05:26.684630,2023-08-16 00:05:46.599178,0 days 00:00:19.914548,0.4825694627233838,0.7506714988141604,4,16,0.025022542829899064,0.2535744229692164,50,138,COMPLETE
569,569,0.8695652173913043,2023-08-16 00:05:46.599711,2023-08-16 00:05:50.728157,0 days 00:00:04.128446,0.11392856608095618,0.46831163570510054,4,9,0.027927822058925172,0.3377786094777004,50,134,COMPLETE
570,570,0.9347826086956522,2023-08-16 00:05:50.728990,2023-08-16 00:06:01.989488,0 days 00:00:11.260498,0.46355719126807793,0.620007740154001,5,15,0.07480563646441449,0.19078078320161862,50,136,COMPLETE
571,571,0.8695652173913043,2023-08-16 00:06:01.990014,2023-08-16 00:06:08.747188,0 days 00:00:06.757174,0.7697741578725704,0.5039715356714197,4,13,0.04058609945337174,0.2872592980666171,50,139,COMPLETE
572,572,0.9130434782608695,2023-08-16 00:06:08.747700,2023-08-16 00:06:16.315038,0 days 00:00:07.567338,0.5328956132436076,0.5203556526520199,4,16,0.0565412284915279,0.2996438105971692,50,141,COMPLETE
573,573,0.9347826086956522,2023-08-16 00:06:16.315550,2023-08-16 00:06:34.365993,0 days 00:00:18.050443,0.7331533195473237,0.5768269202224928,5,13,0.03274242025623947,0.24158021915335137,60,169,COMPLETE
574,574,0.8260869565217391,2023-08-16 00:06:34.366505,2023-08-16 00:06:42.203391,0 days 00:00:07.836886,0.6296198497520837,0.485063125246546,4,14,0.07858163476085861,0.3449212836459188,50,133,COMPLETE
575,575,0.8695652173913043,2023-08-16 00:06:42.203928,2023-08-16 00:06:50.235012,0 days 00:00:08.031084,0.4084810502714935,0.634532593417024,3,20,0.07574668705723187,0.29062650817191577,60,137,COMPLETE
576,576,0.8913043478260869,2023-08-16 00:06:50.235538,2023-08-16 00:06:55.174972,0 days 00:00:04.939434,0.14737782542666567,0.3483453266982461,4,12,0.0437081703978311,0.1773802734878209,50,155,COMPLETE
577,577,0.8913043478260869,2023-08-16 00:06:55.175491,2023-08-16 00:07:03.210553,0 days 00:00:08.035062,0.7234143595443993,0.7237972331882632,4,14,0.06141220291090971,0.26356823861842504,60,121,COMPLETE
578,578,0.782608695652174,2023-08-16 00:07:03.211083,2023-08-16 00:07:07.400016,0 days 00:00:04.188933,0.2555392204275949,0.37529950204129486,4,13,0.08538200078728547,0.24738320292835922,50,143,COMPLETE
579,579,0.8695652173913043,2023-08-16 00:07:07.400542,2023-08-16 00:07:14.288962,0 days 00:00:06.888420,0.16725402858809393,0.6871345949115292,5,15,0.07603168052138375,0.2961442193519562,60,135,COMPLETE
580,580,0.8913043478260869,2023-08-16 00:07:14.289480,2023-08-16 00:07:19.209296,0 days 00:00:04.919816,0.5161489265438702,0.4080685409126607,3,16,0.037430335080433086,0.2380325557459772,50,120,COMPLETE
581,581,0.8913043478260869,2023-08-16 00:07:19.209871,2023-08-16 00:07:34.445342,0 days 00:00:15.235471,0.5508695648978736,0.5517625497983047,4,20,0.05946391498913617,0.26978521401683797,60,139,COMPLETE
582,582,0.8478260869565217,2023-08-16 00:07:34.445883,2023-08-16 00:07:39.418346,0 days 00:00:04.972463,0.4863044023592482,0.47574194367667233,4,9,0.053740256527955284,0.27482503422122373,50,141,COMPLETE
583,583,0.8478260869565217,2023-08-16 00:07:39.418896,2023-08-16 00:07:48.951568,0 days 00:00:09.532672,0.1280133243057725,0.4489494024240752,4,17,0.042042975153414396,0.3120130534050433,60,130,COMPLETE
584,584,0.8043478260869565,2023-08-16 00:07:48.952081,2023-08-16 00:08:04.341734,0 days 00:00:15.389653,0.21476178796800516,0.5884473052211316,5,14,0.03553866134488785,0.3026271836510865,50,142,COMPLETE
585,585,0.8260869565217391,2023-08-16 00:08:04.342296,2023-08-16 00:08:11.328053,0 days 00:00:06.985757,0.5005977457884433,0.5114741800292549,4,16,0.09044369754060688,0.2838513778519437,60,137,COMPLETE
586,586,0.8260869565217391,2023-08-16 00:08:11.328564,2023-08-16 00:08:17.034774,0 days 00:00:05.706210,0.18217952461167722,0.5653100391459991,4,13,0.06607341628607466,0.3194019903977553,50,145,COMPLETE
587,587,0.8913043478260869,2023-08-16 00:08:17.035306,2023-08-16 00:08:20.594490,0 days 00:00:03.559184,0.39769313294767117,0.49222239197987516,3,10,0.05758875209037848,0.25849903146712694,60,165,COMPLETE
588,588,0.8913043478260869,2023-08-16 00:08:20.595004,2023-08-16 00:08:37.656168,0 days 00:00:17.061164,0.24507238160614958,0.6984391735346254,4,19,0.026544476605391946,0.342369565542004,50,122,COMPLETE
589,589,0.8478260869565217,2023-08-16 00:08:37.656713,2023-08-16 00:08:47.771487,0 days 00:00:10.114774,0.45025104032002694,0.531053995778381,5,14,0.055156892147010944,0.27772829241431735,60,140,COMPLETE
590,590,0.8913043478260869,2023-08-16 00:08:47.772008,2023-08-16 00:08:57.790173,0 days 00:00:10.018165,0.47367073915155744,0.6067524887180112,4,12,0.030425812488403304,0.15935313590384198,50,175,COMPLETE
591,591,0.8260869565217391,2023-08-16 00:08:57.790717,2023-08-16 00:09:06.347718,0 days 00:00:08.557001,0.28403857777684044,0.6741919987124159,4,15,0.08087681108384537,0.18517440853258355,60,147,COMPLETE
592,592,0.8695652173913043,2023-08-16 00:09:06.348274,2023-08-16 00:09:17.054580,0 days 00:00:10.706306,0.5875069318947311,0.45955077596269434,5,17,0.04806654475493683,0.3075587011619859,50,132,COMPLETE
593,593,0.8478260869565217,2023-08-16 00:09:17.055107,2023-08-16 00:09:23.390284,0 days 00:00:06.335177,0.6640574008958012,0.31228068421114075,4,13,0.06196589409925417,0.33310669646033586,60,176,COMPLETE
594,594,0.8695652173913043,2023-08-16 00:09:23.390801,2023-08-16 00:09:27.561189,0 days 00:00:04.170388,0.42256505771053116,0.5032568189801351,4,11,0.08248293091010173,0.1986887023839004,50,134,COMPLETE
595,595,0.8913043478260869,2023-08-16 00:09:27.561783,2023-08-16 00:09:37.756108,0 days 00:00:10.194325,0.2014240542097471,0.3870633497640816,4,20,0.05153860822601153,0.23255396804823214,60,138,COMPLETE
596,596,0.8695652173913043,2023-08-16 00:09:37.756636,2023-08-16 00:09:44.271482,0 days 00:00:06.514846,0.7482158866776368,0.42661468725372703,3,17,0.03386328292114141,0.20684104653863866,50,136,COMPLETE
597,597,0.9130434782608695,2023-08-16 00:09:44.272016,2023-08-16 00:09:48.474343,0 days 00:00:04.202327,0.2678830929537618,0.5444066200298813,4,15,0.0724332322733617,0.21205508816140997,60,123,COMPLETE
598,598,0.8043478260869565,2023-08-16 00:09:48.474934,2023-08-16 00:09:52.571884,0 days 00:00:04.096950,0.22793678768055847,0.3588525396345271,5,16,0.07771874082851368,0.3148117848993124,50,120,COMPLETE
599,599,0.9130434782608695,2023-08-16 00:09:52.572407,2023-08-16 00:10:05.526969,0 days 00:00:12.954562,0.5182504914192765,0.6608065994761642,4,19,0.06421846278087925,0.1658375351535897,60,143,COMPLETE
600,600,0.8888888888888888,2023-08-16 00:10:05.527507,2023-08-16 00:10:11.644336,0 days 00:00:06.116829,0.4962703268222477,0.4727787253248048,4,13,0.0598934140914212,0.19478108342051018,50,171,COMPLETE
601,601,0.9333333333333333,2023-08-16 00:10:11.644911,2023-08-16 00:10:28.779984,0 days 00:00:17.135073,0.5651524297009624,0.333387611163108,4,20,0.038266809691328056,0.25023159098268627,60,178,COMPLETE
602,602,0.8444444444444444,2023-08-16 00:10:28.780514,2023-08-16 00:10:31.942308,0 days 00:00:03.161794,0.5396674830797378,0.3006850734128461,3,14,0.093439567077937,0.1553788687241042,50,162,COMPLETE
603,603,0.8888888888888888,2023-08-16 00:10:31.942842,2023-08-16 00:10:41.929781,0 days 00:00:09.986939,0.1350266483139343,0.6460405246389506,5,17,0.03213633578853274,0.1749335686905926,60,122,COMPLETE
604,604,0.8222222222222222,2023-08-16 00:10:41.930342,2023-08-16 00:10:45.555276,0 days 00:00:03.624934,0.2969997872217394,0.2581589044923559,4,13,0.06737371574088716,0.20198249174548896,50,145,COMPLETE
605,605,0.8,2023-08-16 00:10:45.555807,2023-08-16 00:10:51.461951,0 days 00:00:05.906144,0.10057814748984531,0.2781570001836893,4,11,0.05637451109737672,0.24296834257907746,60,173,COMPLETE
606,606,0.8888888888888888,2023-08-16 00:10:51.462465,2023-08-16 00:10:59.724292,0 days 00:00:08.261827,0.7012510380765999,0.5792672304695933,4,14,0.0401073528344965,0.16951131088579097,50,140,COMPLETE
607,607,0.8444444444444444,2023-08-16 00:10:59.724819,2023-08-16 00:11:27.648926,0 days 00:00:27.924107,0.4611213007739803,0.7966732588097901,5,19,0.02875580305776435,0.267115666599334,50,137,COMPLETE
608,608,0.8888888888888888,2023-08-16 00:11:27.649497,2023-08-16 00:11:32.045177,0 days 00:00:04.395680,0.7203710298275843,0.6275633535946592,4,10,0.06284460067870068,0.34997964676603305,60,135,COMPLETE
609,609,0.8222222222222222,2023-08-16 00:11:32.045718,2023-08-16 00:11:34.996198,0 days 00:00:02.950480,0.3241634866757189,0.5202093296868534,3,8,0.0734756695455569,0.323543756605072,50,121,COMPLETE
610,610,0.8666666666666667,2023-08-16 00:11:34.996782,2023-08-16 00:11:38.918920,0 days 00:00:03.922138,0.6499776812041856,0.4849256919810255,4,9,0.08706419495102562,0.2186870873767,60,123,COMPLETE
611,611,0.9111111111111111,2023-08-16 00:11:38.919491,2023-08-16 00:11:46.449873,0 days 00:00:07.530382,0.4750858403074985,0.6007846433302649,4,12,0.05315034819586999,0.22794372008589478,50,139,COMPLETE
612,612,0.8444444444444444,2023-08-16 00:11:46.450414,2023-08-16 00:11:54.747827,0 days 00:00:08.297413,0.19504115661959784,0.5625965949827271,5,16,0.07119648876636324,0.2621897753186622,60,141,COMPLETE
613,613,0.9333333333333333,2023-08-16 00:11:54.748362,2023-08-16 00:12:00.713373,0 days 00:00:05.965011,0.16197343241112472,0.776605592711969,4,15,0.058379963814515656,0.18979681446662927,50,143,COMPLETE
614,614,0.8666666666666667,2023-08-16 00:12:00.713919,2023-08-16 00:12:13.090656,0 days 00:00:12.376737,0.38450763475318583,0.4148893273538947,4,17,0.044943348736714066,0.28971307672648566,60,124,COMPLETE
615,615,0.8666666666666667,2023-08-16 00:12:13.091193,2023-08-16 00:12:21.214048,0 days 00:00:08.122855,0.23421898455977705,0.7103953834553786,4,13,0.0654102505424356,0.2951752786419442,50,146,COMPLETE
616,616,0.8444444444444444,2023-08-16 00:12:21.214570,2023-08-16 00:12:30.572188,0 days 00:00:09.357618,0.43560985656759754,0.4454950491080709,5,20,0.07502270840321516,0.2809150354457695,60,136,COMPLETE
617,617,0.9333333333333333,2023-08-16 00:12:30.572741,2023-08-16 00:12:38.306169,0 days 00:00:07.733428,0.6800623418823777,0.7421822135251592,4,14,0.07962303488792147,0.27160006387064756,50,121,COMPLETE
618,618,0.8,2023-08-16 00:12:38.306697,2023-08-16 00:12:48.553072,0 days 00:00:10.246375,0.6003650001751093,0.4931671458664844,3,16,0.049892487798126925,0.3370949411833905,60,138,COMPLETE
619,619,0.8888888888888888,2023-08-16 00:12:48.553599,2023-08-16 00:12:56.143278,0 days 00:00:07.589679,0.2521367693133003,0.6922027635372089,4,13,0.068951033002345,0.30011195946371877,50,148,COMPLETE
620,620,0.8666666666666667,2023-08-16 00:12:56.143940,2023-08-16 00:13:12.574456,0 days 00:00:16.430516,0.49308672000611586,0.4630077781337409,4,17,0.03656310052990455,0.2545533313399633,60,157,COMPLETE
621,621,0.8666666666666667,2023-08-16 00:13:12.574995,2023-08-16 00:13:21.193047,0 days 00:00:08.618052,0.61280836015383,0.5093006655991347,5,18,0.08291716018037751,0.23891511785844738,50,144,COMPLETE
622,622,0.8444444444444444,2023-08-16 00:13:21.193576,2023-08-16 00:13:29.454449,0 days 00:00:08.260873,0.7804382388617254,0.535800171387151,4,19,0.055271879008379064,0.18032090496295944,60,124,COMPLETE
623,623,0.8444444444444444,2023-08-16 00:13:29.454983,2023-08-16 00:13:37.544135,0 days 00:00:08.089152,0.5107360313065589,0.5889154822681979,4,14,0.061056956439132684,0.21489270209144604,50,134,COMPLETE
624,624,0.9111111111111111,2023-08-16 00:13:37.544672,2023-08-16 00:13:44.067904,0 days 00:00:06.523232,0.22018515647124548,0.2281526933880615,4,17,0.04240352658125168,0.3090404762800021,60,129,COMPLETE
625,625,0.8444444444444444,2023-08-16 00:13:44.068430,2023-08-16 00:13:49.609805,0 days 00:00:05.541375,0.5309723035682588,0.47869407318793755,4,15,0.09106065626720539,0.32817011120741796,50,122,COMPLETE
626,626,0.8444444444444444,2023-08-16 00:13:49.610355,2023-08-16 00:13:58.838549,0 days 00:00:09.228194,0.1850290771790088,0.671991630803435,3,13,0.03518395169965261,0.28639160127411745,60,120,COMPLETE
627,627,0.9111111111111111,2023-08-16 00:13:58.839085,2023-08-16 00:14:08.782063,0 days 00:00:09.942978,0.48201826737158027,0.6200454186606155,5,12,0.0767824588011848,0.3044598452666798,50,142,COMPLETE
628,628,0.9333333333333333,2023-08-16 00:14:08.782589,2023-08-16 00:14:37.196899,0 days 00:00:28.414310,0.416565148212415,0.7305804222382689,4,20,0.026553014205249543,0.23153431650515222,60,174,COMPLETE
629,629,0.8444444444444444,2023-08-16 00:14:37.197449,2023-08-16 00:14:45.673835,0 days 00:00:08.476386,0.2733308639306472,0.365559660884054,4,18,0.06670105289909667,0.22533017734854882,50,168,COMPLETE
630,630,0.8666666666666667,2023-08-16 00:14:45.674419,2023-08-16 00:14:56.395606,0 days 00:00:10.721187,0.4528913502824186,0.43496610611980374,5,19,0.09759807802884604,0.2769505131642206,60,160,COMPLETE
631,631,0.8888888888888888,2023-08-16 00:14:56.396169,2023-08-16 00:15:03.907324,0 days 00:00:07.511155,0.37488223492262296,0.34360762965942476,4,14,0.0475457893211251,0.24774813228035786,50,125,COMPLETE
632,632,0.9333333333333333,2023-08-16 00:15:03.907887,2023-08-16 00:15:09.502558,0 days 00:00:05.594671,0.6365935005781971,0.49305078758076204,3,17,0.03854411278796585,0.16167788793624996,50,133,COMPLETE
633,633,0.8444444444444444,2023-08-16 00:15:09.503139,2023-08-16 00:15:13.399079,0 days 00:00:03.895940,0.2108685451412381,0.5529597326727483,4,9,0.07026695896493318,0.31762555786089286,60,140,COMPLETE
634,634,0.9111111111111111,2023-08-16 00:15:13.399611,2023-08-16 00:15:17.595935,0 days 00:00:04.196324,0.15590772993918584,0.32912227098100266,4,16,0.05717086557317678,0.184079178508616,50,137,COMPLETE
635,635,0.9111111111111111,2023-08-16 00:15:17.596462,2023-08-16 00:15:26.164554,0 days 00:00:08.568092,0.7008612371305072,0.572622858586674,5,15,0.0638374638075446,0.15017065141458036,60,144,COMPLETE
636,636,0.8666666666666667,2023-08-16 00:15:26.165119,2023-08-16 00:15:35.513735,0 days 00:00:09.348616,0.5091562919641474,0.5239763422841427,4,18,0.09237861513316907,0.2915963741271086,50,176,COMPLETE
637,637,0.9111111111111111,2023-08-16 00:15:35.514298,2023-08-16 00:15:39.556338,0 days 00:00:04.042040,0.14152028641964484,0.5016032600013075,4,10,0.030806229585464445,0.2602950281426334,60,123,COMPLETE
638,638,0.8888888888888888,2023-08-16 00:15:39.556872,2023-08-16 00:15:46.275245,0 days 00:00:06.718373,0.26256985335930605,0.4695708563887562,4,13,0.03411273665504964,0.28421917973443556,50,122,COMPLETE
639,639,0.8666666666666667,2023-08-16 00:15:46.275821,2023-08-16 00:16:02.289017,0 days 00:00:16.013196,0.5676050932182266,0.642430707920554,5,17,0.05106491687238757,0.1712153870602292,60,135,COMPLETE
640,640,0.9555555555555556,2023-08-16 00:16:02.289857,2023-08-16 00:16:10.369777,0 days 00:00:08.079920,0.39851485136941667,0.45382846376148783,4,20,0.059076616694428236,0.2093996740586142,50,142,COMPLETE
641,641,0.8222222222222222,2023-08-16 00:16:10.370344,2023-08-16 00:16:12.842290,0 days 00:00:02.471946,0.30783107391232734,0.3928404435351414,3,7,0.06826808348376498,0.2362224575772538,60,152,COMPLETE
