,number,value,datetime_start,datetime_complete,duration,params_cross_ind_prob,params_cross_prob,params_cv,params_max_features,params_muta_ind_prob,params_muta_prob,params_n_gens,params_n_population,state
1070,1070,0.8888888888888888,2023-08-16 01:22:26.594326,2023-08-16 01:22:48.222916,0 days 00:00:21.628590,0.22162620348061032,0.6764652190556809,4,19,0.033832031343650155,0.22376804369441233,60,159,COMPLETE
1071,1071,0.8666666666666667,2023-08-16 01:22:48.223584,2023-08-16 01:23:03.222902,0 days 00:00:14.999318,0.36789430879705914,0.45569471770250003,4,20,0.041251894729690944,0.32638575381514745,50,134,COMPLETE
1072,1072,0.7333333333333333,2023-08-16 01:23:03.223545,2023-08-16 01:23:09.706785,0 days 00:00:06.483240,0.38592974906459443,0.5053313392523611,4,13,0.05153866524194865,0.31239283295326037,40,142,COMPLETE
1073,1073,0.8444444444444444,2023-08-16 01:23:09.707427,2023-08-16 01:23:23.887441,0 days 00:00:14.180014,0.1840834106190801,0.5742436057621942,4,19,0.03224344620556505,0.2765190505556104,60,126,COMPLETE
1074,1074,0.8222222222222222,2023-08-16 01:23:23.888115,2023-08-16 01:23:34.580124,0 days 00:00:10.692009,0.4701480027975764,0.7065809298365828,3,18,0.05835725196902195,0.32173738356835374,50,124,COMPLETE
1075,1075,0.8888888888888888,2023-08-16 01:23:34.580797,2023-08-16 01:23:43.959483,0 days 00:00:09.378686,0.4061174447150226,0.6917222720096377,4,12,0.025008022789361158,0.16440005155184267,40,130,COMPLETE
1076,1076,0.8444444444444444,2023-08-16 01:23:43.960155,2023-08-16 01:23:48.311058,0 days 00:00:04.350903,0.5320931596988201,0.4354340554581714,4,10,0.04855780568370053,0.30592772532032236,60,124,COMPLETE
1077,1077,0.8222222222222222,2023-08-16 01:23:48.311768,2023-08-16 01:23:58.808972,0 days 00:00:10.497204,0.13909839363876175,0.40032904478530956,4,17,0.060927048064952805,0.3386997456724966,50,126,COMPLETE
1078,1078,0.8444444444444444,2023-08-16 01:23:58.809901,2023-08-16 01:24:20.954808,0 days 00:00:22.144907,0.7491949196087504,0.7449705000363781,4,19,0.054710557520506575,0.26443523695784493,40,165,COMPLETE
1079,1079,0.7777777777777778,2023-08-16 01:24:20.955575,2023-08-16 01:24:36.405971,0 days 00:00:15.450396,0.2763730742360257,0.7260713478246914,4,13,0.037040893832389406,0.15323151253878414,60,137,COMPLETE
1080,1080,0.8444444444444444,2023-08-16 01:24:36.406797,2023-08-16 01:24:46.365435,0 days 00:00:09.958638,0.7401680845906599,0.616024659045156,4,19,0.068691510675963,0.2158381249597942,50,120,COMPLETE
1081,1081,0.8666666666666667,2023-08-16 01:24:46.366151,2023-08-16 01:24:55.030420,0 days 00:00:08.664269,0.6246692061595429,0.48395463752864465,4,20,0.08028840736915449,0.29067660076626456,40,122,COMPLETE
1082,1082,0.8666666666666667,2023-08-16 01:24:55.031266,2023-08-16 01:25:16.777720,0 days 00:00:21.746454,0.5740413188652376,0.7997815093231051,4,18,0.028095175903173737,0.3161300161135238,60,128,COMPLETE
1083,1083,0.8666666666666667,2023-08-16 01:25:16.778400,2023-08-16 01:25:29.717843,0 days 00:00:12.939443,0.5460627942694566,0.5984496264463235,4,19,0.035469872582746434,0.2566723298881877,50,125,COMPLETE
1084,1084,0.8444444444444444,2023-08-16 01:25:29.718551,2023-08-16 01:25:38.602745,0 days 00:00:08.884194,0.45564005654465806,0.3669828245188096,4,17,0.06447731176425926,0.28210563169884545,40,141,COMPLETE
1085,1085,0.8,2023-08-16 01:25:38.603412,2023-08-16 01:25:47.118609,0 days 00:00:08.515197,0.48954302537626393,0.24179989063803148,4,15,0.04452733277554463,0.2292936330060106,60,132,COMPLETE
1086,1086,0.8444444444444444,2023-08-16 01:25:47.119355,2023-08-16 01:25:54.156379,0 days 00:00:07.037024,0.23248605502544878,0.5285371068398613,4,18,0.07750378479735198,0.2940732718563172,50,135,COMPLETE
1087,1087,0.8666666666666667,2023-08-16 01:25:54.157028,2023-08-16 01:26:05.352346,0 days 00:00:11.195318,0.5872215492124666,0.498076674283624,4,19,0.057084720459214866,0.3342415021090697,40,146,COMPLETE
1088,1088,0.8222222222222222,2023-08-16 01:26:05.353014,2023-08-16 01:26:09.204089,0 days 00:00:03.851075,0.16860918116751722,0.3530283588045299,4,14,0.06275725148581582,0.24177963329810992,60,129,COMPLETE
1089,1089,0.8666666666666667,2023-08-16 01:26:09.204712,2023-08-16 01:26:24.746473,0 days 00:00:15.541761,0.1967205559790941,0.7680234612708822,4,20,0.02985367699029632,0.30075482384026875,50,123,COMPLETE
1090,1090,0.8,2023-08-16 01:26:24.747143,2023-08-16 01:26:27.665336,0 days 00:00:02.918193,0.12636632972733494,0.5165113977464316,3,13,0.07100701177113916,0.20664877353491976,40,151,COMPLETE
1091,1091,0.8,2023-08-16 01:26:27.665996,2023-08-16 01:26:36.839826,0 days 00:00:09.173830,0.5071858068687556,0.6541414080309014,4,19,0.07406434585068891,0.3203150558083074,50,127,COMPLETE
1092,1092,0.8222222222222222,2023-08-16 01:26:36.840462,2023-08-16 01:26:52.126517,0 days 00:00:15.286055,0.3507314601368721,0.4461147983866399,4,18,0.03335580841314883,0.30860028008052864,60,124,COMPLETE
1093,1093,0.7777777777777778,2023-08-16 01:26:52.127185,2023-08-16 01:26:54.293980,0 days 00:00:02.166795,0.15199438050418734,0.21951112833855707,4,12,0.0859685863608297,0.328671540121329,50,143,COMPLETE
1094,1094,0.8888888888888888,2023-08-16 01:26:54.294665,2023-08-16 01:26:57.250784,0 days 00:00:02.956119,0.5254313644459093,0.3761504667703099,4,11,0.06634443495244045,0.278985117726191,40,126,COMPLETE
1095,1095,0.7777777777777778,2023-08-16 01:26:57.251449,2023-08-16 01:27:05.083459,0 days 00:00:07.832010,0.44187520403639335,0.46930272544959833,4,19,0.09464099550699881,0.24763142304918734,60,145,COMPLETE
1096,1096,0.8888888888888888,2023-08-16 01:27:05.084110,2023-08-16 01:27:11.411209,0 days 00:00:06.327099,0.3258521602547294,0.3294326990706291,4,19,0.088774922704361,0.2122404902548775,50,139,COMPLETE
1097,1097,0.8444444444444444,2023-08-16 01:27:11.411871,2023-08-16 01:27:29.504841,0 days 00:00:18.092970,0.47775799280020426,0.5659369515955627,4,20,0.03146515886729707,0.2736436339331729,40,180,COMPLETE
1098,1098,0.8,2023-08-16 01:27:29.505512,2023-08-16 01:27:32.066939,0 days 00:00:02.561427,0.30073623851927617,0.5435638037533397,4,6,0.04707387743722584,0.21859008456491755,60,121,COMPLETE
1099,1099,0.7111111111111111,2023-08-16 01:27:32.067609,2023-08-16 01:27:40.771545,0 days 00:00:08.703936,0.5647735856653237,0.3113996475730683,4,13,0.03754695598033987,0.25325259141853323,50,125,COMPLETE
1100,1100,0.8695652173913043,2023-08-16 01:27:40.772217,2023-08-16 01:27:51.663757,0 days 00:00:10.891540,0.39801632668220094,0.4889708335504183,4,18,0.026622284829463758,0.26238636574721036,40,128,COMPLETE
1101,1101,0.9130434782608695,2023-08-16 01:27:51.664397,2023-08-16 01:27:57.799035,0 days 00:00:06.134638,0.4220970546554251,0.3879067863619015,4,17,0.06782694803549959,0.32592046994920426,60,122,COMPLETE
1102,1102,0.9130434782608695,2023-08-16 01:27:57.799672,2023-08-16 01:28:02.149974,0 days 00:00:04.350302,0.21518945570389164,0.7331655639347971,3,10,0.03450216336377857,0.3142743432228519,50,126,COMPLETE
1103,1103,0.8695652173913043,2023-08-16 01:28:02.150744,2023-08-16 01:28:08.361562,0 days 00:00:06.210818,0.5414962284541247,0.4246630412220633,4,15,0.053920923728141126,0.2256820646740152,40,123,COMPLETE
1104,1104,0.9130434782608695,2023-08-16 01:28:08.362230,2023-08-16 01:28:16.978622,0 days 00:00:08.616392,0.4989838959401455,0.5836439879452806,4,16,0.05253034351113756,0.2851919667499935,60,127,COMPLETE
1105,1105,0.8913043478260869,2023-08-16 01:28:16.979289,2023-08-16 01:28:27.199081,0 days 00:00:10.219792,0.27162956108468383,0.503397391926091,4,19,0.03278760227798839,0.19078609494089888,50,124,COMPLETE
1106,1106,0.9347826086956522,2023-08-16 01:28:27.199745,2023-08-16 01:28:30.585393,0 days 00:00:03.385648,0.5229404158647887,0.3458154706964167,4,19,0.0503395446498827,0.2586027192959515,40,138,COMPLETE
1107,1107,0.9347826086956522,2023-08-16 01:28:30.586055,2023-08-16 01:28:47.986366,0 days 00:00:17.400311,0.3797307166669278,0.634062991659564,4,20,0.04216097190698036,0.3030125860166109,60,136,COMPLETE
1108,1108,0.9130434782608695,2023-08-16 01:28:47.987052,2023-08-16 01:28:54.848790,0 days 00:00:06.861738,0.25128979041080535,0.4780057170967974,4,14,0.05907074365259271,0.23378476916690785,50,148,COMPLETE
1109,1109,0.8043478260869565,2023-08-16 01:28:54.849448,2023-08-16 01:28:57.885844,0 days 00:00:03.036396,0.11367329916193578,0.36338414154221416,4,13,0.05631116098895735,0.31822842766263615,40,125,COMPLETE
1110,1110,1.0,2023-08-16 01:28:57.886479,2023-08-16 01:29:09.776441,0 days 00:00:11.889962,0.6939879996583035,0.6862862237354708,4,18,0.0724122457846457,0.3221874957709195,60,129,COMPLETE
1111,1111,0.9347826086956522,2023-08-16 01:29:09.777084,2023-08-16 01:29:19.764528,0 days 00:00:09.987444,0.6539666165357705,0.6922066889363504,4,18,0.07160714409021501,0.23678272022215932,60,130,COMPLETE
1112,1112,0.9347826086956522,2023-08-16 01:29:19.765248,2023-08-16 01:29:31.215208,0 days 00:00:11.449960,0.4853642771138996,0.695158741021297,4,18,0.07445650772030889,0.26845357339841425,60,132,COMPLETE
1113,1113,0.9565217391304348,2023-08-16 01:29:31.215895,2023-08-16 01:29:39.745473,0 days 00:00:08.529578,0.7099518901748759,0.6838181777815127,4,17,0.07350573044875534,0.22069819924817144,60,130,COMPLETE
1114,1114,0.9347826086956522,2023-08-16 01:29:39.746143,2023-08-16 01:29:51.428590,0 days 00:00:11.682447,0.6663531830673507,0.677820663431354,4,18,0.07020118116208685,0.31112571699316155,60,129,COMPLETE
1115,1115,0.8695652173913043,2023-08-16 01:29:51.429270,2023-08-16 01:30:00.974719,0 days 00:00:09.545449,0.43452233532538137,0.6471436185581161,4,17,0.06873990437424099,0.32978285802206275,60,121,COMPLETE
1116,1116,0.8695652173913043,2023-08-16 01:30:00.975393,2023-08-16 01:30:08.155022,0 days 00:00:07.179629,0.4667768798594568,0.7017829733170066,3,18,0.0970653006358628,0.321755565326158,60,131,COMPLETE
1117,1117,0.9782608695652174,2023-08-16 01:30:08.155676,2023-08-16 01:30:18.840083,0 days 00:00:10.684407,0.45158320734919655,0.6816499786721776,4,18,0.07110715804583453,0.230496008527265,60,133,COMPLETE
1118,1118,0.9130434782608695,2023-08-16 01:30:18.840748,2023-08-16 01:30:29.582793,0 days 00:00:10.742045,0.6498777125384945,0.6628332452065386,4,18,0.0729543820998917,0.23013986222579408,60,134,COMPLETE
1119,1119,0.8695652173913043,2023-08-16 01:30:29.583450,2023-08-16 01:30:40.562331,0 days 00:00:10.978881,0.6822175676660267,0.6854389850580053,4,18,0.07113198638945993,0.2771303286345052,60,134,COMPLETE
1120,1120,0.8695652173913043,2023-08-16 01:30:40.563031,2023-08-16 01:30:51.339015,0 days 00:00:10.775984,0.6220149437824957,0.6759487907563095,4,18,0.07054032898291895,0.234469818678443,60,136,COMPLETE
1121,1121,0.8695652173913043,2023-08-16 01:30:51.339705,2023-08-16 01:31:00.230795,0 days 00:00:08.891090,0.453879243199274,0.6641606818712454,4,17,0.07113153348315547,0.22514830434784655,60,136,COMPLETE
1122,1122,0.8695652173913043,2023-08-16 01:31:00.231454,2023-08-16 01:31:10.333831,0 days 00:00:10.102377,0.4476509713524772,0.7065958439869118,4,18,0.07277020356542815,0.23158856753193097,60,137,COMPLETE
1123,1123,0.9347826086956522,2023-08-16 01:31:10.334489,2023-08-16 01:31:21.531153,0 days 00:00:11.196664,0.4133890059478384,0.7081627861269644,4,17,0.07564244904784348,0.24053717959354773,60,133,COMPLETE
1124,1124,0.8913043478260869,2023-08-16 01:31:21.531828,2023-08-16 01:31:28.498703,0 days 00:00:06.966875,0.6919721831940397,0.669050986465912,4,18,0.07204679329924758,0.3446533435702694,60,134,COMPLETE
1125,1125,0.8913043478260869,2023-08-16 01:31:28.499357,2023-08-16 01:31:43.787559,0 days 00:00:15.288202,0.463236807957061,0.7235415755453113,4,18,0.0690609142932797,0.22774623399125385,60,135,COMPLETE
1126,1126,0.9130434782608695,2023-08-16 01:31:43.788260,2023-08-16 01:31:53.787612,0 days 00:00:09.999352,0.6136638275542412,0.6873382941231295,4,18,0.06941876964572281,0.2327750854452017,60,135,COMPLETE
1127,1127,0.8913043478260869,2023-08-16 01:31:53.788272,2023-08-16 01:32:04.877815,0 days 00:00:11.089543,0.6494657740845243,0.7150034974796795,4,17,0.07283759578805629,0.24423916388892966,60,134,COMPLETE
1128,1128,0.8478260869565217,2023-08-16 01:32:04.878498,2023-08-16 01:32:13.778246,0 days 00:00:08.899748,0.4505586497146221,0.46395853729100506,4,18,0.06111467208795938,0.22041983390830702,60,136,COMPLETE
1129,1129,0.9565217391304348,2023-08-16 01:32:13.778934,2023-08-16 01:32:22.610312,0 days 00:00:08.831378,0.4717167726710245,0.693653498195195,4,17,0.06763889116604463,0.22280321568678768,60,132,COMPLETE
1130,1130,0.8695652173913043,2023-08-16 01:32:22.610987,2023-08-16 01:32:30.149526,0 days 00:00:07.538539,0.7231050443419529,0.6753510132877165,4,18,0.0696555318233471,0.16922688345239945,60,134,COMPLETE
1131,1131,0.8695652173913043,2023-08-16 01:32:30.150193,2023-08-16 01:32:37.686742,0 days 00:00:07.536549,0.43595563720051295,0.6554124782737275,3,18,0.04894292208291606,0.23906859466374591,60,137,COMPLETE
1132,1132,0.8913043478260869,2023-08-16 01:32:37.687395,2023-08-16 01:32:44.726789,0 days 00:00:07.039394,0.42628260758695147,0.5163007157917245,4,18,0.0720947058863816,0.23618931246404234,60,132,COMPLETE
1133,1133,0.8478260869565217,2023-08-16 01:32:44.727461,2023-08-16 01:32:54.760376,0 days 00:00:10.032915,0.47803838238830015,0.6106672798057255,4,18,0.07389305605198643,0.227457720688932,60,135,COMPLETE
1134,1134,0.9347826086956522,2023-08-16 01:32:54.761038,2023-08-16 01:33:07.420460,0 days 00:00:12.659422,0.4450505859902552,0.684676036851972,4,17,0.06605117125529458,0.2958123123157249,60,138,COMPLETE
1135,1135,0.8695652173913043,2023-08-16 01:33:07.421117,2023-08-16 01:33:20.871167,0 days 00:00:13.450050,0.6970264699008567,0.5336442413753788,4,18,0.04343151002590092,0.2867765108011385,60,136,COMPLETE
1136,1136,0.8695652173913043,2023-08-16 01:33:20.871857,2023-08-16 01:33:26.511553,0 days 00:00:05.639696,0.7970057914865489,0.4904979253522283,4,17,0.05806117540931063,0.2723599946357652,60,134,COMPLETE
1137,1137,0.8043478260869565,2023-08-16 01:33:26.512215,2023-08-16 01:33:34.232463,0 days 00:00:07.720248,0.644751170537438,0.5579718186387418,4,12,0.04010402849479248,0.29094638333159145,60,133,COMPLETE
1138,1138,0.9347826086956522,2023-08-16 01:33:34.233137,2023-08-16 01:33:47.690515,0 days 00:00:13.457378,0.46148737088781616,0.7721212217094275,4,18,0.06227247936821505,0.23031175333367881,60,133,COMPLETE
1139,1139,0.8913043478260869,2023-08-16 01:33:47.691197,2023-08-16 01:34:00.391506,0 days 00:00:12.700309,0.49181446765727466,0.753398671530069,4,17,0.054952947380387265,0.28164380973055764,60,123,COMPLETE
1140,1140,0.9347826086956522,2023-08-16 01:34:00.392227,2023-08-16 01:34:08.425289,0 days 00:00:08.033062,0.615138124045539,0.5038809153641617,4,18,0.051586700834474516,0.2466067000527596,60,125,COMPLETE
1141,1141,0.9347826086956522,2023-08-16 01:34:08.426014,2023-08-16 01:34:17.894353,0 days 00:00:09.468339,0.7778436450623982,0.7139701636503824,4,16,0.04649649025386151,0.19210577178164076,60,123,COMPLETE
1142,1142,0.8478260869565217,2023-08-16 01:34:17.894993,2023-08-16 01:34:21.335020,0 days 00:00:03.440027,0.7629619443924277,0.45576779307680726,4,13,0.07050032947226942,0.20218338627839755,60,124,COMPLETE
1143,1143,0.9347826086956522,2023-08-16 01:34:21.335753,2023-08-16 01:34:32.835974,0 days 00:00:11.500221,0.5949668681343306,0.6589915309985834,4,18,0.06365922137592059,0.21028119190907024,60,120,COMPLETE
1144,1144,0.8695652173913043,2023-08-16 01:34:32.836699,2023-08-16 01:34:39.788071,0 days 00:00:06.951372,0.6215086014281154,0.5493285164513688,4,9,0.05957256886195615,0.2665222153910135,60,155,COMPLETE
1145,1145,0.9130434782608695,2023-08-16 01:34:39.788811,2023-08-16 01:34:45.886736,0 days 00:00:06.097925,0.42222261895766827,0.5926496717915488,4,13,0.06810000535897162,0.29994854506005775,60,122,COMPLETE
1146,1146,0.9130434782608695,2023-08-16 01:34:45.887465,2023-08-16 01:34:56.084318,0 days 00:00:10.196853,0.6735653855099745,0.7895772394597925,4,14,0.07568759366976727,0.2549737425435219,60,144,COMPLETE
1147,1147,0.8913043478260869,2023-08-16 01:34:56.084994,2023-08-16 01:35:01.563074,0 days 00:00:05.478080,0.36265063199395364,0.6412134724150065,4,12,0.06467804826694776,0.18346962088739577,60,138,COMPLETE
1148,1148,0.8913043478260869,2023-08-16 01:35:01.563795,2023-08-16 01:35:13.839779,0 days 00:00:12.275984,0.6313734104589159,0.7021738601160356,4,18,0.06060295105734819,0.2509068597818226,60,135,COMPLETE
1149,1149,0.8478260869565217,2023-08-16 01:35:13.840444,2023-08-16 01:35:18.093722,0 days 00:00:04.253278,0.7367132228776603,0.4754075703271076,4,11,0.05312967592497962,0.16729544190202109,60,126,COMPLETE
1150,1150,0.8222222222222222,2023-08-16 01:35:18.094394,2023-08-16 01:35:28.103850,0 days 00:00:10.009456,0.7867468740372497,0.6718097697698806,4,17,0.05736148142076465,0.22589251906960642,50,124,COMPLETE
1151,1151,0.6666666666666666,2023-08-16 01:35:28.104502,2023-08-16 01:35:29.965969,0 days 00:00:01.861467,0.7808053606801496,0.27800009144674875,4,8,0.07431214406515164,0.2620517860199209,60,122,COMPLETE
1152,1152,0.8222222222222222,2023-08-16 01:35:29.966723,2023-08-16 01:35:33.384112,0 days 00:00:03.417389,0.4930289893848331,0.44237629175381954,3,18,0.09100781507661786,0.18062356053982997,50,125,COMPLETE
1153,1153,0.8666666666666667,2023-08-16 01:35:33.384797,2023-08-16 01:35:43.405654,0 days 00:00:10.020857,0.6998445017861977,0.7410964683635861,4,13,0.04552200378816795,0.3062295928806491,60,147,COMPLETE
1154,1154,0.8,2023-08-16 01:35:43.406333,2023-08-16 01:35:50.703230,0 days 00:00:07.296897,0.652346171709966,0.5171777946559641,4,14,0.06709395053389572,0.3351942096109152,50,137,COMPLETE
1155,1155,0.7555555555555555,2023-08-16 01:35:50.703906,2023-08-16 01:36:00.408135,0 days 00:00:09.704229,0.40478588148571876,0.2984315944280417,4,17,0.04192660057785469,0.2789195953434223,60,123,COMPLETE
1156,1156,0.8444444444444444,2023-08-16 01:36:00.408818,2023-08-16 01:36:17.724845,0 days 00:00:17.316027,0.630705873285897,0.6242569314982452,4,18,0.03923330095871555,0.331619303295632,50,133,COMPLETE
1157,1157,0.8222222222222222,2023-08-16 01:36:17.725526,2023-08-16 01:36:26.770820,0 days 00:00:09.045294,0.7539699448307217,0.2483857742301912,4,18,0.056040728908113645,0.2160737467570209,60,146,COMPLETE
1158,1158,0.7777777777777778,2023-08-16 01:36:26.771492,2023-08-16 01:36:34.340142,0 days 00:00:07.568650,0.7980317917634321,0.581433864813389,4,13,0.05057228765941778,0.2699398098959142,50,126,COMPLETE
1159,1159,0.8222222222222222,2023-08-16 01:36:34.340831,2023-08-16 01:36:41.897631,0 days 00:00:07.556800,0.5075332900560803,0.49739502631509336,4,16,0.07239505415707762,0.23111363120419118,60,124,COMPLETE
1160,1160,0.8222222222222222,2023-08-16 01:36:41.898298,2023-08-16 01:36:46.093747,0 days 00:00:04.195449,0.33255140455111365,0.41431150628122143,4,12,0.027445680788912623,0.22290851147128854,50,121,COMPLETE
1161,1161,0.7333333333333333,2023-08-16 01:36:46.094403,2023-08-16 01:36:52.332234,0 days 00:00:06.237831,0.4700209799776193,0.483003577892407,4,18,0.06934088406242098,0.1969725672247361,60,125,COMPLETE
1162,1162,0.8444444444444444,2023-08-16 01:36:52.332907,2023-08-16 01:36:57.782555,0 days 00:00:05.449648,0.668136981673924,0.527699171719347,4,15,0.06194669723711786,0.23693749798528313,50,143,COMPLETE
1163,1163,0.8888888888888888,2023-08-16 01:36:57.783242,2023-08-16 01:37:05.214302,0 days 00:00:07.431060,0.7388774708302511,0.5747765846861438,4,17,0.0654991221077317,0.2875621749834043,60,136,COMPLETE
1164,1164,0.7777777777777778,2023-08-16 01:37:05.214973,2023-08-16 01:37:17.905763,0 days 00:00:12.690790,0.6642609581428155,0.6804661692991918,4,13,0.029279838724231115,0.32617020249835177,50,127,COMPLETE
1165,1165,0.8888888888888888,2023-08-16 01:37:17.906434,2023-08-16 01:37:30.640962,0 days 00:00:12.734528,0.6807086147312994,0.5980183157461025,4,18,0.03783739888516172,0.348463323437046,60,123,COMPLETE
1166,1166,0.7555555555555555,2023-08-16 01:37:30.641644,2023-08-16 01:37:39.335401,0 days 00:00:08.693757,0.5954167092636511,0.4551020694289877,4,14,0.048376083886651836,0.2744562831525297,50,131,COMPLETE
1167,1167,0.9333333333333333,2023-08-16 01:37:39.336088,2023-08-16 01:37:46.126816,0 days 00:00:06.790728,0.5100992670406325,0.4303098251720321,3,18,0.07137162555956264,0.2835156614424887,60,145,COMPLETE
1168,1168,0.9111111111111111,2023-08-16 01:37:46.127489,2023-08-16 01:37:53.310215,0 days 00:00:07.182726,0.7601994524034597,0.6951042296478482,4,17,0.07754773003213118,0.2958338809432795,60,124,COMPLETE
1169,1169,0.8444444444444444,2023-08-16 01:37:53.310892,2023-08-16 01:38:03.494938,0 days 00:00:10.184046,0.6152154402655385,0.7793892532363158,4,13,0.059700694681547366,0.24038267312394596,50,126,COMPLETE
1170,1170,0.8444444444444444,2023-08-16 01:38:03.495601,2023-08-16 01:38:08.393000,0 days 00:00:04.897399,0.7432809266903109,0.4687881214136048,4,12,0.06729060003991671,0.25809952799558095,60,125,COMPLETE
1171,1171,0.8666666666666667,2023-08-16 01:38:08.393652,2023-08-16 01:38:14.797558,0 days 00:00:06.403906,0.7180566609676591,0.7237341111276967,4,18,0.08919668168142755,0.2655381971070478,50,122,COMPLETE
1172,1172,0.8222222222222222,2023-08-16 01:38:14.798234,2023-08-16 01:38:20.173009,0 days 00:00:05.374775,0.7274153904101914,0.5095124491030069,4,17,0.06407315070270249,0.22889853888150746,60,127,COMPLETE
1173,1173,0.7777777777777778,2023-08-16 01:38:20.173657,2023-08-16 01:38:22.438202,0 days 00:00:02.264545,0.597317442750285,0.20175283593794674,4,10,0.07017308849339321,0.20648879988058888,50,142,COMPLETE
1174,1174,0.8222222222222222,2023-08-16 01:38:22.438911,2023-08-16 01:38:29.519165,0 days 00:00:07.080254,0.6526553473700712,0.6292848140690676,4,13,0.05273867951430185,0.29133676044613505,60,125,COMPLETE
1175,1175,0.8444444444444444,2023-08-16 01:38:29.519855,2023-08-16 01:38:40.286723,0 days 00:00:10.766868,0.6788307532202758,0.49164787693693096,4,18,0.044685935804891774,0.21289647107196577,50,139,COMPLETE
