,number,value,datetime_start,datetime_complete,duration,params_cross_ind_prob,params_cross_prob,params_cv,params_max_features,params_muta_ind_prob,params_muta_prob,params_n_gens,params_n_population,state
1282,1282,0.9347826086956522,2023-08-16 01:56:28.844084,2023-08-16 01:56:44.167008,0 days 00:00:15.322924,0.6404049442652409,0.6937268815747492,4,18,0.0286442061310827,0.2439802953626777,60,120,COMPLETE
1283,1283,0.9130434782608695,2023-08-16 01:56:44.167726,2023-08-16 01:56:55.915288,0 days 00:00:11.747562,0.2847001455819367,0.2586099844582183,4,18,0.026546960903597844,0.2535911291908065,60,121,COMPLETE
1284,1284,0.8913043478260869,2023-08-16 01:56:55.916119,2023-08-16 01:57:08.660796,0 days 00:00:12.744677,0.26735715512977004,0.6607872780023336,5,17,0.07232563108329616,0.25184534674389175,60,120,COMPLETE
1285,1285,0.9347826086956522,2023-08-16 01:57:08.661490,2023-08-16 01:57:22.582486,0 days 00:00:13.920996,0.25010052364994767,0.6792897450037496,4,18,0.02607193494716481,0.2617973970291545,60,122,COMPLETE
1286,1286,0.8695652173913043,2023-08-16 01:57:22.583168,2023-08-16 01:57:38.950704,0 days 00:00:16.367536,0.3049966037785534,0.7082794651857941,4,17,0.02834961118954915,0.2549806960938952,60,121,COMPLETE
1287,1287,0.9347826086956522,2023-08-16 01:57:38.951405,2023-08-16 01:57:50.452734,0 days 00:00:11.501329,0.27554577379748,0.3059271232071981,4,18,0.027506127129662116,0.25826641050274424,60,122,COMPLETE
1288,1288,0.8478260869565217,2023-08-16 01:57:50.453452,2023-08-16 01:58:03.499119,0 days 00:00:13.045667,0.24875044019401657,0.6798662135613747,4,18,0.02754930975492112,0.24781838881124155,60,120,COMPLETE
1289,1289,0.9130434782608695,2023-08-16 01:58:03.499821,2023-08-16 01:58:14.093279,0 days 00:00:10.593458,0.29337853472639047,0.7039473331497045,4,17,0.02779074992336459,0.25766369957032875,60,122,COMPLETE
1290,1290,0.9347826086956522,2023-08-16 01:58:14.093997,2023-08-16 01:58:27.645477,0 days 00:00:13.551480,0.2560403231684759,0.6582574841397857,4,18,0.02670957324163715,0.17196353804469144,60,122,COMPLETE
1291,1291,0.8913043478260869,2023-08-16 01:58:27.646213,2023-08-16 01:58:41.567030,0 days 00:00:13.920817,0.3107985770660953,0.5231670196262314,4,18,0.025235719048664746,0.2517348596576558,60,121,COMPLETE
1292,1292,0.9782608695652174,2023-08-16 01:58:41.567727,2023-08-16 01:58:52.837114,0 days 00:00:11.269387,0.26181692865864514,0.6653246666233745,4,18,0.027756599214772623,0.24649871526939018,60,123,COMPLETE
1293,1293,0.9347826086956522,2023-08-16 01:58:52.837850,2023-08-16 01:59:07.634944,0 days 00:00:14.797094,0.2367251284290629,0.6491769629881877,4,18,0.0261411661576863,0.25163364869455707,60,121,COMPLETE
1294,1294,0.8913043478260869,2023-08-16 01:59:07.635630,2023-08-16 01:59:22.812146,0 days 00:00:15.176516,0.27315761246952674,0.6708696288322301,4,17,0.026345474661839452,0.24732163247134975,60,122,COMPLETE
1295,1295,0.8913043478260869,2023-08-16 01:59:22.812844,2023-08-16 01:59:38.653009,0 days 00:00:15.840165,0.2712730920343483,0.6659168937139689,4,18,0.02645572505806972,0.24227553022237514,60,122,COMPLETE
1296,1296,0.8478260869565217,2023-08-16 01:59:38.653796,2023-08-16 01:59:52.991621,0 days 00:00:14.337825,0.24908700347164145,0.6864282835120845,4,18,0.02771732575073028,0.2474666217579652,60,120,COMPLETE
1297,1297,0.8260869565217391,2023-08-16 01:59:52.992298,2023-08-16 02:00:05.509233,0 days 00:00:12.516935,0.25702555206760624,0.677641012844467,4,17,0.02800229913269073,0.24561741171467583,60,123,COMPLETE
1298,1298,0.8260869565217391,2023-08-16 02:00:05.509959,2023-08-16 02:00:16.960755,0 days 00:00:11.450796,0.26221435537067456,0.24050181963470962,4,18,0.02740864552040967,0.24386071083338257,60,121,COMPLETE
1299,1299,0.8695652173913043,2023-08-16 02:00:16.961476,2023-08-16 02:00:23.101534,0 days 00:00:06.140058,0.23127005948016646,0.6360699699898669,4,18,0.09240078179742886,0.25484284653388367,60,123,COMPLETE
1300,1300,0.8666666666666667,2023-08-16 02:00:23.102279,2023-08-16 02:00:32.541585,0 days 00:00:09.439306,0.7199028161661446,0.6604017985927972,3,17,0.04837211844069747,0.23693843754241647,60,122,COMPLETE
1301,1301,0.9333333333333333,2023-08-16 02:00:32.542314,2023-08-16 02:00:47.640725,0 days 00:00:15.098411,0.2859884980967946,0.6485143831207069,5,18,0.025055674688172245,0.24077594429875518,60,120,COMPLETE
1302,1302,0.9111111111111111,2023-08-16 02:00:47.641434,2023-08-16 02:01:02.635319,0 days 00:00:14.993885,0.26481528391785764,0.6920878609381156,4,18,0.028743535636893754,0.2517095361586287,60,123,COMPLETE
1303,1303,0.9333333333333333,2023-08-16 02:01:02.636033,2023-08-16 02:01:06.737101,0 days 00:00:04.101068,0.2257557301073797,0.2836101196861638,4,18,0.06597470044346473,0.23939316641458114,60,123,COMPLETE
1304,1304,0.8444444444444444,2023-08-16 02:01:06.737855,2023-08-16 02:01:18.810196,0 days 00:00:12.072341,0.6419191218468321,0.700866535703836,4,17,0.05522563414187115,0.24933750780082348,60,122,COMPLETE
1305,1305,0.8888888888888888,2023-08-16 02:01:18.810894,2023-08-16 02:01:31.521144,0 days 00:00:12.710250,0.29596673628299824,0.5584486359164658,4,18,0.025139639688104856,0.23149649278667964,50,123,COMPLETE
1306,1306,0.9111111111111111,2023-08-16 02:01:31.521873,2023-08-16 02:01:40.311488,0 days 00:00:08.789615,0.2117357561849927,0.6604339424795501,4,17,0.043510950071111464,0.26028480540015925,60,121,COMPLETE
1307,1307,0.8888888888888888,2023-08-16 02:01:40.312195,2023-08-16 02:01:49.292496,0 days 00:00:08.980301,0.46217738685624526,0.6448461116808348,4,18,0.06805708515362582,0.2441972357681553,50,122,COMPLETE
1308,1308,0.8666666666666667,2023-08-16 02:01:49.293191,2023-08-16 02:01:55.021520,0 days 00:00:05.728329,0.3317716909233581,0.25227396090287013,4,17,0.05325254495619076,0.23695778400766374,60,123,COMPLETE
1309,1309,0.8,2023-08-16 02:01:55.022304,2023-08-16 02:02:06.557992,0 days 00:00:11.535688,0.24237561112185427,0.5748773517695431,4,18,0.07086079856958821,0.24927509176300205,50,169,COMPLETE
1310,1310,0.8666666666666667,2023-08-16 02:02:06.558711,2023-08-16 02:02:19.058228,0 days 00:00:12.499517,0.7386629003568437,0.50529210115857,4,18,0.025022090671537652,0.265218962135705,60,120,COMPLETE
1311,1311,0.8444444444444444,2023-08-16 02:02:19.058940,2023-08-16 02:02:24.863045,0 days 00:00:05.804105,0.6976898733570578,0.6723131291469254,4,17,0.08084171515184461,0.25502104245483553,50,123,COMPLETE
1312,1312,0.9333333333333333,2023-08-16 02:02:24.863739,2023-08-16 02:02:30.675325,0 days 00:00:05.811586,0.3515265111115814,0.48930893308427964,4,18,0.06373351982296277,0.22355610070390378,60,121,COMPLETE
1313,1313,0.8666666666666667,2023-08-16 02:02:30.676028,2023-08-16 02:02:47.660433,0 days 00:00:16.984405,0.2575874378309908,0.6189168185888316,4,18,0.028065192673695206,0.2884369611672644,50,137,COMPLETE
1314,1314,0.8444444444444444,2023-08-16 02:02:47.661130,2023-08-16 02:02:50.685419,0 days 00:00:03.024289,0.6361798791257443,0.2927079669409448,4,18,0.08390995502468403,0.25768045395855754,60,124,COMPLETE
1315,1315,0.8888888888888888,2023-08-16 02:02:50.686131,2023-08-16 02:02:55.595850,0 days 00:00:04.909719,0.31162741245905023,0.4669665311673937,4,17,0.06154036554050903,0.22950219325032145,60,123,COMPLETE
1316,1316,0.8444444444444444,2023-08-16 02:02:55.596565,2023-08-16 02:03:01.931275,0 days 00:00:06.334710,0.28180702860051915,0.7197199536982234,3,12,0.05613498341288658,0.2726521552257397,50,122,COMPLETE
1317,1317,0.8888888888888888,2023-08-16 02:03:01.932057,2023-08-16 02:03:06.212693,0 days 00:00:04.280636,0.6708378872486129,0.5383745782883531,4,15,0.06992858869731121,0.20106205341180347,60,124,COMPLETE
1318,1318,0.8444444444444444,2023-08-16 02:03:06.213415,2023-08-16 02:03:13.922247,0 days 00:00:07.708832,0.38204815833491423,0.684817819151818,4,13,0.07409970095552623,0.24460842805037405,50,120,COMPLETE
1319,1319,0.9111111111111111,2023-08-16 02:03:13.922947,2023-08-16 02:03:32.077561,0 days 00:00:18.154614,0.42922958479740014,0.605030794127288,5,18,0.04683328422454258,0.23408307889023452,60,151,COMPLETE
1320,1320,0.9111111111111111,2023-08-16 02:03:32.078290,2023-08-16 02:03:35.898313,0 days 00:00:03.820023,0.6216747416920176,0.5232377255001956,4,14,0.06720845921314414,0.22728414672895297,50,124,COMPLETE
1321,1321,0.9111111111111111,2023-08-16 02:03:35.899011,2023-08-16 02:03:42.825905,0 days 00:00:06.926894,0.4173372815929317,0.4581307911254368,4,13,0.06542902901878622,0.20648272470052162,60,145,COMPLETE
1322,1322,0.8888888888888888,2023-08-16 02:03:42.826621,2023-08-16 02:03:55.934431,0 days 00:00:13.107810,0.6636722751311579,0.589205059280061,4,18,0.02900360415950254,0.2695107018187647,50,122,COMPLETE
1323,1323,0.8222222222222222,2023-08-16 02:03:55.935139,2023-08-16 02:04:03.700219,0 days 00:00:07.765080,0.4739879170447568,0.47699200497604166,4,18,0.05948750360545576,0.2766221436940084,60,124,COMPLETE
1324,1324,0.8222222222222222,2023-08-16 02:04:03.700960,2023-08-16 02:04:14.250962,0 days 00:00:10.550002,0.45435744543885603,0.6372010511713171,4,17,0.04958930076958197,0.23940484520090105,50,121,COMPLETE
1325,1325,0.9111111111111111,2023-08-16 02:04:14.251681,2023-08-16 02:04:21.912741,0 days 00:00:07.661060,0.7231949300547328,0.4953762374008669,4,18,0.05761978864760724,0.2975299625541045,60,142,COMPLETE
1326,1326,0.8666666666666667,2023-08-16 02:04:21.913445,2023-08-16 02:04:30.019155,0 days 00:00:08.105710,0.21837459660816158,0.672313628601011,4,17,0.044213264634390015,0.2203633039244268,50,123,COMPLETE
1327,1327,0.8888888888888888,2023-08-16 02:04:30.019885,2023-08-16 02:04:35.306667,0 days 00:00:05.286782,0.265979802386517,0.5736363121965208,4,13,0.07222976682848475,0.19694139244854764,60,124,COMPLETE
1328,1328,0.8222222222222222,2023-08-16 02:04:35.307438,2023-08-16 02:04:40.157520,0 days 00:00:04.850082,0.15591657434559378,0.7070704980866702,4,16,0.09592114177939658,0.2511906035300638,60,138,COMPLETE
1329,1329,0.8,2023-08-16 02:04:40.158247,2023-08-16 02:04:49.922995,0 days 00:00:09.764748,0.19487870587632097,0.510167925174292,3,18,0.02688343626887357,0.3036904955394695,50,135,COMPLETE
1330,1330,0.8888888888888888,2023-08-16 02:04:49.923695,2023-08-16 02:05:03.478305,0 days 00:00:13.554610,0.684053732613363,0.6913537899857892,4,18,0.07660194615629791,0.21188317725697917,60,134,COMPLETE
1331,1331,0.8888888888888888,2023-08-16 02:05:03.479029,2023-08-16 02:05:06.655954,0 days 00:00:03.176925,0.3412156805177115,0.30524610455644036,4,14,0.0614291704548941,0.27376029263971546,50,147,COMPLETE
1332,1332,0.9333333333333333,2023-08-16 02:05:06.656718,2023-08-16 02:05:10.851440,0 days 00:00:04.194722,0.11593850731192912,0.6639934010751865,4,13,0.06928305514726488,0.28388663113741414,60,122,COMPLETE
1333,1333,0.8666666666666667,2023-08-16 02:05:10.852181,2023-08-16 02:05:25.561359,0 days 00:00:14.709178,0.2996113584824799,0.7990938030849609,4,17,0.06413571214344098,0.2592506052196788,50,143,COMPLETE
1334,1334,0.9111111111111111,2023-08-16 02:05:25.562099,2023-08-16 02:05:39.615598,0 days 00:00:14.053499,0.13617039554496418,0.4397110034282406,4,18,0.02938168703769452,0.2935079598288645,60,153,COMPLETE
1335,1335,0.8666666666666667,2023-08-16 02:05:39.616365,2023-08-16 02:05:45.213703,0 days 00:00:05.597338,0.4863694447577717,0.5620383612651735,4,12,0.06252206807582997,0.26453856885030896,50,124,COMPLETE
1336,1336,0.8444444444444444,2023-08-16 02:05:45.214405,2023-08-16 02:05:49.834128,0 days 00:00:04.619723,0.39461344899688455,0.21220682188820955,5,11,0.03941700181351537,0.24599716361527474,60,121,COMPLETE
1337,1337,0.8222222222222222,2023-08-16 02:05:49.834919,2023-08-16 02:05:54.040404,0 days 00:00:04.205485,0.2459927722673239,0.48798511143363416,4,10,0.06830910822618318,0.21644806561824617,50,136,COMPLETE
1338,1338,0.8444444444444444,2023-08-16 02:05:54.041219,2023-08-16 02:06:06.757295,0 days 00:00:12.716076,0.44110980660205806,0.6285885111027957,4,18,0.06516227621538949,0.23989355397085563,60,144,COMPLETE
1339,1339,0.8888888888888888,2023-08-16 02:06:06.758019,2023-08-16 02:06:10.872585,0 days 00:00:04.114566,0.2847469213515992,0.554383972846396,4,13,0.07347616842611701,0.2907145360071062,60,123,COMPLETE
1340,1340,0.9111111111111111,2023-08-16 02:06:10.873289,2023-08-16 02:06:18.131073,0 days 00:00:07.257784,0.3208350916123678,0.47287042804518303,4,15,0.03008398758334502,0.2285475917122379,50,124,COMPLETE
1341,1341,0.9333333333333333,2023-08-16 02:06:18.131767,2023-08-16 02:06:26.549313,0 days 00:00:08.417546,0.709630110256937,0.5974052445179298,4,18,0.056507407220363084,0.23360725936393326,60,149,COMPLETE
1342,1342,0.9111111111111111,2023-08-16 02:06:26.550022,2023-08-16 02:06:34.655869,0 days 00:00:08.105847,0.6563005253393533,0.5358957793031914,4,17,0.05434061743675233,0.30138417437976556,50,132,COMPLETE
1343,1343,0.8444444444444444,2023-08-16 02:06:34.656550,2023-08-16 02:06:36.596313,0 days 00:00:01.939763,0.17198187807043872,0.2250669110489013,4,18,0.09567260396641425,0.19027237523832075,60,120,COMPLETE
1344,1344,0.8444444444444444,2023-08-16 02:06:36.597104,2023-08-16 02:06:42.436152,0 days 00:00:05.839048,0.36006453324792514,0.5070689179543203,4,14,0.08974348164255343,0.28130181559540235,50,122,COMPLETE
1345,1345,0.8444444444444444,2023-08-16 02:06:42.436904,2023-08-16 02:06:51.361629,0 days 00:00:08.924725,0.40607658064247054,0.6528863103142819,4,12,0.05208391335194047,0.3075183896886255,60,123,COMPLETE
1346,1346,0.8444444444444444,2023-08-16 02:06:51.362345,2023-08-16 02:06:59.708124,0 days 00:00:08.345779,0.46742478346302624,0.5203915731740804,4,17,0.07073384845923146,0.25033918002820427,50,139,COMPLETE
1347,1347,0.8666666666666667,2023-08-16 02:06:59.708864,2023-08-16 02:07:05.849817,0 days 00:00:06.140953,0.4789812108032264,0.4596482705956759,4,16,0.08734295247595605,0.2708062717633998,60,125,COMPLETE
1348,1348,0.8222222222222222,2023-08-16 02:07:05.850526,2023-08-16 02:07:14.221165,0 days 00:00:08.370639,0.23286586909022028,0.6822643473927652,4,13,0.05980861700139156,0.2226909425473913,50,145,COMPLETE
1349,1349,0.9111111111111111,2023-08-16 02:07:14.221884,2023-08-16 02:07:31.039895,0 days 00:00:16.818011,0.6125686966924498,0.7150648001761223,4,18,0.04146030148544579,0.2855684678546946,60,146,COMPLETE
