,number,value,datetime_start,datetime_complete,duration,params_cross_ind_prob,params_cross_prob,params_cv,params_max_features,params_muta_ind_prob,params_muta_prob,params_n_gens,params_n_population,state
963,963,0.8913043478260869,2023-08-16 01:06:30.698681,2023-08-16 01:06:34.802236,0 days 00:00:04.103555,0.47774941242326563,0.3602220583344382,4,19,0.07051578534424999,0.28161303175583985,40,132,COMPLETE
964,964,0.9130434782608695,2023-08-16 01:06:34.802867,2023-08-16 01:06:45.721016,0 days 00:00:10.918149,0.25665738014077044,0.4683288488330352,4,20,0.05820202615504899,0.2747398400612837,60,125,COMPLETE
965,965,0.9130434782608695,2023-08-16 01:06:45.721631,2023-08-16 01:06:54.316786,0 days 00:00:08.595155,0.5669604414852499,0.32283723540985304,4,16,0.03820712382170711,0.2385469510782472,50,127,COMPLETE
966,966,0.9130434782608695,2023-08-16 01:06:54.317413,2023-08-16 01:07:00.201171,0 days 00:00:05.883758,0.5419304436442208,0.5436832986098813,4,12,0.06287202072406257,0.30856528943331246,40,128,COMPLETE
967,967,0.9130434782608695,2023-08-16 01:07:00.201793,2023-08-16 01:07:14.594686,0 days 00:00:14.392893,0.40501286361085453,0.5016186258542252,4,19,0.036675627333705704,0.3238195034385485,60,123,COMPLETE
968,968,0.8695652173913043,2023-08-16 01:07:14.595303,2023-08-16 01:07:22.013412,0 days 00:00:07.418109,0.4218416079413452,0.5747875273061945,4,18,0.06647776853033288,0.2628732588900779,50,124,COMPLETE
969,969,0.7608695652173914,2023-08-16 01:07:22.014055,2023-08-16 01:07:25.609650,0 days 00:00:03.595595,0.5274981925011918,0.38333579607151075,4,13,0.0807614986299904,0.3460411978054262,40,142,COMPLETE
970,970,0.8695652173913043,2023-08-16 01:07:25.610323,2023-08-16 01:07:37.849559,0 days 00:00:12.239236,0.4951429091727817,0.6454797024793402,4,17,0.0521094458139164,0.28648740444118076,60,129,COMPLETE
971,971,0.9130434782608695,2023-08-16 01:07:37.850169,2023-08-16 01:07:43.908502,0 days 00:00:06.058333,0.16139846920323217,0.2693119560337178,4,14,0.03082663227245095,0.2255878402460053,50,121,COMPLETE
972,972,0.9347826086956522,2023-08-16 01:07:43.909129,2023-08-16 01:07:47.105265,0 days 00:00:03.196136,0.5126669837667088,0.24825738558327026,4,19,0.06820806323428713,0.20982661710167214,40,127,COMPLETE
973,973,0.9347826086956522,2023-08-16 01:07:47.105908,2023-08-16 01:07:50.059670,0 days 00:00:02.953762,0.12301850805739051,0.34470467136186694,4,11,0.059398037993110324,0.33271079705054474,60,145,COMPLETE
974,974,0.9130434782608695,2023-08-16 01:07:50.060326,2023-08-16 01:07:59.349900,0 days 00:00:09.289574,0.5600622223763775,0.39967228293095997,4,19,0.03273593639450679,0.31322244816413153,50,125,COMPLETE
975,975,0.9347826086956522,2023-08-16 01:07:59.350518,2023-08-16 01:08:07.640487,0 days 00:00:08.289969,0.7315222072944588,0.4862575258203173,4,18,0.040758955050487225,0.30010473105387303,40,123,COMPLETE
976,976,0.9565217391304348,2023-08-16 01:08:07.641115,2023-08-16 01:08:20.725408,0 days 00:00:13.084293,0.19256624897511637,0.6048402845414036,4,20,0.026681231519287894,0.2946112465023494,50,126,COMPLETE
977,977,0.9347826086956522,2023-08-16 01:08:20.726046,2023-08-16 01:08:26.603704,0 days 00:00:05.877658,0.21660549916558636,0.4475533007112992,4,13,0.053599302476581574,0.3198652072590059,60,130,COMPLETE
978,978,0.9347826086956522,2023-08-16 01:08:26.604326,2023-08-16 01:08:35.989269,0 days 00:00:09.384943,0.2347361780820033,0.6218541378662655,4,19,0.07281593319275886,0.26791408975408865,50,120,COMPLETE
979,979,0.9130434782608695,2023-08-16 01:08:35.989895,2023-08-16 01:08:38.986051,0 days 00:00:02.996156,0.45990718402357117,0.20328628842268415,4,20,0.0834245629948248,0.2311780322747102,40,126,COMPLETE
980,980,0.8478260869565217,2023-08-16 01:08:38.986727,2023-08-16 01:08:46.894244,0 days 00:00:07.907517,0.4419875080092167,0.5888424189707001,4,17,0.06175880304685394,0.24761260036130855,60,149,COMPLETE
981,981,0.8695652173913043,2023-08-16 01:08:46.894858,2023-08-16 01:08:58.520918,0 days 00:00:11.626060,0.3443364315716363,0.333626060046232,4,19,0.0352817800780999,0.3273237854368458,50,122,COMPLETE
982,982,0.8913043478260869,2023-08-16 01:08:58.521530,2023-08-16 01:09:02.757589,0 days 00:00:04.236059,0.39013665893969884,0.36905472788669635,4,14,0.07108036535476056,0.2892729969559763,40,135,COMPLETE
983,983,0.9347826086956522,2023-08-16 01:09:02.758301,2023-08-16 01:09:05.869276,0 days 00:00:03.110975,0.30464798852198655,0.28330467275390064,4,18,0.06455744637606728,0.31720687698477196,60,124,COMPLETE
984,984,0.9130434782608695,2023-08-16 01:09:05.869993,2023-08-16 01:09:11.415861,0 days 00:00:05.545868,0.1466391179019788,0.7201069904469882,4,13,0.03419423979045875,0.25291164647445635,50,127,COMPLETE
985,985,0.8913043478260869,2023-08-16 01:09:11.416484,2023-08-16 01:09:16.374167,0 days 00:00:04.957683,0.5407122157640791,0.4656905066727497,4,12,0.07490796628211277,0.3056600231935023,40,147,COMPLETE
986,986,0.8913043478260869,2023-08-16 01:09:16.374800,2023-08-16 01:09:24.506182,0 days 00:00:08.131382,0.4823734286818311,0.7385870837991194,4,19,0.09988161789886854,0.21283319923041896,60,128,COMPLETE
987,987,0.9130434782608695,2023-08-16 01:09:24.506807,2023-08-16 01:09:30.165636,0 days 00:00:05.658829,0.5191155452824111,0.43361990200888706,4,19,0.07868916125588898,0.24247058105185684,50,123,COMPLETE
988,988,0.9130434782608695,2023-08-16 01:09:30.166259,2023-08-16 01:09:49.070591,0 days 00:00:18.904332,0.26278633942874635,0.7718846194878376,4,18,0.04354793286899873,0.27699270230709894,40,153,COMPLETE
989,989,0.8695652173913043,2023-08-16 01:09:49.071224,2023-08-16 01:09:56.897868,0 days 00:00:07.826644,0.5808253162396615,0.23356612681832195,4,20,0.0691780892933952,0.3239214404432943,60,125,COMPLETE
990,990,0.8913043478260869,2023-08-16 01:09:56.898495,2023-08-16 01:10:13.063926,0 days 00:00:16.165431,0.47121343833849594,0.6760057349594224,4,18,0.029162398506597326,0.2205341933823824,50,144,COMPLETE
991,991,0.8913043478260869,2023-08-16 01:10:13.064548,2023-08-16 01:10:24.811040,0 days 00:00:11.746492,0.37119209420846466,0.5085179621470686,4,19,0.032151554264023365,0.3115379602207582,40,126,COMPLETE
992,992,0.9130434782608695,2023-08-16 01:10:24.811663,2023-08-16 01:10:34.260647,0 days 00:00:09.448984,0.28308796211915493,0.5281956331533573,4,20,0.06686519075876494,0.2737155113848574,60,124,COMPLETE
993,993,0.9130434782608695,2023-08-16 01:10:34.261271,2023-08-16 01:10:49.959708,0 days 00:00:15.698437,0.6336874620909376,0.7007511030976775,4,19,0.025146618869488498,0.20633637133336566,50,128,COMPLETE
994,994,0.8478260869565217,2023-08-16 01:10:49.960352,2023-08-16 01:10:54.584855,0 days 00:00:04.624503,0.5019755843088526,0.35169377471861074,4,13,0.03728083564166519,0.25802583691728037,40,132,COMPLETE
995,995,0.8478260869565217,2023-08-16 01:10:54.585491,2023-08-16 01:11:05.601947,0 days 00:00:11.016456,0.3209338381952625,0.563085401305559,4,16,0.05036069388522917,0.2834979441846963,60,129,COMPLETE
996,996,0.9130434782608695,2023-08-16 01:11:05.602573,2023-08-16 01:11:12.403727,0 days 00:00:06.801154,0.551758044245464,0.49204579129977855,4,19,0.08691735315398183,0.3211874484957332,50,122,COMPLETE
997,997,0.9130434782608695,2023-08-16 01:11:12.404341,2023-08-16 01:11:21.778396,0 days 00:00:09.374055,0.6149680261566327,0.6559347433103739,4,18,0.0606535014673862,0.22804925050163388,40,124,COMPLETE
998,998,0.9130434782608695,2023-08-16 01:11:21.779057,2023-08-16 01:11:26.540733,0 days 00:00:04.761676,0.531704402437586,0.313041237497742,4,17,0.07606591507477402,0.26504146295988584,60,156,COMPLETE
999,999,0.8913043478260869,2023-08-16 01:11:26.541386,2023-08-16 01:11:41.684365,0 days 00:00:15.142979,0.22323191863779415,0.47556943370288046,4,19,0.030641367557645162,0.33535969409917893,50,126,COMPLETE
1000,1000,0.6888888888888889,2023-08-16 01:11:41.685017,2023-08-16 01:11:44.496365,0 days 00:00:02.811348,0.11568580179206925,0.37755516911572096,4,11,0.055492352500081485,0.20203279512411335,40,121,COMPLETE
1001,1001,0.7777777777777778,2023-08-16 01:11:44.497053,2023-08-16 01:11:50.048787,0 days 00:00:05.551734,0.17698895409045134,0.6393770089633368,4,12,0.06340629829314973,0.27971097091238106,60,125,COMPLETE
1002,1002,0.8666666666666667,2023-08-16 01:11:50.049410,2023-08-16 01:12:01.361564,0 days 00:00:11.312154,0.13482751020873976,0.7541137834016608,4,14,0.03289817824656521,0.3025555111694488,50,127,COMPLETE
1003,1003,0.8,2023-08-16 01:12:01.362240,2023-08-16 01:12:06.190060,0 days 00:00:04.827820,0.4116380854643981,0.5495535833770766,4,13,0.06539234684954086,0.2910005073589638,40,131,COMPLETE
1004,1004,0.7333333333333333,2023-08-16 01:12:06.190688,2023-08-16 01:12:19.641777,0 days 00:00:13.451089,0.24770002394725818,0.4562390946846501,4,19,0.03625018742833662,0.3482562407497164,50,123,COMPLETE
1005,1005,0.8444444444444444,2023-08-16 01:12:19.642423,2023-08-16 01:12:29.738092,0 days 00:00:10.095669,0.4300238179841293,0.49986444064280244,4,20,0.05867854159974882,0.23701579754262744,60,145,COMPLETE
1006,1006,0.7555555555555555,2023-08-16 01:12:29.738736,2023-08-16 01:12:32.915828,0 days 00:00:03.177092,0.7297833468018953,0.4175181421320716,4,6,0.09431384085754409,0.33017074554840975,50,143,COMPLETE
1007,1007,0.8444444444444444,2023-08-16 01:12:32.916440,2023-08-16 01:12:42.989372,0 days 00:00:10.072932,0.5124635033990179,0.6164251569574515,4,18,0.05701744946611911,0.3151560428052407,40,127,COMPLETE
1008,1008,0.7333333333333333,2023-08-16 01:12:42.989994,2023-08-16 01:12:56.054387,0 days 00:00:13.064393,0.2047576853646855,0.5213689256137067,4,19,0.06790742569888873,0.3255517246483551,60,141,COMPLETE
1009,1009,0.7555555555555555,2023-08-16 01:12:56.055036,2023-08-16 01:13:08.035408,0 days 00:00:11.980372,0.4910724810040377,0.35889138418783667,4,17,0.034235376804193515,0.3097875912948427,50,125,COMPLETE
1010,1010,0.7777777777777778,2023-08-16 01:13:08.036027,2023-08-16 01:13:20.871504,0 days 00:00:12.835477,0.6708179414550142,0.7861132673383557,4,19,0.04683516215298954,0.27042542795038915,40,120,COMPLETE
1011,1011,0.6888888888888889,2023-08-16 01:13:20.872144,2023-08-16 01:13:31.967322,0 days 00:00:11.095178,0.2946000994756146,0.5816003496199605,4,13,0.03867708893550433,0.29963364384072344,60,123,COMPLETE
1012,1012,0.8888888888888888,2023-08-16 01:13:31.967948,2023-08-16 01:13:46.963928,0 days 00:00:14.995980,0.46101462712756486,0.7235998694812926,4,19,0.06941979998766781,0.31936836145549724,50,134,COMPLETE
1013,1013,0.8666666666666667,2023-08-16 01:13:46.964563,2023-08-16 01:13:59.253934,0 days 00:00:12.289371,0.6845148769994618,0.6939859314498564,4,14,0.028363548135798194,0.29685607759961735,40,129,COMPLETE
1014,1014,0.8666666666666667,2023-08-16 01:13:59.254572,2023-08-16 01:14:09.526362,0 days 00:00:10.271790,0.33873274259290004,0.6659589293548741,4,18,0.07402414881693872,0.2318634520792488,60,125,COMPLETE
1015,1015,0.7777777777777778,2023-08-16 01:14:09.527006,2023-08-16 01:14:17.520311,0 days 00:00:07.993305,0.1621276147707134,0.47944168286756034,4,10,0.03103065608416094,0.30669943366070995,50,128,COMPLETE
1016,1016,0.7333333333333333,2023-08-16 01:14:17.520965,2023-08-16 01:14:25.442571,0 days 00:00:07.921606,0.27370699379887625,0.39116083549702846,4,20,0.042125069227812645,0.22299292309798718,40,122,COMPLETE
1017,1017,0.7555555555555555,2023-08-16 01:14:25.443198,2023-08-16 01:14:34.521636,0 days 00:00:09.078438,0.35622012152157295,0.30255384764771,4,19,0.05175694384218931,0.21625633587860477,60,126,COMPLETE
1018,1018,0.6888888888888889,2023-08-16 01:14:34.522285,2023-08-16 01:14:37.648892,0 days 00:00:03.126607,0.5408940249359542,0.3386401023608871,4,13,0.09656613571502509,0.18229992156645752,50,124,COMPLETE
1019,1019,0.7777777777777778,2023-08-16 01:14:37.649539,2023-08-16 01:14:40.483544,0 days 00:00:02.834005,0.5677895537163163,0.40706910246935957,4,7,0.07139730888186867,0.2630124729161032,40,147,COMPLETE
1020,1020,0.7777777777777778,2023-08-16 01:14:40.484264,2023-08-16 01:14:47.649312,0 days 00:00:07.165048,0.5248944958706553,0.5396593634573816,4,12,0.061522912837160784,0.32975707441711366,60,127,COMPLETE
1021,1021,0.8,2023-08-16 01:14:47.649975,2023-08-16 01:14:55.722416,0 days 00:00:08.072441,0.5565367107607712,0.43827538406116334,4,20,0.06531611280970123,0.32272623516875315,50,142,COMPLETE
1022,1022,0.8666666666666667,2023-08-16 01:14:55.723053,2023-08-16 01:15:03.472199,0 days 00:00:07.749146,0.75420843599978,0.3718808616355335,4,19,0.0349216709098895,0.2443090956268757,40,146,COMPLETE
1023,1023,0.7777777777777778,2023-08-16 01:15:03.472848,2023-08-16 01:15:15.763739,0 days 00:00:12.290891,0.7890839087422399,0.48878398823230723,4,17,0.031892662589623144,0.2545166225799406,60,124,COMPLETE
1024,1024,0.8,2023-08-16 01:15:15.764403,2023-08-16 01:15:29.952600,0 days 00:00:14.188197,0.5010743120072132,0.6834102408263859,4,16,0.04574854535901309,0.2821406935420426,50,136,COMPLETE
1025,1025,0.8444444444444444,2023-08-16 01:15:29.953241,2023-08-16 01:15:35.838982,0 days 00:00:05.885741,0.7127701524352127,0.5118375775930477,3,18,0.06030021159514327,0.3157207783679478,40,122,COMPLETE
1026,1026,0.7777777777777778,2023-08-16 01:15:35.839607,2023-08-16 01:15:47.306061,0 days 00:00:11.466454,0.3949306539384019,0.5729600736033664,4,19,0.05551969205998442,0.2913271622253093,60,126,COMPLETE
1027,1027,0.8222222222222222,2023-08-16 01:15:47.306760,2023-08-16 01:15:57.498615,0 days 00:00:10.191855,0.23247303728212462,0.7340912562851113,4,18,0.08188854134904447,0.2504250604105882,50,129,COMPLETE
1028,1028,0.7333333333333333,2023-08-16 01:15:57.499259,2023-08-16 01:16:03.537033,0 days 00:00:06.037774,0.10026560398576334,0.5981259662887528,4,13,0.04865609429694792,0.185800810338594,40,144,COMPLETE
1029,1029,0.7555555555555555,2023-08-16 01:16:03.537728,2023-08-16 01:16:18.665040,0 days 00:00:15.127312,0.189835888948114,0.7457582533052796,4,19,0.03969511404579939,0.23463207552250795,60,125,COMPLETE
1030,1030,0.8888888888888888,2023-08-16 01:16:18.665667,2023-08-16 01:16:33.836785,0 days 00:00:15.171118,0.4719081718864835,0.7630038517683353,4,20,0.06313808253950424,0.3407674065386068,50,121,COMPLETE
1031,1031,0.8666666666666667,2023-08-16 01:16:33.837449,2023-08-16 01:16:41.740543,0 days 00:00:07.903094,0.44510179052959786,0.3275592718450494,4,19,0.05455602779428202,0.27196623468579106,40,131,COMPLETE
1032,1032,0.7555555555555555,2023-08-16 01:16:41.741182,2023-08-16 01:16:50.748166,0 days 00:00:09.006984,0.5822665982372617,0.4626514935488818,4,17,0.036831496788048285,0.18980914594934437,50,128,COMPLETE
1033,1033,0.8,2023-08-16 01:16:50.748802,2023-08-16 01:17:02.576123,0 days 00:00:11.827321,0.4845997144246109,0.3494878986039602,4,18,0.03325116182383438,0.22583879406140092,60,133,COMPLETE
1034,1034,0.7111111111111111,2023-08-16 01:17:02.576763,2023-08-16 01:17:09.116355,0 days 00:00:06.539592,0.5158487999796181,0.5556284927425229,4,14,0.06702172818868979,0.2761134924032443,50,123,COMPLETE
1035,1035,0.7555555555555555,2023-08-16 01:17:09.117001,2023-08-16 01:17:17.984822,0 days 00:00:08.867821,0.21599220811766223,0.6513290088600548,4,19,0.07297030792046791,0.3251462989016,40,124,COMPLETE
1036,1036,0.5777777777777777,2023-08-16 01:17:17.985467,2023-08-16 01:17:27.984435,0 days 00:00:09.998968,0.5364611258938407,0.49655153511428357,4,20,0.07946437610648285,0.21216222051817107,60,127,COMPLETE
1037,1037,0.8444444444444444,2023-08-16 01:17:27.985090,2023-08-16 01:17:36.535426,0 days 00:00:08.550336,0.2560337070713793,0.38210487290015477,4,13,0.030507903370419306,0.3132907187754487,50,135,COMPLETE
1038,1038,0.7555555555555555,2023-08-16 01:17:36.536065,2023-08-16 01:17:48.745226,0 days 00:00:12.209161,0.5461701452275087,0.4253130590959977,4,19,0.027131496770685805,0.33465039520195533,40,126,COMPLETE
1039,1039,0.7333333333333333,2023-08-16 01:17:48.745893,2023-08-16 01:17:53.331559,0 days 00:00:04.585666,0.31921477144308685,0.6096798787475944,3,11,0.05896566159079823,0.32106384736809745,60,124,COMPLETE
1040,1040,0.7333333333333333,2023-08-16 01:17:53.332181,2023-08-16 01:17:56.969183,0 days 00:00:03.637002,0.3787099507514124,0.365401498148361,4,12,0.07035373383466818,0.28438220115426754,50,130,COMPLETE
1041,1041,0.7555555555555555,2023-08-16 01:17:56.969844,2023-08-16 01:18:03.128319,0 days 00:00:06.158475,0.15390755626053912,0.7756892380420374,4,16,0.056903145226338554,0.2682323515735205,40,123,COMPLETE
1042,1042,0.7777777777777778,2023-08-16 01:18:03.128968,2023-08-16 01:18:18.064830,0 days 00:00:14.935862,0.3547976004946699,0.4784222953513332,4,18,0.0355024814130124,0.2949026983718108,60,126,COMPLETE
1043,1043,0.8222222222222222,2023-08-16 01:18:18.065457,2023-08-16 01:18:25.578870,0 days 00:00:07.513413,0.20170447528909496,0.7028824861322972,4,14,0.06419594594032102,0.23878071747959534,50,143,COMPLETE
1044,1044,0.7333333333333333,2023-08-16 01:18:25.579513,2023-08-16 01:18:29.272050,0 days 00:00:03.692537,0.3038845025812531,0.6284595244728037,4,8,0.08448301843566375,0.32846549988881624,40,121,COMPLETE
1045,1045,0.8444444444444444,2023-08-16 01:18:29.272772,2023-08-16 01:18:40.546225,0 days 00:00:11.273453,0.4576663950714663,0.4478269186193655,4,19,0.050181092232850125,0.2598862107328693,60,125,COMPLETE
1046,1046,0.7777777777777778,2023-08-16 01:18:40.546864,2023-08-16 01:18:53.823844,0 days 00:00:13.276980,0.5021971665214404,0.5209042730190738,4,13,0.029078637600818674,0.2868919257598072,50,128,COMPLETE
1047,1047,0.8666666666666667,2023-08-16 01:18:53.824481,2023-08-16 01:18:58.675336,0 days 00:00:04.850855,0.2401716391952224,0.5062709460378434,4,19,0.07686702406569416,0.24564759573469452,40,127,COMPLETE
1048,1048,0.8,2023-08-16 01:18:58.675963,2023-08-16 01:19:16.973939,0 days 00:00:18.297976,0.4172659131895917,0.4665461133895702,4,17,0.03340247204709227,0.3100399698061499,60,145,COMPLETE
1049,1049,0.8,2023-08-16 01:19:16.974601,2023-08-16 01:19:25.328030,0 days 00:00:08.353429,0.5992955908361027,0.3594510927486683,4,20,0.05348452832509647,0.19760483080379293,50,122,COMPLETE
1050,1050,0.7333333333333333,2023-08-16 01:19:25.328661,2023-08-16 01:19:32.861501,0 days 00:00:07.532840,0.2871503840848694,0.5328773313395864,4,18,0.06181480889469212,0.22909106515700228,40,125,COMPLETE
1051,1051,0.8666666666666667,2023-08-16 01:19:32.862201,2023-08-16 01:19:46.953075,0 days 00:00:14.090874,0.13506733874128363,0.5882083564243167,4,19,0.038543463909350345,0.31800452118490624,60,120,COMPLETE
1052,1052,0.8,2023-08-16 01:19:46.953742,2023-08-16 01:19:54.086248,0 days 00:00:07.132506,0.5183520615970854,0.7169830110276907,4,12,0.0665995010347322,0.2795950950874342,50,123,COMPLETE
1053,1053,0.8,2023-08-16 01:19:54.086913,2023-08-16 01:19:58.986572,0 days 00:00:04.899659,0.4805907185555826,0.3947524536810359,4,18,0.06947101708293003,0.21877188053334393,40,125,COMPLETE
1054,1054,0.8,2023-08-16 01:19:58.987239,2023-08-16 01:20:11.711019,0 days 00:00:12.723780,0.17436808995960942,0.48781377351362465,4,19,0.03457335009657149,0.2402857797479371,60,129,COMPLETE
1055,1055,0.8888888888888888,2023-08-16 01:20:11.711651,2023-08-16 01:20:20.309143,0 days 00:00:08.597492,0.7102336532680396,0.6688466828896596,3,20,0.0680782130020541,0.2025265362100142,50,149,COMPLETE
1056,1056,0.8444444444444444,2023-08-16 01:20:20.309795,2023-08-16 01:20:31.717155,0 days 00:00:11.407360,0.5636240083199406,0.33690911916360883,4,19,0.03194451092958864,0.3042533736627277,40,140,COMPLETE
1057,1057,0.8666666666666667,2023-08-16 01:20:31.717797,2023-08-16 01:20:42.948760,0 days 00:00:11.230963,0.6937036151722922,0.3194109901960637,4,13,0.03638178301889148,0.20822667827660027,60,152,COMPLETE
1058,1058,0.8,2023-08-16 01:20:42.949413,2023-08-16 01:20:53.940734,0 days 00:00:10.991321,0.43387817599767875,0.5616903811043193,4,17,0.07186361519881561,0.3238813339186971,50,127,COMPLETE
1059,1059,0.8444444444444444,2023-08-16 01:20:53.941380,2023-08-16 01:20:58.889341,0 days 00:00:04.947961,0.3352225746540944,0.2635291189832544,4,16,0.06011973652700952,0.1955270800902582,40,126,COMPLETE
1060,1060,0.8444444444444444,2023-08-16 01:20:58.890033,2023-08-16 01:21:09.483732,0 days 00:00:10.593699,0.529874249214827,0.41382069555062306,4,19,0.03004988753813849,0.25002908655165157,50,124,COMPLETE
1061,1061,0.9333333333333333,2023-08-16 01:21:09.484411,2023-08-16 01:21:32.378598,0 days 00:00:22.894187,0.4944271619332037,0.7893688847496443,4,18,0.040097579520987664,0.27241512524387995,60,146,COMPLETE
1062,1062,0.8,2023-08-16 01:21:32.379286,2023-08-16 01:21:36.183855,0 days 00:00:03.804569,0.11331556005652918,0.2910268368003966,4,14,0.04335046900325359,0.15844433099092614,40,130,COMPLETE
1063,1063,0.7777777777777778,2023-08-16 01:21:36.184474,2023-08-16 01:21:42.425149,0 days 00:00:06.240675,0.2645604060199323,0.34643077562111485,4,20,0.09169275988608563,0.33091594977121924,50,122,COMPLETE
1064,1064,0.8,2023-08-16 01:21:42.425837,2023-08-16 01:21:49.415545,0 days 00:00:06.989708,0.7726026945651421,0.22772164057248662,4,13,0.04521518446634519,0.17653534899120887,60,127,COMPLETE
1065,1065,0.7111111111111111,2023-08-16 01:21:49.416181,2023-08-16 01:21:51.811826,0 days 00:00:02.395645,0.3138020574723023,0.5460629420932269,4,5,0.0654004292080966,0.3180299265866835,50,125,COMPLETE
1066,1066,0.8222222222222222,2023-08-16 01:21:51.812565,2023-08-16 01:21:59.643924,0 days 00:00:07.831359,0.7249369738190249,0.47321694785014784,4,19,0.06314045957053423,0.28793680352095885,40,123,COMPLETE
1067,1067,0.8444444444444444,2023-08-16 01:21:59.644631,2023-08-16 01:22:11.298995,0 days 00:00:11.654364,0.5536701313360349,0.6385515698100924,4,19,0.07557057371978453,0.2337937810510598,60,144,COMPLETE
1068,1068,0.8666666666666667,2023-08-16 01:22:11.299615,2023-08-16 01:22:22.964578,0 days 00:00:11.664963,0.5116794755002398,0.7585812557576376,4,18,0.09233779537317668,0.2677201006828204,50,148,COMPLETE
1069,1069,0.8666666666666667,2023-08-16 01:22:22.965239,2023-08-16 01:22:26.593669,0 days 00:00:03.628430,0.2511846846106406,0.3794359090241489,4,14,0.08721698379136911,0.2987298956045933,40,128,COMPLETE
