,number,value,datetime_start,datetime_complete,duration,params_cross_ind_prob,params_cross_prob,params_cv,params_max_features,params_muta_ind_prob,params_muta_prob,params_n_gens,params_n_population,state
214,214,0.9111111111111111,2023-08-15 23:16:21.805365,2023-08-15 23:16:33.313252,0 days 00:00:11.507887,0.3484182051627085,0.5303571634872193,4,18,0.030976830247070923,0.1860928375354209,50,139,COMPLETE
215,215,0.8666666666666667,2023-08-15 23:16:33.313696,2023-08-15 23:16:47.423919,0 days 00:00:14.110223,0.5387015000290039,0.674234464033109,4,17,0.05383820450609883,0.24330392876690327,60,145,COMPLETE
216,216,0.8888888888888888,2023-08-15 23:16:47.424366,2023-08-15 23:16:54.433986,0 days 00:00:07.009620,0.226466307798029,0.6577587569294403,5,10,0.06049411663502997,0.26449906180206595,50,140,COMPLETE
217,217,0.9555555555555556,2023-08-15 23:16:54.434414,2023-08-15 23:17:01.835756,0 days 00:00:07.401342,0.1738511693050002,0.7229444439853208,4,14,0.03497935872211383,0.17501895442937107,40,121,COMPLETE
218,218,0.8444444444444444,2023-08-15 23:17:01.836196,2023-08-15 23:17:03.781059,0 days 00:00:01.944863,0.10246314413948233,0.36672397374676435,4,7,0.052154119234228746,0.16877605817658436,60,141,COMPLETE
219,219,0.9111111111111111,2023-08-15 23:17:03.781496,2023-08-15 23:17:11.642796,0 days 00:00:07.861300,0.5066688394330856,0.5917032559020092,3,16,0.07001128689979917,0.25095028586876633,50,161,COMPLETE
220,220,0.9111111111111111,2023-08-15 23:17:11.643217,2023-08-15 23:17:20.936099,0 days 00:00:09.292882,0.15311147588299812,0.3461106578564859,5,17,0.04683671200075984,0.20186167776579145,60,156,COMPLETE
221,221,0.8888888888888888,2023-08-15 23:17:20.936525,2023-08-15 23:17:27.622471,0 days 00:00:06.685946,0.20991679972144767,0.4406806304402389,4,14,0.04111580874352153,0.2887240864989646,60,155,COMPLETE
222,222,0.8666666666666667,2023-08-15 23:17:27.622910,2023-08-15 23:17:33.009155,0 days 00:00:05.386245,0.37538494769066766,0.41515045832079456,4,14,0.04916169660719673,0.2976076510224541,60,134,COMPLETE
223,223,0.9111111111111111,2023-08-15 23:17:33.009620,2023-08-15 23:17:37.403053,0 days 00:00:04.393433,0.19801693471782994,0.4688414670680809,4,13,0.04796085287326573,0.17992262991705393,60,168,COMPLETE
224,224,0.8666666666666667,2023-08-15 23:17:37.403472,2023-08-15 23:17:44.517794,0 days 00:00:07.114322,0.12916809450819136,0.48630451592916574,4,15,0.05063328256141177,0.29300190882826616,60,150,COMPLETE
225,225,0.9333333333333333,2023-08-15 23:17:44.518304,2023-08-15 23:17:57.736901,0 days 00:00:13.218597,0.23248845989760566,0.6673516183595526,4,18,0.04403656720505171,0.19727437488654848,60,124,COMPLETE
226,226,0.8666666666666667,2023-08-15 23:17:57.737330,2023-08-15 23:18:00.378397,0 days 00:00:02.641067,0.18754662531698543,0.4274241363688205,4,6,0.04316165821938121,0.2856188760824868,50,128,COMPLETE
227,227,0.9333333333333333,2023-08-15 23:18:00.378856,2023-08-15 23:18:11.674042,0 days 00:00:11.295186,0.3307449695828243,0.6047156583614581,4,14,0.037600257577667245,0.20935062899036772,40,159,COMPLETE
228,228,0.9333333333333333,2023-08-15 23:18:11.674484,2023-08-15 23:18:18.080144,0 days 00:00:06.405660,0.4240170734554235,0.5702862017271814,4,9,0.027467025590831536,0.15634374897917458,60,138,COMPLETE
229,229,0.8666666666666667,2023-08-15 23:18:18.080581,2023-08-15 23:18:24.188697,0 days 00:00:06.108116,0.4044048059525118,0.3989018932314563,5,14,0.08461470719115523,0.34635058115635753,60,122,COMPLETE
230,230,0.9111111111111111,2023-08-15 23:18:24.189152,2023-08-15 23:18:34.843158,0 days 00:00:10.654006,0.26098971630885315,0.38159768857228193,4,17,0.03007308853168963,0.2562759448187878,50,152,COMPLETE
231,231,0.8666666666666667,2023-08-15 23:18:34.843600,2023-08-15 23:18:39.686764,0 days 00:00:04.843164,0.33651668972822196,0.42424400110641286,4,18,0.046123372510040214,0.23122733426049005,40,121,COMPLETE
232,232,0.9111111111111111,2023-08-15 23:18:39.687201,2023-08-15 23:18:45.145052,0 days 00:00:05.457851,0.24396921094030077,0.5074015705580561,4,18,0.06215746777968588,0.22918580951341733,40,120,COMPLETE
233,233,0.9333333333333333,2023-08-15 23:18:45.145482,2023-08-15 23:18:50.796755,0 days 00:00:05.651273,0.3524352629998762,0.45376738865928473,4,19,0.06384722115406279,0.2360012178813626,40,122,COMPLETE
234,234,0.8888888888888888,2023-08-15 23:18:50.797184,2023-08-15 23:18:56.167255,0 days 00:00:05.370071,0.3158518832422566,0.4315394181142398,4,17,0.054523064491328266,0.18481209149462632,40,123,COMPLETE
235,235,0.9111111111111111,2023-08-15 23:18:56.167986,2023-08-15 23:19:03.190170,0 days 00:00:07.022184,0.709249632120887,0.543964073654105,4,18,0.061760893107882395,0.15303297823608908,40,125,COMPLETE
236,236,0.9111111111111111,2023-08-15 23:19:03.190599,2023-08-15 23:19:11.010437,0 days 00:00:07.819838,0.6360229448978776,0.41327168081321675,4,19,0.06663730431976786,0.1928635254298651,60,136,COMPLETE
237,237,0.8666666666666667,2023-08-15 23:19:11.010874,2023-08-15 23:19:21.654761,0 days 00:00:10.643887,0.21025342874872974,0.6484125378378744,5,20,0.04241541048204703,0.16727540807750602,40,120,COMPLETE
238,238,0.9111111111111111,2023-08-15 23:19:21.655200,2023-08-15 23:19:31.794082,0 days 00:00:10.138882,0.3712412708172918,0.6161083593391832,4,16,0.045890154631853405,0.3398760462290957,60,123,COMPLETE
239,239,0.9111111111111111,2023-08-15 23:19:31.794529,2023-08-15 23:19:44.825278,0 days 00:00:13.030749,0.4955222793604628,0.5852778776595778,3,18,0.03994330326542982,0.23981006998151572,50,171,COMPLETE
240,240,0.9333333333333333,2023-08-15 23:19:44.825728,2023-08-15 23:19:53.778034,0 days 00:00:08.952306,0.4577903019568291,0.3661359175899075,4,15,0.04507692685202034,0.32000117511434234,60,125,COMPLETE
241,241,0.8888888888888888,2023-08-15 23:19:53.778469,2023-08-15 23:20:02.898154,0 days 00:00:09.119685,0.21438625227102265,0.48562916316365234,4,20,0.04889821406955369,0.2905324759764518,60,120,COMPLETE
242,242,0.9333333333333333,2023-08-15 23:20:02.898590,2023-08-15 23:20:13.453571,0 days 00:00:10.554981,0.22294055728924547,0.49428007118402095,4,18,0.0478266092549259,0.3297503170004368,60,121,COMPLETE
243,243,0.9555555555555556,2023-08-15 23:20:13.454015,2023-08-15 23:20:18.171733,0 days 00:00:04.717718,0.23567288990047636,0.4743536178714324,4,20,0.07902772075929426,0.29516164644791076,60,121,COMPLETE
244,244,0.9111111111111111,2023-08-15 23:20:18.172166,2023-08-15 23:20:39.580145,0 days 00:00:21.407979,0.4785167374755289,0.6344856431200903,4,20,0.050331554031450385,0.2872555726146913,60,180,COMPLETE
245,245,0.8888888888888888,2023-08-15 23:20:39.580589,2023-08-15 23:20:54.005979,0 days 00:00:14.425390,0.4352294584040676,0.6902463400891615,4,20,0.03546144530197756,0.28300562793223355,60,122,COMPLETE
246,246,0.8666666666666667,2023-08-15 23:20:54.006424,2023-08-15 23:21:04.455039,0 days 00:00:10.448615,0.339788014582224,0.5012219934221668,5,11,0.02668741913164533,0.2256953818472654,50,127,COMPLETE
247,247,0.9111111111111111,2023-08-15 23:21:04.455484,2023-08-15 23:21:11.222598,0 days 00:00:06.767114,0.2999244103358421,0.4463555241238138,4,17,0.0568998921941159,0.30196361853799436,60,143,COMPLETE
248,248,0.9111111111111111,2023-08-15 23:21:11.223049,2023-08-15 23:21:16.637028,0 days 00:00:05.413979,0.5873550116127929,0.5147192221507436,4,14,0.05205521628266568,0.3419788632420475,40,120,COMPLETE
249,249,0.8222222222222222,2023-08-15 23:21:16.637472,2023-08-15 23:21:29.343812,0 days 00:00:12.706340,0.19658954649741067,0.4641426803977243,4,12,0.0304788423910865,0.3351102733626683,60,129,COMPLETE
250,250,0.8913043478260869,2023-08-15 23:21:29.344266,2023-08-15 23:21:40.385431,0 days 00:00:11.041165,0.5189162383177433,0.5609503283234263,5,20,0.06806476017045714,0.16156623446830504,50,138,COMPLETE
251,251,0.8695652173913043,2023-08-15 23:21:40.385874,2023-08-15 23:21:48.631456,0 days 00:00:08.245582,0.2784307597108685,0.5967040438617534,4,19,0.07541405242977742,0.3492578557665809,60,126,COMPLETE
252,252,0.9130434782608695,2023-08-15 23:21:48.631912,2023-08-15 23:21:52.358581,0 days 00:00:03.726669,0.22125656407977193,0.32011019404488084,4,16,0.050190814776290664,0.31760158166536556,40,124,COMPLETE
253,253,0.8260869565217391,2023-08-15 23:21:52.359042,2023-08-15 23:22:00.056275,0 days 00:00:07.697233,0.25070272452741266,0.4825108250397808,5,13,0.05289950757077848,0.20461689203845349,50,148,COMPLETE
254,254,0.8695652173913043,2023-08-15 23:22:00.056723,2023-08-15 23:22:11.509745,0 days 00:00:11.453022,0.1788155250782422,0.7011739408152141,4,19,0.06294093759083824,0.32487854485569734,60,140,COMPLETE
255,255,0.8478260869565217,2023-08-15 23:22:11.510208,2023-08-15 23:22:17.474667,0 days 00:00:05.964459,0.1643687097219639,0.5261238508476327,3,17,0.07197053214638974,0.27528989543026816,60,153,COMPLETE
256,256,0.8913043478260869,2023-08-15 23:22:17.475107,2023-08-15 23:22:20.362908,0 days 00:00:02.887801,0.46421253681925523,0.3445013962058259,4,8,0.04314072652908949,0.17353456976673476,50,146,COMPLETE
257,257,0.8043478260869565,2023-08-15 23:22:20.363356,2023-08-15 23:22:31.990178,0 days 00:00:11.626822,0.3843463800191059,0.30210684423193834,5,15,0.059123270988842944,0.2810725093387219,40,173,COMPLETE
258,258,0.8913043478260869,2023-08-15 23:22:31.990619,2023-08-15 23:22:46.413245,0 days 00:00:14.422626,0.7928417568490633,0.5752953208157265,4,18,0.025224289885859636,0.28996958541183465,60,123,COMPLETE
259,259,0.8695652173913043,2023-08-15 23:22:46.413690,2023-08-15 23:22:51.296064,0 days 00:00:04.882374,0.6549218334382618,0.40256304712354596,4,17,0.05470100997304524,0.2208470453393266,60,135,COMPLETE
260,260,0.8913043478260869,2023-08-15 23:22:51.296493,2023-08-15 23:22:59.927004,0 days 00:00:08.630511,0.13416684294883138,0.6206909535473718,4,20,0.06967557881455329,0.3276443033946129,50,120,COMPLETE
261,261,0.8695652173913043,2023-08-15 23:22:59.927450,2023-08-15 23:23:06.423969,0 days 00:00:06.496519,0.3548837528112491,0.43810099513160733,4,14,0.06519791483006138,0.23234523022071654,60,131,COMPLETE
262,262,0.8478260869565217,2023-08-15 23:23:06.424416,2023-08-15 23:23:14.193502,0 days 00:00:07.769086,0.39951822732704456,0.6574731234007191,5,10,0.07400470365788848,0.2157501302356835,40,139,COMPLETE
263,263,0.9347826086956522,2023-08-15 23:23:14.193951,2023-08-15 23:23:21.018504,0 days 00:00:06.824553,0.20708693513999582,0.5383463507174217,4,19,0.04734304516133223,0.19987627697533777,50,122,COMPLETE
264,264,0.9130434782608695,2023-08-15 23:23:21.018941,2023-08-15 23:23:29.552654,0 days 00:00:08.533713,0.2666829929375954,0.6805923808618617,3,18,0.06065066143236591,0.3311277063037316,60,137,COMPLETE
265,265,0.8695652173913043,2023-08-15 23:23:29.553095,2023-08-15 23:23:37.173452,0 days 00:00:07.620357,0.23444243839380663,0.3623792488823041,5,16,0.0776654889536054,0.29498955194815096,60,163,COMPLETE
266,266,0.8913043478260869,2023-08-15 23:23:37.173926,2023-08-15 23:23:42.802427,0 days 00:00:05.628501,0.3304190137664058,0.48641950297014636,4,17,0.055873236366060196,0.2712138375539623,40,124,COMPLETE
267,267,0.9130434782608695,2023-08-15 23:23:42.802894,2023-08-15 23:23:49.812675,0 days 00:00:07.009781,0.1499037495310083,0.4660368668153487,4,13,0.02878535676810838,0.22751196861904696,50,136,COMPLETE
268,268,0.8260869565217391,2023-08-15 23:23:49.813133,2023-08-15 23:23:54.423595,0 days 00:00:04.610462,0.19191975888743906,0.3274800517230664,4,18,0.04946210127787005,0.16298929006680568,60,133,COMPLETE
269,269,0.8695652173913043,2023-08-15 23:23:54.424049,2023-08-15 23:24:00.195309,0 days 00:00:05.771260,0.6169397695080681,0.5029183098420027,4,14,0.0674151716149972,0.3083069746127718,60,122,COMPLETE
270,270,0.8695652173913043,2023-08-15 23:24:00.195758,2023-08-15 23:24:05.637136,0 days 00:00:05.441378,0.11434721479711879,0.38397858611074465,5,9,0.03176648921843989,0.24611829695437223,50,121,COMPLETE
271,271,0.9130434782608695,2023-08-15 23:24:05.637593,2023-08-15 23:24:12.869601,0 days 00:00:07.232008,0.49222575215605413,0.5542034940674185,3,15,0.03681412844290108,0.22348197636920672,40,141,COMPLETE
272,272,0.9130434782608695,2023-08-15 23:24:12.870088,2023-08-15 23:24:20.310418,0 days 00:00:07.440330,0.5527883895448976,0.4184315554631838,4,17,0.03857735083882574,0.17836702672700933,60,125,COMPLETE
273,273,0.8695652173913043,2023-08-15 23:24:20.310857,2023-08-15 23:24:35.949985,0 days 00:00:15.639128,0.25297223591547646,0.639979766776889,4,19,0.04007636642945253,0.32243564815081793,50,127,COMPLETE
274,274,0.9130434782608695,2023-08-15 23:24:35.950438,2023-08-15 23:24:53.282868,0 days 00:00:17.332430,0.4146214229522869,0.5863821457454699,5,20,0.051639318092929494,0.17189184162585883,60,130,COMPLETE
275,275,0.8695652173913043,2023-08-15 23:24:53.283334,2023-08-15 23:25:02.523467,0 days 00:00:09.240133,0.5273253637463066,0.6069869155545435,4,18,0.06301649632078264,0.15920319459272106,40,157,COMPLETE
276,276,0.9130434782608695,2023-08-15 23:25:02.523907,2023-08-15 23:25:06.762252,0 days 00:00:04.238345,0.21933385186610496,0.45407893633658136,4,14,0.05827143472044702,0.15132574692481887,60,138,COMPLETE
277,277,0.9130434782608695,2023-08-15 23:25:06.762701,2023-08-15 23:25:18.751172,0 days 00:00:11.988471,0.44924416906006337,0.6739363417638214,4,17,0.03287319066894509,0.18389671382369882,50,134,COMPLETE
278,278,0.9130434782608695,2023-08-15 23:25:18.751619,2023-08-15 23:25:22.836010,0 days 00:00:04.084391,0.24029946779904218,0.33773111286777213,5,16,0.08869340980197095,0.18789661060354812,60,128,COMPLETE
279,279,0.8695652173913043,2023-08-15 23:25:22.836473,2023-08-15 23:25:29.389000,0 days 00:00:06.552527,0.3639793681163155,0.5193787838056575,4,12,0.0541297925421501,0.33957542884451036,60,123,COMPLETE
280,280,0.9347826086956522,2023-08-15 23:25:29.389451,2023-08-15 23:25:40.928380,0 days 00:00:11.538929,0.341501273794933,0.47738101936289684,4,20,0.044475656549267883,0.29865946885649236,40,170,COMPLETE
281,281,0.8260869565217391,2023-08-15 23:25:40.928818,2023-08-15 23:25:51.365014,0 days 00:00:10.436196,0.29071233447523004,0.7106075479799648,5,11,0.07968294731951157,0.2072546687066883,50,142,COMPLETE
282,282,0.9130434782608695,2023-08-15 23:25:51.365454,2023-08-15 23:25:57.108757,0 days 00:00:05.743303,0.31727365583635864,0.430271988174575,3,15,0.03490119292055527,0.2627862031960972,60,126,COMPLETE
283,283,0.8913043478260869,2023-08-15 23:25:57.109196,2023-08-15 23:26:00.868660,0 days 00:00:03.759464,0.17785592714568385,0.49536738691417626,4,14,0.07123765304659015,0.16791085906317477,60,122,COMPLETE
284,284,0.9130434782608695,2023-08-15 23:26:00.869129,2023-08-15 23:26:07.215923,0 days 00:00:06.346794,0.6680450142009584,0.7328493245306009,4,13,0.082016593934017,0.2112265670321207,50,136,COMPLETE
285,285,0.8913043478260869,2023-08-15 23:26:07.216427,2023-08-15 23:26:12.116292,0 days 00:00:04.899865,0.20888181680168227,0.5742216839712878,4,18,0.06947420293449956,0.31420188024564627,40,120,COMPLETE
286,286,0.9130434782608695,2023-08-15 23:26:12.116790,2023-08-15 23:26:25.464421,0 days 00:00:13.347631,0.4768793338212034,0.6145006697384492,5,17,0.06571992178956007,0.24084912776365103,60,124,COMPLETE
287,287,0.8913043478260869,2023-08-15 23:26:25.464931,2023-08-15 23:26:32.103620,0 days 00:00:06.638689,0.4355048302011523,0.39507401270235626,4,16,0.05667725166715875,0.19488141808020237,50,139,COMPLETE
288,288,0.9347826086956522,2023-08-15 23:26:32.104064,2023-08-15 23:26:48.043680,0 days 00:00:15.939616,0.3792460966737802,0.66179072583728,4,19,0.059792129168298076,0.2334859457522261,60,178,COMPLETE
289,289,0.8043478260869565,2023-08-15 23:26:48.044120,2023-08-15 23:26:52.211841,0 days 00:00:04.167721,0.22600570436965245,0.5966132587122364,5,10,0.07304946353833555,0.28624112232168636,40,121,COMPLETE
290,290,0.9130434782608695,2023-08-15 23:26:52.212293,2023-08-15 23:27:03.508612,0 days 00:00:11.296319,0.1983690861113028,0.6873063769763657,4,19,0.029588691311317476,0.27871592907284726,60,154,COMPLETE
291,291,0.9130434782608695,2023-08-15 23:27:03.509075,2023-08-15 23:27:12.405364,0 days 00:00:08.896289,0.6866496452120786,0.5659033278597811,4,15,0.045907931812555855,0.26742559383837855,50,166,COMPLETE
292,292,0.8913043478260869,2023-08-15 23:27:12.406104,2023-08-15 23:27:20.250069,0 days 00:00:07.843965,0.5070853329074626,0.6318702192106066,4,9,0.026618298704563583,0.21752124978054044,60,135,COMPLETE
293,293,0.8695652173913043,2023-08-15 23:27:20.250551,2023-08-15 23:27:26.296861,0 days 00:00:06.046310,0.2644479859889739,0.5107421646145371,3,18,0.0530337183483717,0.3328154656304306,40,126,COMPLETE
294,294,0.8913043478260869,2023-08-15 23:27:26.297320,2023-08-15 23:27:32.025077,0 days 00:00:05.727757,0.14253635654854016,0.441536851991993,5,17,0.04180290666155325,0.2529095925985194,60,132,COMPLETE
295,295,0.9130434782608695,2023-08-15 23:27:32.025537,2023-08-15 23:27:42.022950,0 days 00:00:09.997413,0.3987060393847826,0.6473368246756392,4,20,0.061539443219482425,0.20150182228075228,50,137,COMPLETE
296,296,0.8695652173913043,2023-08-15 23:27:42.023396,2023-08-15 23:27:50.194623,0 days 00:00:08.171227,0.35121042103014194,0.48618300993284147,4,14,0.0640162122649012,0.2733142660872708,60,145,COMPLETE
297,297,0.8043478260869565,2023-08-15 23:27:50.195079,2023-08-15 23:27:54.191850,0 days 00:00:03.996771,0.16837074667623528,0.5353841029366163,4,8,0.03203436100782017,0.19009991543559623,60,140,COMPLETE
298,298,0.8478260869565217,2023-08-15 23:27:54.192313,2023-08-15 23:28:01.060477,0 days 00:00:06.868164,0.244197932723527,0.35761539603901693,5,16,0.040037120777728884,0.2921916609839685,50,143,COMPLETE
299,299,0.8913043478260869,2023-08-15 23:28:01.060945,2023-08-15 23:28:04.925360,0 days 00:00:03.864415,0.11924046923409404,0.37753255709133604,4,18,0.06833284989843434,0.22821662358637235,40,123,COMPLETE
300,300,0.8888888888888888,2023-08-15 23:28:04.925865,2023-08-15 23:28:21.704173,0 days 00:00:16.778308,0.644898089924933,0.41087544572840456,4,17,0.027802677355106966,0.2374335535103229,60,161,COMPLETE
301,301,0.9333333333333333,2023-08-15 23:28:21.704636,2023-08-15 23:28:31.752638,0 days 00:00:10.048002,0.41566373422526093,0.4586369618306711,5,13,0.04833485663803386,0.15743668851094714,50,173,COMPLETE
302,302,0.9333333333333333,2023-08-15 23:28:31.753102,2023-08-15 23:28:37.213762,0 days 00:00:05.460660,0.595314809517433,0.47110474299639415,4,15,0.05785010545310015,0.16590543777489805,60,120,COMPLETE
303,303,0.9111111111111111,2023-08-15 23:28:37.214301,2023-08-15 23:28:47.140785,0 days 00:00:09.926484,0.3045697671582785,0.5889998494119545,4,20,0.051232531265708134,0.2587097880193486,40,128,COMPLETE
304,304,0.9555555555555556,2023-08-15 23:28:47.141243,2023-08-15 23:28:53.395041,0 days 00:00:06.253798,0.6197947729188897,0.5500520195009035,3,14,0.07068165998576588,0.3281469913008077,60,124,COMPLETE
305,305,0.8666666666666667,2023-08-15 23:28:53.395490,2023-08-15 23:29:08.947799,0 days 00:00:15.552309,0.2840219779198677,0.6235768198803595,5,17,0.055843202379611975,0.21276805204839702,50,134,COMPLETE
306,306,0.9111111111111111,2023-08-15 23:29:08.948272,2023-08-15 23:29:16.760852,0 days 00:00:07.812580,0.46397391652488984,0.4984539317890279,4,19,0.07569158550885535,0.18211564626844925,60,121,COMPLETE
307,307,0.9111111111111111,2023-08-15 23:29:16.761310,2023-08-15 23:29:31.015850,0 days 00:00:14.254540,0.32454345829078957,0.4482737000894526,4,18,0.03414476725703698,0.3375771137183392,40,151,COMPLETE
308,308,0.8444444444444444,2023-08-15 23:29:31.016300,2023-08-15 23:29:41.965053,0 days 00:00:10.948753,0.38613154960985796,0.4276575024708629,4,20,0.03592859085667682,0.17601176275445057,60,149,COMPLETE
309,309,0.8666666666666667,2023-08-15 23:29:41.965506,2023-08-15 23:29:48.708817,0 days 00:00:06.743311,0.22592226153781422,0.6703834621224998,5,15,0.09707175994258421,0.22154116874648538,50,125,COMPLETE
310,310,0.8888888888888888,2023-08-15 23:29:48.709277,2023-08-15 23:29:52.568282,0 days 00:00:03.859005,0.36623187202807955,0.5622969402461462,4,7,0.08082086261967583,0.28262683525253113,60,129,COMPLETE
311,311,0.9555555555555556,2023-08-15 23:29:52.568788,2023-08-15 23:30:00.903009,0 days 00:00:08.334221,0.5738341214225995,0.5220106806907531,4,17,0.06698701970622843,0.19816865206973958,50,138,COMPLETE
312,312,0.8666666666666667,2023-08-15 23:30:00.903454,2023-08-15 23:30:08.705336,0 days 00:00:07.801882,0.1005527799695916,0.6060218676733506,4,16,0.030603816213572964,0.1545642080896159,60,122,COMPLETE
313,313,0.8888888888888888,2023-08-15 23:30:08.705790,2023-08-15 23:30:23.638280,0 days 00:00:14.932490,0.49506035646939905,0.58079878084916,4,18,0.03686606207035278,0.30448925405633653,40,176,COMPLETE
314,314,0.8666666666666667,2023-08-15 23:30:23.638751,2023-08-15 23:30:41.377185,0 days 00:00:17.738434,0.5363593085540672,0.6964247300160645,5,19,0.06294091339559572,0.24763784055496982,60,127,COMPLETE
315,315,0.9333333333333333,2023-08-15 23:30:41.377630,2023-08-15 23:30:44.655367,0 days 00:00:03.277737,0.6073824095190399,0.34788015054657634,3,17,0.07729936386011904,0.29982311582325455,50,141,COMPLETE
316,316,0.8888888888888888,2023-08-15 23:30:44.655824,2023-08-15 23:30:54.677273,0 days 00:00:10.021449,0.21049947366767952,0.6837641115110046,4,14,0.02849374202974195,0.26997097730239084,60,125,COMPLETE
317,317,0.9777777777777777,2023-08-15 23:30:54.677726,2023-08-15 23:30:59.975171,0 days 00:00:05.297445,0.5501922430571468,0.4731298489478005,4,12,0.05299665298515822,0.28844067221014663,40,123,COMPLETE
318,318,0.8444444444444444,2023-08-15 23:30:59.975623,2023-08-15 23:31:05.255063,0 days 00:00:05.279440,0.5444966972781815,0.46241641550025747,5,12,0.05423986051094529,0.20391748468138265,40,123,COMPLETE
319,319,0.9111111111111111,2023-08-15 23:31:05.255512,2023-08-15 23:31:10.587136,0 days 00:00:05.331624,0.4742159440381256,0.6525723398916485,4,10,0.05281176123739215,0.3447098407202177,40,124,COMPLETE
320,320,0.8666666666666667,2023-08-15 23:31:10.587592,2023-08-15 23:31:13.048752,0 days 00:00:02.461160,0.15457917198121368,0.47198809298975836,4,11,0.08374714339692087,0.27611655765515847,40,126,COMPLETE
