,number,value,datetime_start,datetime_complete,duration,params_cross_ind_prob,params_cross_prob,params_cv,params_max_features,params_muta_ind_prob,params_muta_prob,params_n_gens,params_n_population,state
536,536,0.6444444444444445,2023-08-15 13:10:36.914772,2023-08-15 13:10:40.724150,0 days 00:00:03.809378,0.5865756595728697,0.6318763435903418,4,5,0.0273728292825141,0.3161755300174829,40,171,COMPLETE
537,537,0.9111111111111111,2023-08-15 13:10:40.724666,2023-08-15 13:10:50.328399,0 days 00:00:09.603733,0.32121120679818405,0.5824048695241376,4,17,0.02995110394978297,0.30376685870512277,40,158,COMPLETE
538,538,0.8888888888888888,2023-08-15 13:10:50.328894,2023-08-15 13:11:02.556372,0 days 00:00:12.227478,0.2137411134104475,0.7277751580141696,4,20,0.04431547224123674,0.3094122184363252,40,167,COMPLETE
539,539,0.8,2023-08-15 13:11:02.556883,2023-08-15 13:11:16.630085,0 days 00:00:14.073202,0.25182936911403014,0.5593470645133686,3,20,0.026524686087386617,0.2586969785232911,60,175,COMPLETE
540,540,0.8444444444444444,2023-08-15 13:11:16.630598,2023-08-15 13:11:29.418665,0 days 00:00:12.788067,0.5158976044250358,0.6499176436036477,4,19,0.04092333622006349,0.2004172147569966,40,169,COMPLETE
541,541,0.8888888888888888,2023-08-15 13:11:29.419152,2023-08-15 13:11:45.506955,0 days 00:00:16.087803,0.28467360227678506,0.5961786149055628,4,20,0.02871528516627272,0.27963701872833147,50,177,COMPLETE
542,542,0.8888888888888888,2023-08-15 13:11:45.507458,2023-08-15 13:12:02.116702,0 days 00:00:16.609244,0.6110925765487912,0.7107874000721808,4,19,0.031163923617041702,0.24641687685607122,40,174,COMPLETE
543,543,0.9111111111111111,2023-08-15 13:12:02.117190,2023-08-15 13:12:12.965964,0 days 00:00:10.848774,0.6451014279526035,0.6819574260543249,4,20,0.03778162362546948,0.23746478535762194,40,156,COMPLETE
544,544,0.8666666666666667,2023-08-15 13:12:12.966496,2023-08-15 13:12:17.981290,0 days 00:00:05.014794,0.575632192100217,0.22074901870211994,4,18,0.026171989980098398,0.18088975558270626,40,179,COMPLETE
545,545,0.8666666666666667,2023-08-15 13:12:17.981838,2023-08-15 13:12:26.538625,0 days 00:00:08.556787,0.17897384062378519,0.5719763912988818,4,20,0.056646600305899714,0.2987207157763714,60,124,COMPLETE
546,546,0.9333333333333333,2023-08-15 13:12:26.539414,2023-08-15 13:12:38.457357,0 days 00:00:11.917943,0.4164885383086094,0.6125292787374124,4,20,0.04723695740710486,0.28889324738672656,40,172,COMPLETE
547,547,0.8666666666666667,2023-08-15 13:12:38.457891,2023-08-15 13:12:59.863891,0 days 00:00:21.406000,0.5346277141509422,0.7389906164868687,4,19,0.034251830344846905,0.2924881467227905,40,176,COMPLETE
548,548,0.9111111111111111,2023-08-15 13:12:59.864424,2023-08-15 13:13:09.885622,0 days 00:00:10.021198,0.305622563659806,0.39284869300037817,4,20,0.027730849971286393,0.2718522565114242,50,129,COMPLETE
549,549,0.8888888888888888,2023-08-15 13:13:09.886144,2023-08-15 13:13:18.100961,0 days 00:00:08.214817,0.10319856141846134,0.5342447432407443,4,19,0.02969936748031741,0.33172219946595993,40,131,COMPLETE
550,550,0.8260869565217391,2023-08-15 13:13:18.101464,2023-08-15 13:13:24.081991,0 days 00:00:05.980527,0.5950030055310561,0.5467388454034038,4,18,0.088394467692827,0.23376334695998713,60,173,COMPLETE
551,551,0.8913043478260869,2023-08-15 13:13:24.082508,2023-08-15 13:13:36.066596,0 days 00:00:11.984088,0.45447543234421284,0.6645578837659374,4,20,0.05000005744201413,0.2637294574275197,40,161,COMPLETE
552,552,0.9130434782608695,2023-08-15 13:13:36.067102,2023-08-15 13:13:45.683864,0 days 00:00:09.616762,0.227527690648489,0.5162430545016852,4,20,0.026083367616504816,0.22809423232666245,40,170,COMPLETE
553,553,0.8043478260869565,2023-08-15 13:13:45.684356,2023-08-15 13:14:00.749313,0 days 00:00:15.064957,0.3750894453618198,0.7837217653423574,4,14,0.03230767045947997,0.28617675331631076,40,164,COMPLETE
554,554,0.9782608695652174,2023-08-15 13:14:00.749835,2023-08-15 13:14:06.693614,0 days 00:00:05.943779,0.2702592419332638,0.3309251658450376,4,20,0.028389389019496745,0.25664208580238534,50,158,COMPLETE
555,555,0.8913043478260869,2023-08-15 13:14:06.694158,2023-08-15 13:14:16.690765,0 days 00:00:09.996607,0.2813111668064803,0.35935928013632695,3,20,0.028213472100105576,0.31306046399536247,50,157,COMPLETE
556,556,0.9347826086956522,2023-08-15 13:14:16.691255,2023-08-15 13:14:24.073987,0 days 00:00:07.382732,0.43130296755548864,0.34421235848173426,5,20,0.025000059486957382,0.33651767393964493,50,160,COMPLETE
557,557,0.9347826086956522,2023-08-15 13:14:24.074486,2023-08-15 13:14:38.998849,0 days 00:00:14.924363,0.4081303789781963,0.4953512761224219,4,20,0.027373870091871057,0.31954660038583577,50,158,COMPLETE
558,558,0.9347826086956522,2023-08-15 13:14:38.999356,2023-08-15 13:14:46.172565,0 days 00:00:07.173209,0.23908076927351643,0.4743414231584771,4,20,0.02903382090696861,0.2681102879773787,50,159,COMPLETE
559,559,0.9782608695652174,2023-08-15 13:14:46.173074,2023-08-15 13:14:57.181540,0 days 00:00:11.008466,0.26500086423523644,0.29940357843007104,4,20,0.026479068950641456,0.2956175216025391,50,159,COMPLETE
560,560,0.8913043478260869,2023-08-15 13:14:57.182046,2023-08-15 13:15:06.745756,0 days 00:00:09.563710,0.2518706222947411,0.22208351922392036,4,20,0.02637754274250074,0.30323780256923244,50,159,COMPLETE
561,561,0.9565217391304348,2023-08-15 13:15:06.746272,2023-08-15 13:15:17.492192,0 days 00:00:10.745920,0.267902703310974,0.32357042033456845,4,20,0.02708453000572393,0.3284156292004706,50,157,COMPLETE
562,562,0.9565217391304348,2023-08-15 13:15:17.492707,2023-08-15 13:15:22.691727,0 days 00:00:05.199020,0.2881560953931019,0.2610354327046598,4,20,0.02803520356067899,0.2546107623293299,50,158,COMPLETE
563,563,0.8913043478260869,2023-08-15 13:15:22.692229,2023-08-15 13:15:30.450829,0 days 00:00:07.758600,0.262076057856572,0.2841616217249044,4,15,0.02598202011980967,0.2969059597076952,50,160,COMPLETE
564,564,0.8695652173913043,2023-08-15 13:15:30.451323,2023-08-15 13:15:40.230707,0 days 00:00:09.779384,0.27016691473556426,0.2858147144301833,4,16,0.026391835973107642,0.28062820902108004,50,156,COMPLETE
565,565,0.9347826086956522,2023-08-15 13:15:40.231205,2023-08-15 13:15:43.438155,0 days 00:00:03.206950,0.25941230590842135,0.27986564475080256,4,20,0.029413576145045653,0.2394215547240559,50,159,COMPLETE
566,566,0.8913043478260869,2023-08-15 13:15:43.438662,2023-08-15 13:15:51.158177,0 days 00:00:07.719515,0.549256118000274,0.3247493793514755,4,20,0.0281546891567269,0.17701281398079066,50,162,COMPLETE
567,567,0.8043478260869565,2023-08-15 13:15:51.158694,2023-08-15 13:15:55.700642,0 days 00:00:04.541948,0.565777383914316,0.26669517684629646,4,20,0.06829840002690067,0.2931806792162951,50,156,COMPLETE
568,568,0.9130434782608695,2023-08-15 13:15:55.701136,2023-08-15 13:16:01.043647,0 days 00:00:05.342511,0.278264846143077,0.40509000678301543,4,20,0.05761474788578119,0.2146365317911394,50,160,COMPLETE
569,569,0.9782608695652174,2023-08-15 13:16:01.044437,2023-08-15 13:16:10.446067,0 days 00:00:09.401630,0.2434283253541624,0.29325462594309715,4,20,0.02643009136952049,0.3065663544641698,50,157,COMPLETE
570,570,0.8478260869565217,2023-08-15 13:16:10.446565,2023-08-15 13:16:17.922458,0 days 00:00:07.475893,0.2592496128612517,0.2915425643584292,4,16,0.025171332646762218,0.30945458566170886,50,157,COMPLETE
571,571,0.782608695652174,2023-08-15 13:16:17.922960,2023-08-15 13:16:25.319264,0 days 00:00:07.396304,0.23479330360715836,0.30489761205952187,4,20,0.03967178540806181,0.3152650994491989,50,154,COMPLETE
572,572,0.9130434782608695,2023-08-15 13:16:25.319772,2023-08-15 13:16:34.076865,0 days 00:00:08.757093,0.29187713610898947,0.3092150252506167,4,20,0.025031829066215466,0.34601925734840894,50,155,COMPLETE
573,573,0.9347826086956522,2023-08-15 13:16:34.077384,2023-08-15 13:16:41.698423,0 days 00:00:07.621039,0.23941046802323046,0.2969259567705276,4,20,0.027034273675051283,0.3122624105769135,50,158,COMPLETE
574,574,0.9782608695652174,2023-08-15 13:16:41.698932,2023-08-15 13:16:53.478324,0 days 00:00:11.779392,0.2513094093969115,0.30270947580396523,4,20,0.02679047377194643,0.32327988823812726,50,157,COMPLETE
575,575,0.8913043478260869,2023-08-15 13:16:53.478821,2023-08-15 13:17:05.180159,0 days 00:00:11.701338,0.25721751548340477,0.2717190674432239,4,20,0.02656475824016197,0.3220226434833308,50,156,COMPLETE
576,576,0.8478260869565217,2023-08-15 13:17:05.180658,2023-08-15 13:17:14.492713,0 days 00:00:09.312055,0.24370334292665874,0.33861537357375576,4,17,0.02502080889131378,0.32447811293208423,50,158,COMPLETE
577,577,0.9565217391304348,2023-08-15 13:17:14.493218,2023-08-15 13:17:23.785066,0 days 00:00:09.291848,0.30180620780803763,0.2860906776678903,4,20,0.028133034256923574,0.3187586607008467,50,157,COMPLETE
578,578,0.8478260869565217,2023-08-15 13:17:23.785574,2023-08-15 13:17:28.741172,0 days 00:00:04.955598,0.27178138990305556,0.2976299571613353,4,20,0.0654015990843704,0.32692627234205834,50,158,COMPLETE
579,579,0.9347826086956522,2023-08-15 13:17:28.741705,2023-08-15 13:17:40.650298,0 days 00:00:11.908593,0.4983818464126612,0.3060952471539121,4,20,0.026614110947161127,0.28349675943652053,50,156,COMPLETE
580,580,0.8478260869565217,2023-08-15 13:17:40.650805,2023-08-15 13:17:52.155905,0 days 00:00:11.505100,0.5249380592521858,0.26717123689041344,4,20,0.02791596992576455,0.30801534514769574,50,157,COMPLETE
581,581,0.8695652173913043,2023-08-15 13:17:52.156428,2023-08-15 13:17:59.411618,0 days 00:00:07.255190,0.2493116563092027,0.3142235412877473,3,20,0.05335305158317126,0.320031177223546,50,159,COMPLETE
582,582,0.8043478260869565,2023-08-15 13:17:59.412151,2023-08-15 13:18:03.312918,0 days 00:00:03.900767,0.273231133201675,0.2944816497064292,4,20,0.07414266685353875,0.3161377249768367,50,154,COMPLETE
583,583,0.8043478260869565,2023-08-15 13:18:03.313428,2023-08-15 13:18:05.484066,0 days 00:00:02.170638,0.3122306677188792,0.2553986248106023,4,13,0.06404932935359108,0.27530004293127097,50,155,COMPLETE
584,584,0.6956521739130435,2023-08-15 13:18:05.484581,2023-08-15 13:18:08.270609,0 days 00:00:02.786028,0.5579617174136429,0.29679414319838954,4,11,0.044663119800963956,0.2479864590471657,50,159,COMPLETE
585,585,0.8260869565217391,2023-08-15 13:18:08.271119,2023-08-15 13:18:13.838730,0 days 00:00:05.567611,0.226408160108934,0.3000256684733619,4,19,0.02659738052297988,0.3229357551441526,50,157,COMPLETE
586,586,0.9782608695652174,2023-08-15 13:18:13.839538,2023-08-15 13:18:23.957397,0 days 00:00:10.117859,0.579345037958055,0.3759562052416767,4,20,0.02504379250537474,0.33054388795865397,60,161,COMPLETE
587,587,0.8913043478260869,2023-08-15 13:18:23.957901,2023-08-15 13:18:36.371661,0 days 00:00:12.413760,0.4900863404427677,0.3297438650833367,4,20,0.02908907567326293,0.30514204268670114,50,155,COMPLETE
588,588,0.782608695652174,2023-08-15 13:18:36.372176,2023-08-15 13:18:44.234757,0 days 00:00:07.862581,0.5116330332338233,0.31396213904998965,4,15,0.027683307604074357,0.21991830980786506,50,158,COMPLETE
589,589,0.8260869565217391,2023-08-15 13:18:44.235259,2023-08-15 13:18:55.064451,0 days 00:00:10.829192,0.39321862693034615,0.31070994680993047,4,20,0.04238739016235095,0.24420977406345748,60,156,COMPLETE
590,590,0.8913043478260869,2023-08-15 13:18:55.064958,2023-08-15 13:19:01.898057,0 days 00:00:06.833099,0.2969026014549856,0.3455191880209489,4,19,0.05515789775991488,0.28892089517044905,50,160,COMPLETE
591,591,0.8043478260869565,2023-08-15 13:19:01.898563,2023-08-15 13:19:04.346429,0 days 00:00:02.447866,0.12165704617557177,0.2722858026716087,4,20,0.061328530269855346,0.20269870671873141,60,157,COMPLETE
592,592,0.782608695652174,2023-08-15 13:19:04.346935,2023-08-15 13:19:09.093932,0 days 00:00:04.746997,0.2518569417925057,0.281405219436246,4,19,0.059408953528708265,0.19023665941343698,50,159,COMPLETE
593,593,0.8913043478260869,2023-08-15 13:19:09.094439,2023-08-15 13:19:14.297993,0 days 00:00:05.203554,0.32808723608054796,0.30662716822780733,4,16,0.04607260149866675,0.31351088682748846,60,160,COMPLETE
594,594,0.8695652173913043,2023-08-15 13:19:14.298511,2023-08-15 13:19:17.534961,0 days 00:00:03.236450,0.5395338382697259,0.33300913649845093,4,20,0.06677704702550304,0.18923924387006835,50,153,COMPLETE
595,595,0.8478260869565217,2023-08-15 13:19:17.535477,2023-08-15 13:19:20.564173,0 days 00:00:03.028696,0.27881996107287915,0.28702233194851634,5,12,0.08191743850683963,0.30025942894758473,60,158,COMPLETE
596,596,0.9347826086956522,2023-08-15 13:19:20.564680,2023-08-15 13:19:28.756608,0 days 00:00:08.191928,0.4705851089993369,0.254254591711111,4,17,0.026655042065816884,0.28450654523443664,50,163,COMPLETE
597,597,0.9347826086956522,2023-08-15 13:19:28.757125,2023-08-15 13:19:37.227442,0 days 00:00:08.470317,0.5980744108823374,0.2994622853508617,4,20,0.02864745589075345,0.23335951395255852,50,161,COMPLETE
598,598,0.8913043478260869,2023-08-15 13:19:37.227957,2023-08-15 13:19:43.784604,0 days 00:00:06.556647,0.7219916240444574,0.33501873527844084,4,20,0.04096104187799279,0.16413250373904864,60,156,COMPLETE
599,599,0.8695652173913043,2023-08-15 13:19:43.785114,2023-08-15 13:19:55.115168,0 days 00:00:11.330054,0.2666717616139133,0.34154591135075546,4,20,0.026284065946767386,0.30730427363902824,50,157,COMPLETE
600,600,0.8,2023-08-15 13:19:55.115677,2023-08-15 13:20:05.391129,0 days 00:00:10.275452,0.2179755694571841,0.24244249400480622,4,19,0.04898361214126708,0.32522142970307255,60,156,COMPLETE
601,601,0.8888888888888888,2023-08-15 13:20:05.391642,2023-08-15 13:20:14.464225,0 days 00:00:09.072583,0.33813718578077195,0.3565411768930096,4,20,0.037327275125363546,0.27850658748032714,50,158,COMPLETE
602,602,0.8888888888888888,2023-08-15 13:20:14.464731,2023-08-15 13:20:25.997386,0 days 00:00:11.532655,0.7875156212916111,0.32080142553025287,4,19,0.03050387479931846,0.2959771147464967,60,155,COMPLETE
603,603,0.8666666666666667,2023-08-15 13:20:25.997910,2023-08-15 13:20:34.597854,0 days 00:00:08.599944,0.4043062820044549,0.4329055874564387,4,14,0.025067414305213812,0.33986482146658586,50,159,COMPLETE
604,604,0.9111111111111111,2023-08-15 13:20:34.598368,2023-08-15 13:20:41.469688,0 days 00:00:06.871320,0.5681172487686489,0.31011985740331055,4,20,0.038883975631225684,0.3174300045122819,50,162,COMPLETE
605,605,0.8666666666666667,2023-08-15 13:20:41.470222,2023-08-15 13:20:53.377057,0 days 00:00:11.906835,0.3648826256007568,0.38087757218132723,3,20,0.027473471619834003,0.31096125234626515,60,160,COMPLETE
606,606,0.8444444444444444,2023-08-15 13:20:53.377571,2023-08-15 13:20:57.533387,0 days 00:00:04.155816,0.2432157900086731,0.4411114557858516,4,19,0.029148649076123287,0.19867022308905852,50,125,COMPLETE
607,607,0.9333333333333333,2023-08-15 13:20:57.533921,2023-08-15 13:21:05.419291,0 days 00:00:07.885370,0.42522409785253357,0.39061776403576337,4,20,0.027341343999489186,0.27181372607143117,40,120,COMPLETE
608,608,0.9777777777777777,2023-08-15 13:21:05.419820,2023-08-15 13:21:10.098825,0 days 00:00:04.679005,0.1169024731912848,0.2795658782239863,4,20,0.026251968503567733,0.24032924274881853,60,180,COMPLETE
609,609,0.9555555555555556,2023-08-15 13:21:10.099363,2023-08-15 13:21:17.693926,0 days 00:00:07.594563,0.5281671208243081,0.4590639086622065,4,20,0.0522604750906659,0.30229526740773144,40,178,COMPLETE
610,610,1.0,2023-08-15 13:21:17.694445,2023-08-15 13:21:21.009965,0 days 00:00:03.315520,0.5521861493569186,0.2900735527879455,4,19,0.06366337240832019,0.29064660020102984,50,153,COMPLETE
611,611,0.8444444444444444,2023-08-15 13:21:21.010500,2023-08-15 13:21:25.275204,0 days 00:00:04.264704,0.554222857560903,0.26916882289108857,4,18,0.06454329630129586,0.29084495991016057,40,151,COMPLETE
612,612,0.7555555555555555,2023-08-15 13:21:25.275712,2023-08-15 13:21:30.305299,0 days 00:00:05.029587,0.5446642970316695,0.29128855254410657,4,18,0.06142187006581493,0.2878431075121991,40,152,COMPLETE
613,613,0.8888888888888888,2023-08-15 13:21:30.305804,2023-08-15 13:21:36.160686,0 days 00:00:05.854882,0.5815954731327486,0.32249105002145056,4,19,0.06665248233349418,0.29290977305941035,60,152,COMPLETE
614,614,0.8666666666666667,2023-08-15 13:21:36.161698,2023-08-15 13:21:40.876375,0 days 00:00:04.714677,0.566655556590894,0.32810449813750775,4,19,0.0635097953342773,0.29818437428417205,40,155,COMPLETE
615,615,0.8888888888888888,2023-08-15 13:21:40.876891,2023-08-15 13:21:49.682269,0 days 00:00:08.805378,0.644100760535089,0.27663813555760874,4,18,0.043204249625645695,0.28415074981819644,50,153,COMPLETE
616,616,0.9333333333333333,2023-08-15 13:21:49.682789,2023-08-15 13:21:56.425472,0 days 00:00:06.742683,0.5379224978487223,0.375319654367109,4,19,0.059651005668964356,0.2887039027741611,40,173,COMPLETE
617,617,0.8666666666666667,2023-08-15 13:21:56.425999,2023-08-15 13:21:59.188716,0 days 00:00:02.762717,0.6104184018282461,0.2784405502217744,4,19,0.06824451723870442,0.15728648268026782,40,154,COMPLETE
618,618,0.8444444444444444,2023-08-15 13:21:59.189214,2023-08-15 13:22:06.373358,0 days 00:00:07.184144,0.38257529635421444,0.41643308342382257,4,17,0.06385494468625877,0.2940272295708422,50,153,COMPLETE
619,619,0.9111111111111111,2023-08-15 13:22:06.373877,2023-08-15 13:22:14.459963,0 days 00:00:08.086086,0.1319748824046666,0.21628260055273318,4,18,0.030134572482296704,0.2780227371383852,40,165,COMPLETE
620,620,0.8888888888888888,2023-08-15 13:22:14.460478,2023-08-15 13:22:19.022962,0 days 00:00:04.562484,0.48996112883734005,0.36054432863274755,4,19,0.05062158284303654,0.22700766205687362,60,154,COMPLETE
621,621,0.8444444444444444,2023-08-15 13:22:19.023473,2023-08-15 13:22:22.653541,0 days 00:00:03.630068,0.10018310581189445,0.25191269294966695,4,19,0.06146918718411147,0.24981706382197785,40,174,COMPLETE
622,622,0.9111111111111111,2023-08-15 13:22:22.654063,2023-08-15 13:22:30.545353,0 days 00:00:07.891290,0.5215480319923065,0.34888694405545134,4,20,0.06273287521515448,0.267698054600629,50,175,COMPLETE
623,623,0.8444444444444444,2023-08-15 13:22:30.545881,2023-08-15 13:22:36.279291,0 days 00:00:05.733410,0.4538744747936761,0.2673552083818886,4,18,0.046709874825690015,0.29945513474175056,40,177,COMPLETE
624,624,0.9111111111111111,2023-08-15 13:22:36.279815,2023-08-15 13:22:43.973639,0 days 00:00:07.693824,0.552714289823353,0.4080607154782444,3,20,0.028739877943245375,0.23620499958361127,40,155,COMPLETE
625,625,0.8888888888888888,2023-08-15 13:22:43.974180,2023-08-15 13:22:54.863705,0 days 00:00:10.889525,0.5054825093317269,0.4825521943416245,4,20,0.054655007079329486,0.2816046650101608,60,163,COMPLETE
626,626,0.9111111111111111,2023-08-15 13:22:54.864235,2023-08-15 13:22:59.402909,0 days 00:00:04.538674,0.5790422023288099,0.21282522755947872,4,19,0.0582501802449201,0.2223861876425584,40,179,COMPLETE
627,627,0.8666666666666667,2023-08-15 13:22:59.403426,2023-08-15 13:23:02.573897,0 days 00:00:03.170471,0.4402702710436704,0.3807971703239225,4,10,0.06276255907936609,0.3051615872160897,50,161,COMPLETE
628,628,0.9777777777777777,2023-08-15 13:23:02.574405,2023-08-15 13:23:13.969636,0 days 00:00:11.395231,0.5910476362251624,0.4477349633709141,4,20,0.03711675370238964,0.29440509837331574,40,175,COMPLETE
629,629,0.9555555555555556,2023-08-15 13:23:13.970186,2023-08-15 13:23:32.403317,0 days 00:00:18.433131,0.3591613384154063,0.798964311401183,4,18,0.025108618089261625,0.2750422610574992,40,172,COMPLETE
630,630,0.8888888888888888,2023-08-15 13:23:32.403861,2023-08-15 13:23:42.980375,0 days 00:00:10.576514,0.4829901466076209,0.28973728695890916,4,20,0.04045896626277864,0.2900747861357264,50,154,COMPLETE
631,631,0.9333333333333333,2023-08-15 13:23:42.980899,2023-08-15 13:24:00.850337,0 days 00:00:17.869438,0.4072845362015246,0.7684495206710618,4,19,0.04493932071894407,0.2859267476512897,60,177,COMPLETE
632,632,0.9111111111111111,2023-08-15 13:24:00.850872,2023-08-15 13:24:04.111583,0 days 00:00:03.260711,0.29923533579513867,0.26048296862856474,4,20,0.06541017294601278,0.2632550587640871,40,153,COMPLETE
633,633,0.8888888888888888,2023-08-15 13:24:04.112088,2023-08-15 13:24:08.800270,0 days 00:00:04.688182,0.3133636659878555,0.4544007910956507,4,20,0.051606220125411426,0.30173317474247047,40,150,COMPLETE
634,634,0.9111111111111111,2023-08-15 13:24:08.800787,2023-08-15 13:24:26.664733,0 days 00:00:17.863946,0.4204756930253443,0.6896459074474475,5,19,0.027835293059731085,0.21363465956153055,50,152,COMPLETE
635,635,0.9111111111111111,2023-08-15 13:24:26.665546,2023-08-15 13:24:38.286287,0 days 00:00:11.620741,0.562576411968272,0.39841408189836325,4,17,0.02503724991753078,0.3095262830281958,40,173,COMPLETE
636,636,0.9333333333333333,2023-08-15 13:24:38.286803,2023-08-15 13:24:58.313411,0 days 00:00:20.026608,0.39293660755370524,0.6999052428186467,4,20,0.03046558218850663,0.25532958155433283,60,178,COMPLETE
637,637,0.9111111111111111,2023-08-15 13:24:58.313952,2023-08-15 13:25:02.608431,0 days 00:00:04.294479,0.5327299109458129,0.3437147216581188,4,20,0.09767823842140584,0.2715128272840427,40,166,COMPLETE
638,638,0.9111111111111111,2023-08-15 13:25:02.608952,2023-08-15 13:25:11.486294,0 days 00:00:08.877342,0.14695824251717104,0.7164108020690602,4,18,0.04183279821657761,0.15044337697103907,50,159,COMPLETE
639,639,0.9333333333333333,2023-08-15 13:25:11.486807,2023-08-15 13:25:25.673312,0 days 00:00:14.186505,0.4614584175860345,0.676171970081977,4,19,0.047728213572699976,0.2446140603153599,40,176,COMPLETE
640,640,0.9111111111111111,2023-08-15 13:25:25.673844,2023-08-15 13:25:34.480670,0 days 00:00:08.806826,0.3488470622231285,0.24608054845372176,4,20,0.049392979783900365,0.29596790059743133,40,174,COMPLETE
641,641,0.8666666666666667,2023-08-15 13:25:34.481217,2023-08-15 13:25:44.630940,0 days 00:00:10.149723,0.37620621075279714,0.20355823401127277,4,20,0.02621714606734538,0.1953629698998002,60,162,COMPLETE
642,642,0.8888888888888888,2023-08-15 13:25:44.631466,2023-08-15 13:25:59.027794,0 days 00:00:14.396328,0.2842583975554347,0.43099492828230923,4,19,0.028245766618591,0.29117962112804624,50,172,COMPLETE
