,number,value,datetime_start,datetime_complete,duration,params_cross_ind_prob,params_cross_prob,params_cv,params_max_features,params_muta_ind_prob,params_muta_prob,params_n_gens,params_n_population,state
643,643,0.8666666666666667,2023-08-15 13:25:59.028307,2023-08-15 13:26:04.309338,0 days 00:00:05.281031,0.5446417465706834,0.6420136704393598,4,7,0.06046661184790454,0.25976251779916026,40,180,COMPLETE
644,644,0.8444444444444444,2023-08-15 13:26:04.309866,2023-08-15 13:26:08.141953,0 days 00:00:03.832087,0.4319566580862581,0.41499943662488203,4,20,0.08709208739693844,0.3058516645782794,40,174,COMPLETE
645,645,0.8666666666666667,2023-08-15 13:26:08.142469,2023-08-15 13:26:13.506065,0 days 00:00:05.363596,0.21244157180950332,0.3365053787870209,4,18,0.02928375284213992,0.2797933350826731,40,171,COMPLETE
646,646,0.8666666666666667,2023-08-15 13:26:13.506596,2023-08-15 13:26:25.031856,0 days 00:00:11.525260,0.5111496790741028,0.36210905630911067,4,20,0.0263984326536991,0.2669682804179704,50,158,COMPLETE
647,647,0.9555555555555556,2023-08-15 13:26:25.032381,2023-08-15 13:26:49.138908,0 days 00:00:24.106527,0.4755715420515616,0.7550735802293136,4,20,0.027579940397050466,0.3123577662942422,60,160,COMPLETE
648,648,0.9555555555555556,2023-08-15 13:26:49.139499,2023-08-15 13:26:56.237596,0 days 00:00:07.098097,0.6106086611830509,0.24138207311809542,4,19,0.031145144553854087,0.23113787026258314,40,156,COMPLETE
649,649,0.9333333333333333,2023-08-15 13:26:56.238118,2023-08-15 13:27:07.966920,0 days 00:00:11.728802,0.13281053100573664,0.654758464357642,4,20,0.053104161252779614,0.2871471815030056,40,178,COMPLETE
650,650,0.8666666666666667,2023-08-15 13:27:07.967439,2023-08-15 13:27:12.635271,0 days 00:00:04.667832,0.2630783068384822,0.4653383655814829,4,20,0.09504033050650074,0.18187557007281013,50,157,COMPLETE
651,651,0.8666666666666667,2023-08-15 13:27:12.635796,2023-08-15 13:27:17.534584,0 days 00:00:04.898788,0.32094711111975827,0.23771246931238166,4,18,0.07303177360102875,0.2970665852252504,40,168,COMPLETE
652,652,0.9333333333333333,2023-08-15 13:27:17.535142,2023-08-15 13:27:32.451305,0 days 00:00:14.916163,0.11589602795218568,0.3131350966745835,4,20,0.026082585300183606,0.3160559268929618,60,175,COMPLETE
653,653,0.9333333333333333,2023-08-15 13:27:32.451827,2023-08-15 13:27:38.172991,0 days 00:00:05.721164,0.23237700001039366,0.22400343171692264,4,19,0.039497165530958805,0.24909592792435814,40,176,COMPLETE
654,654,0.8,2023-08-15 13:27:38.173498,2023-08-15 13:27:47.147888,0 days 00:00:08.974390,0.5739577456561319,0.42022168794902515,4,20,0.07145786799595098,0.30096820629790716,50,159,COMPLETE
655,655,0.9333333333333333,2023-08-15 13:27:47.148439,2023-08-15 13:27:55.245581,0 days 00:00:08.097142,0.44864855070223875,0.7253526728560913,3,20,0.06620293745503156,0.24224994218318366,40,161,COMPLETE
656,656,0.8444444444444444,2023-08-15 13:27:55.246115,2023-08-15 13:28:01.794617,0 days 00:00:06.548502,0.5932035870422696,0.505238658736008,4,17,0.06762072094966208,0.2932030938182323,40,155,COMPLETE
657,657,0.9555555555555556,2023-08-15 13:28:01.795141,2023-08-15 13:28:06.556721,0 days 00:00:04.761580,0.40383641197083336,0.2601732363920373,4,14,0.025037943403042048,0.165798607110144,60,171,COMPLETE
658,658,0.9777777777777777,2023-08-15 13:28:06.557265,2023-08-15 13:28:11.695101,0 days 00:00:05.137836,0.19649155933823134,0.23063515173420351,4,13,0.02866169416740949,0.28390485751348854,50,173,COMPLETE
659,659,0.8666666666666667,2023-08-15 13:28:11.695624,2023-08-15 13:28:17.905080,0 days 00:00:06.209456,0.5548428998967838,0.2924784515683628,4,19,0.06535738826001401,0.30790567282202,40,163,COMPLETE
660,660,0.9111111111111111,2023-08-15 13:28:17.905613,2023-08-15 13:28:31.957737,0 days 00:00:14.052124,0.6826165878730185,0.7746852220773983,4,20,0.06278417900650891,0.3348834394975957,40,179,COMPLETE
661,661,0.9111111111111111,2023-08-15 13:28:31.958274,2023-08-15 13:28:43.913572,0 days 00:00:11.955298,0.29305622541242965,0.5389073982992395,4,20,0.03807516066762061,0.27474156602545735,40,177,COMPLETE
662,662,0.9333333333333333,2023-08-15 13:28:43.914126,2023-08-15 13:28:50.918448,0 days 00:00:07.004322,0.41532170581828326,0.5240871398056943,4,19,0.07754765141777267,0.2618076766764147,50,174,COMPLETE
663,663,1.0,2023-08-15 13:28:50.919018,2023-08-15 13:28:58.285689,0 days 00:00:07.366671,0.2746386084726906,0.4867103113790875,4,18,0.04367513844927151,0.2701667146703877,60,154,COMPLETE
664,664,0.8888888888888888,2023-08-15 13:28:58.286234,2023-08-15 13:29:10.573344,0 days 00:00:12.287110,0.2840446238891168,0.3619711335567331,4,18,0.04222551674413184,0.2643050491757598,60,153,COMPLETE
665,665,1.0,2023-08-15 13:29:10.573939,2023-08-15 13:29:17.956420,0 days 00:00:07.382481,0.4983600703109175,0.46455421539058467,4,18,0.04411143954320823,0.2691814103189028,60,152,COMPLETE
666,666,0.8888888888888888,2023-08-15 13:29:17.956968,2023-08-15 13:29:29.191001,0 days 00:00:11.234033,0.5174131069152241,0.52104314311004,4,18,0.04524718066246938,0.26901181813152536,60,151,COMPLETE
667,667,0.9333333333333333,2023-08-15 13:29:29.191573,2023-08-15 13:29:40.188168,0 days 00:00:10.996595,0.4877316676280232,0.48341714534166474,4,18,0.043868410254868206,0.2706083739403752,60,152,COMPLETE
668,668,0.9111111111111111,2023-08-15 13:29:40.188699,2023-08-15 13:29:49.509181,0 days 00:00:09.320482,0.4673498939736096,0.4930318572720532,3,18,0.04706700814237708,0.2730639875499944,60,150,COMPLETE
669,669,0.9333333333333333,2023-08-15 13:29:49.509729,2023-08-15 13:30:00.958348,0 days 00:00:11.448619,0.500046632749139,0.49165334404571337,4,17,0.04396375424515694,0.26641641490503865,60,151,COMPLETE
670,670,0.9777777777777777,2023-08-15 13:30:00.958895,2023-08-15 13:30:12.859375,0 days 00:00:11.900480,0.4975259046783526,0.46718538650393193,4,18,0.042022933743393096,0.2756581950173968,60,152,COMPLETE
671,671,0.9555555555555556,2023-08-15 13:30:12.859921,2023-08-15 13:30:23.389489,0 days 00:00:10.529568,0.5209696106380242,0.4293339297200107,4,18,0.0456513796110982,0.26923602908715655,60,154,COMPLETE
672,672,0.9777777777777777,2023-08-15 13:30:23.390063,2023-08-15 13:30:33.156123,0 days 00:00:09.766060,0.5464729704801307,0.4811632865974608,4,18,0.04872658174960065,0.25830662749238903,60,152,COMPLETE
673,673,0.9111111111111111,2023-08-15 13:30:33.156658,2023-08-15 13:30:38.502441,0 days 00:00:05.345783,0.47990200910611014,0.46277465273110685,4,17,0.09271308007785413,0.26370770194541937,60,153,COMPLETE
674,674,0.9111111111111111,2023-08-15 13:30:38.502979,2023-08-15 13:30:53.946359,0 days 00:00:15.443380,0.4383771276259033,0.5015627883169428,5,18,0.04376682416825366,0.2788048256103194,60,154,COMPLETE
675,675,0.9555555555555556,2023-08-15 13:30:53.946910,2023-08-15 13:31:05.258230,0 days 00:00:11.311320,0.5353023777477495,0.4420107873624931,4,18,0.04116058860603148,0.2679679409500292,60,152,COMPLETE
676,676,0.9333333333333333,2023-08-15 13:31:05.258785,2023-08-15 13:31:13.194173,0 days 00:00:07.935388,0.45982779112483313,0.42688267090104415,4,18,0.04751988700257455,0.27428154691425016,60,153,COMPLETE
677,677,0.9111111111111111,2023-08-15 13:31:13.194702,2023-08-15 13:31:24.465124,0 days 00:00:11.270422,0.5641647598413831,0.5091213776110819,4,17,0.036129627657772084,0.25773148848879257,60,150,COMPLETE
678,678,0.9333333333333333,2023-08-15 13:31:24.465650,2023-08-15 13:31:35.547669,0 days 00:00:11.082019,0.5083832736467603,0.5560366665432477,4,18,0.04620358908376663,0.2713074254249454,60,153,COMPLETE
679,679,0.8888888888888888,2023-08-15 13:31:35.548215,2023-08-15 13:31:46.244034,0 days 00:00:10.695819,0.4262150195420595,0.47934194418522946,4,18,0.05106415323544774,0.2637250148794479,60,151,COMPLETE
680,680,0.9777777777777777,2023-08-15 13:31:46.244551,2023-08-15 13:31:54.881701,0 days 00:00:08.637150,0.3842989029782987,0.38122909518521564,4,17,0.04028017786412298,0.28041408998641115,60,149,COMPLETE
681,681,0.9333333333333333,2023-08-15 13:31:54.882308,2023-08-15 13:32:04.447799,0 days 00:00:09.565491,0.6553056027328039,0.4487461628283554,4,18,0.042930026483297565,0.2544276634189046,60,154,COMPLETE
682,682,0.8666666666666667,2023-08-15 13:32:04.448365,2023-08-15 13:32:13.295142,0 days 00:00:08.846777,0.13623508858752578,0.3694442063501984,4,18,0.050580026924038894,0.2523536617857302,60,151,COMPLETE
683,683,0.9111111111111111,2023-08-15 13:32:13.295673,2023-08-15 13:32:26.477119,0 days 00:00:13.181446,0.7740331560796343,0.547289895948575,4,18,0.044968326662720326,0.22572485187400093,60,172,COMPLETE
684,684,0.8888888888888888,2023-08-15 13:32:26.477653,2023-08-15 13:32:29.449269,0 days 00:00:02.971616,0.5980210808357643,0.388666613448279,4,6,0.03911251950918656,0.2711282763817472,60,176,COMPLETE
685,685,0.9555555555555556,2023-08-15 13:32:29.449791,2023-08-15 13:32:35.626525,0 days 00:00:06.176734,0.47489645436832684,0.3459759483442558,4,17,0.0464597936249984,0.21774692452064537,60,153,COMPLETE
686,686,0.9555555555555556,2023-08-15 13:32:35.627088,2023-08-15 13:32:49.744205,0 days 00:00:14.117117,0.5776623394075735,0.4725500654193173,4,18,0.0425894957963588,0.2662807125731775,60,155,COMPLETE
687,687,0.9777777777777777,2023-08-15 13:32:49.744753,2023-08-15 13:32:56.964121,0 days 00:00:07.219368,0.3386549665632934,0.25139374228434924,4,19,0.035022968636993904,0.23858754505050722,60,173,COMPLETE
688,688,0.8888888888888888,2023-08-15 13:32:56.964659,2023-08-15 13:33:02.929174,0 days 00:00:05.964515,0.16137953619259698,0.23016323227935698,4,18,0.03850447401658884,0.23398832158522037,40,175,COMPLETE
689,689,0.9777777777777777,2023-08-15 13:33:02.929745,2023-08-15 13:33:10.199636,0 days 00:00:07.269891,0.10001746994180269,0.38678383621440005,4,19,0.04889164281358465,0.2074941940055096,40,177,COMPLETE
690,690,0.9333333333333333,2023-08-15 13:33:10.200158,2023-08-15 13:33:19.168183,0 days 00:00:08.968025,0.534466330886432,0.66243891833877,4,18,0.05725205260238636,0.1577839853536165,40,170,COMPLETE
691,691,0.9777777777777777,2023-08-15 13:33:19.168700,2023-08-15 13:33:35.492130,0 days 00:00:16.323430,0.4543488884116259,0.6308377586393858,4,19,0.04131122467806217,0.2763026756645659,60,165,COMPLETE
692,692,0.9777777777777777,2023-08-15 13:33:35.492663,2023-08-15 13:33:46.594165,0 days 00:00:11.101502,0.3573543807814973,0.736836201963354,4,17,0.048139163534582356,0.26088379392455535,40,180,COMPLETE
693,693,0.9333333333333333,2023-08-15 13:33:46.594700,2023-08-15 13:33:53.757720,0 days 00:00:07.163020,0.3094524114082153,0.5333569778867501,4,18,0.05613143470290592,0.282958604529183,40,154,COMPLETE
694,694,0.9555555555555556,2023-08-15 13:33:53.758282,2023-08-15 13:34:05.653461,0 days 00:00:11.895179,0.5251796790856499,0.4058766668581646,4,15,0.035949884237450214,0.3180266516810552,60,171,COMPLETE
695,695,0.9555555555555556,2023-08-15 13:34:05.654024,2023-08-15 13:34:12.003389,0 days 00:00:06.349365,0.6283567554772327,0.5131480537751671,3,19,0.07356332340144486,0.3280409106509682,40,174,COMPLETE
696,696,0.9777777777777777,2023-08-15 13:34:12.003941,2023-08-15 13:34:20.522999,0 days 00:00:08.519058,0.12226893625398076,0.5607879746654106,4,18,0.04426155801885109,0.2866097108722984,40,168,COMPLETE
697,697,0.9777777777777777,2023-08-15 13:34:20.523532,2023-08-15 13:34:37.512113,0 days 00:00:16.988581,0.49419117264432727,0.7866592926359288,4,17,0.03024263725975,0.20303219750225088,60,178,COMPLETE
698,698,0.9555555555555556,2023-08-15 13:34:37.512680,2023-08-15 13:34:46.643733,0 days 00:00:09.131053,0.558135437991377,0.6750107747749128,4,19,0.058641638635726245,0.24654388596327248,40,123,COMPLETE
699,699,0.9333333333333333,2023-08-15 13:34:46.644267,2023-08-15 13:34:55.151736,0 days 00:00:08.507469,0.4019656597276307,0.5021107260857172,4,19,0.0529812922962277,0.2735742418632082,40,152,COMPLETE
700,700,0.8478260869565217,2023-08-15 13:34:55.152281,2023-08-15 13:35:04.106989,0 days 00:00:08.954708,0.4440978009249822,0.40526171586001686,4,18,0.05475074537192293,0.319739772973692,40,176,COMPLETE
701,701,0.8913043478260869,2023-08-15 13:35:04.107515,2023-08-15 13:35:08.430198,0 days 00:00:04.322683,0.4218474558419665,0.34933784186733985,4,12,0.06819770103848394,0.27890053889126304,60,173,COMPLETE
702,702,0.8695652173913043,2023-08-15 13:35:08.430734,2023-08-15 13:35:17.206212,0 days 00:00:08.775478,0.14328860468190882,0.45115053991223153,4,19,0.03222550230170851,0.2656323128643979,40,164,COMPLETE
703,703,0.9130434782608695,2023-08-15 13:35:17.206744,2023-08-15 13:35:31.818133,0 days 00:00:14.611389,0.32433115053046,0.7014155349729434,4,19,0.036698671771193896,0.29025696158165065,40,154,COMPLETE
704,704,0.8913043478260869,2023-08-15 13:35:31.818675,2023-08-15 13:35:36.060258,0 days 00:00:04.241583,0.30226323226655677,0.21090791191125452,4,16,0.033304933561099856,0.26954792905840347,60,175,COMPLETE
705,705,0.9347826086956522,2023-08-15 13:35:36.060800,2023-08-15 13:35:46.334214,0 days 00:00:10.273414,0.5108453543782234,0.41613732648338936,4,20,0.029381951155825693,0.22975733110230637,40,172,COMPLETE
706,706,0.8260869565217391,2023-08-15 13:35:46.334756,2023-08-15 13:35:49.569298,0 days 00:00:03.234542,0.3944345039229921,0.36524724747480103,4,11,0.06419437900809725,0.24200968391238625,40,179,COMPLETE
707,707,0.8478260869565217,2023-08-15 13:35:49.569865,2023-08-15 13:36:01.146557,0 days 00:00:11.576692,0.5454681381844331,0.401597375377388,4,18,0.04318005085508068,0.2135272785113111,60,177,COMPLETE
708,708,0.782608695652174,2023-08-15 13:36:01.147090,2023-08-15 13:36:06.003425,0 days 00:00:04.856335,0.6223362500133676,0.23087525376301551,4,20,0.0752276573229737,0.25911550255232624,40,152,COMPLETE
709,709,0.8695652173913043,2023-08-15 13:36:06.004005,2023-08-15 13:36:18.457867,0 days 00:00:12.453862,0.5742909903652869,0.7472754108164207,4,18,0.045384784261944686,0.1915240512223732,40,174,COMPLETE
710,710,0.9130434782608695,2023-08-15 13:36:18.458403,2023-08-15 13:36:26.455980,0 days 00:00:07.997577,0.17721331012509073,0.6489384000084736,4,20,0.040339658223937494,0.2362781608467178,40,155,COMPLETE
711,711,0.9130434782608695,2023-08-15 13:36:26.456545,2023-08-15 13:36:42.982477,0 days 00:00:16.525932,0.281463880123325,0.7999790071555741,5,19,0.07003966224139797,0.17214625455407706,60,176,COMPLETE
712,712,0.9782608695652174,2023-08-15 13:36:42.983019,2023-08-15 13:36:54.794860,0 days 00:00:11.811841,0.46523295072345455,0.5462154692994925,4,17,0.025022225364251992,0.34935244892251005,40,169,COMPLETE
713,713,0.8260869565217391,2023-08-15 13:36:54.795427,2023-08-15 13:36:58.131143,0 days 00:00:03.335716,0.19715792003601065,0.47589501045682636,3,13,0.051837363111682966,0.34293285310974964,40,149,COMPLETE
714,714,0.8695652173913043,2023-08-15 13:36:58.131684,2023-08-15 13:37:03.027765,0 days 00:00:04.896081,0.43812103363865085,0.5677595811992332,4,8,0.07146358999750062,0.18475931261649098,60,171,COMPLETE
715,715,0.9565217391304348,2023-08-15 13:37:03.028313,2023-08-15 13:37:12.721367,0 days 00:00:09.693054,0.37825583809171737,0.3313519456889723,4,20,0.028386516314136218,0.3137090015945175,40,167,COMPLETE
716,716,0.8260869565217391,2023-08-15 13:37:12.721921,2023-08-15 13:37:19.165547,0 days 00:00:06.443626,0.48542889204179057,0.5205958438232619,4,15,0.06970095987366962,0.28339236549009006,40,179,COMPLETE
717,717,0.8695652173913043,2023-08-15 13:37:19.166095,2023-08-15 13:37:26.250800,0 days 00:00:07.084705,0.1551388170723662,0.6887898936965655,4,19,0.0910014989893044,0.26248797137021856,60,174,COMPLETE
718,718,0.8478260869565217,2023-08-15 13:37:26.251334,2023-08-15 13:37:36.418197,0 days 00:00:10.166863,0.11331567610614456,0.7621289708177091,4,14,0.030830198364995363,0.32122579743304996,40,178,COMPLETE
719,719,0.9130434782608695,2023-08-15 13:37:36.418738,2023-08-15 13:37:50.136968,0 days 00:00:13.718230,0.408618426880707,0.5291041651645231,4,20,0.027532153019995127,0.33834185909783765,40,162,COMPLETE
720,720,0.8478260869565217,2023-08-15 13:37:50.137503,2023-08-15 13:37:56.669531,0 days 00:00:06.532028,0.5914742829584692,0.49269190429130344,4,20,0.06235294076408896,0.25584264970057163,60,127,COMPLETE
721,721,0.8695652173913043,2023-08-15 13:37:56.670074,2023-08-15 13:38:06.329832,0 days 00:00:09.659758,0.5261661422573509,0.7148286195820317,4,20,0.04992255068652261,0.15969316925163946,40,153,COMPLETE
722,722,0.9347826086956522,2023-08-15 13:38:06.330366,2023-08-15 13:38:16.685634,0 days 00:00:10.355268,0.5488309963986157,0.5497110323931567,4,19,0.03448020891796928,0.2502468367199117,40,175,COMPLETE
723,723,0.9565217391304348,2023-08-15 13:38:16.686204,2023-08-15 13:38:20.612811,0 days 00:00:03.926607,0.6062134006456336,0.3535566591823534,4,18,0.046867963187714086,0.28853959021049397,40,172,COMPLETE
724,724,0.8478260869565217,2023-08-15 13:38:20.613338,2023-08-15 13:38:31.284627,0 days 00:00:10.671289,0.27373488231217974,0.6250177124640817,4,20,0.060153793568088886,0.28098456767789487,60,166,COMPLETE
725,725,0.9565217391304348,2023-08-15 13:38:31.285178,2023-08-15 13:38:39.973818,0 days 00:00:08.688640,0.29679514652474304,0.4190173974068673,4,19,0.03828189441542481,0.27348050258886014,40,155,COMPLETE
726,726,0.9782608695652174,2023-08-15 13:38:39.974368,2023-08-15 13:38:56.217166,0 days 00:00:16.242798,0.7655832394957446,0.6401059525792725,4,20,0.02711571877494663,0.33260037155459166,40,173,COMPLETE
727,727,0.8913043478260869,2023-08-15 13:38:56.217718,2023-08-15 13:39:12.035731,0 days 00:00:15.818013,0.5660209473510146,0.5378676082935299,4,18,0.029830461325452792,0.31378526350807195,60,177,COMPLETE
728,728,0.8478260869565217,2023-08-15 13:39:12.036267,2023-08-15 13:39:23.406232,0 days 00:00:11.369965,0.20949248885766208,0.45866930688394814,4,20,0.02791499630322211,0.29892509559493513,40,151,COMPLETE
729,729,0.9347826086956522,2023-08-15 13:39:23.406789,2023-08-15 13:39:38.484448,0 days 00:00:15.077659,0.6671161423662166,0.6645844599737668,4,17,0.025070081117001798,0.2675618723093432,40,175,COMPLETE
730,730,0.8260869565217391,2023-08-15 13:39:38.485270,2023-08-15 13:39:48.927493,0 days 00:00:10.442223,0.4163619490206083,0.37799655013195804,4,20,0.055524038908910084,0.22488678863539646,60,171,COMPLETE
731,731,0.8043478260869565,2023-08-15 13:39:48.928045,2023-08-15 13:39:56.515532,0 days 00:00:07.587487,0.3676071271781424,0.2460952799801311,4,19,0.04449859835429182,0.24607375315676142,40,147,COMPLETE
732,732,0.782608695652174,2023-08-15 13:39:56.516071,2023-08-15 13:39:59.333209,0 days 00:00:02.817138,0.4527148329776209,0.4450752305429211,4,9,0.09451934383420764,0.28609358971692406,40,155,COMPLETE
733,733,0.9347826086956522,2023-08-15 13:39:59.333790,2023-08-15 13:40:18.436171,0 days 00:00:19.102381,0.3427382251504873,0.565167476693156,4,20,0.031916577698339464,0.27778133143231953,60,170,COMPLETE
734,734,0.8260869565217391,2023-08-15 13:40:18.436711,2023-08-15 13:40:26.396534,0 days 00:00:07.959823,0.1312532455853844,0.7318105441682817,4,18,0.026761236328755073,0.29219732744590293,40,125,COMPLETE
735,735,0.8260869565217391,2023-08-15 13:40:26.397079,2023-08-15 13:40:36.029130,0 days 00:00:09.632051,0.5115558134314029,0.5833958589333683,4,20,0.0481541616546054,0.2222062489951769,40,154,COMPLETE
736,736,0.9130434782608695,2023-08-15 13:40:36.029672,2023-08-15 13:40:51.190421,0 days 00:00:15.160749,0.698823747037823,0.779037596901482,4,19,0.06607661170842204,0.3249873974611591,40,180,COMPLETE
737,737,0.8913043478260869,2023-08-15 13:40:51.190969,2023-08-15 13:40:59.273693,0 days 00:00:08.082724,0.1862381997290955,0.388188011060152,4,20,0.053874901973515854,0.23976671431552066,60,176,COMPLETE
738,738,0.9347826086956522,2023-08-15 13:40:59.274274,2023-08-15 13:41:10.030861,0 days 00:00:10.756587,0.2237825100008232,0.5127382677674479,3,19,0.02918531377224437,0.31728533529344344,40,173,COMPLETE
739,739,0.8913043478260869,2023-08-15 13:41:10.031440,2023-08-15 13:41:23.138208,0 days 00:00:13.106768,0.16700274119823202,0.5592154537003755,4,20,0.03971676129262626,0.30278134095788123,40,178,COMPLETE
740,740,0.9565217391304348,2023-08-15 13:41:23.138757,2023-08-15 13:41:40.291797,0 days 00:00:17.153040,0.6427048923372111,0.6850422118473013,4,20,0.04181860601187545,0.2703913041929199,60,175,COMPLETE
741,741,0.9130434782608695,2023-08-15 13:41:40.292352,2023-08-15 13:41:49.561052,0 days 00:00:09.268700,0.49545432014630014,0.6186030834349749,4,18,0.07636221477533331,0.15375311359818294,40,161,COMPLETE
742,742,0.8478260869565217,2023-08-15 13:41:49.561644,2023-08-15 13:41:59.269806,0 days 00:00:09.708162,0.4767184089776748,0.43401684594975615,4,19,0.02627980247163784,0.2321034452260551,40,163,COMPLETE
743,743,0.8913043478260869,2023-08-15 13:41:59.270389,2023-08-15 13:42:08.389935,0 days 00:00:09.119546,0.3895961011768108,0.5760278694480001,4,20,0.08162692231494631,0.31060219113578114,60,172,COMPLETE
744,744,0.9565217391304348,2023-08-15 13:42:08.390506,2023-08-15 13:42:25.494058,0 days 00:00:17.103552,0.5378512323374516,0.7015752373324992,5,20,0.030825134338586076,0.26145128687236036,40,153,COMPLETE
745,745,0.9130434782608695,2023-08-15 13:42:25.494632,2023-08-15 13:42:37.598751,0 days 00:00:12.104119,0.7587780366776774,0.5410503463558427,4,19,0.0279051855534784,0.29547827715942965,40,156,COMPLETE
746,746,0.9782608695652174,2023-08-15 13:42:37.599322,2023-08-15 13:42:47.929957,0 days 00:00:10.330635,0.4330264924708021,0.6712815052341469,4,16,0.04966679846953636,0.25119500597864497,60,177,COMPLETE
747,747,0.8478260869565217,2023-08-15 13:42:47.930503,2023-08-15 13:42:52.197686,0 days 00:00:04.267183,0.14734467685157748,0.4847004303009667,4,18,0.09587697913230493,0.27643820547913667,40,174,COMPLETE
748,748,0.8695652173913043,2023-08-15 13:42:52.198254,2023-08-15 13:43:01.397675,0 days 00:00:09.199421,0.6192846217666206,0.7572400932040452,4,10,0.03573644426053003,0.29072887668455527,40,170,COMPLETE
749,749,0.8695652173913043,2023-08-15 13:43:01.398232,2023-08-15 13:43:08.251877,0 days 00:00:06.853645,0.11211190351725964,0.5264045247258279,4,17,0.056654593281556316,0.26664034099856865,60,151,COMPLETE
