,number,value,datetime_start,datetime_complete,duration,params_cross_ind_prob,params_cross_prob,params_cv,params_max_features,params_muta_ind_prob,params_muta_prob,params_n_gens,params_n_population,state
1178,1178,0.8222222222222222,2023-08-15 14:54:46.236753,2023-08-15 14:54:52.729279,0 days 00:00:06.492526,0.1539428374593044,0.7995861353883658,4,20,0.0814007092435858,0.160580965851845,50,150,COMPLETE
1179,1179,0.8888888888888888,2023-08-15 14:54:52.729919,2023-08-15 14:54:55.013125,0 days 00:00:02.283206,0.18557893551370894,0.21719855905423413,3,19,0.03712932474990762,0.21191059850370658,40,179,COMPLETE
1180,1180,0.9333333333333333,2023-08-15 14:54:55.013752,2023-08-15 14:55:10.123806,0 days 00:00:15.110054,0.4916679180448397,0.6111845816857079,4,20,0.04246400050117432,0.2993850867169354,60,155,COMPLETE
1181,1181,0.8888888888888888,2023-08-15 14:55:10.124447,2023-08-15 14:55:18.329714,0 days 00:00:08.205267,0.5615682330133293,0.5627551490152135,5,18,0.04735806168678115,0.246489056349382,40,161,COMPLETE
1182,1182,0.8666666666666667,2023-08-15 14:55:18.330371,2023-08-15 14:55:30.204985,0 days 00:00:11.874614,0.34565519784369303,0.6430002265791186,4,20,0.04081614116212451,0.29259543579167346,60,163,COMPLETE
1183,1183,0.9111111111111111,2023-08-15 14:55:30.205655,2023-08-15 14:55:33.679395,0 days 00:00:03.473740,0.5095631705405822,0.4329177256781364,4,19,0.05722016296158361,0.2766228388969593,40,167,COMPLETE
1184,1184,0.9555555555555556,2023-08-15 14:55:33.680035,2023-08-15 14:55:45.211101,0 days 00:00:11.531066,0.524257357366247,0.5852883332558121,4,20,0.028269983828159616,0.2671641264019847,40,153,COMPLETE
1185,1185,0.8666666666666667,2023-08-15 14:55:45.211725,2023-08-15 14:55:52.907895,0 days 00:00:07.696170,0.11130269450763193,0.33501952111073624,4,20,0.050596825242986934,0.2162014295344884,60,174,COMPLETE
1186,1186,0.9555555555555556,2023-08-15 14:55:52.908545,2023-08-15 14:56:12.012742,0 days 00:00:19.104197,0.41018883641346077,0.750188407666653,5,19,0.030688201839451368,0.23207195514504333,40,175,COMPLETE
1187,1187,0.9333333333333333,2023-08-15 14:56:12.013407,2023-08-15 14:56:27.374670,0 days 00:00:15.361263,0.2391858159214392,0.7257571182052817,4,20,0.03343396736855262,0.2874030376893253,50,177,COMPLETE
1188,1188,0.6666666666666666,2023-08-15 14:56:27.375331,2023-08-15 14:56:30.608194,0 days 00:00:03.232863,0.1295163146415169,0.29270718961856723,4,20,0.09799648196843228,0.21958666267106938,40,160,COMPLETE
1189,1189,0.8666666666666667,2023-08-15 14:56:30.608853,2023-08-15 14:56:34.142295,0 days 00:00:03.533442,0.4318716101268364,0.23338018598396082,4,20,0.08917644600213578,0.3206397930994609,60,172,COMPLETE
1190,1190,0.8888888888888888,2023-08-15 14:56:34.142952,2023-08-15 14:56:50.348540,0 days 00:00:16.205588,0.19467017658341032,0.6823871620594634,5,19,0.027222227432690788,0.30600680400360064,40,157,COMPLETE
1191,1191,0.8222222222222222,2023-08-15 14:56:50.349211,2023-08-15 14:56:59.103057,0 days 00:00:08.753846,0.4674954219459849,0.4975210968103123,4,18,0.06137279750446088,0.2732482481373702,40,176,COMPLETE
1192,1192,0.8666666666666667,2023-08-15 14:56:59.103712,2023-08-15 14:57:09.512381,0 days 00:00:10.408669,0.5377342734507287,0.6663818720897026,4,20,0.09121555051373569,0.2376602723373294,60,164,COMPLETE
1193,1193,0.8666666666666667,2023-08-15 14:57:09.513027,2023-08-15 14:57:18.772456,0 days 00:00:09.259429,0.22290592769156004,0.7080855040059615,4,15,0.08588841484977622,0.1508087611445708,40,169,COMPLETE
1194,1194,0.9555555555555556,2023-08-15 14:57:18.773109,2023-08-15 14:57:26.760616,0 days 00:00:07.987507,0.29690941078757366,0.47725669800812115,5,19,0.03491923689806093,0.29712379370682546,60,165,COMPLETE
1195,1195,0.8888888888888888,2023-08-15 14:57:26.761263,2023-08-15 14:57:34.199962,0 days 00:00:07.438699,0.3935962130430802,0.5456271422244303,4,20,0.055245087023952824,0.2806046459968669,40,151,COMPLETE
1196,1196,0.8666666666666667,2023-08-15 14:57:34.200612,2023-08-15 14:57:48.632436,0 days 00:00:14.431824,0.36707647030653245,0.6220541217829554,4,17,0.029401536275816202,0.2852108918301104,50,158,COMPLETE
1197,1197,0.8444444444444444,2023-08-15 14:57:48.633081,2023-08-15 14:57:52.205725,0 days 00:00:03.572644,0.16273247100451418,0.4048650387706941,4,20,0.059670570446278035,0.1773972665062451,40,152,COMPLETE
1198,1198,0.8888888888888888,2023-08-15 14:57:52.206399,2023-08-15 14:58:01.264775,0 days 00:00:09.058376,0.14035427415617852,0.2706744013049494,4,20,0.03159909766624248,0.20675027034105936,60,154,COMPLETE
1199,1199,0.9333333333333333,2023-08-15 14:58:01.265425,2023-08-15 14:58:21.978089,0 days 00:00:20.712664,0.5522746747577703,0.7887846343716454,5,19,0.03659616032142051,0.22846687067797136,40,173,COMPLETE
1200,1200,0.9565217391304348,2023-08-15 14:58:21.978733,2023-08-15 14:58:36.583046,0 days 00:00:14.604313,0.4545911553383808,0.7627870686881305,4,18,0.04452386593931917,0.31143015577580396,40,162,COMPLETE
1201,1201,0.8260869565217391,2023-08-15 14:58:36.583703,2023-08-15 14:58:52.365405,0 days 00:00:15.781702,0.48395495949077905,0.5203342001416772,4,20,0.026386031522201373,0.26086709077796716,60,178,COMPLETE
1202,1202,0.8913043478260869,2023-08-15 14:58:52.366094,2023-08-15 14:59:00.680055,0 days 00:00:08.313961,0.17464285366646234,0.3563111267057252,4,20,0.03785727739206964,0.30224148929483724,40,156,COMPLETE
1203,1203,0.7391304347826086,2023-08-15 14:59:00.680722,2023-08-15 14:59:03.699442,0 days 00:00:03.018720,0.5757452429292513,0.31689606343239585,5,13,0.03991000304238799,0.29167556226222047,40,175,COMPLETE
1204,1204,0.8695652173913043,2023-08-15 14:59:03.700105,2023-08-15 14:59:19.596014,0 days 00:00:15.895909,0.264473064739436,0.6000716630188127,4,20,0.03364108118284826,0.19454578282122326,60,178,COMPLETE
1205,1205,0.8043478260869565,2023-08-15 14:59:19.596656,2023-08-15 14:59:25.757790,0 days 00:00:06.161134,0.20906564684709938,0.5322625949464166,4,19,0.045926705123502734,0.1877363982931058,50,160,COMPLETE
1206,1206,0.782608695652174,2023-08-15 14:59:25.758448,2023-08-15 14:59:33.654183,0 days 00:00:07.895735,0.3226789216855908,0.574180222115515,4,20,0.06917652374746762,0.25746592045893546,40,149,COMPLETE
1207,1207,0.7608695652173914,2023-08-15 14:59:33.654836,2023-08-15 14:59:41.338554,0 days 00:00:07.683718,0.10091097683208428,0.632135850445824,3,19,0.052543448334091795,0.223669690345223,60,171,COMPLETE
1208,1208,0.9347826086956522,2023-08-15 14:59:41.339237,2023-08-15 14:59:57.769893,0 days 00:00:16.430656,0.5136582254317849,0.6520679071019225,4,20,0.028399528219367608,0.25007211662141227,40,168,COMPLETE
1209,1209,0.9782608695652174,2023-08-15 14:59:57.770621,2023-08-15 15:00:11.168561,0 days 00:00:13.397940,0.6056161935535963,0.6948288326887246,4,20,0.04819813999858592,0.16752051013446004,40,174,COMPLETE
1210,1210,0.9347826086956522,2023-08-15 15:00:11.169266,2023-08-15 15:00:21.229503,0 days 00:00:10.060237,0.12470063562730183,0.3819849631932106,5,18,0.026349290305501018,0.15885922658540508,60,165,COMPLETE
1211,1211,0.8260869565217391,2023-08-15 15:00:21.230178,2023-08-15 15:00:32.705098,0 days 00:00:11.474920,0.2835214809043241,0.557167990907408,4,19,0.029702804252886288,0.19978463973251948,40,176,COMPLETE
1212,1212,0.6521739130434783,2023-08-15 15:00:32.705756,2023-08-15 15:00:40.121387,0 days 00:00:07.415631,0.6359331337913102,0.2022922598943227,4,20,0.06315813496610953,0.24070015944871467,40,170,COMPLETE
1213,1213,0.782608695652174,2023-08-15 15:00:40.122073,2023-08-15 15:00:44.302097,0 days 00:00:04.180024,0.49891970041238043,0.4173993947135593,4,20,0.04357228368733832,0.337424890268622,50,163,COMPLETE
1214,1214,0.8913043478260869,2023-08-15 15:00:44.302744,2023-08-15 15:01:02.663236,0 days 00:00:18.360492,0.5640374525437207,0.7224300720193594,5,17,0.03243291631186059,0.29794771642285994,60,166,COMPLETE
1215,1215,0.8478260869565217,2023-08-15 15:01:02.663877,2023-08-15 15:01:18.299720,0 days 00:00:15.635843,0.5317879317907737,0.7364882726675406,4,20,0.03493780117806408,0.26539038852078856,40,172,COMPLETE
1216,1216,0.8913043478260869,2023-08-15 15:01:18.300381,2023-08-15 15:01:28.302906,0 days 00:00:10.002525,0.7652618693431927,0.7783619445413273,4,18,0.09404604642207198,0.16425290155268218,40,177,COMPLETE
1217,1217,0.717391304347826,2023-08-15 15:01:28.303582,2023-08-15 15:01:33.161953,0 days 00:00:04.858371,0.3814395764134263,0.3063908493083568,4,9,0.038576215043407074,0.2932106574751737,60,173,COMPLETE
1218,1218,0.8913043478260869,2023-08-15 15:01:33.162610,2023-08-15 15:01:46.039804,0 days 00:00:12.877194,0.3429907290308065,0.7045660875794049,5,19,0.07806170478226145,0.3238423877815901,40,155,COMPLETE
1219,1219,0.7608695652173914,2023-08-15 15:01:46.040474,2023-08-15 15:01:53.960074,0 days 00:00:07.919600,0.5908880375134383,0.6818937640932609,4,20,0.08291503640726328,0.18235630821433435,60,174,COMPLETE
1220,1220,0.8913043478260869,2023-08-15 15:01:53.960785,2023-08-15 15:02:04.002532,0 days 00:00:10.041747,0.15705369775773825,0.46912089340554947,4,20,0.03071937455664615,0.2436674450492893,40,159,COMPLETE
1221,1221,0.8913043478260869,2023-08-15 15:02:04.003206,2023-08-15 15:02:10.430318,0 days 00:00:06.427112,0.19037770665704262,0.34554646713241344,4,20,0.05016721862345145,0.30778651044499244,40,179,COMPLETE
1222,1222,0.782608695652174,2023-08-15 15:02:10.430976,2023-08-15 15:02:16.306138,0 days 00:00:05.875162,0.7861296788325239,0.37029024425412577,3,20,0.06485603605881587,0.3157954706314253,50,153,COMPLETE
1223,1223,0.9130434782608695,2023-08-15 15:02:16.306810,2023-08-15 15:02:26.591141,0 days 00:00:10.284331,0.4219139202426403,0.5049514378322757,4,19,0.02761487701130426,0.27101206624050417,60,161,COMPLETE
1224,1224,0.7608695652173914,2023-08-15 15:02:26.591802,2023-08-15 15:02:30.887938,0 days 00:00:04.296136,0.22891925129076585,0.23933948995165383,4,18,0.05798169792835783,0.17252276428260802,40,175,COMPLETE
1225,1225,0.9130434782608695,2023-08-15 15:02:30.888609,2023-08-15 15:02:37.773327,0 days 00:00:06.884718,0.44085763513694404,0.3279467460127264,5,20,0.042351935086593004,0.28475924683037035,40,158,COMPLETE
1226,1226,0.8043478260869565,2023-08-15 15:02:37.773999,2023-08-15 15:02:50.305805,0 days 00:00:12.531806,0.4730276845691805,0.6147995833070105,4,19,0.05300593478386097,0.2805859978498507,60,155,COMPLETE
1227,1227,0.8260869565217391,2023-08-15 15:02:50.306483,2023-08-15 15:03:01.352572,0 days 00:00:11.046089,0.2547026231384869,0.6693775707326924,4,20,0.028736289268818035,0.21360892711142251,40,152,COMPLETE
1228,1228,0.782608695652174,2023-08-15 15:03:01.353226,2023-08-15 15:03:12.150142,0 days 00:00:10.796916,0.36110840763274926,0.43749818918724914,4,20,0.03374385745263497,0.2896260244879733,40,163,COMPLETE
1229,1229,0.9565217391304348,2023-08-15 15:03:12.150799,2023-08-15 15:03:25.483954,0 days 00:00:13.333155,0.5480935655233306,0.6409683176045875,4,19,0.036054578066311356,0.30314494076574877,60,177,COMPLETE
1230,1230,0.9347826086956522,2023-08-15 15:03:25.484632,2023-08-15 15:03:39.868232,0 days 00:00:14.383600,0.3999792867740263,0.5787842592885665,5,20,0.031764054284515564,0.2538884604310749,40,176,COMPLETE
1231,1231,0.717391304347826,2023-08-15 15:03:39.868893,2023-08-15 15:03:47.971456,0 days 00:00:08.102563,0.30413407306736284,0.2855405309188729,4,20,0.060725555727658406,0.23408247971130244,50,173,COMPLETE
1232,1232,0.9130434782608695,2023-08-15 15:03:47.972118,2023-08-15 15:03:54.924821,0 days 00:00:06.952703,0.20489270884788255,0.5889374418588077,4,20,0.0798223785429279,0.32889591862688994,60,154,COMPLETE
1233,1233,0.8478260869565217,2023-08-15 15:03:54.925506,2023-08-15 15:04:09.136365,0 days 00:00:14.210859,0.6808242789849815,0.7585040062767385,4,19,0.040881654810440746,0.1546450128348832,40,172,COMPLETE
1234,1234,0.8043478260869565,2023-08-15 15:04:09.137055,2023-08-15 15:04:21.217283,0 days 00:00:12.080228,0.11166758822085325,0.6566570220695258,5,17,0.02657772784640103,0.2958325243803573,40,156,COMPLETE
1235,1235,0.7608695652173914,2023-08-15 15:04:21.218292,2023-08-15 15:04:29.599369,0 days 00:00:08.381077,0.5166828538663947,0.5379201224835802,4,16,0.0545789678060968,0.20276732256780433,60,167,COMPLETE
1236,1236,0.9347826086956522,2023-08-15 15:04:29.600059,2023-08-15 15:04:40.001614,0 days 00:00:10.401555,0.49914036682243645,0.6009850311446081,4,20,0.046102660135127614,0.24552074182148592,40,171,COMPLETE
1237,1237,0.8260869565217391,2023-08-15 15:04:40.002287,2023-08-15 15:04:48.477644,0 days 00:00:08.475357,0.17764600872672948,0.5534870029467427,4,18,0.02942275730918671,0.278473057240582,40,160,COMPLETE
1238,1238,0.8695652173913043,2023-08-15 15:04:48.478304,2023-08-15 15:04:56.427007,0 days 00:00:07.948703,0.31468375272721205,0.48447902066530263,5,20,0.08404129672829905,0.1768763964604087,60,162,COMPLETE
1239,1239,0.5434782608695652,2023-08-15 15:04:56.427957,2023-08-15 15:04:58.810190,0 days 00:00:02.382233,0.14395078423702828,0.6897427008557289,4,5,0.07081881065658203,0.26816176868678,40,175,COMPLETE
1240,1240,0.8260869565217391,2023-08-15 15:04:58.810866,2023-08-15 15:05:06.032880,0 days 00:00:07.222014,0.24073659676576445,0.4537643278731041,4,19,0.04733452175747082,0.18851387547257695,50,180,COMPLETE
1241,1241,0.7608695652173914,2023-08-15 15:05:06.033544,2023-08-15 15:05:12.825778,0 days 00:00:06.792234,0.5362553115416427,0.7111885031701733,4,20,0.09502963288027003,0.31221309935044017,40,151,COMPLETE
1242,1242,0.717391304347826,2023-08-15 15:05:12.826732,2023-08-15 15:05:28.663807,0 days 00:00:15.837075,0.41260766204469584,0.7449306751743235,4,19,0.05106386779963236,0.23795821705635686,60,178,COMPLETE
1243,1243,0.6956521739130435,2023-08-15 15:05:28.664543,2023-08-15 15:05:38.797081,0 days 00:00:10.132538,0.2714559248398746,0.6213745309684525,4,20,0.056531876816572874,0.3469664535401785,40,157,COMPLETE
1244,1244,0.8478260869565217,2023-08-15 15:05:38.797734,2023-08-15 15:05:47.038092,0 days 00:00:08.240358,0.7392762118914902,0.5139717237761161,5,20,0.06268254872464263,0.31838645398981674,60,153,COMPLETE
1245,1245,0.9130434782608695,2023-08-15 15:05:47.038754,2023-08-15 15:05:58.772381,0 days 00:00:11.733627,0.620740273201443,0.5692578365902922,4,20,0.02772919671706891,0.2870135603532484,40,165,COMPLETE
1246,1246,0.782608695652174,2023-08-15 15:05:58.773060,2023-08-15 15:06:04.499644,0 days 00:00:05.726584,0.1291770871894363,0.2179642892540975,4,18,0.036218507135692087,0.16860725714322022,40,174,COMPLETE
1247,1247,0.8260869565217391,2023-08-15 15:06:04.500318,2023-08-15 15:06:18.157527,0 days 00:00:13.657209,0.5667147137475855,0.4974752493329605,4,20,0.026299070489511456,0.2275878448596685,60,142,COMPLETE
1248,1248,0.8695652173913043,2023-08-15 15:06:18.158216,2023-08-15 15:06:27.951564,0 days 00:00:09.793348,0.4844962429216345,0.3921550064841898,5,19,0.04488481685528993,0.15008698125773945,50,169,COMPLETE
1249,1249,0.9347826086956522,2023-08-15 15:06:27.952233,2023-08-15 15:06:45.534341,0 days 00:00:17.582108,0.3355691096126498,0.7321595549029114,4,20,0.032863867104078154,0.3439863092994554,40,177,COMPLETE
1250,1250,0.9347826086956522,2023-08-15 15:06:45.534999,2023-08-15 15:07:00.782046,0 days 00:00:15.247047,0.46023912119567145,0.7701776931301518,3,20,0.03940030721519763,0.3011476543002912,40,176,COMPLETE
1251,1251,0.9130434782608695,2023-08-15 15:07:00.782708,2023-08-15 15:07:09.772151,0 days 00:00:08.989443,0.35118854165540575,0.7167950276481758,4,19,0.0682684645085769,0.19244819154987414,60,135,COMPLETE
1252,1252,0.9782608695652174,2023-08-15 15:07:09.772839,2023-08-15 15:07:19.199893,0 days 00:00:09.427054,0.43361772591321834,0.6711357062946792,4,18,0.03094210887156061,0.27430674043446435,40,147,COMPLETE
1253,1253,0.9130434782608695,2023-08-15 15:07:19.200567,2023-08-15 15:07:24.012720,0 days 00:00:04.812153,0.16653286638531542,0.5281290217878006,4,20,0.07646750898147775,0.26099429596085777,40,159,COMPLETE
1254,1254,0.9565217391304348,2023-08-15 15:07:24.013386,2023-08-15 15:07:30.264351,0 days 00:00:06.250965,0.22009354871049552,0.20106186841977522,5,20,0.03426746869220578,0.16222392908790273,60,175,COMPLETE
1255,1255,0.8260869565217391,2023-08-15 15:07:30.265024,2023-08-15 15:07:39.042181,0 days 00:00:08.777157,0.6734616671097231,0.6363747682787861,4,20,0.06605828091012861,0.24857389740685418,40,164,COMPLETE
1256,1256,0.8260869565217391,2023-08-15 15:07:39.042849,2023-08-15 15:07:47.604869,0 days 00:00:08.562020,0.10087420250585892,0.26231225995580276,4,19,0.04334492146630609,0.20742839422138595,50,171,COMPLETE
1257,1257,0.7391304347826086,2023-08-15 15:07:47.605598,2023-08-15 15:07:51.688832,0 days 00:00:04.083234,0.38574342284924046,0.3216160475511576,4,17,0.08640558552486101,0.2908737966839341,60,166,COMPLETE
1258,1258,1.0,2023-08-15 15:07:51.689499,2023-08-15 15:08:05.894726,0 days 00:00:14.205227,0.5812021695766169,0.608534677930759,5,20,0.03759145044337401,0.28316947100150786,40,156,COMPLETE
1259,1259,0.9565217391304348,2023-08-15 15:08:05.895390,2023-08-15 15:08:22.624748,0 days 00:00:16.729358,0.7013287523523624,0.791835832232933,4,19,0.02793898683574779,0.2641610867265435,40,173,COMPLETE
1260,1260,0.9782608695652174,2023-08-15 15:08:22.625431,2023-08-15 15:08:38.910107,0 days 00:00:16.284676,0.18997528451360976,0.6976135462104874,4,20,0.029422730831508308,0.3065749847931684,60,162,COMPLETE
1261,1261,0.8913043478260869,2023-08-15 15:08:38.910768,2023-08-15 15:08:43.720217,0 days 00:00:04.809449,0.5568398525482785,0.29869220936057755,4,20,0.0726062136501959,0.2212363339322997,40,178,COMPLETE
1262,1262,0.9565217391304348,2023-08-15 15:08:43.720882,2023-08-15 15:08:51.346437,0 days 00:00:07.625555,0.7203983258755434,0.6579186710307685,4,18,0.05956723552501969,0.2949142306741549,40,168,COMPLETE
1263,1263,0.9565217391304348,2023-08-15 15:08:51.347125,2023-08-15 15:08:57.015418,0 days 00:00:05.668293,0.5247497263920667,0.4142020250203754,5,20,0.07523593607736945,0.24145260155221246,60,160,COMPLETE
1264,1264,0.782608695652174,2023-08-15 15:08:57.016120,2023-08-15 15:08:59.981962,0 days 00:00:02.965842,0.11430369730746077,0.5624584139027791,3,12,0.03228572720967921,0.2572709202650576,40,155,COMPLETE
1265,1265,0.9347826086956522,2023-08-15 15:08:59.982647,2023-08-15 15:09:11.404763,0 days 00:00:11.422116,0.28859394911100844,0.3422005788215565,4,19,0.02602795543307532,0.299562322584205,50,174,COMPLETE
1266,1266,0.9130434782608695,2023-08-15 15:09:11.405437,2023-08-15 15:09:24.404603,0 days 00:00:12.999166,0.4528587805284909,0.6787571059361974,4,20,0.04893772329211131,0.18391955907158622,40,153,COMPLETE
1267,1267,0.9130434782608695,2023-08-15 15:09:24.405267,2023-08-15 15:09:36.142282,0 days 00:00:11.737015,0.1517402526680025,0.5915200073616056,4,20,0.03561997174192097,0.23438406509306028,60,150,COMPLETE
1268,1268,0.7391304347826086,2023-08-15 15:09:36.142991,2023-08-15 15:09:40.740842,0 days 00:00:04.597851,0.5067163609096997,0.5443752866487522,4,8,0.04137194332689508,0.22474196691342305,40,176,COMPLETE
1269,1269,0.9565217391304348,2023-08-15 15:09:40.741508,2023-08-15 15:09:47.835875,0 days 00:00:07.094367,0.1992360548031349,0.39896375449855787,5,20,0.03029903044015317,0.15707229871514952,60,177,COMPLETE
1270,1270,0.9347826086956522,2023-08-15 15:09:47.836546,2023-08-15 15:09:56.355090,0 days 00:00:08.518544,0.5419927144762031,0.47525122386219265,4,19,0.027421842995960757,0.33929048668027384,40,124,COMPLETE
1271,1271,0.8260869565217391,2023-08-15 15:09:56.355758,2023-08-15 15:10:07.622217,0 days 00:00:11.266459,0.12858141957777375,0.44983742627895307,4,20,0.05178226048876748,0.32219504775024244,40,170,COMPLETE
1272,1272,0.8695652173913043,2023-08-15 15:10:07.622894,2023-08-15 15:10:12.966473,0 days 00:00:05.343579,0.24481001178827433,0.43276907450702035,4,11,0.034744235472862185,0.3107089484411212,60,158,COMPLETE
1273,1273,0.9130434782608695,2023-08-15 15:10:12.967159,2023-08-15 15:10:20.914381,0 days 00:00:07.947222,0.5977858684188052,0.3851454939822359,4,18,0.03839331642517511,0.2527616437809419,40,172,COMPLETE
1274,1274,0.9347826086956522,2023-08-15 15:10:20.915060,2023-08-15 15:10:34.278785,0 days 00:00:13.363725,0.3044895405641877,0.7242130415753464,5,20,0.06473269804779648,0.21633257530778988,50,161,COMPLETE
1275,1275,0.8913043478260869,2023-08-15 15:10:34.279454,2023-08-15 15:10:44.948826,0 days 00:00:10.669372,0.17339293107429754,0.6898627398644379,4,19,0.02857995348705668,0.2890674466798829,40,154,COMPLETE
1276,1276,0.8478260869565217,2023-08-15 15:10:44.949486,2023-08-15 15:10:50.235098,0 days 00:00:05.285612,0.40378699912439575,0.6258346290899482,4,16,0.08557202376724601,0.17310323576015843,60,152,COMPLETE
1277,1277,0.8913043478260869,2023-08-15 15:10:50.235793,2023-08-15 15:10:56.014758,0 days 00:00:05.778965,0.4767776337254715,0.4628947766346931,4,20,0.07466031672145337,0.27838193846817316,40,164,COMPLETE
1278,1278,0.9565217391304348,2023-08-15 15:10:56.015443,2023-08-15 15:11:11.362711,0 days 00:00:15.347268,0.32492810519997983,0.7789150686756898,5,19,0.03182090162366351,0.3327675249178397,40,139,COMPLETE
1279,1279,0.8913043478260869,2023-08-15 15:11:11.363388,2023-08-15 15:11:25.091062,0 days 00:00:13.727674,0.796072975637514,0.6491866386152085,4,20,0.06218996131201376,0.294857231674043,60,179,COMPLETE
1280,1280,0.9130434782608695,2023-08-15 15:11:25.091739,2023-08-15 15:11:30.644529,0 days 00:00:05.552790,0.4223227113129324,0.5108224266586912,4,20,0.09673408029130177,0.27052174208193713,40,175,COMPLETE
1281,1281,0.9565217391304348,2023-08-15 15:11:30.645283,2023-08-15 15:11:52.537423,0 days 00:00:21.892140,0.7037239488293213,0.7124875137571758,4,20,0.026163044086599467,0.3049368223673744,60,170,COMPLETE
1282,1282,0.8478260869565217,2023-08-15 15:11:52.538166,2023-08-15 15:12:02.351846,0 days 00:00:09.813680,0.4956737771262446,0.36782429197982697,4,17,0.04514225777463776,0.3156237397951441,40,163,COMPLETE
1283,1283,0.782608695652174,2023-08-15 15:12:02.352590,2023-08-15 15:12:06.958428,0 days 00:00:04.605838,0.6498386985097399,0.3530653841874228,5,7,0.03345835439050619,0.2874218981224844,50,173,COMPLETE
