,number,value,datetime_start,datetime_complete,duration,params_cross_ind_prob,params_cross_prob,params_cv,params_max_features,params_muta_ind_prob,params_muta_prob,params_n_gens,params_n_population,state
750,750,0.9333333333333333,2023-08-15 13:43:08.252423,2023-08-15 13:43:18.537145,0 days 00:00:10.284722,0.3285073038700887,0.5548780258580917,4,20,0.03736165862577036,0.28498414258570437,40,164,COMPLETE
751,751,0.9111111111111111,2023-08-15 13:43:18.537749,2023-08-15 13:43:26.318445,0 days 00:00:07.780696,0.2730937147032362,0.3284660029470836,4,20,0.02502272403276137,0.19457855772945315,40,179,COMPLETE
752,752,0.9333333333333333,2023-08-15 13:43:26.318997,2023-08-15 13:43:30.952656,0 days 00:00:04.633659,0.5596772986802308,0.36822115356772445,4,20,0.051359221021118916,0.25644998424992665,40,173,COMPLETE
753,753,0.9333333333333333,2023-08-15 13:43:30.953256,2023-08-15 13:43:47.243017,0 days 00:00:16.289761,0.4262705053674654,0.725674539936234,4,18,0.04635508663823558,0.32207860179218645,60,176,COMPLETE
754,754,0.8444444444444444,2023-08-15 13:43:47.243575,2023-08-15 13:43:50.748067,0 days 00:00:03.504492,0.5794520958960847,0.3992734246980405,4,14,0.08070377589814334,0.31605140519211955,40,152,COMPLETE
755,755,0.8888888888888888,2023-08-15 13:43:50.748614,2023-08-15 13:43:57.824529,0 days 00:00:07.075915,0.46657067586370116,0.4693384028461729,4,19,0.09978509175278383,0.1724992249817071,40,154,COMPLETE
756,756,0.8888888888888888,2023-08-15 13:43:57.825071,2023-08-15 13:44:01.007317,0 days 00:00:03.182246,0.3075893023305839,0.20238752715034428,4,20,0.03352964543354301,0.22902701777954337,60,156,COMPLETE
757,757,1.0,2023-08-15 13:44:01.007877,2023-08-15 13:44:16.853571,0 days 00:00:15.845694,0.5280276955247996,0.6522199076538164,4,18,0.02755983379419316,0.2984246655624236,40,168,COMPLETE
758,758,0.8222222222222222,2023-08-15 13:44:16.854156,2023-08-15 13:44:27.283535,0 days 00:00:10.429379,0.5330309346241033,0.6314001296560875,3,18,0.02654450263738823,0.2953670082668494,40,169,COMPLETE
759,759,0.8888888888888888,2023-08-15 13:44:27.284107,2023-08-15 13:44:36.626939,0 days 00:00:09.342832,0.5196516707426494,0.6533251722889782,4,18,0.06100282389617452,0.2991612769569368,40,168,COMPLETE
760,760,0.8666666666666667,2023-08-15 13:44:36.627503,2023-08-15 13:44:48.052960,0 days 00:00:11.425457,0.506684359771985,0.6628597398330119,4,17,0.042663633469529755,0.3031682884265422,40,169,COMPLETE
761,761,0.9333333333333333,2023-08-15 13:44:48.053509,2023-08-15 13:45:02.294916,0 days 00:00:14.241407,0.5503778496473578,0.65557605835311,4,18,0.02757733374386423,0.2983064256329425,40,167,COMPLETE
762,762,0.9111111111111111,2023-08-15 13:45:02.295476,2023-08-15 13:45:09.728476,0 days 00:00:07.433000,0.5222190210586768,0.603409073856618,4,18,0.09808100312535338,0.2920501624048883,40,165,COMPLETE
763,763,0.9111111111111111,2023-08-15 13:45:09.729025,2023-08-15 13:45:23.446636,0 days 00:00:13.717611,0.541540782533539,0.6392818108004867,4,18,0.029966427990459604,0.28112458826392034,40,168,COMPLETE
764,764,0.8888888888888888,2023-08-15 13:45:23.447199,2023-08-15 13:45:34.453666,0 days 00:00:11.006467,0.37525157931800096,0.6443039475163681,4,17,0.026351177866558412,0.3492252723678964,40,167,COMPLETE
765,765,0.9333333333333333,2023-08-15 13:45:34.454232,2023-08-15 13:45:45.090132,0 days 00:00:10.635900,0.41021533118873194,0.4967002950679667,4,18,0.028599942820352914,0.3063114114474845,40,166,COMPLETE
766,766,0.8888888888888888,2023-08-15 13:45:45.090699,2023-08-15 13:45:52.104887,0 days 00:00:07.014188,0.4952884237203021,0.6773053746366223,4,17,0.07287578203996488,0.287917262301331,40,170,COMPLETE
767,767,0.8222222222222222,2023-08-15 13:45:52.105440,2023-08-15 13:45:56.403440,0 days 00:00:04.298000,0.20192622302185445,0.7090896022751846,4,18,0.08506812507191613,0.3003779326296011,40,169,COMPLETE
768,768,0.8,2023-08-15 13:45:56.403980,2023-08-15 13:46:04.274893,0 days 00:00:07.870913,0.1286204157529075,0.6171151582264317,4,18,0.04367482078527282,0.32999395617775595,40,170,COMPLETE
769,769,0.8666666666666667,2023-08-15 13:46:04.275442,2023-08-15 13:46:12.223932,0 days 00:00:07.948490,0.5621294197013963,0.5930346711523393,4,18,0.06318103643285294,0.31015498036964256,40,168,COMPLETE
770,770,0.8888888888888888,2023-08-15 13:46:12.224466,2023-08-15 13:46:19.317037,0 days 00:00:07.092571,0.5282392141474713,0.5728861408462398,4,17,0.06486346440499317,0.18565831304939784,40,170,COMPLETE
771,771,0.9555555555555556,2023-08-15 13:46:19.317596,2023-08-15 13:46:32.690919,0 days 00:00:13.373323,0.5111694294242625,0.7393553794890434,4,19,0.08674384369117563,0.23593397398467605,40,168,COMPLETE
772,772,0.9555555555555556,2023-08-15 13:46:32.691473,2023-08-15 13:46:38.260599,0 days 00:00:05.569126,0.17361871781922564,0.4235000047882249,4,18,0.02604118347184931,0.29341720426901935,40,171,COMPLETE
773,773,0.9555555555555556,2023-08-15 13:46:38.261154,2023-08-15 13:46:55.756979,0 days 00:00:17.495825,0.3456086915937273,0.6941105175733993,4,19,0.03181654149033586,0.28796657400560893,60,172,COMPLETE
774,774,0.9333333333333333,2023-08-15 13:46:55.757544,2023-08-15 13:47:11.967150,0 days 00:00:16.209606,0.44205498180269626,0.7857487708790015,4,18,0.05306367430092218,0.3047529788419533,40,174,COMPLETE
775,775,0.7777777777777778,2023-08-15 13:47:11.967736,2023-08-15 13:47:16.757457,0 days 00:00:04.789721,0.39684980386266494,0.439380983969896,4,19,0.058233972734850474,0.2737996505078066,40,121,COMPLETE
776,776,0.9333333333333333,2023-08-15 13:47:16.758019,2023-08-15 13:47:23.072233,0 days 00:00:06.314214,0.36320736025094097,0.22989445165218592,4,18,0.04029836367042462,0.3433848198353372,60,171,COMPLETE
777,777,0.8888888888888888,2023-08-15 13:47:23.072792,2023-08-15 13:47:25.997829,0 days 00:00:02.925037,0.7536256950357125,0.21242442587951887,4,19,0.08025507861062987,0.2843066071946679,40,166,COMPLETE
778,778,0.9111111111111111,2023-08-15 13:47:25.998391,2023-08-15 13:47:31.608390,0 days 00:00:05.609999,0.598712917998411,0.5085074120458882,4,17,0.07760816128062488,0.2778218689677388,40,172,COMPLETE
779,779,0.9111111111111111,2023-08-15 13:47:31.608950,2023-08-15 13:47:42.580170,0 days 00:00:10.971220,0.4828145730446262,0.6493478605548546,4,15,0.02505198321084554,0.15671252493691218,40,178,COMPLETE
780,780,0.9111111111111111,2023-08-15 13:47:42.580720,2023-08-15 13:47:57.789600,0 days 00:00:15.208880,0.7947819817221113,0.5334046035843667,4,19,0.027462986713285245,0.3000300536859,60,176,COMPLETE
781,781,0.8444444444444444,2023-08-15 13:47:57.790155,2023-08-15 13:48:07.372236,0 days 00:00:09.582081,0.5833772489639936,0.6682625689934398,4,13,0.02939574827334423,0.2964204518634179,40,175,COMPLETE
782,782,0.8888888888888888,2023-08-15 13:48:07.372817,2023-08-15 13:48:15.365228,0 days 00:00:07.992411,0.152426882890647,0.7473531805111615,4,18,0.037084576011053735,0.24108391229684162,40,150,COMPLETE
783,783,0.8444444444444444,2023-08-15 13:48:15.365783,2023-08-15 13:48:26.785234,0 days 00:00:11.419451,0.7775885552225041,0.7691366606324573,4,18,0.04792907030341338,0.2816762345652179,60,153,COMPLETE
784,784,0.9555555555555556,2023-08-15 13:48:26.785786,2023-08-15 13:48:37.316369,0 days 00:00:10.530583,0.5487221703089671,0.6312811387777878,3,20,0.045087237633131216,0.3128174030462537,40,177,COMPLETE
785,785,0.9111111111111111,2023-08-15 13:48:37.316929,2023-08-15 13:48:42.031287,0 days 00:00:04.714358,0.22201490310493047,0.5629883497151466,4,19,0.06685799493158785,0.2915901241596292,40,169,COMPLETE
786,786,0.8888888888888888,2023-08-15 13:48:42.031869,2023-08-15 13:48:55.643558,0 days 00:00:13.611689,0.42104093677193183,0.547141604029788,4,20,0.041512998223006796,0.2197046073585066,60,165,COMPLETE
787,787,0.9111111111111111,2023-08-15 13:48:55.644124,2023-08-15 13:49:08.579150,0 days 00:00:12.935026,0.4559874714237858,0.7164713603270344,4,17,0.03356559961884795,0.20958889099318076,40,173,COMPLETE
788,788,0.9111111111111111,2023-08-15 13:49:08.579702,2023-08-15 13:49:20.043567,0 days 00:00:11.463865,0.5354757774752882,0.5861793688983945,4,19,0.03846351091530752,0.3086130732934849,40,162,COMPLETE
789,789,0.8222222222222222,2023-08-15 13:49:20.044134,2023-08-15 13:49:27.105897,0 days 00:00:07.061763,0.1835462054072667,0.517730884471844,5,16,0.07496631169216778,0.18144778828386468,40,179,COMPLETE
790,790,0.9555555555555556,2023-08-15 13:49:27.106473,2023-08-15 13:49:36.729509,0 days 00:00:09.623036,0.5705560629019276,0.22075270434260713,4,20,0.025063102313477196,0.32029443447417355,60,180,COMPLETE
791,791,0.9333333333333333,2023-08-15 13:49:36.730115,2023-08-15 13:49:40.524945,0 days 00:00:03.794830,0.1396786948377487,0.6855098596612628,4,18,0.06817129947332887,0.24389275664047333,40,152,COMPLETE
792,792,0.9111111111111111,2023-08-15 13:49:40.525499,2023-08-15 13:49:45.038898,0 days 00:00:04.513399,0.6347583841983266,0.600205598818448,4,20,0.07198595233054048,0.30289836805534137,40,137,COMPLETE
793,793,0.9555555555555556,2023-08-15 13:49:45.039468,2023-08-15 13:49:53.873014,0 days 00:00:08.833546,0.6166944367032805,0.48478535262041833,4,20,0.02755391494621283,0.3262698718155287,60,128,COMPLETE
794,794,0.9111111111111111,2023-08-15 13:49:53.873570,2023-08-15 13:50:00.276744,0 days 00:00:06.403174,0.113404210119952,0.5391765039682271,4,19,0.0305021909344097,0.2713809616243211,40,172,COMPLETE
795,795,1.0,2023-08-15 13:50:00.277301,2023-08-15 13:50:12.730274,0 days 00:00:12.452973,0.49652988935620107,0.6134320505291349,4,20,0.03527405659427479,0.28664122515492746,40,177,COMPLETE
796,796,0.8,2023-08-15 13:50:12.730827,2023-08-15 13:50:22.519402,0 days 00:00:09.788575,0.32051459951032496,0.6297204898065452,4,20,0.0690594397552677,0.2857964088531272,40,177,COMPLETE
797,797,1.0,2023-08-15 13:50:22.519951,2023-08-15 13:50:38.591589,0 days 00:00:16.071638,0.5107726908252851,0.6100411555926212,4,20,0.03362656452330765,0.29342782474920087,40,178,COMPLETE
798,798,0.9333333333333333,2023-08-15 13:50:38.592175,2023-08-15 13:50:52.094408,0 days 00:00:13.502233,0.5015587192813009,0.6038127371986146,4,20,0.03503708888909739,0.28826237958213224,40,178,COMPLETE
799,799,0.9333333333333333,2023-08-15 13:50:52.094967,2023-08-15 13:51:06.619512,0 days 00:00:14.524545,0.49457965060634496,0.6132765289639119,4,20,0.03495798746543513,0.29108478085847106,40,176,COMPLETE
800,800,0.9333333333333333,2023-08-15 13:51:06.620076,2023-08-15 13:51:24.698737,0 days 00:00:18.078661,0.514868070911305,0.617978877560232,4,20,0.03197939606190211,0.2945428516966248,40,176,COMPLETE
801,801,0.8222222222222222,2023-08-15 13:51:24.699300,2023-08-15 13:51:40.445150,0 days 00:00:15.745850,0.5191390261135976,0.6196242489257694,4,20,0.03611184411910851,0.29047028269422714,40,177,COMPLETE
802,802,0.9333333333333333,2023-08-15 13:51:40.445733,2023-08-15 13:51:54.958075,0 days 00:00:14.512342,0.4975417298375377,0.6085687461937972,4,20,0.03401260895728124,0.2962378788070301,40,178,COMPLETE
803,803,0.9555555555555556,2023-08-15 13:51:54.958631,2023-08-15 13:52:11.411952,0 days 00:00:16.453321,0.5089208365957401,0.6284785475578865,4,20,0.033397611712839816,0.2881191628584689,40,177,COMPLETE
804,804,0.9333333333333333,2023-08-15 13:52:11.412522,2023-08-15 13:52:20.865665,0 days 00:00:09.453143,0.7447418286028898,0.6418047900000873,4,20,0.03484314865606506,0.2851387985950285,40,175,COMPLETE
805,805,0.8222222222222222,2023-08-15 13:52:20.866245,2023-08-15 13:52:30.143289,0 days 00:00:09.277044,0.47702964101494416,0.5893655982882914,4,20,0.08494207777055277,0.293713305705417,40,174,COMPLETE
806,806,0.8888888888888888,2023-08-15 13:52:30.143857,2023-08-15 13:52:47.840821,0 days 00:00:17.696964,0.5261799763032489,0.656198249182389,4,20,0.03250142266491553,0.2812164340339352,40,175,COMPLETE
807,807,0.8444444444444444,2023-08-15 13:52:47.841388,2023-08-15 13:53:02.563113,0 days 00:00:14.721725,0.3292806786529007,0.5966475594322502,4,20,0.03725465943328282,0.29922380233681,40,178,COMPLETE
808,808,0.9111111111111111,2023-08-15 13:53:02.563694,2023-08-15 13:53:14.015670,0 days 00:00:11.451976,0.7102796119966444,0.773637704993942,3,20,0.03260895487539014,0.2849355515948686,40,176,COMPLETE
809,809,0.9111111111111111,2023-08-15 13:53:14.016229,2023-08-15 13:53:28.583958,0 days 00:00:14.567729,0.48483650923939686,0.610860879969569,4,20,0.03409375997438289,0.29756240221523317,40,177,COMPLETE
810,810,0.8,2023-08-15 13:53:28.584529,2023-08-15 13:53:38.451222,0 days 00:00:09.866693,0.31902501028735897,0.6435898270487589,4,20,0.03549851360827769,0.17464591631025045,40,174,COMPLETE
811,811,0.8888888888888888,2023-08-15 13:53:38.451815,2023-08-15 13:53:47.522721,0 days 00:00:09.070906,0.12321681995105749,0.7582571146880934,4,20,0.09680097379745997,0.29118674395826566,60,175,COMPLETE
812,812,0.8888888888888888,2023-08-15 13:53:47.523281,2023-08-15 13:54:02.168133,0 days 00:00:14.644852,0.6984358139624653,0.577377985230128,4,20,0.03932528118481861,0.282336879783832,40,178,COMPLETE
813,813,0.9333333333333333,2023-08-15 13:54:02.168689,2023-08-15 13:54:18.735601,0 days 00:00:16.566912,0.3527976916005422,0.7913266159297395,4,20,0.030502029037883995,0.2062954794051907,40,175,COMPLETE
814,814,0.9333333333333333,2023-08-15 13:54:18.736172,2023-08-15 13:54:33.111501,0 days 00:00:14.375329,0.10183278426211625,0.6275255865804619,4,20,0.031188868430209984,0.2942470835121715,60,167,COMPLETE
815,815,0.8666666666666667,2023-08-15 13:54:33.112065,2023-08-15 13:54:44.120240,0 days 00:00:11.008175,0.5007983974345651,0.5886636429790059,4,20,0.05991713122036118,0.30304282267107363,40,179,COMPLETE
816,816,0.8222222222222222,2023-08-15 13:54:44.120847,2023-08-15 13:54:52.016160,0 days 00:00:07.895313,0.29720045749432744,0.4535401716928583,4,20,0.061552238146583504,0.288561916890242,40,177,COMPLETE
817,817,0.8222222222222222,2023-08-15 13:54:52.016712,2023-08-15 13:55:03.143322,0 days 00:00:11.126610,0.7255975563886152,0.571177834110823,4,19,0.03705042436470057,0.2164318530147938,40,176,COMPLETE
818,818,0.8888888888888888,2023-08-15 13:55:03.143918,2023-08-15 13:55:16.643691,0 days 00:00:13.499773,0.47075359809628947,0.6204948044259404,4,20,0.05008006516598041,0.2761746312284799,60,170,COMPLETE
819,819,0.8222222222222222,2023-08-15 13:55:16.644262,2023-08-15 13:55:20.001424,0 days 00:00:03.357162,0.3894827641918039,0.25500214188939274,4,20,0.08842319900286738,0.29978183783440415,40,154,COMPLETE
820,820,0.7555555555555555,2023-08-15 13:55:20.002003,2023-08-15 13:55:28.536539,0 days 00:00:08.534536,0.1642456085304833,0.37372868398252757,4,20,0.046174230499757316,0.22979666522640743,40,173,COMPLETE
821,821,0.8444444444444444,2023-08-15 13:55:28.537106,2023-08-15 13:55:43.564112,0 days 00:00:15.027006,0.5236225476795752,0.6060932988058322,4,19,0.03316793890710181,0.19342494412249506,60,163,COMPLETE
822,822,0.8444444444444444,2023-08-15 13:55:43.564678,2023-08-15 13:55:51.658736,0 days 00:00:08.094058,0.538770829436636,0.6367056503837835,4,20,0.0633742300617398,0.23507141896825368,40,171,COMPLETE
823,823,0.8888888888888888,2023-08-15 13:55:51.659310,2023-08-15 13:55:56.978356,0 days 00:00:05.319046,0.13320648490648662,0.3504051844325455,4,20,0.043244051138228656,0.2472589998782305,40,153,COMPLETE
824,824,0.9111111111111111,2023-08-15 13:55:56.978945,2023-08-15 13:56:10.377353,0 days 00:00:13.398408,0.5133757601527766,0.7997483109637881,4,19,0.04167598748996334,0.2792709377278982,40,151,COMPLETE
825,825,0.9333333333333333,2023-08-15 13:56:10.377919,2023-08-15 13:56:29.623670,0 days 00:00:19.245751,0.30684179497873043,0.6733271887159742,4,20,0.031430039977654145,0.2927817117293723,60,179,COMPLETE
826,826,0.8222222222222222,2023-08-15 13:56:29.624239,2023-08-15 13:56:40.172872,0 days 00:00:10.548633,0.45000901674994387,0.7483209988702029,3,20,0.05555919955543958,0.28829730757661914,40,174,COMPLETE
827,827,0.8444444444444444,2023-08-15 13:56:40.173442,2023-08-15 13:56:53.119308,0 days 00:00:12.945866,0.4823541527940396,0.6602149501839244,5,19,0.03613114227056163,0.16496033736420193,40,148,COMPLETE
828,828,0.9111111111111111,2023-08-15 13:56:53.119867,2023-08-15 13:57:14.735849,0 days 00:00:21.615982,0.5533671048038665,0.775835064884978,4,20,0.051730134667675745,0.2971354961771255,60,169,COMPLETE
829,829,0.8666666666666667,2023-08-15 13:57:14.736418,2023-08-15 13:57:23.652294,0 days 00:00:08.915876,0.3352052171774078,0.5595629410211214,4,14,0.0485141262997109,0.28363363500581723,40,176,COMPLETE
830,830,0.7555555555555555,2023-08-15 13:57:23.652856,2023-08-15 13:57:35.779132,0 days 00:00:12.126276,0.6789322408375634,0.7620585656207801,4,20,0.07219376237190124,0.3051815477897799,40,155,COMPLETE
831,831,0.8,2023-08-15 13:57:35.779709,2023-08-15 13:57:42.030866,0 days 00:00:06.251157,0.40916024786826427,0.5961025651287205,4,12,0.07035733935936876,0.29212912475784636,40,164,COMPLETE
832,832,0.7555555555555555,2023-08-15 13:57:42.031422,2023-08-15 13:57:57.076033,0 days 00:00:15.044611,0.3792010833323652,0.41490076358689476,4,20,0.038232290954937145,0.2978720686040387,60,172,COMPLETE
833,833,0.9333333333333333,2023-08-15 13:57:57.076611,2023-08-15 13:58:02.392809,0 days 00:00:05.316198,0.14464194661083396,0.5530369978938706,4,19,0.029149730773463285,0.285961466718143,40,161,COMPLETE
834,834,0.8888888888888888,2023-08-15 13:58:02.393378,2023-08-15 13:58:12.404397,0 days 00:00:10.011019,0.43471635745203885,0.5795891689902878,4,20,0.05376926252000403,0.2270521496039594,40,167,COMPLETE
835,835,0.9111111111111111,2023-08-15 13:58:12.404963,2023-08-15 13:58:30.903369,0 days 00:00:18.498406,0.46034175492913265,0.7315685136184558,4,19,0.05708906680584464,0.2380845034619023,60,177,COMPLETE
836,836,0.8444444444444444,2023-08-15 13:58:30.903942,2023-08-15 13:58:35.234791,0 days 00:00:04.330849,0.2906065404781005,0.2355045452433051,4,20,0.034219789354248575,0.30321417575591036,40,174,COMPLETE
837,837,0.8,2023-08-15 13:58:35.235367,2023-08-15 13:58:38.996395,0 days 00:00:03.761028,0.11510265260883733,0.4710560922341068,4,15,0.06530335786939137,0.30910964174448874,40,171,COMPLETE
838,838,0.8,2023-08-15 13:58:38.996952,2023-08-15 13:58:49.237750,0 days 00:00:10.240798,0.4912955939382509,0.6493517550888075,4,13,0.029183373970921238,0.27510835533812117,40,150,COMPLETE
839,839,0.9333333333333333,2023-08-15 13:58:49.238340,2023-08-15 13:58:58.214463,0 days 00:00:08.976123,0.6513375552785604,0.6137054937846849,4,20,0.05915255697138398,0.28063333217227915,60,140,COMPLETE
840,840,0.8888888888888888,2023-08-15 13:58:58.215015,2023-08-15 13:59:06.202201,0 days 00:00:07.987186,0.3666048934336586,0.5695477078399023,4,19,0.0619367292677299,0.29497015958483597,40,175,COMPLETE
841,841,0.8888888888888888,2023-08-15 13:59:06.202775,2023-08-15 13:59:16.247910,0 days 00:00:10.045135,0.5324611752505304,0.3958507799887569,4,20,0.04465094129077325,0.20340222628287977,40,178,COMPLETE
842,842,0.8444444444444444,2023-08-15 13:59:16.248505,2023-08-15 13:59:24.127014,0 days 00:00:07.878509,0.19252097986905528,0.7842547338392063,4,20,0.0898776541787744,0.2884150772986275,60,153,COMPLETE
843,843,0.8666666666666667,2023-08-15 13:59:24.127589,2023-08-15 13:59:34.978902,0 days 00:00:10.851313,0.1552151980775036,0.6237158931116453,4,20,0.03908723423324953,0.25169559165051136,40,173,COMPLETE
844,844,0.9333333333333333,2023-08-15 13:59:34.979456,2023-08-15 13:59:42.824117,0 days 00:00:07.844661,0.31478282521729756,0.5970893800549573,4,19,0.04110663853539183,0.23201618564422113,40,155,COMPLETE
845,845,0.8444444444444444,2023-08-15 13:59:42.824678,2023-08-15 13:59:53.072272,0 days 00:00:10.247594,0.5065555513088151,0.5026911182580446,4,20,0.04643125500163143,0.17138617298812145,40,180,COMPLETE
846,846,0.8888888888888888,2023-08-15 13:59:53.072846,2023-08-15 14:00:11.290677,0 days 00:00:18.217831,0.4003605420395109,0.6398401964927801,4,20,0.03168160199342088,0.24393585750379226,60,176,COMPLETE
847,847,0.8888888888888888,2023-08-15 14:00:11.291258,2023-08-15 14:00:22.210257,0 days 00:00:10.918999,0.6626023113196045,0.42928435687549404,4,19,0.03059098414582018,0.3000642659687902,40,166,COMPLETE
848,848,0.8666666666666667,2023-08-15 14:00:22.210846,2023-08-15 14:00:30.527994,0 days 00:00:08.317148,0.34743980936317276,0.45829054038967987,4,20,0.04929102554557803,0.33898839745708054,40,169,COMPLETE
849,849,0.8444444444444444,2023-08-15 14:00:30.528552,2023-08-15 14:00:33.414109,0 days 00:00:02.885557,0.7979939148951672,0.2106661045761607,4,20,0.08476023989314065,0.3359339897123984,60,152,COMPLETE
850,850,0.8888888888888888,2023-08-15 14:00:33.414681,2023-08-15 14:00:42.077897,0 days 00:00:08.663216,0.543527235197781,0.6651054930380188,4,14,0.08933754243043066,0.2216808298066924,40,177,COMPLETE
851,851,0.9777777777777777,2023-08-15 14:00:42.078470,2023-08-15 14:00:59.895743,0 days 00:00:17.817273,0.4258856132416574,0.7423629663728794,4,19,0.02808502727684207,0.3491898960589367,40,172,COMPLETE
852,852,0.8,2023-08-15 14:00:59.896317,2023-08-15 14:01:09.983335,0 days 00:00:10.087018,0.5685741864307128,0.5514848053266432,3,20,0.04276664491681367,0.29097916128459683,40,173,COMPLETE
853,853,0.8666666666666667,2023-08-15 14:01:09.983904,2023-08-15 14:01:24.002449,0 days 00:00:14.018545,0.5878974417045528,0.7223888606194342,4,20,0.06439447501256994,0.30677375747959557,60,175,COMPLETE
854,854,0.9555555555555556,2023-08-15 14:01:24.003042,2023-08-15 14:01:28.701330,0 days 00:00:04.698288,0.1245646607604781,0.5858682503230584,4,20,0.09233935956493962,0.2781818238784839,40,154,COMPLETE
855,855,0.9333333333333333,2023-08-15 14:01:28.701922,2023-08-15 14:01:41.288341,0 days 00:00:12.586419,0.5561593967921377,0.6795304049440476,4,19,0.03310049745561804,0.1536722960783842,40,178,COMPLETE
856,856,1.0,2023-08-15 14:01:41.288912,2023-08-15 14:01:48.707752,0 days 00:00:07.418840,0.17157622966624617,0.3686669996895573,5,20,0.029589255908613346,0.2841079768364931,60,162,COMPLETE
857,857,0.9777777777777777,2023-08-15 14:01:48.708346,2023-08-15 14:01:59.405734,0 days 00:00:10.697388,0.13722701927023614,0.41398928771647003,5,20,0.029689940804748082,0.19665036668479127,60,162,COMPLETE
