,number,value,datetime_start,datetime_complete,duration,params_cross_ind_prob,params_cross_prob,params_cv,params_max_features,params_muta_ind_prob,params_muta_prob,params_n_gens,params_n_population,state
1284,1284,0.8260869565217391,2023-08-15 15:12:06.959100,2023-08-15 15:12:13.719701,0 days 00:00:06.760601,0.21385440889386112,0.761092801574105,4,19,0.0671718689462115,0.19447877318656,40,157,COMPLETE
1285,1285,0.8478260869565217,2023-08-15 15:12:13.720379,2023-08-15 15:12:20.217809,0 days 00:00:06.497430,0.522561446529182,0.22721111129579658,4,18,0.05316636165690623,0.2740130068495794,60,174,COMPLETE
1286,1286,0.9782608695652174,2023-08-15 15:12:20.218518,2023-08-15 15:12:37.053326,0 days 00:00:16.834808,0.5528861453864482,0.749986264576833,4,20,0.05490615231908556,0.3270385837706863,40,177,COMPLETE
1287,1287,0.8478260869565217,2023-08-15 15:12:37.054005,2023-08-15 15:12:41.581219,0 days 00:00:04.527214,0.7352159079493805,0.5747168166712315,3,20,0.09166446458191756,0.16495522205126883,40,166,COMPLETE
1288,1288,0.8913043478260869,2023-08-15 15:12:41.581901,2023-08-15 15:12:50.990574,0 days 00:00:09.408673,0.7798295962520512,0.5979603486890954,4,20,0.04250155693844936,0.28348871475461895,60,151,COMPLETE
1289,1289,0.9565217391304348,2023-08-15 15:12:50.991251,2023-08-15 15:12:56.291496,0 days 00:00:05.300245,0.1466394148458158,0.27145977960510786,5,19,0.04692537967320136,0.29930977771453066,40,154,COMPLETE
1290,1290,0.9347826086956522,2023-08-15 15:12:56.292195,2023-08-15 15:13:11.146495,0 days 00:00:14.854300,0.3575606286570321,0.7995358912727745,4,18,0.049389364035716705,0.20233460275194154,40,176,COMPLETE
1291,1291,0.9130434782608695,2023-08-15 15:13:11.147167,2023-08-15 15:13:30.397609,0 days 00:00:19.250442,0.5730145253960494,0.7021922071533032,4,20,0.02964848178083095,0.2111457794020654,60,179,COMPLETE
1292,1292,0.8478260869565217,2023-08-15 15:13:30.398289,2023-08-15 15:13:37.183369,0 days 00:00:06.785080,0.2883716331345711,0.2546781312135321,4,15,0.03646893126497875,0.24632221775944227,50,161,COMPLETE
1293,1293,0.9130434782608695,2023-08-15 15:13:37.184030,2023-08-15 15:13:47.286918,0 days 00:00:10.102888,0.23109682668400086,0.5840481156434072,4,20,0.031205747523859587,0.1865994446881099,40,172,COMPLETE
1294,1294,0.9347826086956522,2023-08-15 15:13:47.287591,2023-08-15 15:14:05.429039,0 days 00:00:18.141448,0.388346263942999,0.5542887263174558,5,19,0.025012691744335888,0.26531400272879235,60,159,COMPLETE
1295,1295,0.8695652173913043,2023-08-15 15:14:05.429722,2023-08-15 15:14:16.378583,0 days 00:00:10.948861,0.11749209441539674,0.6659461015268202,4,20,0.0577390568208114,0.30923695015291636,40,162,COMPLETE
1296,1296,1.0,2023-08-15 15:14:16.379269,2023-08-15 15:14:27.254370,0 days 00:00:10.875101,0.4492082976380383,0.5367643863229574,4,20,0.02779653343174001,0.23066235254478862,40,168,COMPLETE
1297,1297,0.9130434782608695,2023-08-15 15:14:27.255056,2023-08-15 15:14:46.612207,0 days 00:00:19.357151,0.5352029167551433,0.6102124530475663,4,19,0.039390308510782804,0.2909396762990167,60,175,COMPLETE
1298,1298,0.9565217391304348,2023-08-15 15:14:46.612887,2023-08-15 15:14:57.072023,0 days 00:00:10.459136,0.26071805899307354,0.638962177967974,5,20,0.040619324071515445,0.23774438103488768,40,156,COMPLETE
1299,1299,0.8695652173913043,2023-08-15 15:14:57.072693,2023-08-15 15:15:03.920506,0 days 00:00:06.847813,0.507923865021844,0.3108190156104722,4,18,0.04369541197639049,0.2961078286688803,40,163,COMPLETE
1300,1300,0.8222222222222222,2023-08-15 15:15:03.921182,2023-08-15 15:15:14.878033,0 days 00:00:10.956851,0.1595690868406454,0.4909612597433948,4,20,0.033603892649832406,0.25721557790274524,50,153,COMPLETE
1301,1301,0.8888888888888888,2023-08-15 15:15:14.878981,2023-08-15 15:15:28.050395,0 days 00:00:13.171414,0.1811552555081972,0.2870551106070288,4,20,0.029966065145253976,0.30251350475364386,60,176,COMPLETE
1302,1302,0.7777777777777778,2023-08-15 15:15:28.051086,2023-08-15 15:15:34.528630,0 days 00:00:06.477544,0.4305537700153864,0.4246341886490082,5,17,0.06362399958661434,0.24996844505716784,40,165,COMPLETE
1303,1303,0.8222222222222222,2023-08-15 15:15:34.529305,2023-08-15 15:15:45.183108,0 days 00:00:10.653803,0.37524800403749137,0.6845907193487215,4,14,0.037161101818051795,0.3187942256900135,40,173,COMPLETE
1304,1304,0.9777777777777777,2023-08-15 15:15:45.183808,2023-08-15 15:16:03.996523,0 days 00:00:18.812715,0.4849082137454911,0.6266378193681388,4,19,0.028324588135205282,0.27835051765366425,60,178,COMPLETE
1305,1305,0.9333333333333333,2023-08-15 15:16:03.997227,2023-08-15 15:16:10.107174,0 days 00:00:06.109947,0.1356964639015377,0.5256136955356574,4,20,0.03486855505018733,0.1752584609801793,40,172,COMPLETE
1306,1306,0.8666666666666667,2023-08-15 15:16:10.107852,2023-08-15 15:16:18.354972,0 days 00:00:08.247120,0.2782077910473536,0.23788709947263612,4,20,0.02635930551470462,0.1603498511969618,60,174,COMPLETE
1307,1307,0.8,2023-08-15 15:16:18.355665,2023-08-15 15:16:26.464263,0 days 00:00:08.108598,0.6074382455126732,0.732970662652773,3,19,0.06054397347933195,0.29286535776856887,40,158,COMPLETE
1308,1308,0.8444444444444444,2023-08-15 15:16:26.464944,2023-08-15 15:16:40.298604,0 days 00:00:13.833660,0.4688290337992462,0.5655723672725874,5,20,0.03235948784983595,0.17939586014120484,40,160,COMPLETE
1309,1309,0.9333333333333333,2023-08-15 15:16:40.299287,2023-08-15 15:16:54.079499,0 days 00:00:13.780212,0.5847262210266441,0.7830499229250001,4,20,0.04822080657281399,0.16989043962346728,50,155,COMPLETE
1310,1310,0.8888888888888888,2023-08-15 15:16:54.080200,2023-08-15 15:17:07.107354,0 days 00:00:13.027154,0.33286662363233754,0.6481345959082581,4,18,0.03060752256944903,0.19964557271006295,60,167,COMPLETE
1311,1311,0.7111111111111111,2023-08-15 15:17:07.108035,2023-08-15 15:17:13.736586,0 days 00:00:06.628551,0.19468203855113395,0.33429943604804263,4,19,0.059095004814136,0.24220284418084365,40,152,COMPLETE
1312,1312,0.9111111111111111,2023-08-15 15:17:13.737337,2023-08-15 15:17:17.593297,0 days 00:00:03.855960,0.5510553071341174,0.3784977247131008,4,20,0.0988138802831906,0.28620159225648195,40,176,COMPLETE
1313,1313,0.8222222222222222,2023-08-15 15:17:17.593973,2023-08-15 15:17:38.757212,0 days 00:00:21.163239,0.2507494388985314,0.6978735201194409,5,20,0.027531917947264492,0.21787758677867053,60,171,COMPLETE
1314,1314,0.8888888888888888,2023-08-15 15:17:38.757890,2023-08-15 15:17:47.251148,0 days 00:00:08.493258,0.10004603913506585,0.6753968859059634,4,20,0.05031340433682697,0.26198921436833944,40,177,COMPLETE
1315,1315,0.9555555555555556,2023-08-15 15:17:47.251820,2023-08-15 15:17:55.922709,0 days 00:00:08.670889,0.5268025975114209,0.44274701377489584,4,20,0.035648306757784715,0.2693314172284632,40,164,COMPLETE
1316,1316,0.9777777777777777,2023-08-15 15:17:55.923376,2023-08-15 15:18:04.962257,0 days 00:00:09.038881,0.31340339173091036,0.7410427222623094,4,19,0.08890230784792255,0.1560807253112298,60,154,COMPLETE
1317,1317,0.8666666666666667,2023-08-15 15:18:04.962938,2023-08-15 15:18:12.982557,0 days 00:00:08.019619,0.7664968113151739,0.4642899493235796,4,20,0.06527419033963618,0.2977381388285536,40,175,COMPLETE
1318,1318,0.8444444444444444,2023-08-15 15:18:12.983256,2023-08-15 15:18:18.435297,0 days 00:00:05.452041,0.39782867804430266,0.29605475114522706,5,18,0.06158865363978247,0.281615160692874,50,159,COMPLETE
1319,1319,0.9111111111111111,2023-08-15 15:18:18.435988,2023-08-15 15:18:32.210373,0 days 00:00:13.774385,0.4417154404898079,0.361220469150314,4,19,0.04202274713808189,0.313081309124523,60,179,COMPLETE
1320,1320,0.8888888888888888,2023-08-15 15:18:32.211095,2023-08-15 15:18:47.720253,0 days 00:00:15.509158,0.5650744759544765,0.7104786027242529,4,20,0.04539933163567366,0.22920439081063348,40,174,COMPLETE
1321,1321,0.7777777777777778,2023-08-15 15:18:47.720955,2023-08-15 15:18:54.706101,0 days 00:00:06.985146,0.6303820535046967,0.5448068904026602,4,20,0.08433202735836517,0.30420285284458376,40,170,COMPLETE
1322,1322,0.8444444444444444,2023-08-15 15:18:54.706785,2023-08-15 15:19:12.309616,0 days 00:00:17.602831,0.5120843727355089,0.7701741984480576,5,17,0.05532219443192022,0.2748444830844505,60,161,COMPLETE
1323,1323,0.8222222222222222,2023-08-15 15:19:12.310316,2023-08-15 15:19:22.227868,0 days 00:00:09.917552,0.20944323591132166,0.7231551176375485,4,20,0.029164905498155747,0.20534469484038914,40,149,COMPLETE
1324,1324,0.8666666666666667,2023-08-15 15:19:22.228577,2023-08-15 15:19:27.174569,0 days 00:00:04.945992,0.36751883074026837,0.41297307195314537,4,19,0.038102420286242285,0.25342896960082834,40,163,COMPLETE
1325,1325,0.8888888888888888,2023-08-15 15:19:27.175251,2023-08-15 15:19:33.295233,0 days 00:00:06.119982,0.42053643931074336,0.5018183784816426,3,20,0.07226340974776344,0.19056462282200015,60,156,COMPLETE
1326,1326,0.8,2023-08-15 15:19:33.295915,2023-08-15 15:19:42.744603,0 days 00:00:09.448688,0.29611121692911513,0.4813267159725489,4,20,0.032889054505673865,0.23583270349515115,40,151,COMPLETE
1327,1327,0.7777777777777778,2023-08-15 15:19:42.745305,2023-08-15 15:19:48.848799,0 days 00:00:06.103494,0.4929207747040172,0.5946233155123194,4,9,0.02610479241997311,0.1824176760133345,50,166,COMPLETE
1328,1328,0.8,2023-08-15 15:19:48.849498,2023-08-15 15:19:59.930746,0 days 00:00:11.081248,0.1684305814193203,0.6143506540500746,4,19,0.031139835796742312,0.1973447154897988,40,177,COMPLETE
1329,1329,0.9777777777777777,2023-08-15 15:19:59.931426,2023-08-15 15:20:05.113945,0 days 00:00:05.182519,0.13858335676240024,0.5811458156824473,5,20,0.05120155982744226,0.28775243250352034,60,144,COMPLETE
1330,1330,0.8,2023-08-15 15:20:05.114646,2023-08-15 15:20:07.375962,0 days 00:00:02.261316,0.12094200488060017,0.21445434642159483,4,18,0.08228924823907921,0.1676070240273822,40,180,COMPLETE
1331,1331,0.8222222222222222,2023-08-15 15:20:07.376646,2023-08-15 15:20:15.252699,0 days 00:00:07.876053,0.1829642586534666,0.6644855368863843,4,20,0.07816872095271979,0.325602218306656,60,175,COMPLETE
1332,1332,0.8444444444444444,2023-08-15 15:20:15.253416,2023-08-15 15:20:24.095442,0 days 00:00:08.842026,0.3476703560267823,0.3248774199210673,4,19,0.033980540816600215,0.29358588408032643,40,173,COMPLETE
1333,1333,0.8666666666666667,2023-08-15 15:20:24.096131,2023-08-15 15:20:34.259612,0 days 00:00:10.163481,0.4637653651965293,0.5238737337938612,5,19,0.06832320689188959,0.2086584923160208,40,158,COMPLETE
1334,1334,0.8444444444444444,2023-08-15 15:20:34.260364,2023-08-15 15:20:44.913753,0 days 00:00:10.653389,0.5355473490998716,0.5564954892690316,4,20,0.07990676055632229,0.22362002324118127,60,153,COMPLETE
1335,1335,0.9111111111111111,2023-08-15 15:20:44.914470,2023-08-15 15:20:57.407770,0 days 00:00:12.493300,0.6899307306934639,0.6317078362885027,4,20,0.04768725379011007,0.24475669709846276,40,178,COMPLETE
1336,1336,0.9555555555555556,2023-08-15 15:20:57.408464,2023-08-15 15:21:12.389439,0 days 00:00:14.980975,0.2312091997563054,0.7502247029585803,4,18,0.04047161209830228,0.30807150748082546,50,162,COMPLETE
1337,1337,0.9555555555555556,2023-08-15 15:21:12.390136,2023-08-15 15:21:29.144393,0 days 00:00:16.754257,0.2651166624838695,0.6888442692181349,4,20,0.027769211315028568,0.33547818360972204,40,169,COMPLETE
1338,1338,0.9111111111111111,2023-08-15 15:21:29.145057,2023-08-15 15:21:40.004786,0 days 00:00:10.859729,0.41190842904107444,0.40868451457304183,5,20,0.05315845682897882,0.15356596779005205,60,165,COMPLETE
1339,1339,1.0,2023-08-15 15:21:40.005813,2023-08-15 15:21:47.397600,0 days 00:00:07.391787,0.152834660753659,0.6013865656859159,4,19,0.029237216492625135,0.300144688062212,40,155,COMPLETE
1340,1340,1.0,2023-08-15 15:21:47.398305,2023-08-15 15:21:54.917874,0 days 00:00:07.519569,0.11252350444130298,0.7885336088072717,4,20,0.04305549724589088,0.2837807241488447,40,157,COMPLETE
1341,1341,0.9111111111111111,2023-08-15 15:21:54.918586,2023-08-15 15:22:12.660694,0 days 00:00:17.742108,0.5779599908292903,0.5143976400524563,4,20,0.0368513926501669,0.2687975286052611,60,172,COMPLETE
1342,1342,0.8444444444444444,2023-08-15 15:22:12.661361,2023-08-15 15:22:23.860658,0 days 00:00:11.199297,0.27663063414031974,0.6562073483934091,4,19,0.044312700158173256,0.2137455306201828,40,160,COMPLETE
1343,1343,1.0,2023-08-15 15:22:23.861404,2023-08-15 15:22:31.592263,0 days 00:00:07.730859,0.5481715069882089,0.27039071410694815,4,20,0.026788598120420858,0.2408388021850145,50,176,COMPLETE
1344,1344,0.8888888888888888,2023-08-15 15:22:31.592980,2023-08-15 15:22:37.799352,0 days 00:00:06.206372,0.22012673542826966,0.24837697448452983,5,18,0.031127467575182595,0.3196813241321095,60,175,COMPLETE
1345,1345,0.8222222222222222,2023-08-15 15:22:37.800063,2023-08-15 15:22:46.810855,0 days 00:00:09.010792,0.31405880177127604,0.5719933870357283,4,17,0.07009291809548136,0.2648236896265324,40,174,COMPLETE
1346,1346,1.0,2023-08-15 15:22:46.811567,2023-08-15 15:22:52.788537,0 days 00:00:05.976970,0.5187981916518678,0.3049498697511922,4,20,0.02500122176562066,0.34206570403637515,40,120,COMPLETE
1347,1347,0.9111111111111111,2023-08-15 15:22:52.789228,2023-08-15 15:23:17.363471,0 days 00:00:24.574243,0.6124614777263084,0.6996549863332759,5,20,0.03921797637810474,0.24790546569254565,60,178,COMPLETE
1348,1348,0.8444444444444444,2023-08-15 15:23:17.364154,2023-08-15 15:23:28.872951,0 days 00:00:11.508797,0.4979859702293504,0.6448474774463082,4,18,0.03441251867723089,0.27724642315799347,40,152,COMPLETE
1349,1349,0.8666666666666667,2023-08-15 15:23:28.873653,2023-08-15 15:23:33.962855,0 days 00:00:05.089202,0.5906747544488172,0.3493371929263367,4,19,0.06403234450233067,0.29098045789420235,40,171,COMPLETE
