,number,value,datetime_start,datetime_complete,duration,params_cross_ind_prob,params_cross_prob,params_cv,params_max_features,params_muta_ind_prob,params_muta_prob,params_n_gens,params_n_population,state
858,858,0.9555555555555556,2023-08-15 14:01:59.406319,2023-08-15 14:02:18.604093,0 days 00:00:19.197774,0.1646118086017432,0.7552807546411185,5,20,0.03156557226212716,0.2859205482688694,60,162,COMPLETE
859,859,0.9333333333333333,2023-08-15 14:02:18.604707,2023-08-15 14:02:23.645007,0 days 00:00:05.040300,0.16516571181936315,0.3533326932879484,5,20,0.047307567972026204,0.2824088176743569,60,163,COMPLETE
860,860,1.0,2023-08-15 14:02:23.645578,2023-08-15 14:02:39.238680,0 days 00:00:15.593102,0.17116260529292407,0.6993861601546152,5,20,0.03042585653408393,0.16968026361262784,60,164,COMPLETE
861,861,0.9777777777777777,2023-08-15 14:02:39.239257,2023-08-15 14:02:45.401502,0 days 00:00:06.162245,0.18375920705051843,0.3596417219482547,5,20,0.03330839244344584,0.20084659802083865,60,164,COMPLETE
862,862,0.9555555555555556,2023-08-15 14:02:45.402093,2023-08-15 14:02:54.242357,0 days 00:00:08.840264,0.19226024787001708,0.49214968358353245,5,20,0.06699992815863196,0.1857738854646431,60,163,COMPLETE
863,863,0.9333333333333333,2023-08-15 14:02:54.242948,2023-08-15 14:03:04.149131,0 days 00:00:09.906183,0.15943579082439813,0.37791723784027575,5,20,0.03061505513489012,0.19443152304403888,60,164,COMPLETE
864,864,0.9111111111111111,2023-08-15 14:03:04.149702,2023-08-15 14:03:12.819072,0 days 00:00:08.669370,0.1685916303187817,0.3828217010842721,5,20,0.044177940413324644,0.18801883044296414,60,162,COMPLETE
865,865,0.9333333333333333,2023-08-15 14:03:12.819653,2023-08-15 14:03:16.828948,0 days 00:00:04.009295,0.7390479896966011,0.34100093708799606,5,20,0.05218727471102445,0.15000633396494373,60,161,COMPLETE
866,866,1.0,2023-08-15 14:03:16.829535,2023-08-15 14:03:27.731493,0 days 00:00:10.901958,0.10055283002775632,0.7030916743798827,5,20,0.03565488181659506,0.24066163245220354,60,164,COMPLETE
867,867,0.9333333333333333,2023-08-15 14:03:27.732109,2023-08-15 14:03:38.354458,0 days 00:00:10.622349,0.10605197475553552,0.708147807446528,5,20,0.03621427407528477,0.24349414478669412,60,162,COMPLETE
868,868,1.0,2023-08-15 14:03:38.355050,2023-08-15 14:03:52.583924,0 days 00:00:14.228874,0.10241323995284896,0.7024378485006202,5,20,0.034842448936103464,0.18690601298049458,60,160,COMPLETE
869,869,0.7777777777777778,2023-08-15 14:03:52.584501,2023-08-15 14:03:56.606010,0 days 00:00:04.021509,0.1126216859936027,0.6967351917361664,5,10,0.09318097417125136,0.2408461200761318,60,160,COMPLETE
870,870,1.0,2023-08-15 14:03:56.606610,2023-08-15 14:04:06.343494,0 days 00:00:09.736884,0.18271013399556776,0.6967061835533442,5,20,0.034544928880254316,0.16189471889066193,60,165,COMPLETE
871,871,0.9777777777777777,2023-08-15 14:04:06.344084,2023-08-15 14:04:19.227209,0 days 00:00:12.883125,0.20240355075905303,0.699719479983017,5,20,0.03703507620052612,0.16414296991605018,60,163,COMPLETE
872,872,0.8888888888888888,2023-08-15 14:04:19.227798,2023-08-15 14:04:34.675414,0 days 00:00:15.447616,0.17993876677368859,0.6995739043404965,5,20,0.03556152587975925,0.16015056213703432,60,165,COMPLETE
873,873,0.9555555555555556,2023-08-15 14:04:34.676002,2023-08-15 14:04:43.207836,0 days 00:00:08.531834,0.10710427717469327,0.6920523448406883,5,20,0.03463059558280197,0.16205464732696415,60,164,COMPLETE
874,874,0.9555555555555556,2023-08-15 14:04:43.208413,2023-08-15 14:04:54.460088,0 days 00:00:11.251675,0.10086634217293623,0.7164771094158879,5,20,0.03463458202608665,0.16291266669790136,60,164,COMPLETE
875,875,0.9333333333333333,2023-08-15 14:04:54.460693,2023-08-15 14:04:59.162997,0 days 00:00:04.702304,0.18588613491717632,0.6862551931942833,5,8,0.03310014793202185,0.18147493141936052,60,166,COMPLETE
876,876,0.9333333333333333,2023-08-15 14:04:59.163586,2023-08-15 14:05:13.073948,0 days 00:00:13.910362,0.2070584117371624,0.7177253617906053,5,20,0.035404557003906593,0.15990003469890304,60,165,COMPLETE
877,877,0.9555555555555556,2023-08-15 14:05:13.074561,2023-08-15 14:05:27.381979,0 days 00:00:14.307418,0.18091837675362676,0.7089266256385997,5,20,0.03390167436862964,0.1661764751297955,60,165,COMPLETE
878,878,0.9555555555555556,2023-08-15 14:05:27.382563,2023-08-15 14:05:39.607116,0 days 00:00:12.224553,0.10063894374415569,0.6843139248459608,5,20,0.03578780167712542,0.17713594974491045,60,163,COMPLETE
879,879,0.8444444444444444,2023-08-15 14:05:39.607699,2023-08-15 14:05:53.521534,0 days 00:00:13.913835,0.11757655003455908,0.7064047349356303,5,19,0.0322810655257239,0.17660983835032112,60,164,COMPLETE
880,880,0.9555555555555556,2023-08-15 14:05:53.522169,2023-08-15 14:06:06.860172,0 days 00:00:13.338003,0.19966060088680332,0.6949350318385783,5,19,0.03729792292797153,0.15958976003661246,60,165,COMPLETE
881,881,0.9555555555555556,2023-08-15 14:06:06.860745,2023-08-15 14:06:24.688231,0 days 00:00:17.827486,0.14818196184568314,0.6723630363846601,5,20,0.033778060101610295,0.24856580885393004,60,163,COMPLETE
882,882,1.0,2023-08-15 14:06:24.688827,2023-08-15 14:06:34.923577,0 days 00:00:10.234750,0.16651555291834225,0.725367063295287,5,20,0.03484782519947831,0.17665899711096922,60,165,COMPLETE
883,883,0.9111111111111111,2023-08-15 14:06:34.924158,2023-08-15 14:06:47.650826,0 days 00:00:12.726668,0.12695295180852317,0.7072907662977432,5,20,0.03823017532358886,0.15596493396076133,60,161,COMPLETE
884,884,0.9555555555555556,2023-08-15 14:06:47.651406,2023-08-15 14:07:00.970051,0 days 00:00:13.318645,0.17731348614713086,0.6895012875517702,5,20,0.03245454690557585,0.15523088854279513,60,166,COMPLETE
885,885,0.9555555555555556,2023-08-15 14:07:00.970637,2023-08-15 14:07:08.739044,0 days 00:00:07.768407,0.1014941737278293,0.6853603747840042,5,19,0.07488862984243567,0.1681255418391869,60,166,COMPLETE
886,886,0.9111111111111111,2023-08-15 14:07:08.739610,2023-08-15 14:07:13.627931,0 days 00:00:04.888321,0.12309798899334874,0.390899827630785,5,20,0.07836407934946098,0.2119401142101055,60,163,COMPLETE
887,887,0.9111111111111111,2023-08-15 14:07:13.628543,2023-08-15 14:07:20.637705,0 days 00:00:07.009162,0.14351088661478728,0.6770422880763142,5,20,0.0833090874415821,0.19118477456096278,60,160,COMPLETE
888,888,0.9555555555555556,2023-08-15 14:07:20.638303,2023-08-15 14:07:29.451572,0 days 00:00:08.813269,0.15169086002783444,0.7301947069993788,5,19,0.07938653691575397,0.15467266174341557,60,163,COMPLETE
889,889,0.9111111111111111,2023-08-15 14:07:29.452156,2023-08-15 14:07:39.168694,0 days 00:00:09.716538,0.33124814877685727,0.7134921460211656,5,20,0.09157524130212936,0.17590398424574719,60,164,COMPLETE
890,890,1.0,2023-08-15 14:07:39.169273,2023-08-15 14:07:50.375221,0 days 00:00:11.205948,0.20882349148882395,0.7047578373941782,5,20,0.03631304220648751,0.16656634319257244,60,161,COMPLETE
891,891,0.9333333333333333,2023-08-15 14:07:50.375795,2023-08-15 14:08:04.767699,0 days 00:00:14.391904,0.21813877419583402,0.7228981637722006,5,19,0.033189055792468225,0.16808652560994025,60,162,COMPLETE
892,892,0.7111111111111111,2023-08-15 14:08:04.768278,2023-08-15 14:08:08.552042,0 days 00:00:03.783764,0.19333808972608935,0.33341934987781474,5,9,0.03999947618016252,0.1823757944875502,60,160,COMPLETE
893,893,0.9111111111111111,2023-08-15 14:08:08.552630,2023-08-15 14:08:19.024225,0 days 00:00:10.471595,0.133948166120729,0.43844084195059774,5,20,0.034661755603569,0.15182976020155947,60,165,COMPLETE
894,894,0.9333333333333333,2023-08-15 14:08:19.024803,2023-08-15 14:08:31.618575,0 days 00:00:12.593772,0.166340057578038,0.6697065532905322,5,20,0.03208543556535426,0.16436374691656774,60,152,COMPLETE
895,895,0.9777777777777777,2023-08-15 14:08:31.619168,2023-08-15 14:08:46.573923,0 days 00:00:14.954755,0.11565128324238469,0.6949603423813695,5,19,0.03155127424675634,0.2196004857275629,60,174,COMPLETE
896,896,0.9777777777777777,2023-08-15 14:08:46.574486,2023-08-15 14:08:56.818301,0 days 00:00:10.243815,0.19011011266828556,0.6585526978765714,5,20,0.03643652920662198,0.17170708358700604,60,155,COMPLETE
897,897,0.9777777777777777,2023-08-15 14:08:56.818871,2023-08-15 14:09:04.950394,0 days 00:00:08.131523,0.17873224053325185,0.4703969163098489,5,20,0.03864028600863969,0.17044900763665877,60,175,COMPLETE
898,898,0.9555555555555556,2023-08-15 14:09:04.950992,2023-08-15 14:09:10.124327,0 days 00:00:05.173335,0.3461932082506895,0.3196327740067961,5,20,0.0740268720481607,0.1560892553967135,60,156,COMPLETE
899,899,0.9111111111111111,2023-08-15 14:09:10.124924,2023-08-15 14:09:15.519539,0 days 00:00:05.394615,0.21683077686859678,0.4456367793075918,5,20,0.09949995718888037,0.18945376438358225,60,164,COMPLETE
900,900,0.9555555555555556,2023-08-15 14:09:15.520120,2023-08-15 14:09:32.410544,0 days 00:00:16.890424,0.5299857010937846,0.7371597828119028,5,19,0.034174648830210506,0.20821693961334356,60,153,COMPLETE
901,901,0.9111111111111111,2023-08-15 14:09:32.411142,2023-08-15 14:09:36.196373,0 days 00:00:03.785231,0.10166542834852803,0.31966241573393706,5,19,0.058059907835811574,0.20110926573979845,60,145,COMPLETE
902,902,0.8666666666666667,2023-08-15 14:09:36.196950,2023-08-15 14:09:48.132662,0 days 00:00:11.935712,0.15337564052291563,0.3722075596082489,5,20,0.03797479009932213,0.18748785422003922,60,161,COMPLETE
903,903,0.9333333333333333,2023-08-15 14:09:48.133242,2023-08-15 14:10:08.582631,0 days 00:00:20.449389,0.357448676015606,0.6981041149752351,5,20,0.06288060494400959,0.20483822030960303,60,167,COMPLETE
904,904,0.9111111111111111,2023-08-15 14:10:08.583228,2023-08-15 14:10:18.010079,0 days 00:00:09.426851,0.5160693627869577,0.3695583085392955,5,19,0.031100109920914547,0.19672272247105163,40,150,COMPLETE
905,905,0.8888888888888888,2023-08-15 14:10:18.010673,2023-08-15 14:10:23.230698,0 days 00:00:05.220025,0.6068443486283776,0.24615213915856415,5,20,0.04542984330852204,0.16422561370965272,60,159,COMPLETE
906,906,0.9333333333333333,2023-08-15 14:10:23.231277,2023-08-15 14:10:33.079928,0 days 00:00:09.848651,0.49488484126840304,0.4873594406432069,5,20,0.03545263275491906,0.2006219308982347,40,174,COMPLETE
907,907,0.9777777777777777,2023-08-15 14:10:33.080521,2023-08-15 14:10:42.667839,0 days 00:00:09.587318,0.20503462044884793,0.42107240004231206,5,20,0.03301037829414026,0.181966641097428,40,176,COMPLETE
908,908,0.9111111111111111,2023-08-15 14:10:42.668434,2023-08-15 14:10:50.847920,0 days 00:00:08.179486,0.3151911409578677,0.39283446667099164,5,20,0.04954672526001625,0.21322102550580993,60,162,COMPLETE
909,909,0.9555555555555556,2023-08-15 14:10:50.848504,2023-08-15 14:11:01.869365,0 days 00:00:11.020861,0.1286664977188601,0.6796247511890279,5,19,0.05390404691428915,0.21033244079650715,40,173,COMPLETE
910,910,0.7777777777777778,2023-08-15 14:11:01.869940,2023-08-15 14:11:05.154892,0 days 00:00:03.284952,0.1752943481843355,0.40543933012684985,5,11,0.09739219476862365,0.15964094685192753,40,151,COMPLETE
911,911,0.8888888888888888,2023-08-15 14:11:05.155464,2023-08-15 14:11:18.187970,0 days 00:00:13.032506,0.140343784242469,0.7142274156979836,5,20,0.036770133830874664,0.16169958950444843,60,154,COMPLETE
912,912,0.8222222222222222,2023-08-15 14:11:18.188558,2023-08-15 14:11:23.736477,0 days 00:00:05.547919,0.5459452357991448,0.649622809144816,5,7,0.03204568040704634,0.23729168871283385,40,175,COMPLETE
913,913,0.8666666666666667,2023-08-15 14:11:23.737082,2023-08-15 14:11:33.861196,0 days 00:00:10.124114,0.5040092376845221,0.4792278756139444,5,19,0.04022945439963252,0.1696007060737469,40,157,COMPLETE
914,914,0.9555555555555556,2023-08-15 14:11:33.861828,2023-08-15 14:11:49.139650,0 days 00:00:15.277822,0.7718451882528841,0.734001982902072,5,20,0.04362810621510939,0.16778270080798324,60,164,COMPLETE
915,915,0.7777777777777778,2023-08-15 14:11:49.140238,2023-08-15 14:11:52.200182,0 days 00:00:03.059944,0.2968758661779964,0.45960129337671013,5,5,0.06568729256455581,0.24682361879449488,40,166,COMPLETE
916,916,0.9111111111111111,2023-08-15 14:11:52.200780,2023-08-15 14:11:59.590392,0 days 00:00:07.389612,0.5708332227543143,0.3527379114858602,5,20,0.059998635610574474,0.19676872155239805,40,176,COMPLETE
917,917,0.8,2023-08-15 14:11:59.590970,2023-08-15 14:12:09.567747,0 days 00:00:09.976777,0.23129301829905094,0.2811145162221699,5,20,0.030308438725506343,0.1628475499194992,60,154,COMPLETE
918,918,0.9555555555555556,2023-08-15 14:12:09.568350,2023-08-15 14:12:21.007029,0 days 00:00:11.438679,0.639275617151134,0.6344900066966733,5,20,0.05085536478237268,0.15625121540427042,40,156,COMPLETE
919,919,0.8888888888888888,2023-08-15 14:12:21.007613,2023-08-15 14:12:37.078781,0 days 00:00:16.071168,0.4838109689464717,0.767795522284679,5,19,0.05468384376187784,0.19122409071632068,60,160,COMPLETE
920,920,0.9333333333333333,2023-08-15 14:12:37.079364,2023-08-15 14:12:53.224649,0 days 00:00:16.145285,0.32607950686216025,0.6843558062632957,5,20,0.035078073959250645,0.19323319782783155,40,162,COMPLETE
921,921,0.9777777777777777,2023-08-15 14:12:53.225241,2023-08-15 14:13:05.446943,0 days 00:00:12.221702,0.7497788019545071,0.7835759177338301,5,20,0.04716000585743519,0.2407269197461205,40,148,COMPLETE
922,922,0.8888888888888888,2023-08-15 14:13:05.447541,2023-08-15 14:13:08.927003,0 days 00:00:03.479462,0.10038369352925662,0.2639881590822891,5,19,0.09607141357277915,0.17341684635505142,60,173,COMPLETE
923,923,0.9333333333333333,2023-08-15 14:13:08.927584,2023-08-15 14:13:25.235359,0 days 00:00:16.307775,0.36548236471581974,0.7213565986512552,5,20,0.042253024458545924,0.2097215979126717,40,174,COMPLETE
924,924,1.0,2023-08-15 14:13:25.235955,2023-08-15 14:13:32.873960,0 days 00:00:07.638005,0.11752996273119302,0.6673712141973839,5,20,0.033384975143226546,0.17417739353609946,40,176,COMPLETE
925,925,0.9555555555555556,2023-08-15 14:13:32.874548,2023-08-15 14:13:37.462982,0 days 00:00:04.588434,0.7356288715063379,0.31427208303954157,5,19,0.06120031844081181,0.1717843918238913,60,152,COMPLETE
926,926,0.9333333333333333,2023-08-15 14:13:37.463564,2023-08-15 14:13:48.879683,0 days 00:00:11.416119,0.5254766543230819,0.6575122384586042,5,20,0.09498911285200229,0.1803405414618733,40,158,COMPLETE
927,927,0.8888888888888888,2023-08-15 14:13:48.880260,2023-08-15 14:13:52.970992,0 days 00:00:04.090732,0.18999470886185718,0.26621942870357806,5,20,0.07340354151767155,0.2154706703448523,40,174,COMPLETE
928,928,0.9777777777777777,2023-08-15 14:13:52.971572,2023-08-15 14:14:10.109777,0 days 00:00:17.138205,0.5872264828417995,0.6978054440329826,5,19,0.030286337085014957,0.2357705048136159,60,153,COMPLETE
929,929,0.9777777777777777,2023-08-15 14:14:10.110373,2023-08-15 14:14:28.709715,0 days 00:00:18.599342,0.4740138362682898,0.7990483905165465,5,20,0.04122711567161375,0.18471198627882762,40,175,COMPLETE
930,930,0.8888888888888888,2023-08-15 14:14:28.710324,2023-08-15 14:14:35.544667,0 days 00:00:06.834343,0.1602250088989671,0.23144322586644608,5,20,0.045086854818780234,0.19956183857332152,60,165,COMPLETE
931,931,0.9333333333333333,2023-08-15 14:14:35.545258,2023-08-15 14:14:40.396905,0 days 00:00:04.851647,0.6595604981435579,0.4244516655788203,3,20,0.05689560653214288,0.15027588376546686,40,155,COMPLETE
932,932,0.9777777777777777,2023-08-15 14:14:40.397489,2023-08-15 14:14:48.023682,0 days 00:00:07.626193,0.38327040824726916,0.40070915780580807,5,19,0.03767605018637479,0.17015035026607997,40,177,COMPLETE
933,933,0.9555555555555556,2023-08-15 14:14:48.024315,2023-08-15 14:14:53.986710,0 days 00:00:05.962395,0.5576452899892426,0.30135759650752714,5,20,0.06849307791443476,0.183554962228989,60,163,COMPLETE
934,934,0.7777777777777778,2023-08-15 14:14:53.987338,2023-08-15 14:15:01.833616,0 days 00:00:07.846278,0.5373020038949184,0.27494622593353163,5,19,0.048134586109089474,0.19856622577588529,40,160,COMPLETE
935,935,0.8666666666666667,2023-08-15 14:15:01.834220,2023-08-15 14:15:12.626496,0 days 00:00:10.792276,0.5118879847494614,0.744747588164246,5,20,0.08553873710351133,0.1736353114979762,40,172,COMPLETE
936,936,0.8,2023-08-15 14:15:12.627086,2023-08-15 14:15:16.882211,0 days 00:00:04.255125,0.30698870423528424,0.3370631960885558,3,20,0.09034304478781903,0.22655971223179944,60,166,COMPLETE
937,937,1.0,2023-08-15 14:15:16.882889,2023-08-15 14:15:24.789963,0 days 00:00:07.907074,0.13592107329756892,0.7101175336574933,5,20,0.07934739190740417,0.24559349419550902,40,159,COMPLETE
938,938,0.9333333333333333,2023-08-15 14:15:24.790572,2023-08-15 14:15:32.774677,0 days 00:00:07.984105,0.28911527868118847,0.6238869091802176,5,20,0.07060624490578707,0.1697832141387869,40,162,COMPLETE
939,939,0.8888888888888888,2023-08-15 14:15:32.775277,2023-08-15 14:15:45.618026,0 days 00:00:12.842749,0.3429332261071686,0.6109957778414032,5,19,0.06372989991639558,0.21633265224269,60,176,COMPLETE
940,940,0.9333333333333333,2023-08-15 14:15:45.618617,2023-08-15 14:15:52.649940,0 days 00:00:07.031323,0.6243281920641833,0.6754584869946016,5,20,0.08809039560040513,0.1618516723383445,40,156,COMPLETE
941,941,0.9333333333333333,2023-08-15 14:15:52.650606,2023-08-15 14:16:00.578908,0 days 00:00:07.928302,0.17276185855349205,0.2453670076430975,3,19,0.03402599712932617,0.2511098907269718,60,152,COMPLETE
942,942,0.9111111111111111,2023-08-15 14:16:00.579502,2023-08-15 14:16:12.030902,0 days 00:00:11.451400,0.22287161477527762,0.6389161981877446,5,20,0.03971266876792795,0.1673146953592082,40,167,COMPLETE
943,943,0.8222222222222222,2023-08-15 14:16:12.031492,2023-08-15 14:16:19.980895,0 days 00:00:07.949403,0.497153348677473,0.47362028874536527,5,20,0.08702884025687777,0.2231107487858255,40,174,COMPLETE
944,944,0.8666666666666667,2023-08-15 14:16:19.981807,2023-08-15 14:16:33.449856,0 days 00:00:13.468049,0.11462504189911367,0.4987295645654004,5,19,0.03169475313174827,0.21227367237896355,60,164,COMPLETE
945,945,0.8888888888888888,2023-08-15 14:16:33.450460,2023-08-15 14:16:39.359325,0 days 00:00:05.908865,0.6006339081139834,0.4454227914553741,5,20,0.09295719684108729,0.2318225454167045,40,154,COMPLETE
946,946,0.8888888888888888,2023-08-15 14:16:39.359911,2023-08-15 14:16:47.978561,0 days 00:00:08.618650,0.6696644686771771,0.6887843789359939,3,20,0.03647888389027863,0.20391675361748202,40,149,COMPLETE
947,947,0.9111111111111111,2023-08-15 14:16:47.979169,2023-08-15 14:17:07.032119,0 days 00:00:19.052950,0.2387601461932445,0.7669664044771134,5,20,0.030171290952947745,0.17747630586738994,60,161,COMPLETE
948,948,0.9777777777777777,2023-08-15 14:17:07.032707,2023-08-15 14:17:17.629007,0 days 00:00:10.596300,0.21216155715524454,0.7297363500438335,5,19,0.062499366699380506,0.23989551751897448,40,175,COMPLETE
949,949,0.8444444444444444,2023-08-15 14:17:17.629612,2023-08-15 14:17:29.190878,0 days 00:00:11.561266,0.5485075782916919,0.6516630540694207,5,20,0.043468816974240966,0.1877710650242231,40,151,COMPLETE
950,950,0.8695652173913043,2023-08-15 14:17:29.191509,2023-08-15 14:17:36.272149,0 days 00:00:07.080640,0.1478245270320463,0.7041854766120205,3,20,0.0768431648074383,0.20946363196978063,60,176,COMPLETE
951,951,0.9347826086956522,2023-08-15 14:17:36.272748,2023-08-15 14:17:57.573114,0 days 00:00:21.300366,0.4667962025672666,0.7515661212209587,5,20,0.03253849552762166,0.2527482489961602,40,173,COMPLETE
952,952,0.8695652173913043,2023-08-15 14:17:57.573714,2023-08-15 14:18:09.234187,0 days 00:00:11.660473,0.5770791186298524,0.3844977238075139,5,19,0.04624204957558071,0.16148689730548832,60,177,COMPLETE
953,953,0.8043478260869565,2023-08-15 14:18:09.234787,2023-08-15 14:18:13.319319,0 days 00:00:04.084532,0.20267721378832726,0.3643743065008142,5,20,0.08433395404105556,0.1787353456009625,40,157,COMPLETE
954,954,0.8043478260869565,2023-08-15 14:18:13.319921,2023-08-15 14:18:22.834972,0 days 00:00:09.515051,0.5172629509164993,0.3472994104234679,5,20,0.0346338589121025,0.1675926583813856,40,172,COMPLETE
955,955,0.8695652173913043,2023-08-15 14:18:22.835564,2023-08-15 14:18:35.603990,0 days 00:00:12.768426,0.5290866469280351,0.7785573570838945,4,19,0.05086601926797767,0.17874057501130416,60,159,COMPLETE
956,956,0.7608695652173914,2023-08-15 14:18:35.604587,2023-08-15 14:18:39.545979,0 days 00:00:03.941392,0.17168137140053127,0.7903183684787971,5,6,0.029301231211511222,0.18862558304274904,40,163,COMPLETE
957,957,0.8478260869565217,2023-08-15 14:18:39.546588,2023-08-15 14:18:46.304756,0 days 00:00:06.758168,0.1213890101082879,0.31841987711386566,4,20,0.058644150955141486,0.2039679752962029,40,175,COMPLETE
958,958,0.8478260869565217,2023-08-15 14:18:46.305379,2023-08-15 14:18:54.856535,0 days 00:00:08.551156,0.48684133875324037,0.6670135519345254,4,20,0.08019145864622547,0.18220643368260314,60,153,COMPLETE
959,959,0.8478260869565217,2023-08-15 14:18:54.857142,2023-08-15 14:19:00.735674,0 days 00:00:05.878532,0.32612224067459455,0.30588352677407094,3,20,0.055859374269872086,0.24798718442231393,40,168,COMPLETE
960,960,0.8695652173913043,2023-08-15 14:19:00.736288,2023-08-15 14:19:12.363845,0 days 00:00:11.627557,0.36145234867051435,0.6074242627004711,4,19,0.0524472884257199,0.22170746146594583,40,178,COMPLETE
961,961,0.8695652173913043,2023-08-15 14:19:12.364733,2023-08-15 14:19:30.364133,0 days 00:00:17.999400,0.1949100915611579,0.6255812976353704,5,20,0.038328767119020765,0.20472200029587914,60,171,COMPLETE
962,962,0.8695652173913043,2023-08-15 14:19:30.364739,2023-08-15 14:19:35.894997,0 days 00:00:05.530258,0.5595659043649847,0.4316462080034366,4,20,0.08867105218029596,0.20747322060620443,40,173,COMPLETE
963,963,0.8913043478260869,2023-08-15 14:19:35.895634,2023-08-15 14:19:50.771249,0 days 00:00:14.875615,0.2854257539373335,0.5020399657751264,4,19,0.03537089170634355,0.2436258166033708,60,165,COMPLETE
964,964,0.8913043478260869,2023-08-15 14:19:50.771858,2023-08-15 14:19:57.022658,0 days 00:00:06.250800,0.38921879994994485,0.2571079031474962,4,20,0.031193437281234908,0.17862056410070512,40,155,COMPLETE
