,number,value,datetime_start,datetime_complete,duration,params_cross_ind_prob,params_cross_prob,params_cv,params_max_features,params_muta_ind_prob,params_muta_prob,params_n_gens,params_n_population,state
214,214,0.9333333333333333,2023-08-15 12:05:50.079961,2023-08-15 12:06:04.126290,0 days 00:00:14.046329,0.38728995279321415,0.5812790037268433,4,20,0.026815529900737867,0.28708113464927937,40,171,COMPLETE
215,215,0.9333333333333333,2023-08-15 12:06:04.126713,2023-08-15 12:06:19.918392,0 days 00:00:15.791679,0.4361485316863326,0.6017202513593383,4,19,0.0316107347617802,0.3208844899709826,40,174,COMPLETE
216,216,0.9555555555555556,2023-08-15 12:06:19.918813,2023-08-15 12:06:29.514370,0 days 00:00:09.595557,0.10058124481641384,0.6175032860912476,4,20,0.027899640634699355,0.24644880838445407,40,173,COMPLETE
217,217,0.9333333333333333,2023-08-15 12:06:29.514798,2023-08-15 12:06:43.313268,0 days 00:00:13.798470,0.4558147517584937,0.5710818400165887,4,19,0.02944811415073472,0.25597846923687123,40,178,COMPLETE
218,218,0.8888888888888888,2023-08-15 12:06:43.313689,2023-08-15 12:06:51.032961,0 days 00:00:07.719272,0.15048290388036842,0.5534054778432174,4,20,0.026099898241625313,0.2333930690796252,40,131,COMPLETE
219,219,0.9333333333333333,2023-08-15 12:06:51.033381,2023-08-15 12:07:05.858915,0 days 00:00:14.825534,0.41303139068711375,0.5874247010070746,4,19,0.031459378530445656,0.28934176325103833,40,163,COMPLETE
220,220,0.9333333333333333,2023-08-15 12:07:05.859430,2023-08-15 12:07:19.900376,0 days 00:00:14.040946,0.1302854079145673,0.6446358524844668,4,20,0.027727799712947646,0.26296158869819486,50,170,COMPLETE
221,221,0.9111111111111111,2023-08-15 12:07:19.900799,2023-08-15 12:07:34.799175,0 days 00:00:14.898376,0.4452885494313057,0.6609067034131855,4,20,0.03677971282388321,0.28091918314910297,40,171,COMPLETE
222,222,0.8888888888888888,2023-08-15 12:07:34.799597,2023-08-15 12:07:51.795954,0 days 00:00:16.996357,0.4295582186645038,0.7322464870789334,4,18,0.03334516859652255,0.27077707413102825,40,172,COMPLETE
223,223,0.9333333333333333,2023-08-15 12:07:51.796384,2023-08-15 12:08:02.972921,0 days 00:00:11.176537,0.47090885784675535,0.6084810835062965,4,18,0.045523177885182266,0.2742561513426722,40,160,COMPLETE
224,224,0.9333333333333333,2023-08-15 12:08:02.973351,2023-08-15 12:08:14.600865,0 days 00:00:11.627514,0.3980250017255632,0.5936868774693569,4,20,0.0382306488588225,0.2377745298200294,40,169,COMPLETE
225,225,0.9555555555555556,2023-08-15 12:08:14.601290,2023-08-15 12:08:29.393496,0 days 00:00:14.792206,0.20601938382613685,0.7118798680888497,4,19,0.035043602404991304,0.28453050501424343,40,174,COMPLETE
226,226,0.9333333333333333,2023-08-15 12:08:29.393931,2023-08-15 12:08:50.911948,0 days 00:00:21.518017,0.44290550193372547,0.5760299978864891,4,20,0.029878461103459153,0.29620782538990703,60,170,COMPLETE
227,227,0.8222222222222222,2023-08-15 12:08:50.912382,2023-08-15 12:08:59.603622,0 days 00:00:08.691240,0.1614632834815854,0.7869948234207547,4,19,0.09594045625694907,0.29149180234465155,40,172,COMPLETE
228,228,0.9777777777777777,2023-08-15 12:08:59.604045,2023-08-15 12:09:17.379595,0 days 00:00:17.775550,0.41854340349021485,0.6856355323928431,4,20,0.026302473227589378,0.2992690398192938,40,173,COMPLETE
229,229,0.8666666666666667,2023-08-15 12:09:17.380023,2023-08-15 12:09:29.250373,0 days 00:00:11.870350,0.1823119573482359,0.6920040896927334,4,20,0.02617268901942658,0.2996436064738029,40,145,COMPLETE
230,230,0.9777777777777777,2023-08-15 12:09:29.250799,2023-08-15 12:09:45.566751,0 days 00:00:16.315952,0.4128558630869334,0.6757329871920049,4,20,0.02512714124154256,0.3043007922121981,40,176,COMPLETE
231,231,0.9777777777777777,2023-08-15 12:09:45.567180,2023-08-15 12:10:01.193759,0 days 00:00:15.626579,0.41510642005352866,0.6652570226222448,4,20,0.025235706928325583,0.30517253937896377,40,175,COMPLETE
232,232,0.9333333333333333,2023-08-15 12:10:01.194196,2023-08-15 12:10:19.093797,0 days 00:00:17.899601,0.41163586371356975,0.669877416539478,4,20,0.02512562655844475,0.3047389427692115,40,175,COMPLETE
233,233,1.0,2023-08-15 12:10:19.094239,2023-08-15 12:10:39.102549,0 days 00:00:20.008310,0.4002164322314347,0.669421604571476,4,20,0.026120340571728018,0.2974099215279527,40,176,COMPLETE
234,234,0.9555555555555556,2023-08-15 12:10:39.102969,2023-08-15 12:10:57.380529,0 days 00:00:18.277560,0.3962483311707714,0.6542543314814716,4,20,0.026223835220315163,0.3003129241265902,40,176,COMPLETE
235,235,0.9333333333333333,2023-08-15 12:10:57.380960,2023-08-15 12:11:06.399108,0 days 00:00:09.018148,0.3796173660005206,0.667542824314234,4,11,0.025100499975310574,0.3053482731397498,40,178,COMPLETE
236,236,0.8888888888888888,2023-08-15 12:11:06.399532,2023-08-15 12:11:23.382680,0 days 00:00:16.983148,0.41422521899154263,0.6784902093619612,4,20,0.02667051862103398,0.19266702247429215,60,178,COMPLETE
237,237,0.9111111111111111,2023-08-15 12:11:23.383107,2023-08-15 12:11:39.332752,0 days 00:00:15.949645,0.3682805481460323,0.6777540409362671,4,20,0.028538751081125916,0.2263142052845404,40,176,COMPLETE
238,238,0.8222222222222222,2023-08-15 12:11:39.333185,2023-08-15 12:11:54.439208,0 days 00:00:15.106023,0.38775663742456684,0.688104715257941,4,20,0.025096136637014526,0.20968362931180948,50,180,COMPLETE
239,239,1.0,2023-08-15 12:11:54.439643,2023-08-15 12:12:09.511911,0 days 00:00:15.072268,0.31197527765036875,0.6500958611013972,4,20,0.026942996268157483,0.3117717701813075,40,176,COMPLETE
240,240,0.8888888888888888,2023-08-15 12:12:09.512340,2023-08-15 12:12:19.266656,0 days 00:00:09.754316,0.345228120825946,0.6465733030365686,4,10,0.026525070132565366,0.3088444200579192,40,177,COMPLETE
241,241,0.9555555555555556,2023-08-15 12:12:19.267079,2023-08-15 12:12:35.379931,0 days 00:00:16.112852,0.33444306696743586,0.6644564902454911,4,20,0.02733148726726961,0.30389561518494423,40,175,COMPLETE
242,242,0.9111111111111111,2023-08-15 12:12:35.380363,2023-08-15 12:12:49.468545,0 days 00:00:14.088182,0.35954466284883996,0.6493149194315931,4,20,0.04931526454193047,0.31392280937681843,40,174,COMPLETE
243,243,0.8666666666666667,2023-08-15 12:12:49.468969,2023-08-15 12:13:06.164585,0 days 00:00:16.695616,0.3307440361284754,0.6770556655723202,4,20,0.028933255309181945,0.3117505663984746,40,176,COMPLETE
244,244,0.9111111111111111,2023-08-15 12:13:06.165010,2023-08-15 12:13:21.342160,0 days 00:00:15.177150,0.40433039265385395,0.6614254899254957,4,20,0.026465448629161066,0.29675098012443857,40,177,COMPLETE
245,245,0.8444444444444444,2023-08-15 12:13:21.342590,2023-08-15 12:13:29.993366,0 days 00:00:08.650776,0.31559436408420893,0.6414558572547269,4,19,0.02770706869340757,0.1660182352298734,40,141,COMPLETE
246,246,0.9555555555555556,2023-08-15 12:13:29.993798,2023-08-15 12:13:43.063593,0 days 00:00:13.069795,0.31414602299103583,0.6960118678327335,4,20,0.0440217732172954,0.29258138982776905,60,133,COMPLETE
247,247,0.9777777777777777,2023-08-15 12:13:43.064029,2023-08-15 12:13:59.945233,0 days 00:00:16.881204,0.42479571991218673,0.629284351009412,4,20,0.02593295654346046,0.25904413814338145,40,175,COMPLETE
248,248,0.9555555555555556,2023-08-15 12:13:59.945665,2023-08-15 12:14:10.966258,0 days 00:00:11.020593,0.23087236509554274,0.5171918375067142,4,19,0.0259862130280671,0.2561963057488274,40,175,COMPLETE
249,249,0.8888888888888888,2023-08-15 12:14:10.966685,2023-08-15 12:14:23.048083,0 days 00:00:12.081398,0.41982247537344664,0.6404014701777899,4,13,0.02518193424080139,0.253253344218293,40,176,COMPLETE
250,250,0.8478260869565217,2023-08-15 12:14:23.048508,2023-08-15 12:14:36.836146,0 days 00:00:13.787638,0.29624602241347586,0.6296687648684993,4,20,0.025038028004606028,0.2604752549148734,40,179,COMPLETE
251,251,0.9130434782608695,2023-08-15 12:14:36.836573,2023-08-15 12:14:52.479348,0 days 00:00:15.642775,0.402623422034955,0.6322381502690433,4,20,0.028901308084099225,0.26633979868187824,50,159,COMPLETE
252,252,0.8695652173913043,2023-08-15 12:14:52.479780,2023-08-15 12:15:09.010532,0 days 00:00:16.530752,0.3841782022144697,0.6540110215054312,4,20,0.05166069973606928,0.2636034922621767,60,174,COMPLETE
253,253,0.8478260869565217,2023-08-15 12:15:09.010952,2023-08-15 12:15:20.424651,0 days 00:00:11.413699,0.2677653422073187,0.667430486207913,4,19,0.0402276107361939,0.2425434762665447,40,162,COMPLETE
254,254,0.782608695652174,2023-08-15 12:15:20.425083,2023-08-15 12:15:29.070815,0 days 00:00:08.645732,0.144906818023958,0.6810878782000876,4,20,0.03067263360424007,0.2884811316300388,40,134,COMPLETE
255,255,0.8913043478260869,2023-08-15 12:15:29.071253,2023-08-15 12:15:35.898661,0 days 00:00:06.827408,0.1719301795810107,0.20282168268617878,4,20,0.026948076226417445,0.26030715305851615,40,131,COMPLETE
256,256,0.8043478260869565,2023-08-15 12:15:35.899096,2023-08-15 12:15:48.275996,0 days 00:00:12.376900,0.19509887693942612,0.5357804997710023,4,19,0.028705069234361613,0.25783728573703324,40,177,COMPLETE
257,257,0.8695652173913043,2023-08-15 12:15:48.276432,2023-08-15 12:15:54.463091,0 days 00:00:06.186659,0.11727479582919195,0.5441899427888879,4,12,0.027103668692194556,0.2700496755738316,60,175,COMPLETE
258,258,0.8913043478260869,2023-08-15 12:15:54.463534,2023-08-15 12:16:04.047723,0 days 00:00:09.584189,0.42532220516086766,0.6236719589154548,4,20,0.04187210951165973,0.24755803693127498,40,122,COMPLETE
259,259,0.8913043478260869,2023-08-15 12:16:04.048154,2023-08-15 12:16:16.928977,0 days 00:00:12.880823,0.22254479491190887,0.7026610503045817,4,20,0.030143907223426237,0.25013865084458364,40,173,COMPLETE
260,260,0.9130434782608695,2023-08-15 12:16:16.929409,2023-08-15 12:16:25.328075,0 days 00:00:08.398666,0.45649757750069786,0.5602872697619462,4,20,0.09171850988286606,0.2871756491099868,50,173,COMPLETE
261,261,0.8913043478260869,2023-08-15 12:16:25.328502,2023-08-15 12:16:36.980175,0 days 00:00:11.651673,0.39730906401508254,0.3624092860596695,4,19,0.025060381987215132,0.29491910226011403,40,178,COMPLETE
262,262,0.8478260869565217,2023-08-15 12:16:36.980599,2023-08-15 12:16:39.745416,0 days 00:00:02.764817,0.374532313569048,0.6893912464983969,4,5,0.04633603266023588,0.31582376683423874,60,128,COMPLETE
263,263,0.8913043478260869,2023-08-15 12:16:39.745861,2023-08-15 12:16:52.394002,0 days 00:00:12.648141,0.16064450940144792,0.5334317667246989,4,20,0.02812957153217726,0.2661244633105735,40,174,COMPLETE
264,264,0.8913043478260869,2023-08-15 12:16:52.394430,2023-08-15 12:17:09.836740,0 days 00:00:17.442310,0.30719826489343643,0.6523407146062581,4,20,0.02641899927223162,0.29891477385103754,40,176,COMPLETE
265,265,0.8913043478260869,2023-08-15 12:17:09.837179,2023-08-15 12:17:25.026966,0 days 00:00:15.189787,0.4160237469552395,0.5224885154848861,5,19,0.032115934158856795,0.28304417752027705,40,161,COMPLETE
266,266,0.9565217391304348,2023-08-15 12:17:25.027422,2023-08-15 12:17:36.134025,0 days 00:00:11.106603,0.34916979386293256,0.6176774978673086,4,20,0.029489567283436623,0.29084698330421216,40,165,COMPLETE
267,267,0.8913043478260869,2023-08-15 12:17:36.134451,2023-08-15 12:17:57.512174,0 days 00:00:21.377723,0.43823329861886606,0.6637612175941248,4,20,0.027596953199176672,0.3080982840485475,60,175,COMPLETE
268,268,0.9565217391304348,2023-08-15 12:17:57.512614,2023-08-15 12:18:06.873696,0 days 00:00:09.361082,0.2779878328074675,0.5567195324668691,4,19,0.02657491137811014,0.23032361571807689,40,160,COMPLETE
269,269,0.8695652173913043,2023-08-15 12:18:06.874141,2023-08-15 12:18:22.468514,0 days 00:00:15.594373,0.5525409765142176,0.6347668383842123,4,20,0.0305557845078207,0.25512869946278227,50,163,COMPLETE
270,270,0.8695652173913043,2023-08-15 12:18:22.468955,2023-08-15 12:18:31.787113,0 days 00:00:09.318158,0.1848391200139578,0.5496123103858337,4,20,0.02898310999812308,0.27792171242298225,40,132,COMPLETE
271,271,0.8695652173913043,2023-08-15 12:18:31.787817,2023-08-15 12:18:40.625293,0 days 00:00:08.837476,0.14084834994200016,0.5649974780330075,4,19,0.033147290363177345,0.239985126211966,40,148,COMPLETE
272,272,0.9565217391304348,2023-08-15 12:18:40.625732,2023-08-15 12:18:50.396302,0 days 00:00:09.770570,0.40734551375332645,0.5102368480852812,4,20,0.04359419387559979,0.26279091222380313,40,173,COMPLETE
273,273,0.8260869565217391,2023-08-15 12:18:50.396735,2023-08-15 12:18:56.719503,0 days 00:00:06.322768,0.38872167168780425,0.6807267985216093,4,7,0.036133498845725115,0.29334502807118246,60,168,COMPLETE
274,274,0.9782608695652174,2023-08-15 12:18:56.719931,2023-08-15 12:19:08.969471,0 days 00:00:12.249540,0.25290294775638084,0.5432513452036117,4,18,0.025068503276354445,0.32024560300404936,40,179,COMPLETE
275,275,0.9782608695652174,2023-08-15 12:19:08.969911,2023-08-15 12:19:18.184709,0 days 00:00:09.214798,0.24577536373990455,0.5212992824876906,4,18,0.02506553913190741,0.31771042014064826,40,179,COMPLETE
276,276,0.8913043478260869,2023-08-15 12:19:18.185144,2023-08-15 12:19:30.442859,0 days 00:00:12.257715,0.17446007170776712,0.5311893591625018,4,18,0.02556384539891621,0.3177339248589669,40,178,COMPLETE
277,277,0.8695652173913043,2023-08-15 12:19:30.443297,2023-08-15 12:19:46.052671,0 days 00:00:15.609374,0.258387973683778,0.5167169394984124,4,18,0.025059590100450314,0.32274618018820134,50,179,COMPLETE
278,278,0.8478260869565217,2023-08-15 12:19:46.053106,2023-08-15 12:19:59.908591,0 days 00:00:13.855485,0.2359533745664862,0.5284627859520361,4,18,0.026300968747265622,0.3259121055703146,40,177,COMPLETE
279,279,0.8478260869565217,2023-08-15 12:19:59.909030,2023-08-15 12:20:15.594154,0 days 00:00:15.685124,0.2391533658176237,0.5082102263622957,4,18,0.025044594146641307,0.31497096761437626,60,179,COMPLETE
280,280,0.9347826086956522,2023-08-15 12:20:15.594587,2023-08-15 12:20:26.378327,0 days 00:00:10.783740,0.21198468232482484,0.5431335249591535,4,18,0.026653015473819503,0.32055722383844454,40,180,COMPLETE
281,281,0.9130434782608695,2023-08-15 12:20:26.378763,2023-08-15 12:20:36.764384,0 days 00:00:10.385621,0.2705121757622148,0.4942164359620094,4,17,0.027869455750401367,0.21972213705884433,40,179,COMPLETE
282,282,0.9130434782608695,2023-08-15 12:20:36.764818,2023-08-15 12:20:48.522362,0 days 00:00:11.757544,0.24378506232945973,0.6588475312890445,4,18,0.026608478098469664,0.30979912606831855,40,178,COMPLETE
283,283,0.8478260869565217,2023-08-15 12:20:48.522790,2023-08-15 12:21:02.283506,0 days 00:00:13.760716,0.28711616579554916,0.5416143707402392,4,18,0.03141118714974267,0.3243002057818238,40,176,COMPLETE
284,284,0.9130434782608695,2023-08-15 12:21:02.283970,2023-08-15 12:21:14.057327,0 days 00:00:11.773357,0.20424305423877703,0.5238420187132675,4,19,0.039382107581126216,0.31069940649559447,60,180,COMPLETE
285,285,0.8913043478260869,2023-08-15 12:21:14.057767,2023-08-15 12:21:26.407273,0 days 00:00:12.349506,0.25126824860152097,0.6466357458443309,4,19,0.029198838070154547,0.3280928025217823,40,135,COMPLETE
286,286,0.9782608695652174,2023-08-15 12:21:26.407712,2023-08-15 12:21:38.256356,0 days 00:00:11.848644,0.22056799187626325,0.7024815489407793,4,18,0.02500082382864743,0.26772235163019065,50,130,COMPLETE
287,287,0.9130434782608695,2023-08-15 12:21:38.256798,2023-08-15 12:21:50.217616,0 days 00:00:11.960818,0.23305571811505857,0.6780274912231178,4,18,0.025028891249944195,0.26924753107169835,50,129,COMPLETE
288,288,0.8913043478260869,2023-08-15 12:21:50.218068,2023-08-15 12:22:04.810906,0 days 00:00:14.592838,0.21423593028994728,0.6969682170918663,4,18,0.047176250226963055,0.2740962234047271,50,177,COMPLETE
289,289,0.8478260869565217,2023-08-15 12:22:04.811345,2023-08-15 12:22:12.431918,0 days 00:00:07.620573,0.24996845500225395,0.7099590871207463,4,17,0.054396069180014696,0.2663509465208502,50,126,COMPLETE
290,290,0.9130434782608695,2023-08-15 12:22:12.432365,2023-08-15 12:22:22.856808,0 days 00:00:10.424443,0.19736118506748562,0.6668913726246515,4,18,0.02505351430440433,0.2596390836559303,50,132,COMPLETE
291,291,0.8695652173913043,2023-08-15 12:22:22.857246,2023-08-15 12:22:30.966330,0 days 00:00:08.109084,0.15650938282805865,0.7020680291997395,4,19,0.03440065220478283,0.23442286175004964,50,134,COMPLETE
292,292,0.9565217391304348,2023-08-15 12:22:30.966766,2023-08-15 12:22:42.003960,0 days 00:00:11.037194,0.26669497191745145,0.6875525125392323,4,17,0.026492926188360126,0.25268765059371845,50,131,COMPLETE
293,293,0.8478260869565217,2023-08-15 12:22:42.004395,2023-08-15 12:22:53.368650,0 days 00:00:11.364255,0.220971471242292,0.719275420271349,4,18,0.04241291775201395,0.2632532436159717,60,130,COMPLETE
294,294,0.8260869565217391,2023-08-15 12:22:53.369088,2023-08-15 12:22:59.350820,0 days 00:00:05.981732,0.29589528867132125,0.6306649366797265,4,14,0.04503731629895603,0.313532801999281,50,128,COMPLETE
295,295,0.9347826086956522,2023-08-15 12:22:59.351264,2023-08-15 12:23:09.576854,0 days 00:00:10.225590,0.6766861364930975,0.6098196369126827,4,19,0.037976612504880825,0.2727085948646016,40,175,COMPLETE
296,296,0.8913043478260869,2023-08-15 12:23:09.577298,2023-08-15 12:23:12.080663,0 days 00:00:02.503365,0.12924837960555494,0.5010792415953091,4,8,0.048281591559452004,0.3060675730612821,60,143,COMPLETE
297,297,0.8913043478260869,2023-08-15 12:23:12.081094,2023-08-15 12:23:23.810799,0 days 00:00:11.729705,0.33650661272065346,0.5402276886744586,4,19,0.028369433495862777,0.3183363933078937,40,176,COMPLETE
298,298,0.9565217391304348,2023-08-15 12:23:23.811235,2023-08-15 12:23:32.893934,0 days 00:00:09.082699,0.18543857523835233,0.6682104004814844,4,18,0.026397625373262158,0.2452434872806949,40,131,COMPLETE
299,299,0.8695652173913043,2023-08-15 12:23:32.894368,2023-08-15 12:23:38.587443,0 days 00:00:05.693075,0.36533534047089183,0.4423312254047286,4,19,0.06344398844376657,0.3008515794249611,40,133,COMPLETE
300,300,0.8888888888888888,2023-08-15 12:23:38.587885,2023-08-15 12:23:59.156310,0 days 00:00:20.568425,0.31918628326165926,0.6394744897747168,5,20,0.028072101079089428,0.260749311124373,60,174,COMPLETE
301,301,0.8666666666666667,2023-08-15 12:23:59.156756,2023-08-15 12:24:07.678273,0 days 00:00:08.521517,0.2592799860468973,0.5966826962130436,4,18,0.03027571857663392,0.2694778355377399,40,130,COMPLETE
302,302,0.9111111111111111,2023-08-15 12:24:07.678744,2023-08-15 12:24:21.851303,0 days 00:00:14.172559,0.16428999926660523,0.5243988693761372,4,20,0.02501709438601853,0.2576334360616454,50,177,COMPLETE
303,303,0.9777777777777777,2023-08-15 12:24:21.851754,2023-08-15 12:24:34.070051,0 days 00:00:12.218297,0.22620771329396622,0.6525428997391757,4,20,0.03280670867527263,0.32986246674903075,40,174,COMPLETE
304,304,0.8222222222222222,2023-08-15 12:24:34.070499,2023-08-15 12:24:48.943537,0 days 00:00:14.873038,0.22386843113241728,0.648146980538922,4,19,0.0331184264873574,0.33118866921513446,40,175,COMPLETE
305,305,0.9333333333333333,2023-08-15 12:24:48.943979,2023-08-15 12:25:04.963499,0 days 00:00:16.019520,0.2051592915600687,0.6552934036328678,4,17,0.03173617731119303,0.3198425613794027,40,175,COMPLETE
306,306,0.8666666666666667,2023-08-15 12:25:04.963941,2023-08-15 12:25:24.442526,0 days 00:00:19.478585,0.22854987785551953,0.6732349805180528,4,20,0.03520359266992598,0.3408820111179332,60,173,COMPLETE
307,307,0.9111111111111111,2023-08-15 12:25:24.442970,2023-08-15 12:25:38.461713,0 days 00:00:14.018743,0.244929010296417,0.6190940382872686,4,20,0.03579441255274411,0.3059138331704509,40,178,COMPLETE
308,308,0.9555555555555556,2023-08-15 12:25:38.462163,2023-08-15 12:25:48.325769,0 days 00:00:09.863606,0.21521080321110647,0.6359745931586442,4,19,0.03235235964816182,0.313637438624083,40,174,COMPLETE
309,309,0.9777777777777777,2023-08-15 12:25:48.326228,2023-08-15 12:26:01.316381,0 days 00:00:12.990153,0.14542515873674372,0.6864486245541509,4,20,0.029540022794379752,0.30890379150243846,50,176,COMPLETE
310,310,1.0,2023-08-15 12:26:01.316814,2023-08-15 12:26:12.415447,0 days 00:00:11.098633,0.1154869860870914,0.6801772144004206,4,20,0.03334614349507409,0.3088765661084517,50,176,COMPLETE
311,311,0.9111111111111111,2023-08-15 12:26:12.415888,2023-08-15 12:26:28.025813,0 days 00:00:15.609925,0.1433369434946728,0.7015477861506765,4,20,0.033854909792017954,0.3108455680919123,50,176,COMPLETE
312,312,0.8666666666666667,2023-08-15 12:26:28.026270,2023-08-15 12:26:43.842927,0 days 00:00:15.816657,0.11405345235216865,0.6811669002427627,4,20,0.030790620048822277,0.30918730485115004,50,177,COMPLETE
313,313,0.9111111111111111,2023-08-15 12:26:43.843366,2023-08-15 12:27:01.635558,0 days 00:00:17.792192,0.12921363862142698,0.6907542361385143,4,20,0.029706122618892633,0.3058405146380451,50,178,COMPLETE
314,314,0.9333333333333333,2023-08-15 12:27:01.636017,2023-08-15 12:27:17.179006,0 days 00:00:15.542989,0.46337328371436853,0.6945474622165589,3,20,0.03359194552100835,0.30198176084678247,50,176,COMPLETE
315,315,0.9555555555555556,2023-08-15 12:27:17.179449,2023-08-15 12:27:32.234591,0 days 00:00:15.055142,0.11107411727144545,0.6873591718284513,4,20,0.02716401202438453,0.31612288780306824,50,179,COMPLETE
316,316,0.8666666666666667,2023-08-15 12:27:32.235056,2023-08-15 12:27:44.126814,0 days 00:00:11.891758,0.27566926040857226,0.7240375454556791,4,17,0.05814239886576329,0.3114402018343826,50,174,COMPLETE
317,317,0.9777777777777777,2023-08-15 12:27:44.127255,2023-08-15 12:27:55.818205,0 days 00:00:11.690950,0.10485285140331245,0.6739578023198527,4,20,0.02911626427275888,0.3028809358742331,50,175,COMPLETE
318,318,0.9111111111111111,2023-08-15 12:27:55.818658,2023-08-15 12:28:17.728860,0 days 00:00:21.910202,0.2382933735483839,0.7060723002400087,4,20,0.03146540371292113,0.32924699202063556,60,177,COMPLETE
319,319,0.9111111111111111,2023-08-15 12:28:17.729311,2023-08-15 12:28:29.025546,0 days 00:00:11.296235,0.48184204312568013,0.3194018246520077,4,20,0.037074877691550684,0.3138144239943683,60,174,COMPLETE
320,320,0.8888888888888888,2023-08-15 12:28:29.026001,2023-08-15 12:28:34.642605,0 days 00:00:05.616604,0.1271027214224188,0.659963435296363,4,20,0.07818044033743976,0.2990806385264024,40,180,COMPLETE
