,number,value,datetime_start,datetime_complete,duration,params_cross_ind_prob,params_cross_prob,params_cv,params_max_features,params_muta_ind_prob,params_muta_prob,params_n_gens,params_n_population,state
1072,1072,0.8,2023-08-15 14:37:08.692507,2023-08-15 14:37:17.763927,0 days 00:00:09.071420,0.23437763536563916,0.6712162430197838,4,20,0.06482244896425557,0.26723713817410744,40,153,COMPLETE
1073,1073,0.8666666666666667,2023-08-15 14:37:17.764563,2023-08-15 14:37:29.329940,0 days 00:00:11.565377,0.501908033618874,0.5112058256820391,4,20,0.027301620349459852,0.16426603577194726,60,171,COMPLETE
1074,1074,0.8222222222222222,2023-08-15 14:37:29.330581,2023-08-15 14:37:35.606982,0 days 00:00:06.276401,0.25688241384195154,0.579302666444887,4,12,0.03374755817639199,0.28028443398527886,50,156,COMPLETE
1075,1075,0.8666666666666667,2023-08-15 14:37:35.607611,2023-08-15 14:37:48.975258,0 days 00:00:13.367647,0.4399155384379651,0.7995062232999036,4,19,0.06204181620272636,0.17762053427296717,40,175,COMPLETE
1076,1076,0.9555555555555556,2023-08-15 14:37:48.975877,2023-08-15 14:38:04.374635,0 days 00:00:15.398758,0.6694035852725038,0.6868917643799546,5,20,0.02819356782005166,0.3123258413078796,40,161,COMPLETE
1077,1077,0.8888888888888888,2023-08-15 14:38:04.375268,2023-08-15 14:38:16.862870,0 days 00:00:12.487602,0.1319602108291416,0.6392041800580284,4,20,0.04636813810582367,0.22514617599889986,60,165,COMPLETE
1078,1078,0.8,2023-08-15 14:38:16.863497,2023-08-15 14:38:26.729966,0 days 00:00:09.866469,0.3780088106532416,0.23214561651312637,4,18,0.03814399615375976,0.33989875501606465,40,174,COMPLETE
1079,1079,0.7555555555555555,2023-08-15 14:38:26.730593,2023-08-15 14:38:32.686508,0 days 00:00:05.955915,0.3240508158899573,0.2910186839045196,4,19,0.05176293035807011,0.15889837017031735,40,169,COMPLETE
1080,1080,0.7777777777777778,2023-08-15 14:38:32.687130,2023-08-15 14:38:44.469974,0 days 00:00:11.782844,0.47626158624496273,0.7057520323045985,5,20,0.09151602696737392,0.28634213232900213,60,178,COMPLETE
1081,1081,0.8,2023-08-15 14:38:44.470619,2023-08-15 14:38:53.860193,0 days 00:00:09.389574,0.5839964107676088,0.5394192336995631,3,20,0.03023620682331187,0.27170192149075717,40,154,COMPLETE
1082,1082,0.8,2023-08-15 14:38:53.860862,2023-08-15 14:39:00.403729,0 days 00:00:06.542867,0.20327162132849477,0.6089925417891687,4,20,0.08953417614935882,0.25015002262686226,50,162,COMPLETE
1083,1083,0.7555555555555555,2023-08-15 14:39:00.404362,2023-08-15 14:39:05.884601,0 days 00:00:05.480239,0.3992919587925946,0.5531245420888627,4,17,0.07785012226368587,0.24054813802041478,60,160,COMPLETE
1084,1084,0.7777777777777778,2023-08-15 14:39:05.885281,2023-08-15 14:39:12.515908,0 days 00:00:06.630627,0.33623035545507735,0.2442671979860864,4,19,0.04820089315077952,0.16799700639388365,40,176,COMPLETE
1085,1085,0.8666666666666667,2023-08-15 14:39:12.516522,2023-08-15 14:39:31.423637,0 days 00:00:18.907115,0.6360007165971814,0.7423206457316339,4,20,0.0390288716711734,0.30476036976886217,40,167,COMPLETE
1086,1086,0.8222222222222222,2023-08-15 14:39:31.424296,2023-08-15 14:39:52.738675,0 days 00:00:21.314379,0.30151872978132777,0.6574067209447226,5,20,0.03200917804613813,0.2777015950610286,60,174,COMPLETE
1087,1087,0.8222222222222222,2023-08-15 14:39:52.739306,2023-08-15 14:39:58.703976,0 days 00:00:05.964670,0.6805405616358207,0.45272534339896203,4,19,0.06913809316872474,0.25575996991442507,40,151,COMPLETE
1088,1088,0.8222222222222222,2023-08-15 14:39:58.704609,2023-08-15 14:40:11.807936,0 days 00:00:13.103327,0.22337056522161103,0.6242844415928512,4,20,0.029004034068377565,0.2936850191750984,40,173,COMPLETE
1089,1089,0.8222222222222222,2023-08-15 14:40:11.808594,2023-08-15 14:40:23.281341,0 days 00:00:11.472747,0.46321185073972904,0.48414140503392583,4,20,0.04093854062098296,0.22960793111615213,60,164,COMPLETE
1090,1090,0.7555555555555555,2023-08-15 14:40:23.281963,2023-08-15 14:40:35.604955,0 days 00:00:12.322992,0.5636497617979924,0.588949953707168,5,18,0.03419286984424575,0.21960609234853318,40,155,COMPLETE
1091,1091,0.8222222222222222,2023-08-15 14:40:35.605587,2023-08-15 14:40:42.030194,0 days 00:00:06.424607,0.17620506587248555,0.7600890772738437,4,19,0.09355358191471172,0.18899613170214785,50,170,COMPLETE
1092,1092,0.8,2023-08-15 14:40:42.030822,2023-08-15 14:40:48.441111,0 days 00:00:06.410289,0.5455663276267937,0.2548703721054072,4,20,0.06037763155423148,0.2594735338966659,40,177,COMPLETE
1093,1093,0.7555555555555555,2023-08-15 14:40:48.441739,2023-08-15 14:40:58.546046,0 days 00:00:10.104307,0.1474646551179884,0.5718424371400236,4,20,0.06689502765889847,0.24593075615282162,60,180,COMPLETE
1094,1094,0.9333333333333333,2023-08-15 14:40:58.546681,2023-08-15 14:41:10.984353,0 days 00:00:12.437672,0.7469352401543343,0.7807630407606443,4,20,0.05393556943512761,0.3299270180822046,40,153,COMPLETE
1095,1095,0.8444444444444444,2023-08-15 14:41:10.984991,2023-08-15 14:41:27.062722,0 days 00:00:16.077731,0.5167629343234669,0.6794102451502935,5,19,0.07420723233058361,0.3156159786582349,60,172,COMPLETE
1096,1096,0.8222222222222222,2023-08-15 14:41:27.063338,2023-08-15 14:41:37.178156,0 days 00:00:10.114818,0.12091300740904067,0.693636844069989,4,20,0.02761581262682061,0.23494840848197082,40,157,COMPLETE
1097,1097,0.7777777777777778,2023-08-15 14:41:37.178775,2023-08-15 14:41:40.969349,0 days 00:00:03.790574,0.5312272513201942,0.3370064250324421,4,20,0.08072595375586272,0.19669108626263368,40,160,COMPLETE
1098,1098,0.8888888888888888,2023-08-15 14:41:40.969977,2023-08-15 14:41:59.392983,0 days 00:00:18.423006,0.26708707082364125,0.7298629190070073,4,18,0.03592811167136864,0.30925348919260515,60,175,COMPLETE
1099,1099,0.8666666666666667,2023-08-15 14:41:59.393620,2023-08-15 14:42:08.152439,0 days 00:00:08.758819,0.27975846101540375,0.3684401240554178,4,19,0.03135500558523107,0.28874484301235176,40,168,COMPLETE
1100,1100,0.8260869565217391,2023-08-15 14:42:08.153381,2023-08-15 14:42:18.800256,0 days 00:00:10.646875,0.48949032468379794,0.5225608982234997,4,20,0.05689100018883318,0.29975885561171073,50,177,COMPLETE
1101,1101,0.9130434782608695,2023-08-15 14:42:18.800900,2023-08-15 14:42:29.791098,0 days 00:00:10.990198,0.6105981353295087,0.468485660158629,5,19,0.0458834711272395,0.2661385228306587,40,165,COMPLETE
1102,1102,0.9347826086956522,2023-08-15 14:42:29.791727,2023-08-15 14:42:41.079508,0 days 00:00:11.287781,0.41494667911490535,0.601842904384845,4,20,0.029846997161342193,0.20148014065333864,60,163,COMPLETE
1103,1103,0.8695652173913043,2023-08-15 14:42:41.080145,2023-08-15 14:42:54.151831,0 days 00:00:13.071686,0.3848577082889296,0.7882896597636473,3,20,0.041964569684668475,0.20977208226591917,40,158,COMPLETE
1104,1104,0.8043478260869565,2023-08-15 14:42:54.152465,2023-08-15 14:42:59.807454,0 days 00:00:05.654989,0.10049973005830203,0.6350891440257805,4,18,0.06381453169304023,0.15390594294429605,40,179,COMPLETE
1105,1105,0.8913043478260869,2023-08-15 14:42:59.808098,2023-08-15 14:43:11.417205,0 days 00:00:11.609107,0.24497449313573108,0.31723133422931904,5,20,0.033245251002697485,0.29624905615254354,60,152,COMPLETE
1106,1106,0.8043478260869565,2023-08-15 14:43:11.417868,2023-08-15 14:43:16.711391,0 days 00:00:05.293523,0.3649215428624426,0.3499235551988747,4,20,0.08475652990339311,0.28186190634868175,40,172,COMPLETE
1107,1107,0.8478260869565217,2023-08-15 14:43:16.712305,2023-08-15 14:43:31.113666,0 days 00:00:14.401361,0.5734424940029234,0.6640031635524949,4,19,0.04433819280750268,0.1803451034592217,60,162,COMPLETE
1108,1108,0.7608695652173914,2023-08-15 14:43:31.114319,2023-08-15 14:43:36.581860,0 days 00:00:05.467541,0.19895396732738288,0.5564320172872926,4,17,0.08310560174987933,0.2925912401145189,40,175,COMPLETE
1109,1109,0.9347826086956522,2023-08-15 14:43:36.582509,2023-08-15 14:43:45.502488,0 days 00:00:08.919979,0.44322864929082084,0.42127689264688845,4,20,0.059328514136035626,0.3176823352226475,50,171,COMPLETE
1110,1110,0.8695652173913043,2023-08-15 14:43:45.503122,2023-08-15 14:43:50.360684,0 days 00:00:04.857562,0.13676015529198182,0.22186404519333994,5,20,0.05063571603135082,0.27625348576112413,40,173,COMPLETE
1111,1111,0.8913043478260869,2023-08-15 14:43:50.361318,2023-08-15 14:43:59.081374,0 days 00:00:08.720056,0.5080317602890514,0.4333468932924407,4,19,0.03917242087003805,0.30393427917480254,60,156,COMPLETE
1112,1112,0.9130434782608695,2023-08-15 14:43:59.082009,2023-08-15 14:44:06.588725,0 days 00:00:07.506716,0.34110446040921333,0.4083763538620252,4,20,0.027374576154056484,0.2432232079262185,40,159,COMPLETE
1113,1113,0.9347826086956522,2023-08-15 14:44:06.589362,2023-08-15 14:44:11.999831,0 days 00:00:05.410469,0.16418370865723286,0.7214669786157014,4,20,0.09801210068970373,0.2854624939917026,40,140,COMPLETE
1114,1114,0.9782608695652174,2023-08-15 14:44:12.000467,2023-08-15 14:44:21.294790,0 days 00:00:09.294323,0.18627225515741913,0.5088192238613343,4,18,0.03731094532671168,0.17335035630841106,60,176,COMPLETE
1115,1115,0.8913043478260869,2023-08-15 14:44:21.295439,2023-08-15 14:44:38.608927,0 days 00:00:17.313488,0.47904674133863157,0.7076317227484334,5,20,0.029218465915149774,0.2523109093392999,40,154,COMPLETE
1116,1116,0.8913043478260869,2023-08-15 14:44:38.609546,2023-08-15 14:44:46.124584,0 days 00:00:07.515038,0.5535247752413325,0.5385323326952943,4,19,0.09474873241691487,0.32469989567726115,40,178,COMPLETE
1117,1117,0.8043478260869565,2023-08-15 14:44:46.125214,2023-08-15 14:44:52.152411,0 days 00:00:06.027197,0.11395979213544775,0.6474993327529208,4,20,0.08745782519580644,0.2606918044554159,60,150,COMPLETE
1118,1118,0.8478260869565217,2023-08-15 14:44:52.153044,2023-08-15 14:45:02.057426,0 days 00:00:09.904382,0.30379683857546624,0.6164567089440361,4,20,0.07555173608330941,0.23807210781034396,50,176,COMPLETE
1119,1119,0.7608695652173914,2023-08-15 14:45:02.058068,2023-08-15 14:45:09.204367,0 days 00:00:07.146299,0.7923434488958692,0.28063095844706093,5,18,0.048129838373209916,0.2894120149865746,40,136,COMPLETE
1120,1120,0.8260869565217391,2023-08-15 14:45:09.205053,2023-08-15 14:45:14.675196,0 days 00:00:05.470143,0.4256816314700915,0.20413078960712894,4,19,0.03510042139225316,0.16203344971958816,60,152,COMPLETE
1121,1121,0.782608695652174,2023-08-15 14:45:14.675881,2023-08-15 14:45:20.791014,0 days 00:00:06.115133,0.5275276548029328,0.5821429494963788,4,7,0.031001179823549687,0.30760071436845926,40,170,COMPLETE
1122,1122,0.8478260869565217,2023-08-15 14:45:20.791643,2023-08-15 14:45:35.020217,0 days 00:00:14.228574,0.6571090565422238,0.7406460605342895,4,16,0.03275264475948116,0.2701320549631985,40,174,COMPLETE
1123,1123,0.8913043478260869,2023-08-15 14:45:35.021176,2023-08-15 14:45:40.483025,0 days 00:00:05.461849,0.2233389220256916,0.3946432600739299,4,20,0.06246905154014157,0.29791351543597194,60,155,COMPLETE
1124,1124,0.8260869565217391,2023-08-15 14:45:40.483639,2023-08-15 14:45:45.432302,0 days 00:00:04.948663,0.465160735838793,0.4920111536438847,3,17,0.08951871423560936,0.15785826882832982,40,166,COMPLETE
1125,1125,0.9130434782608695,2023-08-15 14:45:45.433008,2023-08-15 14:46:00.796510,0 days 00:00:15.363502,0.7444806692076251,0.6765171075835366,5,20,0.02712724807490466,0.22821827677691728,40,164,COMPLETE
1126,1126,0.8913043478260869,2023-08-15 14:46:00.797144,2023-08-15 14:46:24.646959,0 days 00:00:23.849815,0.3976366821974764,0.7564443944779272,4,20,0.028775711766726962,0.31277523880776115,50,177,COMPLETE
1127,1127,0.8043478260869565,2023-08-15 14:46:24.647619,2023-08-15 14:46:31.408613,0 days 00:00:06.760994,0.5924801471601545,0.45417257456493615,4,19,0.055851619469772,0.2488648874602022,60,153,COMPLETE
1128,1128,0.8913043478260869,2023-08-15 14:46:31.409240,2023-08-15 14:46:36.177283,0 days 00:00:04.768043,0.7134275766835027,0.35447382307153524,4,20,0.03604273476130344,0.22287549305638527,40,161,COMPLETE
1129,1129,0.8478260869565217,2023-08-15 14:46:36.177938,2023-08-15 14:46:39.680203,0 days 00:00:03.502265,0.14595745547702063,0.26548905569090997,4,18,0.05280669147642937,0.21772066753997305,40,173,COMPLETE
1130,1130,0.9130434782608695,2023-08-15 14:46:39.680827,2023-08-15 14:47:01.804517,0 days 00:00:22.123690,0.5031910477901825,0.5614783931088042,5,19,0.030689329966602053,0.3018583667175744,60,175,COMPLETE
1131,1131,0.8043478260869565,2023-08-15 14:47:01.805145,2023-08-15 14:47:12.023817,0 days 00:00:10.218672,0.31549517717745423,0.7159423841775896,4,20,0.07709323463351511,0.1842937809726708,40,158,COMPLETE
1132,1132,0.8043478260869565,2023-08-15 14:47:12.024459,2023-08-15 14:47:28.115255,0 days 00:00:16.090796,0.21158332889234446,0.6912784712073965,4,20,0.04258740135949691,0.2322928093286284,60,162,COMPLETE
1133,1133,0.717391304347826,2023-08-15 14:47:28.115901,2023-08-15 14:47:35.405986,0 days 00:00:07.290085,0.5395169344981362,0.6577934383610587,4,19,0.03431802868934632,0.20613381907770548,40,121,COMPLETE
1134,1134,0.9130434782608695,2023-08-15 14:47:35.406628,2023-08-15 14:47:47.532683,0 days 00:00:12.126055,0.2563629205992178,0.5950936115300733,4,20,0.027293743334760145,0.19203758296471238,40,171,COMPLETE
1135,1135,0.782608695652174,2023-08-15 14:47:47.533325,2023-08-15 14:47:58.404038,0 days 00:00:10.870713,0.3560923815823257,0.2977015005990178,5,20,0.06557619697619876,0.29504990769031136,50,168,COMPLETE
1136,1136,0.8695652173913043,2023-08-15 14:47:58.404664,2023-08-15 14:48:05.370584,0 days 00:00:06.965920,0.12395714640197902,0.6260771367107478,4,18,0.06777763348535834,0.32181684323246046,60,176,COMPLETE
1137,1137,0.8913043478260869,2023-08-15 14:48:05.371221,2023-08-15 14:48:11.529004,0 days 00:00:06.157783,0.17410736861106096,0.5683561691558054,4,20,0.045032208831608855,0.2900275663768408,40,174,COMPLETE
1138,1138,0.8913043478260869,2023-08-15 14:48:11.529655,2023-08-15 14:48:21.457218,0 days 00:00:09.927563,0.2953543021394909,0.7699684032110551,4,19,0.08197395703905219,0.24283276851570035,40,163,COMPLETE
1139,1139,0.9347826086956522,2023-08-15 14:48:21.457856,2023-08-15 14:48:41.570390,0 days 00:00:20.112534,0.45116272820250075,0.697899793452306,5,20,0.0398187990420818,0.26474699747449176,60,179,COMPLETE
1140,1140,0.8478260869565217,2023-08-15 14:48:41.571030,2023-08-15 14:48:48.653502,0 days 00:00:07.082472,0.490600762810691,0.4767923154117706,4,20,0.04702020968439815,0.21172038733696785,40,157,COMPLETE
1141,1141,0.8913043478260869,2023-08-15 14:48:48.654151,2023-08-15 14:48:59.225241,0 days 00:00:10.571090,0.5640278245589936,0.5329068012545655,4,20,0.03289305183992878,0.19566007739755256,40,159,COMPLETE
1142,1142,0.9130434782608695,2023-08-15 14:48:59.225886,2023-08-15 14:49:10.251480,0 days 00:00:11.025594,0.4307547065325603,0.7886133008676519,3,19,0.07030655989571645,0.28279313717976223,60,172,COMPLETE
1143,1143,0.9130434782608695,2023-08-15 14:49:10.252130,2023-08-15 14:49:20.537037,0 days 00:00:10.284907,0.15933838845565007,0.6395190112596447,4,20,0.04313984777754912,0.1678099372645786,40,177,COMPLETE
1144,1144,0.8695652173913043,2023-08-15 14:49:20.537683,2023-08-15 14:49:34.221248,0 days 00:00:13.683565,0.7651655882773541,0.6737052010500874,4,19,0.029325722865939444,0.27296005435245285,50,178,COMPLETE
1145,1145,0.8043478260869565,2023-08-15 14:49:34.221923,2023-08-15 14:49:45.894681,0 days 00:00:11.672758,0.5171111337149982,0.5456012271240313,5,20,0.04971962797045922,0.27634777384349596,60,154,COMPLETE
1146,1146,0.7391304347826086,2023-08-15 14:49:45.895357,2023-08-15 14:49:49.196406,0 days 00:00:03.301049,0.2743853060140747,0.6015732782843429,4,6,0.02681600356554789,0.2865267823934382,40,164,COMPLETE
1147,1147,0.782608695652174,2023-08-15 14:49:49.197048,2023-08-15 14:49:51.410346,0 days 00:00:02.213298,0.1908995615779917,0.3252130669672522,4,10,0.06109905827181747,0.2545045759644109,40,167,COMPLETE
1148,1148,0.9347826086956522,2023-08-15 14:49:51.411039,2023-08-15 14:49:58.166105,0 days 00:00:06.755066,0.11272491369202665,0.5038875363534667,4,20,0.03742444100252272,0.24637583482065428,60,165,COMPLETE
1149,1149,0.8260869565217391,2023-08-15 14:49:58.166749,2023-08-15 14:50:06.058234,0 days 00:00:07.891485,0.4061088292402498,0.5153369071747055,5,18,0.07155183255876171,0.30727439475682566,40,160,COMPLETE
1150,1150,0.8,2023-08-15 14:50:06.058890,2023-08-15 14:50:21.048661,0 days 00:00:14.989771,0.3324900274968178,0.7319666900099128,4,20,0.03136627654942705,0.29352173590733704,40,156,COMPLETE
1151,1151,0.7333333333333333,2023-08-15 14:50:21.049313,2023-08-15 14:50:24.750020,0 days 00:00:03.700707,0.5745244487060561,0.30917503016836767,4,11,0.09591741199627164,0.3340362389063218,60,174,COMPLETE
1152,1152,0.7333333333333333,2023-08-15 14:50:24.750861,2023-08-15 14:50:31.224901,0 days 00:00:06.474040,0.5490560329625758,0.6135911921304603,4,12,0.028476020356179223,0.17446454288276236,50,151,COMPLETE
1153,1153,0.8666666666666667,2023-08-15 14:50:31.225529,2023-08-15 14:50:34.588840,0 days 00:00:03.363311,0.12971743211382677,0.3423287112964163,4,19,0.08271015136507293,0.32822592910851167,40,175,COMPLETE
1154,1154,0.8888888888888888,2023-08-15 14:50:34.589475,2023-08-15 14:50:41.559028,0 days 00:00:06.969553,0.6216493728749747,0.3868565699494873,5,17,0.05870376597504489,0.3003903922224566,40,173,COMPLETE
1155,1155,0.8444444444444444,2023-08-15 14:50:41.559671,2023-08-15 14:50:50.472467,0 days 00:00:08.912796,0.2882980600747693,0.3769487682676972,4,20,0.04127138928562317,0.18228278589447583,60,155,COMPLETE
1156,1156,0.9333333333333333,2023-08-15 14:50:50.473118,2023-08-15 14:50:58.860632,0 days 00:00:08.387514,0.23263917277390728,0.4438139762642097,4,20,0.03603820515520239,0.25780454765778993,40,161,COMPLETE
1157,1157,0.8666666666666667,2023-08-15 14:50:58.861268,2023-08-15 14:51:07.238273,0 days 00:00:08.377005,0.38532290324000884,0.5736353640469117,4,19,0.03233780629343416,0.18945782235976755,60,170,COMPLETE
1158,1158,0.8,2023-08-15 14:51:07.238911,2023-08-15 14:51:12.984362,0 days 00:00:05.745451,0.1002462531917848,0.40037246869285875,4,20,0.05428337175764981,0.2354793487389563,40,176,COMPLETE
1159,1159,0.9777777777777777,2023-08-15 14:51:12.985012,2023-08-15 14:51:26.248294,0 days 00:00:13.263282,0.6507470232363817,0.7056574892624288,5,20,0.06327745904899555,0.31808809578656394,40,148,COMPLETE
1160,1160,0.9111111111111111,2023-08-15 14:51:26.248946,2023-08-15 14:51:29.684040,0 days 00:00:03.435094,0.7179092957068464,0.2786635652967346,4,19,0.07920631210396299,0.2794757293947618,60,153,COMPLETE
1161,1161,0.8444444444444444,2023-08-15 14:51:29.684698,2023-08-15 14:51:45.195204,0 days 00:00:15.510506,0.5253220587738957,0.7446982788713173,4,18,0.030183704064136094,0.1650057455207923,50,178,COMPLETE
1162,1162,1.0,2023-08-15 14:51:45.195839,2023-08-15 14:52:00.564608,0 days 00:00:15.368769,0.5028368032071929,0.6838689499668945,4,20,0.03404445585063327,0.2625245748135689,40,169,COMPLETE
1163,1163,0.7555555555555555,2023-08-15 14:52:00.565253,2023-08-15 14:52:11.084326,0 days 00:00:10.519073,0.47928390044499003,0.6516997424865068,4,20,0.05195997620738344,0.27043797568997036,40,154,COMPLETE
1164,1164,0.8888888888888888,2023-08-15 14:52:11.084972,2023-08-15 14:52:27.545531,0 days 00:00:16.460559,0.37205587800636003,0.5887202157420647,3,20,0.02672294725665366,0.3105980573752258,60,174,COMPLETE
1165,1165,0.8,2023-08-15 14:52:27.546177,2023-08-15 14:52:40.000197,0 days 00:00:12.454020,0.599029642799916,0.6657339344131232,5,18,0.0442150611651641,0.15473417141297763,40,171,COMPLETE
1166,1166,0.8444444444444444,2023-08-15 14:52:40.000843,2023-08-15 14:52:44.649004,0 days 00:00:04.648161,0.20645784902146164,0.5251953403468481,4,20,0.09390337982373412,0.29628206392993656,40,162,COMPLETE
1167,1167,0.8888888888888888,2023-08-15 14:52:44.649707,2023-08-15 14:52:55.216072,0 days 00:00:10.566365,0.41881915625979493,0.2535312431589027,4,19,0.038820868413213715,0.34782918582596184,60,172,COMPLETE
1168,1168,0.8888888888888888,2023-08-15 14:52:55.216708,2023-08-15 14:52:59.001996,0 days 00:00:03.785288,0.4608319572579017,0.42214257354536966,4,20,0.07296899649337488,0.24011322336370053,40,152,COMPLETE
1169,1169,0.8444444444444444,2023-08-15 14:52:59.002629,2023-08-15 14:53:07.299254,0 days 00:00:08.296625,0.17300966631781167,0.24479253316583802,5,20,0.04891429254512079,0.19897655345139595,60,166,COMPLETE
1170,1170,0.9111111111111111,2023-08-15 14:53:07.299895,2023-08-15 14:53:21.721114,0 days 00:00:14.421219,0.14438145751112974,0.46258326753941803,4,19,0.028502066821464733,0.3039002547419628,50,177,COMPLETE
1171,1171,0.8444444444444444,2023-08-15 14:53:21.721759,2023-08-15 14:53:29.780905,0 days 00:00:08.059146,0.32752601570545425,0.629180797106501,4,18,0.0461079128589009,0.2896015753576806,40,159,COMPLETE
1172,1172,0.9111111111111111,2023-08-15 14:53:29.781602,2023-08-15 14:53:41.460780,0 days 00:00:11.679178,0.4418195643604726,0.7168379145395817,4,20,0.03513388070925476,0.17921922382021227,40,175,COMPLETE
1173,1173,0.9555555555555556,2023-08-15 14:53:41.461461,2023-08-15 14:53:47.086371,0 days 00:00:05.624910,0.25375060118492493,0.36570204481857016,4,20,0.06429602551571699,0.28315334590108426,60,157,COMPLETE
1174,1174,0.9777777777777777,2023-08-15 14:53:47.087021,2023-08-15 14:54:10.221884,0 days 00:00:23.134863,0.542377459378201,0.7752826296913655,5,20,0.026467098675895084,0.20374159240594872,40,180,COMPLETE
1175,1175,0.9555555555555556,2023-08-15 14:54:10.222520,2023-08-15 14:54:20.049775,0 days 00:00:09.827255,0.31294477607458826,0.5490729643589636,4,19,0.032063984506802985,0.170552241959611,40,176,COMPLETE
1176,1176,0.9777777777777777,2023-08-15 14:54:20.050476,2023-08-15 14:54:39.611492,0 days 00:00:19.561016,0.5833724644072408,0.695451641250544,4,20,0.030178774263873366,0.3149066061966009,60,164,COMPLETE
1177,1177,0.8666666666666667,2023-08-15 14:54:39.612140,2023-08-15 14:54:46.236070,0 days 00:00:06.623930,0.2726253998449511,0.4884905096532821,4,17,0.06655706522602275,0.25218647111141707,40,173,COMPLETE
