,number,value,datetime_start,datetime_complete,duration,params_cross_ind_prob,params_cross_prob,params_cv,params_max_features,params_muta_ind_prob,params_muta_prob,params_n_gens,params_n_population,state
965,965,0.8478260869565217,2023-08-15 14:19:57.023283,2023-08-15 14:20:03.287498,0 days 00:00:06.264215,0.3743136827655399,0.4110401684674041,4,20,0.06607859969146096,0.23542862268055234,40,158,COMPLETE
966,966,0.8260869565217391,2023-08-15 14:20:03.288096,2023-08-15 14:20:12.134364,0 days 00:00:08.846268,0.10014296630808747,0.45982454624405866,5,19,0.0420292573570346,0.1584017957893546,60,160,COMPLETE
967,967,0.8043478260869565,2023-08-15 14:20:12.135001,2023-08-15 14:20:20.278166,0 days 00:00:08.143165,0.15125772888896225,0.7144555505503423,4,20,0.06458254226185924,0.2165995061480598,40,177,COMPLETE
968,968,0.9130434782608695,2023-08-15 14:20:20.278772,2023-08-15 14:20:31.958083,0 days 00:00:11.679311,0.3377682831867717,0.692918561097252,4,20,0.03269084029662437,0.1913361290593283,40,154,COMPLETE
969,969,0.8913043478260869,2023-08-15 14:20:31.958721,2023-08-15 14:20:43.580007,0 days 00:00:11.621286,0.258989398699202,0.6445299764352175,4,20,0.06946029884795234,0.18499645805337406,60,174,COMPLETE
970,970,0.8695652173913043,2023-08-15 14:20:43.580620,2023-08-15 14:20:58.180472,0 days 00:00:14.599852,0.5428976090019623,0.7244487080494297,4,19,0.029366386106717962,0.20471074512283224,40,177,COMPLETE
971,971,0.8478260869565217,2023-08-15 14:20:58.181069,2023-08-15 14:21:06.844372,0 days 00:00:08.663303,0.12939485596869243,0.6803280271274044,5,20,0.049599860874788834,0.15574639505015558,40,161,COMPLETE
972,972,0.9130434782608695,2023-08-15 14:21:06.844970,2023-08-15 14:21:21.127912,0 days 00:00:14.282942,0.4464505174878252,0.48349966129828514,4,19,0.036944870553008984,0.22687193985451357,60,163,COMPLETE
973,973,0.8478260869565217,2023-08-15 14:21:21.128524,2023-08-15 14:21:29.354549,0 days 00:00:08.226025,0.7314920747355516,0.6595096357543103,4,20,0.0455328474085413,0.17463756260376903,40,152,COMPLETE
974,974,0.8913043478260869,2023-08-15 14:21:29.355142,2023-08-15 14:21:37.222043,0 days 00:00:07.866901,0.5028649527176492,0.6016092366432855,3,20,0.0792900908707787,0.25592863224033857,60,175,COMPLETE
975,975,0.7608695652173914,2023-08-15 14:21:37.222667,2023-08-15 14:21:40.036132,0 days 00:00:02.813465,0.30582326811579413,0.2848121757378459,4,20,0.09061678345306258,0.19990186389408116,40,167,COMPLETE
976,976,0.9130434782608695,2023-08-15 14:21:40.036789,2023-08-15 14:21:47.354340,0 days 00:00:07.317551,0.2307416165732171,0.339234235414423,4,19,0.03988129318125711,0.23933268894960866,40,157,COMPLETE
977,977,0.8695652173913043,2023-08-15 14:21:47.354944,2023-08-15 14:22:05.339734,0 days 00:00:17.984790,0.41393143458488757,0.7378208580950181,5,20,0.03103181141365679,0.19160911011081067,60,162,COMPLETE
978,978,0.8913043478260869,2023-08-15 14:22:05.340386,2023-08-15 14:22:16.056602,0 days 00:00:10.716216,0.5666398300892539,0.7039129777813611,4,20,0.07161244221741768,0.24425974921354274,40,171,COMPLETE
979,979,0.8913043478260869,2023-08-15 14:22:16.057210,2023-08-15 14:22:28.183790,0 days 00:00:12.126580,0.5200370197354129,0.6328548882992344,4,20,0.04740326746722542,0.21955157172320605,40,173,COMPLETE
980,980,0.782608695652174,2023-08-15 14:22:28.184395,2023-08-15 14:22:35.798741,0 days 00:00:07.614346,0.6942150182713176,0.5130206414211427,4,19,0.07744039984109968,0.2329934681914738,60,176,COMPLETE
981,981,0.7391304347826086,2023-08-15 14:22:35.799330,2023-08-15 14:22:42.165555,0 days 00:00:06.366225,0.18843131908981747,0.46599439317714114,4,20,0.061704043867233375,0.1942790100045458,40,142,COMPLETE
982,982,0.8260869565217391,2023-08-15 14:22:42.166161,2023-08-15 14:22:53.845665,0 days 00:00:11.679504,0.5844980356040891,0.6204612277504388,5,20,0.054575586080793916,0.24924498233696826,40,156,COMPLETE
983,983,0.8913043478260869,2023-08-15 14:22:53.846310,2023-08-15 14:23:07.066347,0 days 00:00:13.220037,0.6146388587560693,0.4499879348183724,4,19,0.029385761015183746,0.25291864619233795,60,165,COMPLETE
984,984,0.7608695652173914,2023-08-15 14:23:07.066962,2023-08-15 14:23:12.657666,0 days 00:00:05.590704,0.4700578892045199,0.32673116977797134,4,20,0.06026184933514801,0.1645580733646675,40,150,COMPLETE
985,985,0.9347826086956522,2023-08-15 14:23:12.658289,2023-08-15 14:23:16.685133,0 days 00:00:04.026844,0.16292006226420797,0.3589482128839768,4,20,0.03423995806810732,0.157667587033782,60,153,COMPLETE
986,986,0.7608695652173914,2023-08-15 14:23:16.685746,2023-08-15 14:23:19.403451,0 days 00:00:02.717705,0.48638151589553874,0.222553217667946,5,11,0.053085194572157914,0.17118415308945958,40,178,COMPLETE
987,987,0.8478260869565217,2023-08-15 14:23:19.404057,2023-08-15 14:23:22.732511,0 days 00:00:03.328454,0.11762436254058167,0.3779619778741925,4,19,0.09292586657621894,0.19813278100197937,40,175,COMPLETE
988,988,0.8695652173913043,2023-08-15 14:23:22.733119,2023-08-15 14:23:44.549653,0 days 00:00:21.816534,0.3557247358661336,0.7877386322870841,4,20,0.03317211387050782,0.23648533526779203,60,174,COMPLETE
989,989,0.9565217391304348,2023-08-15 14:23:44.550291,2023-08-15 14:23:57.102512,0 days 00:00:12.552221,0.5339098131563388,0.6887075234208775,4,20,0.04420148282279496,0.2288664394667412,40,155,COMPLETE
990,990,0.8478260869565217,2023-08-15 14:23:57.103143,2023-08-15 14:24:07.173340,0 days 00:00:10.070197,0.2787881565003504,0.6728004237263661,4,19,0.03645979184348977,0.1802053052364359,40,172,COMPLETE
991,991,0.8478260869565217,2023-08-15 14:24:07.174013,2023-08-15 14:24:24.140461,0 days 00:00:16.966448,0.396883026375889,0.39110976001164466,5,20,0.04155191312044748,0.24692287409956556,60,176,COMPLETE
992,992,0.9565217391304348,2023-08-15 14:24:24.141078,2023-08-15 14:24:27.292633,0 days 00:00:03.151555,0.4594426250473843,0.21032568580727823,4,20,0.06702893511848013,0.18563073715185585,40,168,COMPLETE
993,993,0.8478260869565217,2023-08-15 14:24:27.293272,2023-08-15 14:24:34.969402,0 days 00:00:07.676130,0.13675913144141646,0.5912970153457953,4,20,0.04871432138514488,0.24050825320287722,40,164,COMPLETE
994,994,0.8478260869565217,2023-08-15 14:24:34.970039,2023-08-15 14:24:50.498363,0 days 00:00:15.528324,0.7201973973683277,0.49218772399842947,4,19,0.031101344186612555,0.3024836251998696,60,161,COMPLETE
995,995,0.9130434782608695,2023-08-15 14:24:50.498967,2023-08-15 14:25:01.787547,0 days 00:00:11.288580,0.688645435478602,0.7147806483808599,4,20,0.038656284912249955,0.17449512376283724,40,158,COMPLETE
996,996,0.8043478260869565,2023-08-15 14:25:01.788183,2023-08-15 14:25:06.393749,0 days 00:00:04.605566,0.21241556101220582,0.23656884528494693,5,19,0.07596830892151396,0.21566226637792354,60,151,COMPLETE
997,997,0.8478260869565217,2023-08-15 14:25:06.394365,2023-08-15 14:25:12.266332,0 days 00:00:05.871967,0.18072768271806755,0.2703262231825501,4,20,0.05147131411850439,0.1505055272997576,40,170,COMPLETE
998,998,0.8478260869565217,2023-08-15 14:25:12.266961,2023-08-15 14:25:25.297895,0 days 00:00:13.030934,0.5058993576252856,0.773363697349355,4,20,0.02887131096523423,0.1858271255854361,40,160,COMPLETE
999,999,0.8043478260869565,2023-08-15 14:25:25.298514,2023-08-15 14:25:36.958094,0 days 00:00:11.659580,0.301903477085034,0.7511226043514928,3,20,0.03526530489796332,0.16060300583805454,60,173,COMPLETE
1000,1000,0.9333333333333333,2023-08-15 14:25:36.958711,2023-08-15 14:25:47.177218,0 days 00:00:10.218507,0.556048082213557,0.6550382265984019,4,19,0.05786204797503869,0.2958892868113698,40,166,COMPLETE
1001,1001,0.9555555555555556,2023-08-15 14:25:47.177846,2023-08-15 14:25:56.181305,0 days 00:00:09.003459,0.3160902711276193,0.6178255808819858,5,20,0.03240331916417918,0.1955749305587107,40,154,COMPLETE
1002,1002,0.8222222222222222,2023-08-15 14:25:56.181929,2023-08-15 14:26:02.746019,0 days 00:00:06.564090,0.15538742465463695,0.6417177547398006,4,20,0.0812717383580692,0.22436336055940162,60,176,COMPLETE
1003,1003,0.8666666666666667,2023-08-15 14:26:02.746653,2023-08-15 14:26:19.705902,0 days 00:00:16.959249,0.43669078673422357,0.7995845439327612,4,20,0.04298177991752688,0.2532429203590307,40,174,COMPLETE
1004,1004,0.8888888888888888,2023-08-15 14:26:19.706523,2023-08-15 14:26:26.368592,0 days 00:00:06.662069,0.2554816599006714,0.4302201119980036,4,19,0.06405444151920381,0.16997725445222345,50,163,COMPLETE
1005,1005,0.9777777777777777,2023-08-15 14:26:26.369191,2023-08-15 14:26:31.235152,0 days 00:00:04.865961,0.336006781487489,0.4079201195421952,4,20,0.0403067376466745,0.25901826790192606,40,138,COMPLETE
1006,1006,0.9777777777777777,2023-08-15 14:26:31.235809,2023-08-15 14:26:37.696790,0 days 00:00:06.460981,0.5976997203531237,0.3075614611769205,5,20,0.02975934643461794,0.30635282418517307,60,159,COMPLETE
1007,1007,0.9111111111111111,2023-08-15 14:26:37.697395,2023-08-15 14:26:48.277139,0 days 00:00:10.579744,0.6423753760748799,0.5765163748844973,4,19,0.03411792733841817,0.24391678050834606,40,177,COMPLETE
1008,1008,0.9555555555555556,2023-08-15 14:26:48.277759,2023-08-15 14:27:02.301353,0 days 00:00:14.023594,0.4211339984695339,0.7005831149847876,4,20,0.04469983383894989,0.1550734358083747,60,153,COMPLETE
1009,1009,0.9333333333333333,2023-08-15 14:27:02.301978,2023-08-15 14:27:17.230261,0 days 00:00:14.928283,0.3770155526816319,0.7273305815290444,4,19,0.05628274334689512,0.232340885593417,40,178,COMPLETE
1010,1010,1.0,2023-08-15 14:27:17.230901,2023-08-15 14:27:27.737485,0 days 00:00:10.506584,0.19675413798200445,0.50734406586798,4,20,0.028541259010756097,0.30141826893420975,40,172,COMPLETE
1011,1011,0.9555555555555556,2023-08-15 14:27:27.738115,2023-08-15 14:27:44.447305,0 days 00:00:16.709190,0.7041673660547536,0.6064783075823131,5,20,0.04721368125938649,0.29310900326532113,60,175,COMPLETE
1012,1012,1.0,2023-08-15 14:27:44.447913,2023-08-15 14:27:59.877402,0 days 00:00:15.429489,0.574413422420581,0.6754169448808462,4,20,0.036037395372647385,0.21078384362653638,40,162,COMPLETE
1013,1013,0.9111111111111111,2023-08-15 14:27:59.878086,2023-08-15 14:28:05.980706,0 days 00:00:06.102620,0.7742738611713345,0.3466683790898375,4,19,0.037782047937021467,0.3119909688698427,40,171,COMPLETE
1014,1014,0.9333333333333333,2023-08-15 14:28:05.981319,2023-08-15 14:28:11.200629,0 days 00:00:05.219310,0.5389846993203109,0.39687560352740797,4,20,0.03133238965729341,0.20743240187533843,50,158,COMPLETE
1015,1015,0.9111111111111111,2023-08-15 14:28:11.201232,2023-08-15 14:28:15.871846,0 days 00:00:04.670614,0.520587084967101,0.37412260195366204,4,16,0.03021292531848409,0.15013852184736415,60,155,COMPLETE
1016,1016,0.8,2023-08-15 14:28:15.872451,2023-08-15 14:28:20.503353,0 days 00:00:04.630902,0.6654410336418268,0.25269896123428437,5,17,0.06202925510669936,0.280417371077833,40,165,COMPLETE
1017,1017,0.9333333333333333,2023-08-15 14:28:20.503957,2023-08-15 14:28:26.154611,0 days 00:00:05.650654,0.23923678238734153,0.7395802411626159,4,20,0.03334546816755032,0.16588628820933451,40,152,COMPLETE
1018,1018,0.7333333333333333,2023-08-15 14:28:26.155251,2023-08-15 14:28:29.728237,0 days 00:00:03.572986,0.478230333893417,0.288395326382698,3,19,0.07895858678740232,0.18050678092724448,60,174,COMPLETE
1019,1019,0.8888888888888888,2023-08-15 14:28:29.728855,2023-08-15 14:28:36.529436,0 days 00:00:06.800581,0.11092207743095707,0.7637108157566025,4,20,0.08326974601108839,0.2991410178621107,40,160,COMPLETE
1020,1020,0.9333333333333333,2023-08-15 14:28:36.530057,2023-08-15 14:28:49.331084,0 days 00:00:12.801027,0.49962008384909345,0.6856555282930711,4,20,0.0593112286965618,0.2371930122902216,60,156,COMPLETE
1021,1021,0.9777777777777777,2023-08-15 14:28:49.331705,2023-08-15 14:28:58.320101,0 days 00:00:08.988396,0.12806479303675739,0.48404680808567047,5,20,0.028501568622572217,0.28523458654305417,40,176,COMPLETE
1022,1022,0.8222222222222222,2023-08-15 14:28:58.320758,2023-08-15 14:29:11.401117,0 days 00:00:13.080359,0.27790386802672123,0.6294394532756062,4,19,0.050902952720642,0.2633357618305764,50,173,COMPLETE
1023,1023,1.0,2023-08-15 14:29:11.401748,2023-08-15 14:29:20.401329,0 days 00:00:08.999581,0.40773008125280186,0.5888888141671638,4,20,0.06997599524562413,0.2198144441465931,40,167,COMPLETE
1024,1024,0.8222222222222222,2023-08-15 14:29:20.402228,2023-08-15 14:29:28.956911,0 days 00:00:08.554683,0.16837560924942815,0.7125332144023284,4,20,0.06782283235278058,0.18982503969606682,60,177,COMPLETE
1025,1025,0.9111111111111111,2023-08-15 14:29:28.957556,2023-08-15 14:29:34.151874,0 days 00:00:05.194318,0.7878743051938436,0.5273785367998928,4,19,0.03890794753242306,0.2751195514848126,40,154,COMPLETE
1026,1026,0.9555555555555556,2023-08-15 14:29:34.152554,2023-08-15 14:29:43.229599,0 days 00:00:09.077045,0.5549418475815024,0.6676341480300523,4,20,0.09755013299898146,0.15933586911658784,40,164,COMPLETE
1027,1027,0.9777777777777777,2023-08-15 14:29:43.230293,2023-08-15 14:29:47.453377,0 days 00:00:04.223084,0.4500695124718887,0.20445597681231764,5,18,0.03212238571656319,0.2414914957260978,60,144,COMPLETE
1028,1028,1.0,2023-08-15 14:29:47.454008,2023-08-15 14:29:52.097463,0 days 00:00:04.643455,0.14520351107976187,0.4715411025252728,4,20,0.045627618763099245,0.21455937752139725,40,151,COMPLETE
1029,1029,0.9555555555555556,2023-08-15 14:29:52.098090,2023-08-15 14:29:59.549192,0 days 00:00:07.451102,0.7584840408095512,0.646685241123052,4,20,0.09864828321653389,0.2480833498767284,40,157,COMPLETE
1030,1030,0.9555555555555556,2023-08-15 14:29:59.549829,2023-08-15 14:30:07.148014,0 days 00:00:07.598185,0.10011085449819275,0.6957488589178911,4,19,0.04860677410252528,0.34362608061073363,60,170,COMPLETE
1031,1031,0.9777777777777777,2023-08-15 14:30:07.148630,2023-08-15 14:30:27.224593,0 days 00:00:20.075963,0.2209030554741862,0.784323632509195,5,20,0.03576970150848197,0.28952512777285694,50,175,COMPLETE
1032,1032,0.9333333333333333,2023-08-15 14:30:27.225215,2023-08-15 14:30:32.329880,0 days 00:00:05.104665,0.6882910961980693,0.32739903466650305,4,20,0.04110239630078756,0.2957411579118932,40,179,COMPLETE
1033,1033,0.7555555555555555,2023-08-15 14:30:32.330487,2023-08-15 14:30:35.394698,0 days 00:00:03.064211,0.3205705428687649,0.22064610030494092,4,18,0.09953109965068468,0.304602177898761,60,174,COMPLETE
1034,1034,0.8444444444444444,2023-08-15 14:30:35.395318,2023-08-15 14:30:40.068650,0 days 00:00:04.673332,0.18148417608013248,0.4439513780040284,4,19,0.06569949715885004,0.1766568831914488,40,178,COMPLETE
1035,1035,0.8444444444444444,2023-08-15 14:30:40.069273,2023-08-15 14:30:53.544859,0 days 00:00:13.475586,0.3489105405865504,0.6118315856176907,5,20,0.06065328857381413,0.22937539682162184,40,172,COMPLETE
1036,1036,0.9333333333333333,2023-08-15 14:30:53.545469,2023-08-15 14:30:59.053404,0 days 00:00:05.507935,0.20224761468332159,0.3575416703812758,4,20,0.043409530842361974,0.30967816661191855,60,163,COMPLETE
1037,1037,0.8444444444444444,2023-08-15 14:30:59.054034,2023-08-15 14:31:05.001945,0 days 00:00:05.947911,0.290785538387128,0.518524811066709,3,20,0.05273006650637836,0.2782341832764771,40,161,COMPLETE
1038,1038,0.8666666666666667,2023-08-15 14:31:05.002558,2023-08-15 14:31:12.194672,0 days 00:00:07.192114,0.5295247333771216,0.5662185514113526,4,19,0.06331253526010074,0.28352788783064325,40,146,COMPLETE
1039,1039,0.8444444444444444,2023-08-15 14:31:12.195302,2023-08-15 14:31:18.823200,0 days 00:00:06.627898,0.5158236674292241,0.49987008068697225,4,20,0.07369802531444615,0.20188963606067503,50,153,COMPLETE
1040,1040,0.9777777777777777,2023-08-15 14:31:18.823813,2023-08-15 14:31:31.179037,0 days 00:00:12.355224,0.5715384260440382,0.5796952437477263,4,20,0.0339911281294405,0.2544595957277164,60,168,COMPLETE
1041,1041,0.8666666666666667,2023-08-15 14:31:31.179664,2023-08-15 14:31:37.278215,0 days 00:00:06.098551,0.4871865828843672,0.6005654730964625,4,9,0.07618309832593803,0.19778226870018542,40,176,COMPLETE
1042,1042,0.8888888888888888,2023-08-15 14:31:37.278831,2023-08-15 14:31:52.214655,0 days 00:00:14.935824,0.6238438709098415,0.7172495330703199,5,17,0.030136501048283464,0.25835320345735097,40,159,COMPLETE
1043,1043,0.9555555555555556,2023-08-15 14:31:52.215276,2023-08-15 14:32:10.413340,0 days 00:00:18.198064,0.39229215703564085,0.6826530163670499,4,18,0.028378851793535293,0.2978008542700143,60,173,COMPLETE
1044,1044,0.8888888888888888,2023-08-15 14:32:10.413974,2023-08-15 14:32:18.130411,0 days 00:00:07.716437,0.2663448887689956,0.41463445769389506,4,19,0.03141036871282308,0.26948724605696756,40,156,COMPLETE
1045,1045,0.9333333333333333,2023-08-15 14:32:18.131030,2023-08-15 14:32:30.869865,0 days 00:00:12.738835,0.24302774953773754,0.7662610675370602,4,20,0.08765394393498228,0.29186700719548364,60,166,COMPLETE
1046,1046,0.8888888888888888,2023-08-15 14:32:30.870482,2023-08-15 14:32:39.872723,0 days 00:00:09.002241,0.4701790815761231,0.6612484959652216,5,20,0.08655687585613575,0.19299411571335023,40,149,COMPLETE
1047,1047,0.9111111111111111,2023-08-15 14:32:39.873347,2023-08-15 14:32:51.583713,0 days 00:00:11.710366,0.5430613957444252,0.6324432367879035,4,19,0.04931076900916551,0.16288219760559491,40,175,COMPLETE
1048,1048,0.8,2023-08-15 14:32:51.584332,2023-08-15 14:33:03.764152,0 days 00:00:12.179820,0.43199107785013463,0.752737084102503,4,16,0.03718352713874293,0.2238732186742149,50,162,COMPLETE
1049,1049,0.9111111111111111,2023-08-15 14:33:03.764766,2023-08-15 14:33:16.836071,0 days 00:00:13.071305,0.37163725432279177,0.6976109797927041,4,20,0.05565119136857458,0.1872408229994941,60,171,COMPLETE
1050,1050,0.8888888888888888,2023-08-15 14:33:16.836717,2023-08-15 14:33:22.624101,0 days 00:00:05.787384,0.5882377412130254,0.2758843371754312,5,18,0.046776781427123104,0.17342124156488675,40,177,COMPLETE
1051,1051,0.8222222222222222,2023-08-15 14:33:22.624721,2023-08-15 14:33:26.285099,0 days 00:00:03.660378,0.15525568703576217,0.4762387462173234,4,20,0.07580278365319956,0.24980544068779295,40,152,COMPLETE
1052,1052,0.9777777777777777,2023-08-15 14:33:26.285707,2023-08-15 14:33:35.858945,0 days 00:00:09.573238,0.7116038618277878,0.3137126318400983,4,20,0.027739340228958312,0.28739486908197476,60,179,COMPLETE
1053,1053,0.6888888888888889,2023-08-15 14:33:35.859572,2023-08-15 14:33:38.124372,0 days 00:00:02.264800,0.4949701298553664,0.3972272261060091,4,8,0.07251634444220782,0.3146305236476117,40,154,COMPLETE
1054,1054,0.8222222222222222,2023-08-15 14:33:38.124994,2023-08-15 14:33:45.507309,0 days 00:00:07.382315,0.1195970081056354,0.4591840930908111,4,19,0.033111321794615636,0.20565068904019476,40,164,COMPLETE
1055,1055,0.9555555555555556,2023-08-15 14:33:45.507932,2023-08-15 14:34:05.951238,0 days 00:00:20.443306,0.5617025094762057,0.7326176186262541,4,20,0.035184068653095354,0.2132874170010563,60,172,COMPLETE
1056,1056,0.7777777777777778,2023-08-15 14:34:05.951856,2023-08-15 14:34:18.723592,0 days 00:00:12.771736,0.138979015485429,0.6193528503849918,5,19,0.04204053878561025,0.23819650765063383,50,161,COMPLETE
1057,1057,0.7111111111111111,2023-08-15 14:34:18.724211,2023-08-15 14:34:23.666555,0 days 00:00:04.942344,0.17272037784580885,0.4409220112567187,4,20,0.0958886922301098,0.33288527762123954,40,155,COMPLETE
1058,1058,0.9333333333333333,2023-08-15 14:34:23.667192,2023-08-15 14:34:40.015787,0 days 00:00:16.348595,0.6040316931100684,0.4232365216905508,4,20,0.029447416415795593,0.30235734200898895,60,158,COMPLETE
1059,1059,0.7555555555555555,2023-08-15 14:34:40.016392,2023-08-15 14:34:43.357809,0 days 00:00:03.341417,0.5138868366988555,0.3314945758641815,4,17,0.0862386104268345,0.16978236514721096,40,169,COMPLETE
1060,1060,0.7777777777777778,2023-08-15 14:34:43.358450,2023-08-15 14:34:51.066273,0 days 00:00:07.707823,0.18779544055391145,0.3022596169000801,3,20,0.030465318875878104,0.243883150140761,40,174,COMPLETE
1061,1061,0.6666666666666666,2023-08-15 14:34:51.066889,2023-08-15 14:35:10.872528,0 days 00:00:19.805639,0.3100659711215933,0.649884610149436,5,18,0.05433592882728499,0.3073307985985735,60,175,COMPLETE
1062,1062,0.8444444444444444,2023-08-15 14:35:10.873125,2023-08-15 14:35:17.013044,0 days 00:00:06.139919,0.4071545702374616,0.5651065558098912,4,19,0.040204256041651364,0.15318897163629613,40,123,COMPLETE
1063,1063,0.8222222222222222,2023-08-15 14:35:17.013658,2023-08-15 14:35:32.473196,0 days 00:00:15.459538,0.5487612836706353,0.5957114081893219,4,20,0.04342776493713101,0.2622600069302537,40,177,COMPLETE
1064,1064,0.8666666666666667,2023-08-15 14:35:32.473830,2023-08-15 14:35:47.148769,0 days 00:00:14.674939,0.3546576043710174,0.36645257416735355,4,20,0.02835015282735123,0.293637667354475,60,163,COMPLETE
1065,1065,0.8444444444444444,2023-08-15 14:35:47.149399,2023-08-15 14:35:58.959874,0 days 00:00:11.810475,0.21356188596180656,0.7049971296769999,4,20,0.057864064181538215,0.2739320599761334,50,166,COMPLETE
1066,1066,0.7333333333333333,2023-08-15 14:35:58.960497,2023-08-15 14:36:11.137302,0 days 00:00:12.176805,0.45387162884111004,0.38257527283090587,5,19,0.04466542143698015,0.2830132731104482,40,178,COMPLETE
1067,1067,0.7333333333333333,2023-08-15 14:36:11.137934,2023-08-15 14:36:20.404918,0 days 00:00:09.266984,0.11345014657314233,0.5289569839156321,4,20,0.032200426002155745,0.23337944834225516,40,173,COMPLETE
1068,1068,0.7333333333333333,2023-08-15 14:36:20.405532,2023-08-15 14:36:36.170395,0 days 00:00:15.764863,0.5319091728390538,0.4943659171990721,4,20,0.03507718295031176,0.29761689215643533,60,157,COMPLETE
1069,1069,0.8222222222222222,2023-08-15 14:36:36.171021,2023-08-15 14:36:42.069131,0 days 00:00:05.898110,0.42243540104680266,0.721610937558764,4,10,0.09238465104468359,0.2901142060958772,40,150,COMPLETE
1070,1070,0.8222222222222222,2023-08-15 14:36:42.069755,2023-08-15 14:37:00.548779,0 days 00:00:18.479024,0.28943778300766354,0.7748952515156998,4,19,0.05012567799752717,0.3007341499930644,60,159,COMPLETE
1071,1071,0.8222222222222222,2023-08-15 14:37:00.549417,2023-08-15 14:37:08.691858,0 days 00:00:08.142441,0.16065193181172135,0.2632565240793253,5,18,0.03704666693481494,0.18446941329800906,40,176,COMPLETE
